chr1	1015834	1033276	Pilot_dr:LOC_000000010605	0	+	chr1	1015812	1016050	gene_id|ZFLNCT00038|gene_type|ZFLNC	.	+	 	 LiverRep1 	 Pre-capture
chr1	1015834	1033276	Pilot_dr:LOC_000000010605	0	+	chr1	1023132	1023443	gene_id|ZFLNCT00038|gene_type|ZFLNC	.	+	 	 LiverRep1 	 Pre-capture
chr1	1015834	1033276	Pilot_dr:LOC_000000010605	0	+	chr1	1032635	1032769	gene_id|ZFLNCT00038|gene_type|ZFLNC	.	+	 	 LiverRep1 	 Pre-capture
chr1	1015834	1033276	Pilot_dr:LOC_000000010605	0	+	chr1	1033199	1033638	gene_id|ZFLNCT00038|gene_type|ZFLNC	.	+	 	 LiverRep1 	 Pre-capture
chr1	59042611	59046650	Pilot_dr:LOC_000000045893	0	-	chr1	59042799	59042930	gene_id|ZFLNCT01082|gene_type|ZFLNC	.	-	 	 LiverRep1 	 Pre-capture
chr1	59042611	59046650	Pilot_dr:LOC_000000045893	0	-	chr1	59046548	59046630	gene_id|ZFLNCT01082|gene_type|ZFLNC	.	-	 	 LiverRep1 	 Pre-capture
chr12	65642	66358	Pilot_dr:LOC_000000006997	0	+	chr12	65644	66099	gene_id|ZFLNCT10695,ZFLNCT10696|gene_type|ZFLNC	.	+	 	 LiverRep1 	 Pre-capture
chr12	65642	66358	Pilot_dr:LOC_000000006997	0	+	chr12	66232	66343	gene_id|ZFLNCT10695,ZFLNCT10696|gene_type|ZFLNC	.	+	 	 LiverRep1 	 Pre-capture
chr12	43164858	43167080	Pilot_dr:LOC_000000059697	0	-	chr12	43156348	43166699	gene_id|chr10.128544679.128544997+.GIGA.-,ZFLNCT11266.-,ZFLNCT11267.-,ZFLNCT11266.-|gene_type|multiple	.	-	 	 LiverRep1 	 Pre-capture
chr13	49227877	49228419	Pilot_dr:LOC_000000014708	0	-	chr13	49227878	49229780	gene_id|ZFLNCT11990|gene_type|ZFLNC	.	-	 	 LiverRep1 	 Pre-capture
chr16	53962173	53986615	Pilot_dr:LOC_000000041390	0	-	chr16	53979480	53979683	gene_id|ZFLNCT14423|gene_type|ZFLNC	.	-	 	 LiverRep1 	 Pre-capture
chr18	5041932	5042507	Pilot_dr:LOC_000000007055	0	+	chr18	5041943	5042453	gene_id|ZFLNCT15251|gene_type|ZFLNC	.	+	 	 LiverRep1 	 Pre-capture
chr20	22495523	22522652	Pilot_dr:LOC_000000008812	0	+	chr20	22502813	22503387	gene_id|chr20.22489359.22489433+.UCNE.+|gene_type|UCNE	.	+	 	 LiverRep1 	 Pre-capture
chr21	2074331	2080478	Pilot_dr:LOC_000000047317	0	+	chr21	2074340	2074544	gene_id|ZFLNCT17669,ZFLNCT17671,ZFLNCT17672,ZFLNCT17670|gene_type|ZFLNC	.	+	 	 LiverRep1 	 Pre-capture
chr21	2074331	2080478	Pilot_dr:LOC_000000047317	0	+	chr21	2077104	2077355	gene_id|ZFLNCT17670,ZFLNCT17669,ZFLNCT17671,ZFLNCT17672|gene_type|ZFLNC	.	+	 	 LiverRep1 	 Pre-capture
chr21	2074331	2080478	Pilot_dr:LOC_000000047317	0	+	chr21	2077875	2080474	gene_id|ZFLNCT17672,ZFLNCT17670,ZFLNCT17671,ZFLNCT17669|gene_type|ZFLNC	.	+	 	 LiverRep1 	 Pre-capture
chr23	20829332	20829636	Pilot_dr:LOC_000000022044	0	-	chr23	20829345	20829634	gene_id|ZFLNCT19386,ZFLNCT19387|gene_type|ZFLNC	.	-	 	 LiverRep1 	 Pre-capture
chr24	24532410	24695692	Pilot_dr:LOC_000000014111	0	-	chr24	24545576	24546487	gene_id|chr24.25153774.25154185+.UCNE.-|gene_type|UCNE	.	-	 	 LiverRep1 	 Pre-capture
chr24	24532410	24695692	Pilot_dr:LOC_000000014111	0	-	chr24	24583496	24584187	gene_id|chr24.25191694.25191885+.UCNE.-,chr3.18341416.18342122-.NONCODE.-,chr3.18341416.18341989-.NONCODE.-|gene_type|multiple	.	-	 	 LiverRep1 	 Pre-capture
chr24	24532410	24695692	Pilot_dr:LOC_000000014111	0	-	chr24	24598134	24598309	gene_id|ZFLNCT20246|gene_type|ZFLNC	.	-	 	 LiverRep1 	 Pre-capture
chr24	24532410	24695692	Pilot_dr:LOC_000000014111	0	-	chr24	24609167	24610075	gene_id|chr24.25217365.25217773+.UCNE.-|gene_type|UCNE	.	-	 	 LiverRep1 	 Pre-capture
chr24	24532410	24695692	Pilot_dr:LOC_000000014111	0	-	chr24	24629895	24630805	gene_id|chr24.25238093.25238503+.UCNE.-|gene_type|UCNE	.	-	 	 LiverRep1 	 Pre-capture
chr24	24532410	24695692	Pilot_dr:LOC_000000014111	0	-	chr24	24640773	24641475	gene_id|ZFLNCT20247|gene_type|ZFLNC	.	-	 	 LiverRep1 	 Pre-capture
chr24	24532410	24695692	Pilot_dr:LOC_000000014111	0	-	chr24	24643340	24644155	gene_id|chr24.25251538.25251853+.UCNE.-|gene_type|UCNE	.	-	 	 LiverRep1 	 Pre-capture
chr24	24532410	24695692	Pilot_dr:LOC_000000014111	0	-	chr24	24649884	24650689	gene_id|chr24.25258082.25258387+.UCNE.-|gene_type|UCNE	.	-	 	 LiverRep1 	 Pre-capture
chr24	24532410	24695692	Pilot_dr:LOC_000000014111	0	-	chr24	24652722	24653625	gene_id|chr24.25260920.25261323+.UCNE.-|gene_type|UCNE	.	-	 	 LiverRep1 	 Pre-capture
chr24	24532410	24695692	Pilot_dr:LOC_000000014111	0	-	chr24	24660301	24661013	gene_id|chr24.25268499.25268711+.UCNE.-|gene_type|UCNE	.	-	 	 LiverRep1 	 Pre-capture
chr24	24532410	24695692	Pilot_dr:LOC_000000014111	0	-	chr24	24675600	24676274	gene_id|chr24.25283798.25283972+.UCNE.-|gene_type|UCNE	.	-	 	 LiverRep1 	 Pre-capture
chr24	24532410	24695692	Pilot_dr:LOC_000000014111	0	-	chr24	24686568	24687258	gene_id|chr24.25294766.25294956+.UCNE.-|gene_type|UCNE	.	-	 	 LiverRep1 	 Pre-capture
chr24	24532410	24695692	Pilot_dr:LOC_000000014111	0	-	chr24	24691638	24691732	gene_id|ZFLNCT20246,ZFLNCT20247|gene_type|ZFLNC	.	-	 	 LiverRep1 	 Pre-capture
chr24	24532410	24695692	Pilot_dr:LOC_000000014111	0	-	chr24	24695469	24695757	gene_id|ZFLNCT20246,ZFLNCT20247|gene_type|ZFLNC	.	-	 	 LiverRep1 	 Pre-capture
chr24	24532410	24695692	Pilot_dr:LOC_000000014111	0	-	chr24	24592016	24592763	gene_id|chr24.25200214.25200461+.UCNE.-|gene_type|UCNE	.	-	 	 LiverRep1 	 Pre-capture
chr24	26641755	26648110	Pilot_dr:LOC_000000001234	0	-	chr24	26641899	26642047	gene_id|ZFLNCT20280|gene_type|ZFLNC	.	-	 	 LiverRep1 	 Pre-capture
chr24	26641755	26648110	Pilot_dr:LOC_000000001234	0	-	chr24	26642139	26642283	gene_id|ZFLNCT20280|gene_type|ZFLNC	.	-	 	 LiverRep1 	 Pre-capture
chr24	26641755	26648110	Pilot_dr:LOC_000000001234	0	-	chr24	26643932	26644190	gene_id|ZFLNCT20280|gene_type|ZFLNC	.	-	 	 LiverRep1 	 Pre-capture
chr24	26641755	26648110	Pilot_dr:LOC_000000001234	0	-	chr24	26647683	26648023	gene_id|ZFLNCT20280|gene_type|ZFLNC	.	-	 	 LiverRep1 	 Pre-capture
chr25	36139905	36144828	Pilot_dr:LOC_000000007248	0	-	chr25	36139843	36140115	gene_id|ZFLNCT21092,ZFLNCT21093,ZFLNCT21094|gene_type|ZFLNC	.	-	 	 LiverRep1 	 Pre-capture
chr25	36139905	36144828	Pilot_dr:LOC_000000007248	0	-	chr25	36144796	36144932	gene_id|ZFLNCT21094|gene_type|ZFLNC	.	-	 	 LiverRep1 	 Pre-capture
chr3	987380	988057	Pilot_dr:LOC_000000038372	0	+	chr3	986881	988055	gene_id|ZFLNCT02124|gene_type|ZFLNC	.	+	 	 LiverRep1 	 Pre-capture
chr3	6096070	6098435	Pilot_dr:LOC_000000002508	0	+	chr3	6096329	6098431	gene_id|ZFLNCT02258,ZFLNCT02257,ZFLNCT02256|gene_type|ZFLNC	.	+	 	 LiverRep1 	 Pre-capture
chr3	55386208	55387661	Pilot_dr:LOC_000000029068	0	+	chr3	55386215	55387657	gene_id|ZFLNCT03010|gene_type|ZFLNC	.	+	 	 LiverRep1 	 Pre-capture
chr3	56822160	56827404	Pilot_dr:LOC_000000054683	0	+	chr3	56821699	56822203	gene_id|ZFLNCT03025|gene_type|ZFLNC	.	+	 	 LiverRep1 	 Pre-capture
chr3	56950035	56957566	Pilot_dr:LOC_000000065545	0	+	chr3	56949955	56950536	gene_id|ZFLNCT03026|gene_type|ZFLNC	.	+	 	 LiverRep1 	 Pre-capture
chr3	56950035	56957566	Pilot_dr:LOC_000000065545	0	+	chr3	56954153	56954264	gene_id|ZFLNCT03026|gene_type|ZFLNC	.	+	 	 LiverRep1 	 Pre-capture
chr3	56950035	56957566	Pilot_dr:LOC_000000065545	0	+	chr3	56956436	56957558	gene_id|chr17.73209487.73209768-.GIGA.+,ZFLNCT03026.+|gene_type|multiple	.	+	 	 LiverRep1 	 Pre-capture
chr3	58683802	58687221	Pilot_dr:LOC_000000014201	0	+	chr3	58686513	58687189	gene_id|chr22.23573122.23573585-.GIGA.+,chr22.25319766.25320086+.GIGA.+,chr22.25319766.25320226+.GIGA.+|gene_type|GIGA	.	+	 	 LiverRep1 	 Pre-capture
chr4	7565907	7569726	Pilot_dr:LOC_000000059523	0	+	chr4	7561869	7583552	gene_id|ZFLNCT03457|gene_type|ZFLNC	.	+	 	 LiverRep1 	 Pre-capture
chr4	7575269	7579248	Pilot_dr:LOC_000000029820	0	+	chr4	7561869	7583552	gene_id|ZFLNCT03457|gene_type|ZFLNC	.	+	 	 LiverRep1 	 Pre-capture
chr5	2779766	2780823	Pilot_dr:LOC_000000000349	0	-	chr5	2780443	2781070	gene_id|chr20.3190522.3190819-.GIGA.-|gene_type|GIGA	.	-	 	 LiverRep1 	 Pre-capture
chr5	6445496	6472653	Pilot_dr:LOC_000000019530	0	-	chr5	6471965	6472065	gene_id|ZFLNCT04714,ZFLNCT04715|gene_type|ZFLNC	.	-	 	 LiverRep1 	 Pre-capture
chr5	6445496	6472653	Pilot_dr:LOC_000000019530	0	-	chr5	6472564	6472751	gene_id|ZFLNCT04715,ZFLNCT04714|gene_type|ZFLNC	.	-	 	 LiverRep1 	 Pre-capture
chr5	29927519	29929171	Pilot_dr:LOC_000000006446	0	+	chr5	29927543	29952916	gene_id|ZFLNCT05052,ZFLNCT05053,ZFLNCT05048,ZFLNCT05049,ZFLNCT05050,ZFLNCT05051,ZFLNCT05052,ZFLNCT05051,ZFLNCT05048,ZFLNCT05049,ZFLNCT05052|gene_type|ZFLNC	.	+	 	 LiverRep1 	 Pre-capture
chr5	32784372	32784783	Pilot_dr:LOC_000000013707	0	-	chr5	32784531	32784800	gene_id|ZFLNCT05102|gene_type|ZFLNC	.	-	 	 LiverRep1 	 Pre-capture
chr5	72418782	72421987	Pilot_dr:LOC_000000063723	0	+	chr5	72421218	72421762	gene_id|chr16.4752521.4752565-.GIGA.+|gene_type|GIGA	.	+	 	 LiverRep1 	 Pre-capture
chr6	721687	762572	Pilot_dr:LOC_000000009163	0	+	chr6	761345	762335	gene_id|chr6.830347.830837+.UCNE.+|gene_type|UCNE	.	+	 	 LiverRep1 	 Pre-capture
chr7	68462340	68463004	Pilot_dr:LOC_000000044693	0	+	chr7	68460848	68465923	gene_id|ZFLNCT07416,ZFLNCT07417,chr16-73058523-73059118+GIGA,ZFLNCT07416|gene_type|multiple	.	+	 	 LiverRep1 	 Pre-capture
chr8	44878788	44879479	Pilot_dr:LOC_000000024000	0	+	chr8	44877975	44880401	gene_id|ZFLNCT08301,ZFLNCT08298,ZFLNCT08299,ZFLNCT08300,ZFLNCT08297,ZFLNCT08297,ZFLNCT08298,ZFLNCT08299,ZFLNCT08300,ZFLNCT08299,ZFLNCT08297,ZFLNCT08298|gene_type|ZFLNC	.	+	 	 LiverRep1 	 Pre-capture
chr9	9892628	9901294	Pilot_dr:LOC_000000023684	0	+	chr9	9893106	9893408	gene_id|ZFLNCT08630|gene_type|ZFLNC	.	+	 	 LiverRep1 	 Pre-capture
chr9	9892628	9901294	Pilot_dr:LOC_000000023684	0	+	chr9	9893499	9893622	gene_id|ZFLNCT08630|gene_type|ZFLNC	.	+	 	 LiverRep1 	 Pre-capture
chr9	9892628	9901294	Pilot_dr:LOC_000000023684	0	+	chr9	9896928	9896957	gene_id|ZFLNCT08630|gene_type|ZFLNC	.	+	 	 LiverRep1 	 Pre-capture
chr9	19798379	19810841	Pilot_dr:LOC_000000019588	0	+	chr9	19798251	19810178	gene_id|ZFLNCT08745,ZFLNCT08746,ZFLNCT08747,ZFLNCT08745,ZFLNCT08747,ZFLNCT08745,ZFLNCT08747,ZFLNCT08745,ZFLNCT08747,ZFLNCT08745,ZFLNCT08747|gene_type|ZFLNC	.	+	 	 LiverRep1 	 Pre-capture
chr9	46299678	46303123	Pilot_dr:LOC_000000027297	0	-	chr9	46299685	46300173	gene_id|ZFLNCT09214|gene_type|ZFLNC	.	-	 	 LiverRep1 	 Pre-capture
chr9	46299678	46303123	Pilot_dr:LOC_000000027297	0	-	chr9	46303064	46303118	gene_id|ZFLNCT09214|gene_type|ZFLNC	.	-	 	 LiverRep1 	 Pre-capture
