chr1	1015797	1033723	Pilot_dr:LOC_000000009509	0	+	chr1	1015812	1016050	gene_id|ZFLNCT00038|gene_type|ZFLNC	.	+	 	 HeartRep1 	 Pre-capture
chr1	1015797	1033723	Pilot_dr:LOC_000000009509	0	+	chr1	1023132	1023443	gene_id|ZFLNCT00038|gene_type|ZFLNC	.	+	 	 HeartRep1 	 Pre-capture
chr1	1015797	1033723	Pilot_dr:LOC_000000009509	0	+	chr1	1032635	1032769	gene_id|ZFLNCT00038|gene_type|ZFLNC	.	+	 	 HeartRep1 	 Pre-capture
chr1	1015797	1033723	Pilot_dr:LOC_000000009509	0	+	chr1	1033199	1033638	gene_id|ZFLNCT00038|gene_type|ZFLNC	.	+	 	 HeartRep1 	 Pre-capture
chr1	19252953	19264986	Pilot_dr:LOC_000000060842	0	+	chr1	19253027	19253362	gene_id|ZFLNCT00327|gene_type|ZFLNC	.	+	 	 HeartRep1 	 Pre-capture
chr1	19252953	19264986	Pilot_dr:LOC_000000060842	0	+	chr1	19264782	19264970	gene_id|ZFLNCT00327|gene_type|ZFLNC	.	+	 	 HeartRep1 	 Pre-capture
chr1	38184122	38189760	Pilot_dr:LOC_000000065323	0	+	chr1	38183799	38184293	gene_id|ZFLNCT00629|gene_type|ZFLNC	.	+	 	 HeartRep1 	 Pre-capture
chr1	38184122	38189760	Pilot_dr:LOC_000000065323	0	+	chr1	38187038	38187194	gene_id|ZFLNCT00629|gene_type|ZFLNC	.	+	 	 HeartRep1 	 Pre-capture
chr1	59042611	59046650	Pilot_dr:LOC_000000029595	0	-	chr1	59042799	59042930	gene_id|ZFLNCT01082|gene_type|ZFLNC	.	-	 	 HeartRep1 	 Pre-capture
chr1	59042611	59046650	Pilot_dr:LOC_000000029595	0	-	chr1	59046548	59046630	gene_id|ZFLNCT01082|gene_type|ZFLNC	.	-	 	 HeartRep1 	 Pre-capture
chr10	44210941	44220796	Pilot_dr:LOC_000000035124	0	+	chr10	44219649	44220288	gene_id|chr22.25763230.25763389+.GIGA.+|gene_type|GIGA	.	+	 	 HeartRep1 	 Pre-capture
chr11	4311833	4333984	Pilot_dr:LOC_000000034755	0	-	chr11	4311297	4312091	gene_id|ZFLNCT10107,ZFLNCT10106|gene_type|ZFLNC	.	-	 	 HeartRep1 	 Pre-capture
chr11	32933740	32942648	Pilot_dr:LOC_000000001621	0	-	chr11	32932771	32934186	gene_id|ZFLNCT10488|gene_type|ZFLNC	.	-	 	 HeartRep1 	 Pre-capture
chr11	32933740	32942648	Pilot_dr:LOC_000000001621	0	-	chr11	32937115	32937248	gene_id|ZFLNCT10486,ZFLNCT10488|gene_type|ZFLNC	.	-	 	 HeartRep1 	 Pre-capture
chr11	32933740	32942648	Pilot_dr:LOC_000000001621	0	-	chr11	32942597	32942872	gene_id|ZFLNCT10486,ZFLNCT10488|gene_type|ZFLNC	.	-	 	 HeartRep1 	 Pre-capture
chr11	40948480	40953962	Pilot_dr:LOC_000000011623	0	+	chr11	40948472	40948649	gene_id|ZFLNCT10588,ZFLNCT10589|gene_type|ZFLNC	.	+	 	 HeartRep1 	 Pre-capture
chr11	40948480	40953962	Pilot_dr:LOC_000000011623	0	+	chr11	40948933	40948990	gene_id|ZFLNCT10584,ZFLNCT10586,ZFLNCT10588,ZFLNCT10589|gene_type|ZFLNC	.	+	 	 HeartRep1 	 Pre-capture
chr11	40948480	40953962	Pilot_dr:LOC_000000011623	0	+	chr11	40949338	40950147	gene_id|ZFLNCT10588,ZFLNCT10589,ZFLNCT10584,ZFLNCT10586|gene_type|ZFLNC	.	+	 	 HeartRep1 	 Pre-capture
chr11	43722976	43737851	Pilot_dr:LOC_000000002218	0	-	chr11	43725891	43726515	gene_id|chr1.225862454.225862578-.GIGA.-|gene_type|GIGA	.	-	 	 HeartRep1 	 Pre-capture
chr13	45271670	45291565	Pilot_dr:LOC_000000069481	0	+	chr13	45271632	45271774	gene_id|ZFLNCT11929|gene_type|ZFLNC	.	+	 	 HeartRep1 	 Pre-capture
chr13	45271670	45291565	Pilot_dr:LOC_000000069481	0	+	chr13	45279363	45279472	gene_id|ZFLNCT11929|gene_type|ZFLNC	.	+	 	 HeartRep1 	 Pre-capture
chr13	45271670	45291565	Pilot_dr:LOC_000000069481	0	+	chr13	45290981	45291754	gene_id|ZFLNCT11929|gene_type|ZFLNC	.	+	 	 HeartRep1 	 Pre-capture
chr13	51741764	51794695	Pilot_dr:LOC_000000071225	0	+	chr13	51741554	51742137	gene_id|ZFLNCT12034,ZFLNCT12035,ZFLNCT12036|gene_type|ZFLNC	.	+	 	 HeartRep1 	 Pre-capture
chr13	51741764	51794695	Pilot_dr:LOC_000000071225	0	+	chr13	51767171	51767383	gene_id|ZFLNCT12034|gene_type|ZFLNC	.	+	 	 HeartRep1 	 Pre-capture
chr14	40183471	40193955	Pilot_dr:LOC_000000062658	0	+	chr14	40183385	40183546	gene_id|ZFLNCT12598|gene_type|ZFLNC	.	+	 	 HeartRep1 	 Pre-capture
chr14	40183471	40193955	Pilot_dr:LOC_000000062658	0	+	chr14	40192459	40192593	gene_id|ZFLNCT12598,ZFLNCT12599|gene_type|ZFLNC	.	+	 	 HeartRep1 	 Pre-capture
chr14	40183471	40193955	Pilot_dr:LOC_000000062658	0	+	chr14	40193619	40194705	gene_id|ZFLNCT12598,ZFLNCT12599|gene_type|ZFLNC	.	+	 	 HeartRep1 	 Pre-capture
chr15	40474132	40609230	Pilot_dr:LOC_000000033446	0	+	chr15	40548468	40548566	gene_id|ZFLNCT13359|gene_type|ZFLNC	.	+	 	 HeartRep1 	 Pre-capture
chr15	40474132	40609230	Pilot_dr:LOC_000000033446	0	+	chr15	40607855	40607992	gene_id|ZFLNCT13359|gene_type|ZFLNC	.	+	 	 HeartRep1 	 Pre-capture
chr16	365900	366883	Pilot_dr:LOC_000000034516	0	-	chr16	366411	367144	gene_id|ZFLNCT13554,ZFLNCT13555,ZFLNCT13553|gene_type|ZFLNC	.	-	 	 HeartRep1 	 Pre-capture
chr16	578321	587176	Pilot_dr:LOC_000000046111	0	-	chr16	583955	584647	gene_id|chr16.591165.591357+.UCNE.-|gene_type|UCNE	.	-	 	 HeartRep1 	 Pre-capture
chr16	36548289	36557834	Pilot_dr:LOC_000000037588	0	+	chr16	36548027	36548541	gene_id|ZFLNCT14127,ZFLNCT14128,ZFLNCT14130|gene_type|ZFLNC	.	+	 	 HeartRep1 	 Pre-capture
chr16	36548289	36557834	Pilot_dr:LOC_000000037588	0	+	chr16	36556435	36557880	gene_id|ZFLNCT14127,ZFLNCT14128,ZFLNCT14130|gene_type|ZFLNC	.	+	 	 HeartRep1 	 Pre-capture
chr17	2431158	2432984	Pilot_dr:LOC_000000037857	0	+	chr17	2431386	2432980	gene_id|ZFLNCT14476|gene_type|ZFLNC	.	+	 	 HeartRep1 	 Pre-capture
chr17	50999850	51004998	Pilot_dr:LOC_000000028060	0	-	chr17	50999852	51000245	gene_id|ZFLNCT15120|gene_type|ZFLNC	.	-	 	 HeartRep1 	 Pre-capture
chr17	50999850	51004998	Pilot_dr:LOC_000000028060	0	-	chr17	51004905	51004995	gene_id|ZFLNCT15120|gene_type|ZFLNC	.	-	 	 HeartRep1 	 Pre-capture
chr17	53241500	53247086	Pilot_dr:LOC_000000009016	0	+	chr17	53241238	53241868	gene_id|chr14.75088479.75088641-.GIGA.+|gene_type|GIGA	.	+	 	 HeartRep1 	 Pre-capture
chr18	5041932	5042462	Pilot_dr:LOC_000000025204	0	+	chr18	5041943	5042453	gene_id|ZFLNCT15251|gene_type|ZFLNC	.	+	 	 HeartRep1 	 Pre-capture
chr18	5402912	5407822	Pilot_dr:LOC_000000043809	0	-	chr18	5403099	5403292	gene_id|ZFLNCT15265|gene_type|ZFLNC	.	-	 	 HeartRep1 	 Pre-capture
chr18	5402912	5407822	Pilot_dr:LOC_000000043809	0	-	chr18	5403832	5403954	gene_id|ZFLNCT15265|gene_type|ZFLNC	.	-	 	 HeartRep1 	 Pre-capture
chr18	5402912	5407822	Pilot_dr:LOC_000000043809	0	-	chr18	5407365	5407779	gene_id|ZFLNCT15265|gene_type|ZFLNC	.	-	 	 HeartRep1 	 Pre-capture
chr18	28001169	28001392	Pilot_dr:LOC_000000066326	0	+	chr18	28000866	28001623	gene_id|chr18.27950024.27950281+.UCNE.+|gene_type|UCNE	.	+	 	 HeartRep1 	 Pre-capture
chr18	47180973	47181918	Pilot_dr:LOC_000000023899	0	+	chr18	47180988	47183076	gene_id|ZFLNCT15792|gene_type|ZFLNC	.	+	 	 HeartRep1 	 Pre-capture
chr2	33812	59707	Pilot_dr:LOC_000000005875	0	+	chr2	33913	34165	gene_id|ZFLNCT01085|gene_type|ZFLNC	.	+	 	 HeartRep1 	 Pre-capture
chr2	33812	59707	Pilot_dr:LOC_000000005875	0	+	chr2	46768	50070	gene_id|chr7.47368364.47369621-.GIGA.+|gene_type|GIGA	.	+	 	 HeartRep1 	 Pre-capture
chr2	472379	479642	Pilot_dr:LOC_000000009789	0	+	chr2	472386	472573	gene_id|ZFLNCT01110,ZFLNCT01111|gene_type|ZFLNC	.	+	 	 HeartRep1 	 Pre-capture
chr20	24389652	24412817	Pilot_dr:LOC_000000001450	0	+	chr20	24389622	24389754	gene_id|ZFLNCT17029|gene_type|ZFLNC	.	+	 	 HeartRep1 	 Pre-capture
chr20	24389652	24412817	Pilot_dr:LOC_000000001450	0	+	chr20	24412322	24412818	gene_id|ZFLNCT17029|gene_type|ZFLNC	.	+	 	 HeartRep1 	 Pre-capture
chr20	24389652	24412817	Pilot_dr:LOC_000000001450	0	+	chr20	24411986	24412212	gene_id|ZFLNCT17029|gene_type|ZFLNC	.	+	 	 HeartRep1 	 Pre-capture
chr21	20895718	20899197	Pilot_dr:LOC_000000066131	0	+	chr21	20895843	20896348	gene_id|chr5.41749600.41749607-.GIGA.+|gene_type|GIGA	.	+	 	 HeartRep1 	 Pre-capture
chr21	20963055	20968872	Pilot_dr:LOC_000000004283	0	-	chr21	20958898	20963189	gene_id|ZFLNCT17956|gene_type|ZFLNC	.	-	 	 HeartRep1 	 Pre-capture
chr22	4064592	4080097	Pilot_dr:LOC_000000039826	0	+	chr22	4064601	4064810	gene_id|ZFLNCT18473,ZFLNCT18474|gene_type|ZFLNC	.	+	 	 HeartRep1 	 Pre-capture
chr22	4064592	4080097	Pilot_dr:LOC_000000039826	0	+	chr22	4066166	4066260	gene_id|ZFLNCT18473,ZFLNCT18474|gene_type|ZFLNC	.	+	 	 HeartRep1 	 Pre-capture
chr22	4064592	4080097	Pilot_dr:LOC_000000039826	0	+	chr22	4079479	4079507	gene_id|ZFLNCT18473,ZFLNCT18474|gene_type|ZFLNC	.	+	 	 HeartRep1 	 Pre-capture
chr22	4064592	4080097	Pilot_dr:LOC_000000039826	0	+	chr22	4079586	4079740	gene_id|ZFLNCT18473,ZFLNCT18474|gene_type|ZFLNC	.	+	 	 HeartRep1 	 Pre-capture
chr22	9322740	9324117	Pilot_dr:LOC_000000001775	0	+	chr22	9322757	9323016	gene_id|ZFLNCT18568|gene_type|ZFLNC	.	+	 	 HeartRep1 	 Pre-capture
chr22	9322740	9324117	Pilot_dr:LOC_000000001775	0	+	chr22	9323781	9323817	gene_id|ZFLNCT18568|gene_type|ZFLNC	.	+	 	 HeartRep1 	 Pre-capture
chr22	12396936	12404742	Pilot_dr:LOC_000000045425	0	+	chr22	12399272	12399640	gene_id|ZFLNCT18627,ZFLNCT18628,ZFLNCT18629|gene_type|ZFLNC	.	+	 	 HeartRep1 	 Pre-capture
chr22	12396936	12404742	Pilot_dr:LOC_000000045425	0	+	chr22	12402887	12404125	gene_id|ZFLNCT18630,ZFLNCT18627,ZFLNCT18628,ZFLNCT18629|gene_type|ZFLNC	.	+	 	 HeartRep1 	 Pre-capture
chr22	12396936	12404742	Pilot_dr:LOC_000000045425	0	+	chr22	12404248	12405430	gene_id|ZFLNCT18629,ZFLNCT18627,ZFLNCT18628,ZFLNCT18630|gene_type|ZFLNC	.	+	 	 HeartRep1 	 Pre-capture
chr23	7417523	7429737	Pilot_dr:LOC_000000023831	0	-	chr23	7419810	7420228	gene_id|ZFLNCT19201|gene_type|ZFLNC	.	-	 	 HeartRep1 	 Pre-capture
chr23	7417523	7429737	Pilot_dr:LOC_000000023831	0	-	chr23	7428518	7428593	gene_id|ZFLNCT19201|gene_type|ZFLNC	.	-	 	 HeartRep1 	 Pre-capture
chr23	20829332	20829637	Pilot_dr:LOC_000000029782	0	-	chr23	20829345	20829634	gene_id|ZFLNCT19386,ZFLNCT19387|gene_type|ZFLNC	.	-	 	 HeartRep1 	 Pre-capture
chr23	33612271	33614440	Pilot_dr:LOC_000000016453	0	-	chr23	33608009	33617082	gene_id|ZFLNCT19597,ZFLNCT19598,ZFLNCT19597,ZFLNCT19597,ZFLNCT19597|gene_type|ZFLNC	.	-	 	 HeartRep1 	 Pre-capture
chr23	41241333	41250921	Pilot_dr:LOC_000000047232	0	+	chr23	41241241	41241441	gene_id|ZFLNCT19771,ZFLNCT19772,ZFLNCT19773,ZFLNCT19774,ZFLNCT19775,ZFLNCT19776|gene_type|ZFLNC	.	+	 	 HeartRep1 	 Pre-capture
chr23	41241333	41250921	Pilot_dr:LOC_000000047232	0	+	chr23	41246326	41246399	gene_id|ZFLNCT19771,ZFLNCT19772,ZFLNCT19773,ZFLNCT19774,ZFLNCT19775,ZFLNCT19776|gene_type|ZFLNC	.	+	 	 HeartRep1 	 Pre-capture
chr23	41241333	41250921	Pilot_dr:LOC_000000047232	0	+	chr23	41249196	41249410	gene_id|ZFLNCT19774|gene_type|ZFLNC	.	+	 	 HeartRep1 	 Pre-capture
chr23	41241333	41250921	Pilot_dr:LOC_000000047232	0	+	chr23	41250628	41251123	gene_id|ZFLNCT19771,ZFLNCT19772,ZFLNCT19773|gene_type|ZFLNC	.	+	 	 HeartRep1 	 Pre-capture
chr24	36693497	36698962	Pilot_dr:LOC_000000038282	0	-	chr24	36693338	36694528	gene_id|ZFLNCT20437|gene_type|ZFLNC	.	-	 	 HeartRep1 	 Pre-capture
chr24	36693497	36698962	Pilot_dr:LOC_000000038282	0	-	chr24	36698794	36699007	gene_id|ZFLNCT20436,ZFLNCT20437|gene_type|ZFLNC	.	-	 	 HeartRep1 	 Pre-capture
chr24	39200351	39204042	Pilot_dr:LOC_000000028231	0	-	chr24	39203602	39204264	gene_id|chr16.1775811.1775986+.GIGA.-,chr16.1775796.1775878+.GIGA.-|gene_type|GIGA	.	-	 	 HeartRep1 	 Pre-capture
chr24	40209621	40210272	Pilot_dr:LOC_000000068896	0	+	chr24	40209614	40210268	gene_id|ZFLNCT20521|gene_type|ZFLNC	.	+	 	 HeartRep1 	 Pre-capture
chr25	5863113	5864762	Pilot_dr:LOC_000000071816	0	+	chr25	5862987	5864767	gene_id|ZFLNCT20718,ZFLNCT20719,ZFLNCT20718|gene_type|ZFLNC	.	+	 	 HeartRep1 	 Pre-capture
chr25	18309406	18314932	Pilot_dr:LOC_000000069188	0	+	chr25	18309315	18314927	gene_id|ZFLNCT20883,ZFLNCT20884,ZFLNCT20883,ZFLNCT20883|gene_type|ZFLNC	.	+	 	 HeartRep1 	 Pre-capture
chr25	33433752	33435197	Pilot_dr:LOC_000000013125	0	-	chr25	33434412	33435021	gene_id|ZFLNCT21034|gene_type|ZFLNC	.	-	 	 HeartRep1 	 Pre-capture
chr25	33433752	33435197	Pilot_dr:LOC_000000013125	0	-	chr25	33435095	33435148	gene_id|ZFLNCT21034|gene_type|ZFLNC	.	-	 	 HeartRep1 	 Pre-capture
chr3	987380	988055	Pilot_dr:LOC_000000013326	0	+	chr3	986881	988055	gene_id|ZFLNCT02124|gene_type|ZFLNC	.	+	 	 HeartRep1 	 Pre-capture
chr3	4667156	4671904	Pilot_dr:LOC_000000013586	0	-	chr3	4671285	4672137	gene_id|chr19.50309004.50309177+.GIGA.-,chr19.50307048.50307157+.GIGA.-|gene_type|GIGA	.	-	 	 HeartRep1 	 Pre-capture
chr3	6047694	6051043	Pilot_dr:LOC_000000052279	0	-	chr3	6046988	6051076	gene_id|ZFLNCT02255|gene_type|ZFLNC	.	-	 	 HeartRep1 	 Pre-capture
chr3	7229378	7237455	Pilot_dr:LOC_000000064555	0	-	chr3	7229687	7231594	gene_id|chrX.64144871.64146449-.GIGA.-|gene_type|GIGA	.	-	 	 HeartRep1 	 Pre-capture
chr3	13389847	13402186	Pilot_dr:LOC_000000006724	0	+	chr3	13389944	13390498	gene_id|ZFLNCT02349|gene_type|ZFLNC	.	+	 	 HeartRep1 	 Pre-capture
chr3	13389847	13402186	Pilot_dr:LOC_000000006724	0	+	chr3	13401728	13406082	gene_id|ZFLNCT02349,ENSDART00000115445|gene_type|multiple	.	+	 	 HeartRep1 	 Pre-capture
chr3	13413049	13413221	Pilot_dr:LOC_000000036915	0	+	chr3	13409184	13413213	gene_id|ZFLNCT02350|gene_type|ZFLNC	.	+	 	 HeartRep1 	 Pre-capture
chr3	31234621	31238171	Pilot_dr:LOC_000000017089	0	-	chr3	31237187	31237846	gene_id|chr16.19114640.19114935+.GIGA.-|gene_type|GIGA	.	-	 	 HeartRep1 	 Pre-capture
chr3	35564785	35574418	Pilot_dr:LOC_000000042342	0	-	chr3	35565128	35565755	gene_id|ZFLNCT02761|gene_type|ZFLNC	.	-	 	 HeartRep1 	 Pre-capture
chr3	35564785	35574418	Pilot_dr:LOC_000000042342	0	-	chr3	35574329	35574451	gene_id|ZFLNCT02761|gene_type|ZFLNC	.	-	 	 HeartRep1 	 Pre-capture
chr3	36952415	36954014	Pilot_dr:LOC_000000006689	0	-	chr3	36953625	36953767	gene_id|ZFLNCT02787|gene_type|ZFLNC	.	-	 	 HeartRep1 	 Pre-capture
chr3	36952415	36954014	Pilot_dr:LOC_000000006689	0	-	chr3	36953916	36954088	gene_id|ZFLNCT02787|gene_type|ZFLNC	.	-	 	 HeartRep1 	 Pre-capture
chr3	55386213	55387657	Pilot_dr:LOC_000000060570	0	+	chr3	55386215	55387657	gene_id|ZFLNCT03010|gene_type|ZFLNC	.	+	 	 HeartRep1 	 Pre-capture
chr3	56950018	56957566	Pilot_dr:LOC_000000053260	0	+	chr3	56949955	56950536	gene_id|ZFLNCT03026|gene_type|ZFLNC	.	+	 	 HeartRep1 	 Pre-capture
chr3	56950018	56957566	Pilot_dr:LOC_000000053260	0	+	chr3	56954153	56954264	gene_id|ZFLNCT03026|gene_type|ZFLNC	.	+	 	 HeartRep1 	 Pre-capture
chr3	56950018	56957566	Pilot_dr:LOC_000000053260	0	+	chr3	56956436	56957558	gene_id|chr17.73209487.73209768-.GIGA.+,ZFLNCT03026.+|gene_type|multiple	.	+	 	 HeartRep1 	 Pre-capture
chr3	58683736	58687243	Pilot_dr:LOC_000000010387	0	+	chr3	58686513	58687189	gene_id|chr22.23573122.23573585-.GIGA.+,chr22.25319766.25320086+.GIGA.+,chr22.25319766.25320226+.GIGA.+|gene_type|GIGA	.	+	 	 HeartRep1 	 Pre-capture
chr4	4208171	4211651	Pilot_dr:LOC_000000049287	0	-	chr4	4210409	4210464	gene_id|ZFLNCT03324|gene_type|ZFLNC	.	-	 	 HeartRep1 	 Pre-capture
chr4	7565912	7569726	Pilot_dr:LOC_000000027981	0	+	chr4	7561869	7583552	gene_id|ZFLNCT03457|gene_type|ZFLNC	.	+	 	 HeartRep1 	 Pre-capture
chr4	7571275	7573797	Pilot_dr:LOC_000000033148	0	+	chr4	7561869	7583552	gene_id|ZFLNCT03457|gene_type|ZFLNC	.	+	 	 HeartRep1 	 Pre-capture
chr5	2780107	2780823	Pilot_dr:LOC_000000028162	0	-	chr5	2780443	2781070	gene_id|chr20.3190522.3190819-.GIGA.-|gene_type|GIGA	.	-	 	 HeartRep1 	 Pre-capture
chr5	6041607	6171065	Pilot_dr:LOC_000000048108	0	-	chr5	6042066	6043176	gene_id|ZFLNCT04699|gene_type|ZFLNC	.	-	 	 HeartRep1 	 Pre-capture
chr5	6041607	6171065	Pilot_dr:LOC_000000048108	0	-	chr5	6050702	6050725	gene_id|ZFLNCT04699|gene_type|ZFLNC	.	-	 	 HeartRep1 	 Pre-capture
chr5	29927510	29952475	Pilot_dr:LOC_000000003793	0	+	chr5	29927543	29952916	gene_id|ZFLNCT05052,ZFLNCT05053,ZFLNCT05048,ZFLNCT05049,ZFLNCT05050,ZFLNCT05051,ZFLNCT05052,ZFLNCT05051,ZFLNCT05048,ZFLNCT05049,ZFLNCT05052|gene_type|ZFLNC	.	+	 	 HeartRep1 	 Pre-capture
chr5	32784371	32784834	Pilot_dr:LOC_000000016001	0	-	chr5	32784531	32784800	gene_id|ZFLNCT05102|gene_type|ZFLNC	.	-	 	 HeartRep1 	 Pre-capture
chr5	42721947	42722551	Pilot_dr:LOC_000000020323	0	-	chr5	42722352	42722571	gene_id|ZFLNCT05261|gene_type|ZFLNC	.	-	 	 HeartRep1 	 Pre-capture
chr5	56433652	56438239	Pilot_dr:LOC_000000008212	0	+	chr5	56433652	56433695	gene_id|ZFLNCT05400|gene_type|ZFLNC	.	+	 	 HeartRep1 	 Pre-capture
chr5	56433652	56438239	Pilot_dr:LOC_000000008212	0	+	chr5	56433776	56433913	gene_id|ZFLNCT05400|gene_type|ZFLNC	.	+	 	 HeartRep1 	 Pre-capture
chr5	56433652	56438239	Pilot_dr:LOC_000000008212	0	+	chr5	56437771	56438669	gene_id|ZFLNCT05400|gene_type|ZFLNC	.	+	 	 HeartRep1 	 Pre-capture
chr6	50790220	50992052	Pilot_dr:LOC_000000016038	0	+	chr6	50790189	50790276	gene_id|ZFLNCT06463,ZFLNCT06464,ZFLNCT06465|gene_type|ZFLNC	.	+	 	 HeartRep1 	 Pre-capture
chr6	50790220	50992052	Pilot_dr:LOC_000000016038	0	+	chr6	50884976	50885045	gene_id|ZFLNCT06463,ZFLNCT06464,ZFLNCT06465|gene_type|ZFLNC	.	+	 	 HeartRep1 	 Pre-capture
chr6	50790220	50992052	Pilot_dr:LOC_000000016038	0	+	chr6	50923232	50923643	gene_id|ZFLNCT06465,ZFLNCT06466|gene_type|ZFLNC	.	+	 	 HeartRep1 	 Pre-capture
chr6	50790220	50992052	Pilot_dr:LOC_000000016038	0	+	chr6	50990980	50992013	gene_id|ZFLNCT06463,ZFLNCT06464,ZFLNCT06467|gene_type|ZFLNC	.	+	 	 HeartRep1 	 Pre-capture
chr7	68462409	68463004	Pilot_dr:LOC_000000022496	0	+	chr7	68460848	68465923	gene_id|ZFLNCT07416,ZFLNCT07417,chr16-73058523-73059118+GIGA,ZFLNCT07416|gene_type|multiple	.	+	 	 HeartRep1 	 Pre-capture
chr7	68518695	68536714	Pilot_dr:LOC_000000044572	0	+	chr7	68518696	68519030	gene_id|ZFLNCT07421,ZFLNCT07422|gene_type|ZFLNC	.	+	 	 HeartRep1 	 Pre-capture
chr7	70951231	71035994	Pilot_dr:LOC_000000024312	0	+	chr7	70951199	70951358	gene_id|ZFLNCT07498,ZFLNCT07499|gene_type|ZFLNC	.	+	 	 HeartRep1 	 Pre-capture
chr7	70951231	71035994	Pilot_dr:LOC_000000024312	0	+	chr7	70951439	70951494	gene_id|ZFLNCT07498,ZFLNCT07499|gene_type|ZFLNC	.	+	 	 HeartRep1 	 Pre-capture
chr7	70951231	71035994	Pilot_dr:LOC_000000024312	0	+	chr7	70953082	70953859	gene_id|ZFLNCT07498|gene_type|ZFLNC	.	+	 	 HeartRep1 	 Pre-capture
chr8	5405259	5411229	Pilot_dr:LOC_000000064383	0	-	chr8	5403594	5405437	gene_id|ZFLNCT07684,ZFLNCT07685,ZFLNCT07686|gene_type|ZFLNC	.	-	 	 HeartRep1 	 Pre-capture
chr8	5405259	5411229	Pilot_dr:LOC_000000064383	0	-	chr8	5406013	5406509	gene_id|ZFLNCT07687,ZFLNCT07683,ZFLNCT07684,ZFLNCT07685,ZFLNCT07686|gene_type|ZFLNC	.	-	 	 HeartRep1 	 Pre-capture
chr8	5405259	5411229	Pilot_dr:LOC_000000064383	0	-	chr8	5409232	5409313	gene_id|ZFLNCT07683,ZFLNCT07684,ZFLNCT07685,ZFLNCT07686,ZFLNCT07687|gene_type|ZFLNC	.	-	 	 HeartRep1 	 Pre-capture
chr8	5405259	5411229	Pilot_dr:LOC_000000064383	0	-	chr8	5410737	5410885	gene_id|ZFLNCT07685,ZFLNCT07683,ZFLNCT07684,ZFLNCT07686,ZFLNCT07687|gene_type|ZFLNC	.	-	 	 HeartRep1 	 Pre-capture
chr8	5405259	5411229	Pilot_dr:LOC_000000064383	0	-	chr8	5411112	5411220	gene_id|ZFLNCT07687,ZFLNCT07683,ZFLNCT07684,ZFLNCT07685,ZFLNCT07686|gene_type|ZFLNC	.	-	 	 HeartRep1 	 Pre-capture
chr8	43929507	43931852	Pilot_dr:LOC_000000046923	0	-	chr8	43930306	43930890	gene_id|chr12.130966462.130966546+.GIGA.-|gene_type|GIGA	.	-	 	 HeartRep1 	 Pre-capture
chr9	19806942	19810841	Pilot_dr:LOC_000000020411	0	+	chr9	19798251	19810178	gene_id|ZFLNCT08745,ZFLNCT08746,ZFLNCT08747,ZFLNCT08745,ZFLNCT08747,ZFLNCT08745,ZFLNCT08747,ZFLNCT08745,ZFLNCT08747,ZFLNCT08745,ZFLNCT08747|gene_type|ZFLNC	.	+	 	 HeartRep1 	 Pre-capture
chr9	33927512	33943135	Pilot_dr:LOC_000000007059	0	-	chr9	33928755	33928810	gene_id|ZFLNCT09056,ZFLNCT09057|gene_type|ZFLNC	.	-	 	 HeartRep1 	 Pre-capture
chr9	33927512	33943135	Pilot_dr:LOC_000000007059	0	-	chr9	33929441	33930012	gene_id|chrX.45758381.45758557-.GIGA.-|gene_type|GIGA	.	-	 	 HeartRep1 	 Pre-capture
chr9	33927512	33943135	Pilot_dr:LOC_000000007059	0	-	chr9	33937913	33938391	gene_id|ZFLNCT09056|gene_type|ZFLNC	.	-	 	 HeartRep1 	 Pre-capture
chr9	33927512	33943135	Pilot_dr:LOC_000000007059	0	-	chr9	33942193	33942634	gene_id|ZFLNCT09058|gene_type|ZFLNC	.	-	 	 HeartRep1 	 Pre-capture
chr9	33927512	33943135	Pilot_dr:LOC_000000007059	0	-	chr9	33942830	33943136	gene_id|ZFLNCT09058|gene_type|ZFLNC	.	-	 	 HeartRep1 	 Pre-capture
chr9	47740966	47849793	Pilot_dr:LOC_000000014173	0	-	chr9	47741493	47742108	gene_id|chr2.217990941.217991056-.GIGA.-|gene_type|GIGA	.	-	 	 HeartRep1 	 Pre-capture
chr9	47898191	47899998	Pilot_dr:LOC_000000014896	0	-	chr9	47899770	47900072	gene_id|ZFLNCT09231,ZFLNCT09232|gene_type|ZFLNC	.	-	 	 HeartRep1 	 Pre-capture
