chr1	1005934	1014792	Pilot_dr:LOC_000000020758	0	-	chr1	1005937	1007182	gene_id|ZFLNCT00037|gene_type|ZFLNC	.	-	 	 ShieldRep1 	 Pre-capture
chr1	1005934	1014792	Pilot_dr:LOC_000000020758	0	-	chr1	1009440	1009592	gene_id|ZFLNCT00037|gene_type|ZFLNC	.	-	 	 ShieldRep1 	 Pre-capture
chr1	1005934	1014792	Pilot_dr:LOC_000000020758	0	-	chr1	1009741	1010007	gene_id|ZFLNCT00037|gene_type|ZFLNC	.	-	 	 ShieldRep1 	 Pre-capture
chr1	1005934	1014792	Pilot_dr:LOC_000000020758	0	-	chr1	1011975	1012253	gene_id|ZFLNCT00037|gene_type|ZFLNC	.	-	 	 ShieldRep1 	 Pre-capture
chr1	1005934	1014792	Pilot_dr:LOC_000000020758	0	-	chr1	1014754	1014866	gene_id|ZFLNCT00037|gene_type|ZFLNC	.	-	 	 ShieldRep1 	 Pre-capture
chr1	3718669	3720608	Pilot_dr:LOC_000000078875	0	+	chr1	3718666	3718911	gene_id|ZFLNCT00081|gene_type|ZFLNC	.	+	 	 ShieldRep1 	 Pre-capture
chr1	3718669	3720608	Pilot_dr:LOC_000000078875	0	+	chr1	3720145	3720603	gene_id|ZFLNCT00081|gene_type|ZFLNC	.	+	 	 ShieldRep1 	 Pre-capture
chr1	13018908	13022735	Pilot_dr:LOC_000000002745	0	-	chr1	13019428	13019641	gene_id|ZFLNCT01462,ZFLNCT01463,ZFLNCT01470,ZFLNCT01471|gene_type|ZFLNC	.	-	 	 ShieldRep1 	 Pre-capture
chr1	13018908	13022735	Pilot_dr:LOC_000000002745	0	-	chr1	13022375	13022792	gene_id|ZFLNCT01463,ZFLNCT01470,ZFLNCT01471,ZFLNCT01462,ZFLNCT01463,ZFLNCT01470,ZFLNCT01471|gene_type|ZFLNC	.	-	 	 ShieldRep1 	 Pre-capture
chr1	18829705	18833453	Pilot_dr:LOC_000000069606	0	+	chr1	18829172	18831780	gene_id|ZFLNCT00316,ZFLNCT00317,ZFLNCT00318,ZFLNCT00319,ZFLNCT00320,ZFLNCT00316,ZFLNCT00318,ZFLNCT00319,ZFLNCT00320,ZFLNCT00316,ZFLNCT00318,ZFLNCT00319,ZFLNCT00320,ZFLNCT00316,ZFLNCT00318,ZFLNCT00319,ZFLNCT00320,ZFLNCT00319,ZFLNCT00318|gene_type|ZFLNC	.	+	 	 ShieldRep1 	 Pre-capture
chr1	18829705	18833453	Pilot_dr:LOC_000000069606	0	+	chr1	18832169	18833443	gene_id|ZFLNCT00316,ZFLNCT00318,ZFLNCT00319|gene_type|ZFLNC	.	+	 	 ShieldRep1 	 Pre-capture
chr1	43518165	43617200	Pilot_dr:LOC_000000038931	0	-	chr1	43518209	43518886	gene_id|ZFLNCT00692,ZFLNCT00693|gene_type|ZFLNC	.	-	 	 ShieldRep1 	 Pre-capture
chr1	43518165	43617200	Pilot_dr:LOC_000000038931	0	-	chr1	43614867	43614905	gene_id|ZFLNCT00693|gene_type|ZFLNC	.	-	 	 ShieldRep1 	 Pre-capture
chr1	43518165	43617200	Pilot_dr:LOC_000000038931	0	-	chr1	43616965	43617169	gene_id|ZFLNCT00693|gene_type|ZFLNC	.	-	 	 ShieldRep1 	 Pre-capture
chr10	2402466	2403225	Pilot_dr:LOC_000000056094	0	+	chr10	2402308	2402664	gene_id|ZFLNCT09413,ZFLNCT09414|gene_type|ZFLNC	.	+	 	 ShieldRep1 	 Pre-capture
chr10	2402466	2403225	Pilot_dr:LOC_000000056094	0	+	chr10	2402879	2404778	gene_id|ZFLNCT09414,ZFLNCT09413|gene_type|ZFLNC	.	+	 	 ShieldRep1 	 Pre-capture
chr10	3534589	3550032	Pilot_dr:LOC_000000084263	0	+	chr10	3549507	3550281	gene_id|chr22.28629551.28629830-.GIGA.+|gene_type|GIGA	.	+	 	 ShieldRep1 	 Pre-capture
chr10	10287454	10288521	Pilot_dr:LOC_000000008642	0	-	chr10	10287455	10288683	gene_id|ZFLNCT09530|gene_type|ZFLNC	.	-	 	 ShieldRep1 	 Pre-capture
chr10	18280498	18281156	Pilot_dr:LOC_000000056449	0	+	chr10	18280504	18282435	gene_id|ZFLNCT09633|gene_type|ZFLNC	.	+	 	 ShieldRep1 	 Pre-capture
chr10	21179567	21206137	Pilot_dr:LOC_000000061086	0	+	chr10	21179484	21179630	gene_id|ZFLNCT09672,ZFLNCT09673|gene_type|ZFLNC	.	+	 	 ShieldRep1 	 Pre-capture
chr10	21179567	21206137	Pilot_dr:LOC_000000061086	0	+	chr10	21188452	21189136	gene_id|ZFLNCT09673|gene_type|ZFLNC	.	+	 	 ShieldRep1 	 Pre-capture
chr10	21179567	21206137	Pilot_dr:LOC_000000061086	0	+	chr10	21205620	21208200	gene_id|ZFLNCT09672|gene_type|ZFLNC	.	+	 	 ShieldRep1 	 Pre-capture
chr10	24818542	24852492	Pilot_dr:LOC_000000077076	0	-	chr10	24834374	24834784	gene_id|ZFLNCT09739|gene_type|ZFLNC	.	-	 	 ShieldRep1 	 Pre-capture
chr10	24818542	24852492	Pilot_dr:LOC_000000077076	0	-	chr10	24834911	24835016	gene_id|ZFLNCT09739|gene_type|ZFLNC	.	-	 	 ShieldRep1 	 Pre-capture
chr10	24818542	24852492	Pilot_dr:LOC_000000077076	0	-	chr10	24835122	24835365	gene_id|ZFLNCT09739|gene_type|ZFLNC	.	-	 	 ShieldRep1 	 Pre-capture
chr10	24818542	24852492	Pilot_dr:LOC_000000077076	0	-	chr10	24850541	24850593	gene_id|ZFLNCT09739|gene_type|ZFLNC	.	-	 	 ShieldRep1 	 Pre-capture
chr10	24818542	24852492	Pilot_dr:LOC_000000077076	0	-	chr10	24852313	24852525	gene_id|ZFLNCT09739|gene_type|ZFLNC	.	-	 	 ShieldRep1 	 Pre-capture
chr10	26440993	26447126	Pilot_dr:LOC_000000055923	0	-	chr10	26441052	26441266	gene_id|ZFLNCT09768,ZFLNCT09769|gene_type|ZFLNC	.	-	 	 ShieldRep1 	 Pre-capture
chr10	26440993	26447126	Pilot_dr:LOC_000000055923	0	-	chr10	26445827	26446025	gene_id|ZFLNCT09768,ZFLNCT09769|gene_type|ZFLNC	.	-	 	 ShieldRep1 	 Pre-capture
chr10	26440993	26447126	Pilot_dr:LOC_000000055923	0	-	chr10	26447021	26447171	gene_id|ZFLNCT09768,ZFLNCT09769|gene_type|ZFLNC	.	-	 	 ShieldRep1 	 Pre-capture
chr10	28460332	28460440	Pilot_dr:LOC_000000050782	0	-	chr10	28460213	28461265	gene_id|ZFLNCT09814|gene_type|ZFLNC	.	-	 	 ShieldRep1 	 Pre-capture
chr10	37131535	37132051	Pilot_dr:LOC_000000042629	0	+	chr10	37131596	37132323	gene_id|chr10.38465073.38465300+.UCNE.+|gene_type|UCNE	.	+	 	 ShieldRep1 	 Pre-capture
chr11	6636503	6642411	Pilot_dr:LOC_000000084472	0	+	chr11	6636422	6636527	gene_id|ZFLNCT10141|gene_type|ZFLNC	.	+	 	 ShieldRep1 	 Pre-capture
chr11	6636503	6642411	Pilot_dr:LOC_000000084472	0	+	chr11	6641791	6642487	gene_id|ZFLNCT10141|gene_type|ZFLNC	.	+	 	 ShieldRep1 	 Pre-capture
chr11	21117781	21126977	Pilot_dr:LOC_000000063475	0	-	chr11	21117620	21118270	gene_id|ZFLNCT10339|gene_type|ZFLNC	.	-	 	 ShieldRep1 	 Pre-capture
chr11	21117781	21126977	Pilot_dr:LOC_000000063475	0	-	chr11	21119662	21119973	gene_id|ZFLNCT10339|gene_type|ZFLNC	.	-	 	 ShieldRep1 	 Pre-capture
chr11	39373713	39479259	Pilot_dr:LOC_000000052683	0	+	chr11	39373712	39373795	gene_id|ZFLNCT10591,ZFLNCT10592|gene_type|ZFLNC	.	+	 	 ShieldRep1 	 Pre-capture
chr11	39373713	39479259	Pilot_dr:LOC_000000052683	0	+	chr11	39376417	39377087	gene_id|ZFLNCT10592|gene_type|ZFLNC	.	+	 	 ShieldRep1 	 Pre-capture
chr11	39373713	39479259	Pilot_dr:LOC_000000052683	0	+	chr11	39478839	39479267	gene_id|ZFLNCT10591|gene_type|ZFLNC	.	+	 	 ShieldRep1 	 Pre-capture
chr11	40948477	40969902	Pilot_dr:LOC_000000045843	0	+	chr11	40948472	40948649	gene_id|ZFLNCT10588,ZFLNCT10589|gene_type|ZFLNC	.	+	 	 ShieldRep1 	 Pre-capture
chr11	40948477	40969902	Pilot_dr:LOC_000000045843	0	+	chr11	40948933	40948990	gene_id|ZFLNCT10584,ZFLNCT10586,ZFLNCT10588,ZFLNCT10589|gene_type|ZFLNC	.	+	 	 ShieldRep1 	 Pre-capture
chr11	40948477	40969902	Pilot_dr:LOC_000000045843	0	+	chr11	40949338	40950147	gene_id|ZFLNCT10588,ZFLNCT10589,ZFLNCT10584,ZFLNCT10586|gene_type|ZFLNC	.	+	 	 ShieldRep1 	 Pre-capture
chr11	40948477	40969902	Pilot_dr:LOC_000000045843	0	+	chr11	40955839	40956123	gene_id|ZFLNCT10589|gene_type|ZFLNC	.	+	 	 ShieldRep1 	 Pre-capture
chr11	42024896	42059179	Pilot_dr:LOC_000000023697	0	+	chr11	42035787	42036989	gene_id|ZFLNCT10612|gene_type|ZFLNC	.	+	 	 ShieldRep1 	 Pre-capture
chr11	42024896	42059179	Pilot_dr:LOC_000000023697	0	+	chr11	42053257	42054155	gene_id|ZFLNCT10615|gene_type|ZFLNC	.	+	 	 ShieldRep1 	 Pre-capture
chr11	42024897	42036991	Pilot_dr:LOC_000000062743	0	-	chr11	42025007	42026598	gene_id|ZFLNCT10610|gene_type|ZFLNC	.	-	 	 ShieldRep1 	 Pre-capture
chr11	42042554	42044347	Pilot_dr:LOC_000000036855	0	-	chr11	42042562	42044281	gene_id|ZFLNCT10614|gene_type|ZFLNC	.	-	 	 ShieldRep1 	 Pre-capture
chr11	42053251	42054603	Pilot_dr:LOC_000000046770	0	+	chr11	42053257	42054155	gene_id|ZFLNCT10615|gene_type|ZFLNC	.	+	 	 ShieldRep1 	 Pre-capture
chr11	44676575	44721105	Pilot_dr:LOC_000000075701	0	+	chr11	44676560	44676700	gene_id|ZFLNCT10655|gene_type|ZFLNC	.	+	 	 ShieldRep1 	 Pre-capture
chr11	44676575	44721105	Pilot_dr:LOC_000000075701	0	+	chr11	44693955	44694038	gene_id|ZFLNCT10655|gene_type|ZFLNC	.	+	 	 ShieldRep1 	 Pre-capture
chr12	48271463	48282146	Pilot_dr:LOC_000000022969	0	+	chr12	48277333	48277899	gene_id|chr5.134612690.134612756-.GIGA.+|gene_type|GIGA	.	+	 	 ShieldRep1 	 Pre-capture
chr12	49044692	49047954	Pilot_dr:LOC_000000083697	0	-	chr12	49045719	49047980	gene_id|ZFLNCT11351|gene_type|ZFLNC	.	-	 	 ShieldRep1 	 Pre-capture
chr13	26802537	26922785	Pilot_dr:LOC_000000041446	0	+	chr13	26812692	26813412	gene_id|chr13.27036832.27037052+.UCNE.+|gene_type|UCNE	.	+	 	 ShieldRep1 	 Pre-capture
chr13	26802537	26922785	Pilot_dr:LOC_000000041446	0	+	chr13	26815770	26816735	gene_id|chr13.27039910.27040375+.UCNE.+|gene_type|UCNE	.	+	 	 ShieldRep1 	 Pre-capture
chr13	26802537	26922785	Pilot_dr:LOC_000000041446	0	+	chr13	26821058	26821660	gene_id|chr2.57886505.57886844-.GIGA.+,chr2.57886505.57886656-.GIGA.+|gene_type|GIGA	.	+	 	 ShieldRep1 	 Pre-capture
chr13	26802537	26922785	Pilot_dr:LOC_000000041446	0	+	chr13	26823399	26824133	gene_id|chr2.57886175.57886615-.GIGA.+,chr13.27047541.27047773+.UCNE.+|gene_type|multiple	.	+	 	 ShieldRep1 	 Pre-capture
chr13	26802537	26922785	Pilot_dr:LOC_000000041446	0	+	chr13	26835202	26835905	gene_id|chr13.27059342.27059545+.UCNE.+|gene_type|UCNE	.	+	 	 ShieldRep1 	 Pre-capture
chr13	26802537	26922785	Pilot_dr:LOC_000000041446	0	+	chr13	26843921	26844517	gene_id|chr13.27068061.27068157+.UCNE.+|gene_type|UCNE	.	+	 	 ShieldRep1 	 Pre-capture
chr13	26802537	26922785	Pilot_dr:LOC_000000041446	0	+	chr13	26850372	26851193	gene_id|chr13.27074512.27074833+.UCNE.+|gene_type|UCNE	.	+	 	 ShieldRep1 	 Pre-capture
chr13	32175687	32287371	Pilot_dr:LOC_000000039793	0	-	chr13	32176063	32176336	gene_id|ZFLNCT11790|gene_type|ZFLNC	.	-	 	 ShieldRep1 	 Pre-capture
chr13	32175687	32287371	Pilot_dr:LOC_000000039793	0	-	chr13	32250162	32250451	gene_id|ZFLNCT11791|gene_type|ZFLNC	.	-	 	 ShieldRep1 	 Pre-capture
chr13	32175687	32287371	Pilot_dr:LOC_000000039793	0	-	chr13	32255235	32255355	gene_id|ZFLNCT11790,ZFLNCT11791|gene_type|ZFLNC	.	-	 	 ShieldRep1 	 Pre-capture
chr13	32175687	32287371	Pilot_dr:LOC_000000039793	0	-	chr13	32277634	32279566	gene_id|ZFLNCT11792|gene_type|ZFLNC	.	-	 	 ShieldRep1 	 Pre-capture
chr13	32175687	32287371	Pilot_dr:LOC_000000039793	0	-	chr13	32287126	32287337	gene_id|ZFLNCT11790,ZFLNCT11791,ZFLNCT11792|gene_type|ZFLNC	.	-	 	 ShieldRep1 	 Pre-capture
chr13	35248281	35289061	Pilot_dr:LOC_000000028207	0	-	chr13	35248697	35249241	gene_id|ZFLNCT11828|gene_type|ZFLNC	.	-	 	 ShieldRep1 	 Pre-capture
chr13	35248281	35289061	Pilot_dr:LOC_000000028207	0	-	chr13	35277858	35278712	gene_id|ZFLNCT11829,ZFLNCT11826|gene_type|ZFLNC	.	-	 	 ShieldRep1 	 Pre-capture
chr13	35248281	35289061	Pilot_dr:LOC_000000028207	0	-	chr13	35288949	35289437	gene_id|ZFLNCT11825,ZFLNCT11828,ZFLNCT11829,ZFLNCT11826,ZFLNCT11827|gene_type|ZFLNC	.	-	 	 ShieldRep1 	 Pre-capture
chr13	46285678	46288534	Pilot_dr:LOC_000000004862	0	-	chr13	46285695	46286181	gene_id|ZFLNCT11950|gene_type|ZFLNC	.	-	 	 ShieldRep1 	 Pre-capture
chr13	46285678	46288534	Pilot_dr:LOC_000000004862	0	-	chr13	46288235	46288321	gene_id|ZFLNCT11950|gene_type|ZFLNC	.	-	 	 ShieldRep1 	 Pre-capture
chr13	49227875	49228430	Pilot_dr:LOC_000000008398	0	-	chr13	49227878	49229780	gene_id|ZFLNCT11990|gene_type|ZFLNC	.	-	 	 ShieldRep1 	 Pre-capture
chr14	506777	507177	Pilot_dr:LOC_000000001964	0	-	chr14	506778	507471	gene_id|ZFLNCT12072,ZFLNCT12071|gene_type|ZFLNC	.	-	 	 ShieldRep1 	 Pre-capture
chr14	1842360	1842919	Pilot_dr:LOC_000000003197	0	+	chr14	1842388	1842982	gene_id|ZFLNCT12085|gene_type|ZFLNC	.	+	 	 ShieldRep1 	 Pre-capture
chr14	19609497	19612072	Pilot_dr:LOC_000000025317	0	-	chr14	19609337	19610115	gene_id|ZFLNCT12320|gene_type|ZFLNC	.	-	 	 ShieldRep1 	 Pre-capture
chr14	19609497	19612072	Pilot_dr:LOC_000000025317	0	-	chr14	19610768	19610809	gene_id|ZFLNCT12320|gene_type|ZFLNC	.	-	 	 ShieldRep1 	 Pre-capture
chr14	43997334	43998051	Pilot_dr:LOC_000000016596	0	+	chr14	43997336	43998045	gene_id|ZFLNCT12643|gene_type|ZFLNC	.	+	 	 ShieldRep1 	 Pre-capture
chr14	50985713	50986142	Pilot_dr:LOC_000000016557	0	+	chr14	50985668	50986385	gene_id|chr14.47726566.47726783+.UCNE.+|gene_type|UCNE	.	+	 	 ShieldRep1 	 Pre-capture
chr15	3238372	3238901	Pilot_dr:LOC_000000039612	0	+	chr15	3237595	3238713	gene_id|ZFLNCT12830|gene_type|ZFLNC	.	+	 	 ShieldRep1 	 Pre-capture
chr15	3238372	3238901	Pilot_dr:LOC_000000039612	0	+	chr15	3238868	3239957	gene_id|ZFLNCT12830|gene_type|ZFLNC	.	+	 	 ShieldRep1 	 Pre-capture
chr15	11177403	11179869	Pilot_dr:LOC_000000034225	0	-	chr15	11178944	11179533	gene_id|chr7.93080551.93080725+.NONCODE.-|gene_type|NONCODE	.	-	 	 ShieldRep1 	 Pre-capture
chr15	11768297	11778445	Pilot_dr:LOC_000000017487	0	+	chr15	11768785	11769375	gene_id|chr19.46716130.46716220-.GIGA.+|gene_type|GIGA	.	+	 	 ShieldRep1 	 Pre-capture
chr15	46205635	46213781	Pilot_dr:LOC_000000026234	0	-	chr15	46210983	46211801	gene_id|ZFLNCT13472|gene_type|ZFLNC	.	-	 	 ShieldRep1 	 Pre-capture
chr15	46205635	46213781	Pilot_dr:LOC_000000026234	0	-	chr15	46213458	46213602	gene_id|ZFLNCT13472|gene_type|ZFLNC	.	-	 	 ShieldRep1 	 Pre-capture
chr15	46205635	46213781	Pilot_dr:LOC_000000026234	0	-	chr15	46213754	46213819	gene_id|ZFLNCT13472|gene_type|ZFLNC	.	-	 	 ShieldRep1 	 Pre-capture
chr16	3784836	3795417	Pilot_dr:LOC_000000050590	0	-	chr16	3784874	3785170	gene_id|ZFLNCT13599|gene_type|ZFLNC	.	-	 	 ShieldRep1 	 Pre-capture
chr16	3947993	3949027	Pilot_dr:LOC_000000042538	0	+	chr16	3947996	3948317	gene_id|ZFLNCT13602|gene_type|ZFLNC	.	+	 	 ShieldRep1 	 Pre-capture
chr16	6492288	6501273	Pilot_dr:LOC_000000080285	0	-	chr16	6499477	6500194	gene_id|chr18.78088184.78088712-.GIGA.-|gene_type|GIGA	.	-	 	 ShieldRep1 	 Pre-capture
chr16	46825766	46831034	Pilot_dr:LOC_000000080694	0	+	chr16	46826588	46826621	gene_id|ZFLNCT14337|gene_type|ZFLNC	.	+	 	 ShieldRep1 	 Pre-capture
chr16	46825766	46831034	Pilot_dr:LOC_000000080694	0	+	chr16	46828167	46828297	gene_id|ZFLNCT14337|gene_type|ZFLNC	.	+	 	 ShieldRep1 	 Pre-capture
chr16	46825766	46831034	Pilot_dr:LOC_000000080694	0	+	chr16	46828402	46828553	gene_id|ZFLNCT14337|gene_type|ZFLNC	.	+	 	 ShieldRep1 	 Pre-capture
chr16	46825766	46831034	Pilot_dr:LOC_000000080694	0	+	chr16	46830214	46830237	gene_id|ZFLNCT14337|gene_type|ZFLNC	.	+	 	 ShieldRep1 	 Pre-capture
chr16	53962173	53986615	Pilot_dr:LOC_000000080320	0	-	chr16	53979480	53979683	gene_id|ZFLNCT14423|gene_type|ZFLNC	.	-	 	 ShieldRep1 	 Pre-capture
chr17	1304576	1316878	Pilot_dr:LOC_000000085775	0	+	chr17	1304252	1304607	gene_id|ZFLNCT14464,ZFLNCT14465,ZFLNCT14466|gene_type|ZFLNC	.	+	 	 ShieldRep1 	 Pre-capture
chr17	1304576	1316878	Pilot_dr:LOC_000000085775	0	+	chr17	1316311	1317425	gene_id|ZFLNCT14465,ZFLNCT14466|gene_type|ZFLNC	.	+	 	 ShieldRep1 	 Pre-capture
chr17	2431179	2432984	Pilot_dr:LOC_000000070976	0	+	chr17	2431386	2432980	gene_id|ZFLNCT14476|gene_type|ZFLNC	.	+	 	 ShieldRep1 	 Pre-capture
chr17	3650289	3702084	Pilot_dr:LOC_000000069662	0	+	chr17	3650023	3650714	gene_id|chr2.1487573.1487991+.GIGA.+,chr2.1487820.1487991+.GIGA.+|gene_type|GIGA	.	+	 	 ShieldRep1 	 Pre-capture
chr17	3650289	3702084	Pilot_dr:LOC_000000069662	0	+	chr17	3661424	3662831	gene_id|chr2.1493801.1494039+.GIGA.+,chr2.1495988.1496197+.GIGA.+|gene_type|GIGA	.	+	 	 ShieldRep1 	 Pre-capture
chr17	4489340	4489819	Pilot_dr:LOC_000000086615	0	+	chr17	4489340	4489545	gene_id|ZFLNCT14492|gene_type|ZFLNC	.	+	 	 ShieldRep1 	 Pre-capture
chr17	4489340	4489819	Pilot_dr:LOC_000000086615	0	+	chr17	4489704	4489816	gene_id|ZFLNCT14492|gene_type|ZFLNC	.	+	 	 ShieldRep1 	 Pre-capture
chr17	18548334	18549042	Pilot_dr:LOC_000000089141	0	+	chr17	18548337	18548834	gene_id|ZFLNCT14677,ZFLNCT14679,ZFLNCT14680,ZFLNCT14677|gene_type|ZFLNC	.	+	 	 ShieldRep1 	 Pre-capture
chr17	32124403	32130171	Pilot_dr:LOC_000000022380	0	-	chr17	32127897	32129603	gene_id|ZFLNCT14892,ZFLNCT14893|gene_type|ZFLNC	.	-	 	 ShieldRep1 	 Pre-capture
chr17	41800833	41920520	Pilot_dr:LOC_000000034668	0	-	chr17	41883777	41884617	gene_id|chr20.20887198.20887709-.GIGA.-|gene_type|GIGA	.	-	 	 ShieldRep1 	 Pre-capture
chr17	41800833	41920520	Pilot_dr:LOC_000000034668	0	-	chr17	41908697	41909369	gene_id|chr17.42024663.42024835+.UCNE.-|gene_type|UCNE	.	-	 	 ShieldRep1 	 Pre-capture
chr17	52095310	52106370	Pilot_dr:LOC_000000021821	0	+	chr17	52104556	52105341	gene_id|chr17.52633941.52634226+.UCNE.+,chr12.86115946.86116347+.GENCODE.+|gene_type|multiple	.	+	 	 ShieldRep1 	 Pre-capture
chr17	53231434	53233328	Pilot_dr:LOC_000000074346	0	+	chr17	53232549	53233825	gene_id|chr14.75126702.75126799-.GIGA.+,chr14.75124045.75124223-.GIGA.+,chr14.75114202.75114313-.GIGA.+|gene_type|GIGA	.	+	 	 ShieldRep1 	 Pre-capture
chr18	2978299	2980128	Pilot_dr:LOC_000000003506	0	+	chr18	2980120	2983122	gene_id|chr11.73308288.73311830+.GIGA.+,chr11.73308295.73311830+.GIGA.+,chr11.73308291.73311830+.GIGA.+,chr11.73308424.73311830+.GIGA.+,chr11.73309366.73311830+.GIGA.+|gene_type|GIGA	.	+	 	 ShieldRep1 	 Pre-capture
chr18	4325389	4335920	Pilot_dr:LOC_000000017144	0	+	chr18	4335210	4335688	gene_id|ZFLNCT15227,ZFLNCT15226|gene_type|ZFLNC	.	+	 	 ShieldRep1 	 Pre-capture
chr18	8485147	8487614	Pilot_dr:LOC_000000006445	0	-	chr18	8487396	8487805	gene_id|ZFLNCT15335,ZFLNCT15329,ZFLNCT15331,ZFLNCT15333,ZFLNCT15328,ZFLNCT15330,ZFLNCT15334,ZFLNCT15332|gene_type|ZFLNC	.	-	 	 ShieldRep1 	 Pre-capture
chr18	8654536	8655511	Pilot_dr:LOC_000000090303	0	-	chr18	8654818	8655428	gene_id|chr10.14008059.14008328-.GIGA.-|gene_type|GIGA	.	-	 	 ShieldRep1 	 Pre-capture
chr18	20323817	20415500	Pilot_dr:LOC_000000072572	0	+	chr18	20325126	20325221	gene_id|ZFLNCT15477|gene_type|ZFLNC	.	+	 	 ShieldRep1 	 Pre-capture
chr18	20323817	20415500	Pilot_dr:LOC_000000072572	0	+	chr18	20328119	20328225	gene_id|ZFLNCT15478,ZFLNCT15479|gene_type|ZFLNC	.	+	 	 ShieldRep1 	 Pre-capture
chr18	20323817	20415500	Pilot_dr:LOC_000000072572	0	+	chr18	20328293	20328651	gene_id|ZFLNCT15479|gene_type|ZFLNC	.	+	 	 ShieldRep1 	 Pre-capture
chr18	20323817	20415500	Pilot_dr:LOC_000000072572	0	+	chr18	20376014	20376047	gene_id|ZFLNCT15478|gene_type|ZFLNC	.	+	 	 ShieldRep1 	 Pre-capture
chr18	20323817	20415500	Pilot_dr:LOC_000000072572	0	+	chr18	20376161	20376935	gene_id|ZFLNCT15478|gene_type|ZFLNC	.	+	 	 ShieldRep1 	 Pre-capture
chr18	48184085	48217582	Pilot_dr:LOC_000000000125	0	+	chr18	48184059	48184333	gene_id|ZFLNCT15814|gene_type|ZFLNC	.	+	 	 ShieldRep1 	 Pre-capture
chr18	48184085	48217582	Pilot_dr:LOC_000000000125	0	+	chr18	48185152	48185252	gene_id|ZFLNCT15814,ZFLNCT15816|gene_type|ZFLNC	.	+	 	 ShieldRep1 	 Pre-capture
chr18	48184085	48217582	Pilot_dr:LOC_000000000125	0	+	chr18	48203942	48204254	gene_id|ZFLNCT15814,ZFLNCT15816|gene_type|ZFLNC	.	+	 	 ShieldRep1 	 Pre-capture
chr19	2325523	2353572	Pilot_dr:LOC_000000028305	0	-	chr19	2338843	2339540	gene_id|chr19.2566913.2567110+.UCNE.-|gene_type|UCNE	.	-	 	 ShieldRep1 	 Pre-capture
chr19	2325523	2353572	Pilot_dr:LOC_000000028305	0	-	chr19	2345126	2345781	gene_id|ZFLNCT15994,chr19-2573220-2573351+UCNE|gene_type|multiple	.	-	 	 ShieldRep1 	 Pre-capture
chr19	19458915	19461122	Pilot_dr:LOC_000000000118	0	-	chr19	19459051	19460019	gene_id|ZFLNCT16240|gene_type|ZFLNC	.	-	 	 ShieldRep1 	 Pre-capture
chr19	19458915	19461122	Pilot_dr:LOC_000000000118	0	-	chr19	19460770	19461297	gene_id|ZFLNCT16240|gene_type|ZFLNC	.	-	 	 ShieldRep1 	 Pre-capture
chr19	22038642	22039644	Pilot_dr:LOC_000000079884	0	-	chr19	22039353	22039502	gene_id|ZFLNCT16278|gene_type|ZFLNC	.	-	 	 ShieldRep1 	 Pre-capture
chr19	29459155	29585275	Pilot_dr:LOC_000000012462	0	+	chr19	29459117	29459330	gene_id|ZFLNCT16443,ZFLNCT16444,ZFLNCT16445,ZFLNCT16446,ZFLNCT16447,ZFLNCT16448,ZFLNCT16449,ZFLNCT16450|gene_type|ZFLNC	.	+	 	 ShieldRep1 	 Pre-capture
chr19	29459155	29585275	Pilot_dr:LOC_000000012462	0	+	chr19	29487119	29487229	gene_id|ZFLNCT16443,ZFLNCT16444,ZFLNCT16445,ZFLNCT16446,ZFLNCT16447,ZFLNCT16448|gene_type|ZFLNC	.	+	 	 ShieldRep1 	 Pre-capture
chr19	29459155	29585275	Pilot_dr:LOC_000000012462	0	+	chr19	29552476	29552575	gene_id|ZFLNCT16444,ZFLNCT16445,ZFLNCT16446,ZFLNCT16448,ZFLNCT16449,ZFLNCT16450|gene_type|ZFLNC	.	+	 	 ShieldRep1 	 Pre-capture
chr19	29459155	29585275	Pilot_dr:LOC_000000012462	0	+	chr19	29585067	29586042	gene_id|ZFLNCT16446,ZFLNCT16447,ZFLNCT16448,ZFLNCT16450,ZFLNCT16444,ZFLNCT16445|gene_type|ZFLNC	.	+	 	 ShieldRep1 	 Pre-capture
chr19	35863264	35864705	Pilot_dr:LOC_000000051029	0	+	chr19	35863209	35863360	gene_id|ZFLNCT16566,ZFLNCT16567,ZFLNCT16568,ZFLNCT16569|gene_type|ZFLNC	.	+	 	 ShieldRep1 	 Pre-capture
chr2	165933	168260	Pilot_dr:LOC_000000061838	0	+	chr2	165178	167257	gene_id|chr22.50153044.50153218+.GIGA.+,chr22.50158056.50158206+.GIGA.+,chr22.50159677.50159785+.GIGA.+,chr22.50160529.50160825+.GIGA.+,chr22.50160687.50160825+.GIGA.+|gene_type|GIGA	.	+	 	 ShieldRep1 	 Pre-capture
chr2	668751	669746	Pilot_dr:LOC_000000032325	0	+	chr2	668581	668944	gene_id|ZFLNCT01116|gene_type|ZFLNC	.	+	 	 ShieldRep1 	 Pre-capture
chr2	668751	669746	Pilot_dr:LOC_000000032325	0	+	chr2	669318	669785	gene_id|ZFLNCT01116|gene_type|ZFLNC	.	+	 	 ShieldRep1 	 Pre-capture
chr2	19378785	19382332	Pilot_dr:LOC_000000025560	0	-	chr2	19379111	19379370	gene_id|ZFLNCT01335|gene_type|ZFLNC	.	-	 	 ShieldRep1 	 Pre-capture
chr2	19378785	19382332	Pilot_dr:LOC_000000025560	0	-	chr2	19382104	19382322	gene_id|ZFLNCT01335|gene_type|ZFLNC	.	-	 	 ShieldRep1 	 Pre-capture
chr2	27463317	27464389	Pilot_dr:LOC_000000031377	0	-	chr2	27463385	27463623	gene_id|ZFLNCT01519|gene_type|ZFLNC	.	-	 	 ShieldRep1 	 Pre-capture
chr2	27463317	27464389	Pilot_dr:LOC_000000031377	0	-	chr2	27463891	27464441	gene_id|ZFLNCT01519|gene_type|ZFLNC	.	-	 	 ShieldRep1 	 Pre-capture
chr2	40209457	40211789	Pilot_dr:LOC_000000063935	0	-	chr2	40211725	40211792	gene_id|ZFLNCT01731|gene_type|ZFLNC	.	-	 	 ShieldRep1 	 Pre-capture
chr2	41771343	41796203	Pilot_dr:LOC_000000056861	0	+	chr2	41771346	41771382	gene_id|ZFLNCT01772|gene_type|ZFLNC	.	+	 	 ShieldRep1 	 Pre-capture
chr2	41771343	41796203	Pilot_dr:LOC_000000056861	0	+	chr2	41771557	41771658	gene_id|ZFLNCT01772|gene_type|ZFLNC	.	+	 	 ShieldRep1 	 Pre-capture
chr2	41771343	41796203	Pilot_dr:LOC_000000056861	0	+	chr2	41795105	41795569	gene_id|ZFLNCT01772|gene_type|ZFLNC	.	+	 	 ShieldRep1 	 Pre-capture
chr2	46767561	46770678	Pilot_dr:LOC_000000033843	0	+	chr2	46767563	46767658	gene_id|ZFLNCT01856,ZFLNCT01857|gene_type|ZFLNC	.	+	 	 ShieldRep1 	 Pre-capture
chr2	57232821	57233366	Pilot_dr:LOC_000000085166	0	-	chr2	57232550	57233121	gene_id|chr19.1567803.1567877-.GIGA.-,chr19.1567827.1567877-.GIGA.-|gene_type|GIGA	.	-	 	 ShieldRep1 	 Pre-capture
chr20	3721052	3726814	Pilot_dr:LOC_000000008527	0	-	chr20	3721325	3721475	gene_id|ZFLNCT16806|gene_type|ZFLNC	.	-	 	 ShieldRep1 	 Pre-capture
chr20	3721052	3726814	Pilot_dr:LOC_000000008527	0	-	chr20	3722307	3725169	gene_id|ZFLNCT16807,ZFLNCT16806|gene_type|ZFLNC	.	-	 	 ShieldRep1 	 Pre-capture
chr20	3721052	3726814	Pilot_dr:LOC_000000008527	0	-	chr20	3726692	3726926	gene_id|ZFLNCT16806,ZFLNCT16807|gene_type|ZFLNC	.	-	 	 ShieldRep1 	 Pre-capture
chr20	54058944	54059097	Pilot_dr:LOC_000000076662	0	+	chr20	54058267	54059266	gene_id|ZFLNCT17575|gene_type|ZFLNC	.	+	 	 ShieldRep1 	 Pre-capture
chr21	1052775	1054664	Pilot_dr:LOC_000000055288	0	+	chr21	1052479	1055170	gene_id|ZFLNCT17630,ZFLNCT17631,ZFLNCT17631,ZFLNCT17631|gene_type|ZFLNC	.	+	 	 ShieldRep1 	 Pre-capture
chr21	1684796	1685412	Pilot_dr:LOC_000000066491	0	-	chr21	1685380	1686496	gene_id|chr18.64394902.64396727+.NONCODE.-|gene_type|NONCODE	.	-	 	 ShieldRep1 	 Pre-capture
chr21	15474742	15572666	Pilot_dr:LOC_000000022142	0	-	chr21	15474456	15474949	gene_id|ZFLNCT17864|gene_type|ZFLNC	.	-	 	 ShieldRep1 	 Pre-capture
chr21	15474742	15572666	Pilot_dr:LOC_000000022142	0	-	chr21	15572459	15572535	gene_id|ZFLNCT17864|gene_type|ZFLNC	.	-	 	 ShieldRep1 	 Pre-capture
chr21	15474742	15572666	Pilot_dr:LOC_000000022142	0	-	chr21	15572620	15572656	gene_id|ZFLNCT17864|gene_type|ZFLNC	.	-	 	 ShieldRep1 	 Pre-capture
chr21	44185979	44212123	Pilot_dr:LOC_000000001753	0	+	chr21	44186088	44186413	gene_id|ZFLNCT18291|gene_type|ZFLNC	.	+	 	 ShieldRep1 	 Pre-capture
chr21	44185979	44212123	Pilot_dr:LOC_000000001753	0	+	chr21	44211466	44212068	gene_id|ZFLNCT18291|gene_type|ZFLNC	.	+	 	 ShieldRep1 	 Pre-capture
chr22	1992678	1998716	Pilot_dr:LOC_000000058626	0	-	chr22	1994728	1995992	gene_id|ZFLNCT18437|gene_type|ZFLNC	.	-	 	 ShieldRep1 	 Pre-capture
chr22	4064592	4080097	Pilot_dr:LOC_000000016146	0	+	chr22	4064601	4064810	gene_id|ZFLNCT18473,ZFLNCT18474|gene_type|ZFLNC	.	+	 	 ShieldRep1 	 Pre-capture
chr22	4064592	4080097	Pilot_dr:LOC_000000016146	0	+	chr22	4066166	4066260	gene_id|ZFLNCT18473,ZFLNCT18474|gene_type|ZFLNC	.	+	 	 ShieldRep1 	 Pre-capture
chr22	4064592	4080097	Pilot_dr:LOC_000000016146	0	+	chr22	4079479	4079507	gene_id|ZFLNCT18473,ZFLNCT18474|gene_type|ZFLNC	.	+	 	 ShieldRep1 	 Pre-capture
chr22	4064592	4080097	Pilot_dr:LOC_000000016146	0	+	chr22	4079586	4079740	gene_id|ZFLNCT18473,ZFLNCT18474|gene_type|ZFLNC	.	+	 	 ShieldRep1 	 Pre-capture
chr22	29406393	29407559	Pilot_dr:LOC_000000014055	0	+	chr22	29406385	29406436	gene_id|ZFLNCT18901|gene_type|ZFLNC	.	+	 	 ShieldRep1 	 Pre-capture
chr22	29406393	29407559	Pilot_dr:LOC_000000014055	0	+	chr22	29407178	29407460	gene_id|ZFLNCT18901|gene_type|ZFLNC	.	+	 	 ShieldRep1 	 Pre-capture
chr23	7419802	7428612	Pilot_dr:LOC_000000022786	0	-	chr23	7419810	7420228	gene_id|ZFLNCT19201|gene_type|ZFLNC	.	-	 	 ShieldRep1 	 Pre-capture
chr23	7419802	7428612	Pilot_dr:LOC_000000022786	0	-	chr23	7428518	7428593	gene_id|ZFLNCT19201|gene_type|ZFLNC	.	-	 	 ShieldRep1 	 Pre-capture
chr23	20829332	20829636	Pilot_dr:LOC_000000034802	0	-	chr23	20829345	20829634	gene_id|ZFLNCT19386,ZFLNCT19387|gene_type|ZFLNC	.	-	 	 ShieldRep1 	 Pre-capture
chr23	28449790	28453669	Pilot_dr:LOC_000000050708	0	-	chr23	28433175	28453703	gene_id|ZFLNCT19511|gene_type|ZFLNC	.	-	 	 ShieldRep1 	 Pre-capture
chr23	34765049	34768151	Pilot_dr:LOC_000000045256	0	+	chr23	34764943	34765137	gene_id|ZFLNCT19616|gene_type|ZFLNC	.	+	 	 ShieldRep1 	 Pre-capture
chr23	34765049	34768151	Pilot_dr:LOC_000000045256	0	+	chr23	34767364	34768352	gene_id|ZFLNCT19616|gene_type|ZFLNC	.	+	 	 ShieldRep1 	 Pre-capture
chr23	38633318	38633621	Pilot_dr:LOC_000000016262	0	-	chr23	38633565	38633621	gene_id|ZFLNCT19724,ZFLNCT19725,ZFLNCT19726,ZFLNCT19728,ZFLNCT19729,ZFLNCT19730|gene_type|ZFLNC	.	-	 	 ShieldRep1 	 Pre-capture
chr23	41241328	41250922	Pilot_dr:LOC_000000009489	0	+	chr23	41241241	41241441	gene_id|ZFLNCT19771,ZFLNCT19772,ZFLNCT19773,ZFLNCT19774,ZFLNCT19775,ZFLNCT19776|gene_type|ZFLNC	.	+	 	 ShieldRep1 	 Pre-capture
chr23	41241328	41250922	Pilot_dr:LOC_000000009489	0	+	chr23	41246326	41246399	gene_id|ZFLNCT19771,ZFLNCT19772,ZFLNCT19773,ZFLNCT19774,ZFLNCT19775,ZFLNCT19776|gene_type|ZFLNC	.	+	 	 ShieldRep1 	 Pre-capture
chr23	41241328	41250922	Pilot_dr:LOC_000000009489	0	+	chr23	41249196	41249410	gene_id|ZFLNCT19774|gene_type|ZFLNC	.	+	 	 ShieldRep1 	 Pre-capture
chr23	41241328	41250922	Pilot_dr:LOC_000000009489	0	+	chr23	41250628	41251123	gene_id|ZFLNCT19771,ZFLNCT19772,ZFLNCT19773|gene_type|ZFLNC	.	+	 	 ShieldRep1 	 Pre-capture
chr23	41616357	41617911	Pilot_dr:LOC_000000016551	0	-	chr23	41616168	41617328	gene_id|ZFLNCT19779|gene_type|ZFLNC	.	-	 	 ShieldRep1 	 Pre-capture
chr23	41616357	41617911	Pilot_dr:LOC_000000016551	0	-	chr23	41617777	41618019	gene_id|ZFLNCT19779|gene_type|ZFLNC	.	-	 	 ShieldRep1 	 Pre-capture
chr24	2988574	3009054	Pilot_dr:LOC_000000045037	0	+	chr24	3002867	3004041	gene_id|chr19.53904634.53906457+.GIGA.+|gene_type|GIGA	.	+	 	 ShieldRep1 	 Pre-capture
chr24	17233288	17236312	Pilot_dr:LOC_000000003288	0	-	chr24	17233526	17234079	gene_id|ZFLNCT20131|gene_type|ZFLNC	.	-	 	 ShieldRep1 	 Pre-capture
chr24	17233288	17236312	Pilot_dr:LOC_000000003288	0	-	chr24	17236177	17236200	gene_id|ZFLNCT20131|gene_type|ZFLNC	.	-	 	 ShieldRep1 	 Pre-capture
chr24	31709698	31710030	Pilot_dr:LOC_000000073476	0	-	chr24	31709501	31710091	gene_id|ZFLNCT20357|gene_type|ZFLNC	.	-	 	 ShieldRep1 	 Pre-capture
chr24	39200351	39204042	Pilot_dr:LOC_000000075969	0	-	chr24	39203602	39204264	gene_id|chr16.1775811.1775986+.GIGA.-,chr16.1775796.1775878+.GIGA.-|gene_type|GIGA	.	-	 	 ShieldRep1 	 Pre-capture
chr24	40209621	40230822	Pilot_dr:LOC_000000063469	0	+	chr24	40209614	40210268	gene_id|ZFLNCT20521|gene_type|ZFLNC	.	+	 	 ShieldRep1 	 Pre-capture
chr25	5863110	5864767	Pilot_dr:LOC_000000021707	0	+	chr25	5862987	5864767	gene_id|ZFLNCT20718,ZFLNCT20719,ZFLNCT20718|gene_type|ZFLNC	.	+	 	 ShieldRep1 	 Pre-capture
chr25	6942078	6993861	Pilot_dr:LOC_000000006622	0	+	chr25	6941908	6942687	gene_id|ZFLNCT20744|gene_type|ZFLNC	.	+	 	 ShieldRep1 	 Pre-capture
chr25	6942078	6993861	Pilot_dr:LOC_000000006622	0	+	chr25	6945803	6945929	gene_id|ZFLNCT20744|gene_type|ZFLNC	.	+	 	 ShieldRep1 	 Pre-capture
chr25	6942078	6993861	Pilot_dr:LOC_000000006622	0	+	chr25	6993296	6993401	gene_id|ZFLNCT20744|gene_type|ZFLNC	.	+	 	 ShieldRep1 	 Pre-capture
chr25	6942078	6993861	Pilot_dr:LOC_000000006622	0	+	chr25	6993522	6993733	gene_id|ZFLNCT20744|gene_type|ZFLNC	.	+	 	 ShieldRep1 	 Pre-capture
chr25	19987070	19987389	Pilot_dr:LOC_000000075592	0	+	chr25	19987068	19987387	gene_id|ZFLNCT20903|gene_type|ZFLNC	.	+	 	 ShieldRep1 	 Pre-capture
chr25	29549455	29558268	Pilot_dr:LOC_000000051031	0	-	chr25	29549404	29550197	gene_id|ZFLNCT20983|gene_type|ZFLNC	.	-	 	 ShieldRep1 	 Pre-capture
chr25	29549455	29558268	Pilot_dr:LOC_000000051031	0	-	chr25	29553089	29553377	gene_id|ZFLNCT20983|gene_type|ZFLNC	.	-	 	 ShieldRep1 	 Pre-capture
chr25	29549455	29558268	Pilot_dr:LOC_000000051031	0	-	chr25	29554133	29554216	gene_id|ZFLNCT20983|gene_type|ZFLNC	.	-	 	 ShieldRep1 	 Pre-capture
chr25	36139905	36144817	Pilot_dr:LOC_000000052033	0	-	chr25	36139843	36140115	gene_id|ZFLNCT21092,ZFLNCT21093,ZFLNCT21094|gene_type|ZFLNC	.	-	 	 ShieldRep1 	 Pre-capture
chr25	36139905	36144817	Pilot_dr:LOC_000000052033	0	-	chr25	36144796	36144932	gene_id|ZFLNCT21094|gene_type|ZFLNC	.	-	 	 ShieldRep1 	 Pre-capture
chr25	36373650	36378017	Pilot_dr:LOC_000000020098	0	+	chr25	36376136	36376623	gene_id|ZFLNCT21101|gene_type|ZFLNC	.	+	 	 ShieldRep1 	 Pre-capture
chr25	36373650	36378017	Pilot_dr:LOC_000000020098	0	+	chr25	36377652	36377712	gene_id|ZFLNCT21101|gene_type|ZFLNC	.	+	 	 ShieldRep1 	 Pre-capture
chr3	987379	988055	Pilot_dr:LOC_000000054412	0	+	chr3	986881	988055	gene_id|ZFLNCT02124|gene_type|ZFLNC	.	+	 	 ShieldRep1 	 Pre-capture
chr3	4668059	4671904	Pilot_dr:LOC_000000006519	0	-	chr3	4671285	4672137	gene_id|chr19.50309004.50309177+.GIGA.-,chr19.50307048.50307157+.GIGA.-|gene_type|GIGA	.	-	 	 ShieldRep1 	 Pre-capture
chr3	20491173	20491693	Pilot_dr:LOC_000000065561	0	+	chr3	20491202	20491413	gene_id|ZFLNCT02443|gene_type|ZFLNC	.	+	 	 ShieldRep1 	 Pre-capture
chr3	44333004	44335829	Pilot_dr:LOC_000000034060	0	-	chr3	44332747	44333384	gene_id|ZFLNCT02884|gene_type|ZFLNC	.	-	 	 ShieldRep1 	 Pre-capture
chr3	44333004	44335829	Pilot_dr:LOC_000000034060	0	-	chr3	44334384	44334550	gene_id|ZFLNCT02884|gene_type|ZFLNC	.	-	 	 ShieldRep1 	 Pre-capture
chr3	44333004	44335829	Pilot_dr:LOC_000000034060	0	-	chr3	44335715	44335853	gene_id|ZFLNCT02884|gene_type|ZFLNC	.	-	 	 ShieldRep1 	 Pre-capture
chr3	48442494	48443235	Pilot_dr:LOC_000000064546	0	+	chr3	48442389	48442896	gene_id|ZFLNCT02926|gene_type|ZFLNC	.	+	 	 ShieldRep1 	 Pre-capture
chr3	55386207	55387661	Pilot_dr:LOC_000000008725	0	+	chr3	55386215	55387657	gene_id|ZFLNCT03010|gene_type|ZFLNC	.	+	 	 ShieldRep1 	 Pre-capture
chr3	56949960	56957566	Pilot_dr:LOC_000000019657	0	+	chr3	56949955	56950536	gene_id|ZFLNCT03026|gene_type|ZFLNC	.	+	 	 ShieldRep1 	 Pre-capture
chr3	56949960	56957566	Pilot_dr:LOC_000000019657	0	+	chr3	56954153	56954264	gene_id|ZFLNCT03026|gene_type|ZFLNC	.	+	 	 ShieldRep1 	 Pre-capture
chr3	56949960	56957566	Pilot_dr:LOC_000000019657	0	+	chr3	56956436	56957558	gene_id|chr17.73209487.73209768-.GIGA.+,ZFLNCT03026.+|gene_type|multiple	.	+	 	 ShieldRep1 	 Pre-capture
chr3	62300445	62310827	Pilot_dr:LOC_000000061007	0	+	chr3	62304042	62305082	gene_id|ZFLNCT03150|gene_type|ZFLNC	.	+	 	 ShieldRep1 	 Pre-capture
chr3	62300445	62310827	Pilot_dr:LOC_000000061007	0	+	chr3	62305433	62306549	gene_id|ZFLNCT03150|gene_type|ZFLNC	.	+	 	 ShieldRep1 	 Pre-capture
chr4	4162825	4164481	Pilot_dr:LOC_000000016004	0	-	chr4	4162825	4163172	gene_id|ZFLNCT03314|gene_type|ZFLNC	.	-	 	 ShieldRep1 	 Pre-capture
chr4	4162825	4164481	Pilot_dr:LOC_000000016004	0	-	chr4	4163359	4163876	gene_id|ZFLNCT03314|gene_type|ZFLNC	.	-	 	 ShieldRep1 	 Pre-capture
chr4	16295758	16313832	Pilot_dr:LOC_000000001250	0	-	chr4	16295524	16296252	gene_id|ZFLNCT03778|gene_type|ZFLNC	.	-	 	 ShieldRep1 	 Pre-capture
chr4	16295758	16313832	Pilot_dr:LOC_000000001250	0	-	chr4	16299656	16301073	gene_id|ZFLNCT03781|gene_type|ZFLNC	.	-	 	 ShieldRep1 	 Pre-capture
chr4	16295758	16313832	Pilot_dr:LOC_000000001250	0	-	chr4	16301217	16301242	gene_id|ZFLNCT03781|gene_type|ZFLNC	.	-	 	 ShieldRep1 	 Pre-capture
chr4	16295758	16313832	Pilot_dr:LOC_000000001250	0	-	chr4	16302979	16303001	gene_id|ZFLNCT03778|gene_type|ZFLNC	.	-	 	 ShieldRep1 	 Pre-capture
chr4	28583143	28664641	Pilot_dr:LOC_000000008846	0	-	chr4	28624869	28627510	gene_id|ZFLNCT03922,ZFLNCT03923,ZFLNCT03924|gene_type|ZFLNC	.	-	 	 ShieldRep1 	 Pre-capture
chr4	28583143	28664641	Pilot_dr:LOC_000000008846	0	-	chr4	28628162	28628533	gene_id|ZFLNCT03923|gene_type|ZFLNC	.	-	 	 ShieldRep1 	 Pre-capture
chr4	28583143	28664641	Pilot_dr:LOC_000000008846	0	-	chr4	28629413	28629519	gene_id|ZFLNCT03924|gene_type|ZFLNC	.	-	 	 ShieldRep1 	 Pre-capture
chr4	28583143	28664641	Pilot_dr:LOC_000000008846	0	-	chr4	28630102	28630229	gene_id|ZFLNCT03924|gene_type|ZFLNC	.	-	 	 ShieldRep1 	 Pre-capture
chr4	28583143	28664641	Pilot_dr:LOC_000000008846	0	-	chr4	28631731	28631818	gene_id|ZFLNCT03924|gene_type|ZFLNC	.	-	 	 ShieldRep1 	 Pre-capture
chr4	28583143	28664641	Pilot_dr:LOC_000000008846	0	-	chr4	28632167	28632583	gene_id|ZFLNCT03924|gene_type|ZFLNC	.	-	 	 ShieldRep1 	 Pre-capture
chr4	50162732	50175171	Pilot_dr:LOC_000000043127	0	-	chr4	50173651	50175142	gene_id|ZFLNCT04389|gene_type|ZFLNC	.	-	 	 ShieldRep1 	 Pre-capture
chr4	72976574	72993435	Pilot_dr:LOC_000000076043	0	-	chr4	72983538	72984314	gene_id|chr20.56268373.56269231+.GIGA.-|gene_type|GIGA	.	-	 	 ShieldRep1 	 Pre-capture
chr5	2780591	2780823	Pilot_dr:LOC_000000037362	0	-	chr5	2780443	2781070	gene_id|chr20.3190522.3190819-.GIGA.-|gene_type|GIGA	.	-	 	 ShieldRep1 	 Pre-capture
chr5	6447107	6472687	Pilot_dr:LOC_000000061761	0	-	chr5	6471965	6472065	gene_id|ZFLNCT04714,ZFLNCT04715|gene_type|ZFLNC	.	-	 	 ShieldRep1 	 Pre-capture
chr5	6447107	6472687	Pilot_dr:LOC_000000061761	0	-	chr5	6472564	6472751	gene_id|ZFLNCT04715,ZFLNCT04714|gene_type|ZFLNC	.	-	 	 ShieldRep1 	 Pre-capture
chr5	32784372	32784869	Pilot_dr:LOC_000000066651	0	-	chr5	32784531	32784800	gene_id|ZFLNCT05102|gene_type|ZFLNC	.	-	 	 ShieldRep1 	 Pre-capture
chr5	42761554	42763219	Pilot_dr:LOC_000000025215	0	+	chr5	42761575	42761737	gene_id|ZFLNCT05262|gene_type|ZFLNC	.	+	 	 ShieldRep1 	 Pre-capture
chr5	42761554	42763219	Pilot_dr:LOC_000000025215	0	+	chr5	42762079	42762176	gene_id|ZFLNCT05262|gene_type|ZFLNC	.	+	 	 ShieldRep1 	 Pre-capture
chr6	1155645	1155890	Pilot_dr:LOC_000000082435	0	-	chr6	1155396	1156084	gene_id|chr16.15047854.15047920-.GIGA.-,chr16.15047996.15048099-.GIGA.-|gene_type|GIGA	.	-	 	 ShieldRep1 	 Pre-capture
chr6	3580576	3586669	Pilot_dr:LOC_000000014659	0	-	chr6	3580621	3580883	gene_id|ZFLNCT05754|gene_type|ZFLNC	.	-	 	 ShieldRep1 	 Pre-capture
chr6	14498703	14525737	Pilot_dr:LOC_000000064351	0	-	chr6	14506082	14506958	gene_id|chr6.14416933.14417309+.UCNE.-|gene_type|UCNE	.	-	 	 ShieldRep1 	 Pre-capture
chr6	59406944	59407610	Pilot_dr:LOC_000000054256	0	-	chr6	59407492	59407695	gene_id|ZFLNCT00513|gene_type|ZFLNC	.	-	 	 ShieldRep1 	 Pre-capture
chr7	64070452	64071084	Pilot_dr:LOC_000000023227	0	-	chr7	64070846	64071057	gene_id|ZFLNCT07382|gene_type|ZFLNC	.	-	 	 ShieldRep1 	 Pre-capture
chr8	5401986	5411229	Pilot_dr:LOC_000000005075	0	-	chr8	5403594	5405437	gene_id|ZFLNCT07684,ZFLNCT07685,ZFLNCT07686|gene_type|ZFLNC	.	-	 	 ShieldRep1 	 Pre-capture
chr8	5401986	5411229	Pilot_dr:LOC_000000005075	0	-	chr8	5406013	5406509	gene_id|ZFLNCT07687,ZFLNCT07683,ZFLNCT07684,ZFLNCT07685,ZFLNCT07686|gene_type|ZFLNC	.	-	 	 ShieldRep1 	 Pre-capture
chr8	5401986	5411229	Pilot_dr:LOC_000000005075	0	-	chr8	5409232	5409313	gene_id|ZFLNCT07683,ZFLNCT07684,ZFLNCT07685,ZFLNCT07686,ZFLNCT07687|gene_type|ZFLNC	.	-	 	 ShieldRep1 	 Pre-capture
chr8	5401986	5411229	Pilot_dr:LOC_000000005075	0	-	chr8	5410737	5410885	gene_id|ZFLNCT07685,ZFLNCT07683,ZFLNCT07684,ZFLNCT07686,ZFLNCT07687|gene_type|ZFLNC	.	-	 	 ShieldRep1 	 Pre-capture
chr8	5401986	5411229	Pilot_dr:LOC_000000005075	0	-	chr8	5411112	5411220	gene_id|ZFLNCT07687,ZFLNCT07683,ZFLNCT07684,ZFLNCT07685,ZFLNCT07686|gene_type|ZFLNC	.	-	 	 ShieldRep1 	 Pre-capture
chr8	19714807	19715222	Pilot_dr:LOC_000000074712	0	+	chr8	19714571	19715690	gene_id|ZFLNCT07921|gene_type|ZFLNC	.	+	 	 ShieldRep1 	 Pre-capture
chr8	23462686	23473341	Pilot_dr:LOC_000000017870	0	+	chr8	23462818	23463033	gene_id|ZFLNCT08013|gene_type|ZFLNC	.	+	 	 ShieldRep1 	 Pre-capture
chr8	23462686	23473341	Pilot_dr:LOC_000000017870	0	+	chr8	23463153	23463238	gene_id|ZFLNCT08013|gene_type|ZFLNC	.	+	 	 ShieldRep1 	 Pre-capture
chr8	23462686	23473341	Pilot_dr:LOC_000000017870	0	+	chr8	23472156	23472866	gene_id|ZFLNCT08013|gene_type|ZFLNC	.	+	 	 ShieldRep1 	 Pre-capture
chr8	44878789	44879477	Pilot_dr:LOC_000000044604	0	+	chr8	44877975	44880401	gene_id|ZFLNCT08301,ZFLNCT08298,ZFLNCT08299,ZFLNCT08300,ZFLNCT08297,ZFLNCT08297,ZFLNCT08298,ZFLNCT08299,ZFLNCT08300,ZFLNCT08299,ZFLNCT08297,ZFLNCT08298|gene_type|ZFLNC	.	+	 	 ShieldRep1 	 Pre-capture
chr8	45439563	45441372	Pilot_dr:LOC_000000017079	0	+	chr8	45439621	45439707	gene_id|ZFLNCT08313|gene_type|ZFLNC	.	+	 	 ShieldRep1 	 Pre-capture
chr8	45439563	45441372	Pilot_dr:LOC_000000017079	0	+	chr8	45440178	45440571	gene_id|ZFLNCT08313|gene_type|ZFLNC	.	+	 	 ShieldRep1 	 Pre-capture
chr8	52880077	52880347	Pilot_dr:LOC_000000014770	0	-	chr8	52879972	52882776	gene_id|ZFLNCT08430,ZFLNCT08433,ZFLNCT08431,ZFLNCT08432,ZFLNCT08432,ZFLNCT08431,ZFLNCT08433|gene_type|ZFLNC	.	-	 	 ShieldRep1 	 Pre-capture
chr9	716	1967	Pilot_dr:LOC_000000043425	0	-	chr9	966	1529	gene_id|chr21.43791349.43791412+.GIGA.-|gene_type|GIGA	.	-	 	 ShieldRep1 	 Pre-capture
chr9	5024296	5025603	Pilot_dr:LOC_000000059843	0	-	chr9	5024304	5024993	gene_id|chr9.5030572.5030761+.UCNE.-|gene_type|UCNE	.	-	 	 ShieldRep1 	 Pre-capture
chr9	23321903	23333921	Pilot_dr:LOC_000000003883	0	+	chr9	23321834	23322021	gene_id|ZFLNCT08816|gene_type|ZFLNC	.	+	 	 ShieldRep1 	 Pre-capture
chr9	23321903	23333921	Pilot_dr:LOC_000000003883	0	+	chr9	23332986	23333979	gene_id|ZFLNCT08816|gene_type|ZFLNC	.	+	 	 ShieldRep1 	 Pre-capture
chr9	46302250	46303123	Pilot_dr:LOC_000000023534	0	-	chr9	46303064	46303118	gene_id|ZFLNCT09214|gene_type|ZFLNC	.	-	 	 ShieldRep1 	 Pre-capture
chr9	50363030	50368686	Pilot_dr:LOC_000000039109	0	+	chr9	50362974	50363162	gene_id|ZFLNCT09257|gene_type|ZFLNC	.	+	 	 ShieldRep1 	 Pre-capture
chr9	50363030	50368686	Pilot_dr:LOC_000000039109	0	+	chr9	50368414	50368683	gene_id|ZFLNCT09257|gene_type|ZFLNC	.	+	 	 ShieldRep1 	 Pre-capture
