chr1	794961	898192	Pilot_dr:LOC_000000069843	0	+	chr1	794976	795086	gene_id|ZFLNCT00035,ZFLNCT00036|gene_type|ZFLNC	.	+	 	 OvaryRep1 	 Pre-capture
chr1	794961	898192	Pilot_dr:LOC_000000069843	0	+	chr1	897510	898180	gene_id|ZFLNCT00036,ZFLNCT00035|gene_type|ZFLNC	.	+	 	 OvaryRep1 	 Pre-capture
chr1	1005934	1014787	Pilot_dr:LOC_000000000677	0	-	chr1	1005937	1007182	gene_id|ZFLNCT00037|gene_type|ZFLNC	.	-	 	 OvaryRep1 	 Pre-capture
chr1	1005934	1014787	Pilot_dr:LOC_000000000677	0	-	chr1	1009440	1009592	gene_id|ZFLNCT00037|gene_type|ZFLNC	.	-	 	 OvaryRep1 	 Pre-capture
chr1	1005934	1014787	Pilot_dr:LOC_000000000677	0	-	chr1	1009741	1010007	gene_id|ZFLNCT00037|gene_type|ZFLNC	.	-	 	 OvaryRep1 	 Pre-capture
chr1	1005934	1014787	Pilot_dr:LOC_000000000677	0	-	chr1	1011975	1012253	gene_id|ZFLNCT00037|gene_type|ZFLNC	.	-	 	 OvaryRep1 	 Pre-capture
chr1	1005934	1014787	Pilot_dr:LOC_000000000677	0	-	chr1	1014754	1014866	gene_id|ZFLNCT00037|gene_type|ZFLNC	.	-	 	 OvaryRep1 	 Pre-capture
chr1	1015832	1033279	Pilot_dr:LOC_000000050983	0	+	chr1	1015812	1016050	gene_id|ZFLNCT00038|gene_type|ZFLNC	.	+	 	 OvaryRep1 	 Pre-capture
chr1	1015832	1033279	Pilot_dr:LOC_000000050983	0	+	chr1	1023132	1023443	gene_id|ZFLNCT00038|gene_type|ZFLNC	.	+	 	 OvaryRep1 	 Pre-capture
chr1	1015832	1033279	Pilot_dr:LOC_000000050983	0	+	chr1	1032635	1032769	gene_id|ZFLNCT00038|gene_type|ZFLNC	.	+	 	 OvaryRep1 	 Pre-capture
chr1	1015832	1033279	Pilot_dr:LOC_000000050983	0	+	chr1	1033199	1033638	gene_id|ZFLNCT00038|gene_type|ZFLNC	.	+	 	 OvaryRep1 	 Pre-capture
chr1	2093981	2096372	Pilot_dr:LOC_000000079892	0	-	chr1	2093996	2094245	gene_id|ZFLNCT00067|gene_type|ZFLNC	.	-	 	 OvaryRep1 	 Pre-capture
chr1	2093981	2096372	Pilot_dr:LOC_000000079892	0	-	chr1	2096273	2096349	gene_id|ZFLNCT00067|gene_type|ZFLNC	.	-	 	 OvaryRep1 	 Pre-capture
chr1	3718691	3720617	Pilot_dr:LOC_000000071611	0	+	chr1	3718666	3718911	gene_id|ZFLNCT00081|gene_type|ZFLNC	.	+	 	 OvaryRep1 	 Pre-capture
chr1	3718691	3720617	Pilot_dr:LOC_000000071611	0	+	chr1	3720145	3720603	gene_id|ZFLNCT00081|gene_type|ZFLNC	.	+	 	 OvaryRep1 	 Pre-capture
chr1	14851594	14870294	Pilot_dr:LOC_000000070500	0	+	chr1	14851622	14851787	gene_id|ZFLNCT00270|gene_type|ZFLNC	.	+	 	 OvaryRep1 	 Pre-capture
chr1	14851594	14870294	Pilot_dr:LOC_000000070500	0	+	chr1	14855308	14855424	gene_id|ZFLNCT00270|gene_type|ZFLNC	.	+	 	 OvaryRep1 	 Pre-capture
chr1	43518165	43617194	Pilot_dr:LOC_000000031298	0	-	chr1	43518209	43518886	gene_id|ZFLNCT00692,ZFLNCT00693|gene_type|ZFLNC	.	-	 	 OvaryRep1 	 Pre-capture
chr1	43518165	43617194	Pilot_dr:LOC_000000031298	0	-	chr1	43614867	43614905	gene_id|ZFLNCT00693|gene_type|ZFLNC	.	-	 	 OvaryRep1 	 Pre-capture
chr1	43518165	43617194	Pilot_dr:LOC_000000031298	0	-	chr1	43616965	43617169	gene_id|ZFLNCT00693|gene_type|ZFLNC	.	-	 	 OvaryRep1 	 Pre-capture
chr1	51273662	51282727	Pilot_dr:LOC_000000033876	0	-	chr1	51273664	51274980	gene_id|ZFLNCT00822,ZFLNCT00823|gene_type|ZFLNC	.	-	 	 OvaryRep1 	 Pre-capture
chr1	51273662	51282727	Pilot_dr:LOC_000000033876	0	-	chr1	51282457	51282740	gene_id|ZFLNCT00823,ZFLNCT00822|gene_type|ZFLNC	.	-	 	 OvaryRep1 	 Pre-capture
chr1	51850669	51864766	Pilot_dr:LOC_000000011725	0	+	chr1	51850561	51850765	gene_id|ZFLNCT00838|gene_type|ZFLNC	.	+	 	 OvaryRep1 	 Pre-capture
chr1	51850669	51864766	Pilot_dr:LOC_000000011725	0	+	chr1	51861697	51861736	gene_id|ZFLNCT00838|gene_type|ZFLNC	.	+	 	 OvaryRep1 	 Pre-capture
chr1	51850669	51864766	Pilot_dr:LOC_000000011725	0	+	chr1	51863916	51864765	gene_id|ZFLNCT00838|gene_type|ZFLNC	.	+	 	 OvaryRep1 	 Pre-capture
chr1	57602154	57602898	Pilot_dr:LOC_000000026230	0	-	chr1	57602114	57602708	gene_id|ZFLNCT01021|gene_type|ZFLNC	.	-	 	 OvaryRep1 	 Pre-capture
chr10	859425	889550	Pilot_dr:LOC_000000059875	0	+	chr10	877519	877675	gene_id|ZFLNCT09394|gene_type|ZFLNC	.	+	 	 OvaryRep1 	 Pre-capture
chr10	859425	889550	Pilot_dr:LOC_000000059875	0	+	chr10	883372	883912	gene_id|ZFLNCT09394,ZFLNCT09395|gene_type|ZFLNC	.	+	 	 OvaryRep1 	 Pre-capture
chr10	859425	889550	Pilot_dr:LOC_000000059875	0	+	chr10	888913	889312	gene_id|ZFLNCT09394,ZFLNCT09395|gene_type|ZFLNC	.	+	 	 OvaryRep1 	 Pre-capture
chr10	2402488	2438121	Pilot_dr:LOC_000000018206	0	+	chr10	2402308	2402664	gene_id|ZFLNCT09413,ZFLNCT09414|gene_type|ZFLNC	.	+	 	 OvaryRep1 	 Pre-capture
chr10	2402488	2438121	Pilot_dr:LOC_000000018206	0	+	chr10	2402879	2404778	gene_id|ZFLNCT09414,ZFLNCT09413|gene_type|ZFLNC	.	+	 	 OvaryRep1 	 Pre-capture
chr10	2402488	2438121	Pilot_dr:LOC_000000018206	0	+	chr10	2437688	2437908	gene_id|ZFLNCT09414|gene_type|ZFLNC	.	+	 	 OvaryRep1 	 Pre-capture
chr10	18007142	18008362	Pilot_dr:LOC_000000038722	0	+	chr10	18007123	18007432	gene_id|ZFLNCT09632|gene_type|ZFLNC	.	+	 	 OvaryRep1 	 Pre-capture
chr10	24789319	24852492	Pilot_dr:LOC_000000042026	0	-	chr10	24834374	24834784	gene_id|ZFLNCT09739|gene_type|ZFLNC	.	-	 	 OvaryRep1 	 Pre-capture
chr10	24789319	24852492	Pilot_dr:LOC_000000042026	0	-	chr10	24834911	24835016	gene_id|ZFLNCT09739|gene_type|ZFLNC	.	-	 	 OvaryRep1 	 Pre-capture
chr10	24789319	24852492	Pilot_dr:LOC_000000042026	0	-	chr10	24835122	24835365	gene_id|ZFLNCT09739|gene_type|ZFLNC	.	-	 	 OvaryRep1 	 Pre-capture
chr10	24789319	24852492	Pilot_dr:LOC_000000042026	0	-	chr10	24850541	24850593	gene_id|ZFLNCT09739|gene_type|ZFLNC	.	-	 	 OvaryRep1 	 Pre-capture
chr10	24789319	24852492	Pilot_dr:LOC_000000042026	0	-	chr10	24852313	24852525	gene_id|ZFLNCT09739|gene_type|ZFLNC	.	-	 	 OvaryRep1 	 Pre-capture
chr10	26440986	26447172	Pilot_dr:LOC_000000025202	0	-	chr10	26441052	26441266	gene_id|ZFLNCT09768,ZFLNCT09769|gene_type|ZFLNC	.	-	 	 OvaryRep1 	 Pre-capture
chr10	26440986	26447172	Pilot_dr:LOC_000000025202	0	-	chr10	26445827	26446025	gene_id|ZFLNCT09768,ZFLNCT09769|gene_type|ZFLNC	.	-	 	 OvaryRep1 	 Pre-capture
chr10	26440986	26447172	Pilot_dr:LOC_000000025202	0	-	chr10	26447021	26447171	gene_id|ZFLNCT09768,ZFLNCT09769|gene_type|ZFLNC	.	-	 	 OvaryRep1 	 Pre-capture
chr11	4309597	4333991	Pilot_dr:LOC_000000043708	0	-	chr11	4309276	4309906	gene_id|ZFLNCT10106|gene_type|ZFLNC	.	-	 	 OvaryRep1 	 Pre-capture
chr11	4309597	4333991	Pilot_dr:LOC_000000043708	0	-	chr11	4311297	4312091	gene_id|ZFLNCT10107,ZFLNCT10106|gene_type|ZFLNC	.	-	 	 OvaryRep1 	 Pre-capture
chr11	4461504	4470697	Pilot_dr:LOC_000000080048	0	-	chr11	4470631	4470674	gene_id|ZFLNCT10108|gene_type|ZFLNC	.	-	 	 OvaryRep1 	 Pre-capture
chr11	10184054	10328549	Pilot_dr:LOC_000000006620	0	-	chr11	10301961	10302641	gene_id|chr3.172916341.172916858+.GIGA.-|gene_type|GIGA	.	-	 	 OvaryRep1 	 Pre-capture
chr11	10184054	10328549	Pilot_dr:LOC_000000006620	0	-	chr11	10327919	10328043	gene_id|ZFLNCT10184|gene_type|ZFLNC	.	-	 	 OvaryRep1 	 Pre-capture
chr11	10184054	10328549	Pilot_dr:LOC_000000006620	0	-	chr11	10328129	10328527	gene_id|ZFLNCT10184|gene_type|ZFLNC	.	-	 	 OvaryRep1 	 Pre-capture
chr11	10184054	10328549	Pilot_dr:LOC_000000006620	0	-	chr11	10305130	10305570	gene_id|ZFLNCT10184|gene_type|ZFLNC	.	-	 	 OvaryRep1 	 Pre-capture
chr11	39373713	39479262	Pilot_dr:LOC_000000018697	0	+	chr11	39373712	39373795	gene_id|ZFLNCT10591,ZFLNCT10592|gene_type|ZFLNC	.	+	 	 OvaryRep1 	 Pre-capture
chr11	39373713	39479262	Pilot_dr:LOC_000000018697	0	+	chr11	39376417	39377087	gene_id|ZFLNCT10592|gene_type|ZFLNC	.	+	 	 OvaryRep1 	 Pre-capture
chr11	39373713	39479262	Pilot_dr:LOC_000000018697	0	+	chr11	39478839	39479267	gene_id|ZFLNCT10591|gene_type|ZFLNC	.	+	 	 OvaryRep1 	 Pre-capture
chr11	40948466	40969906	Pilot_dr:LOC_000000035585	0	+	chr11	40948472	40948649	gene_id|ZFLNCT10588,ZFLNCT10589|gene_type|ZFLNC	.	+	 	 OvaryRep1 	 Pre-capture
chr11	40948466	40969906	Pilot_dr:LOC_000000035585	0	+	chr11	40948933	40948990	gene_id|ZFLNCT10584,ZFLNCT10586,ZFLNCT10588,ZFLNCT10589|gene_type|ZFLNC	.	+	 	 OvaryRep1 	 Pre-capture
chr11	40948466	40969906	Pilot_dr:LOC_000000035585	0	+	chr11	40949338	40950147	gene_id|ZFLNCT10588,ZFLNCT10589,ZFLNCT10584,ZFLNCT10586|gene_type|ZFLNC	.	+	 	 OvaryRep1 	 Pre-capture
chr11	40948466	40969906	Pilot_dr:LOC_000000035585	0	+	chr11	40955839	40956123	gene_id|ZFLNCT10589|gene_type|ZFLNC	.	+	 	 OvaryRep1 	 Pre-capture
chr12	2073082	2236989	Pilot_dr:LOC_000000015822	0	-	chr12	2073084	2073187	gene_id|ZFLNCT10735|gene_type|ZFLNC	.	-	 	 OvaryRep1 	 Pre-capture
chr12	2073082	2236989	Pilot_dr:LOC_000000015822	0	-	chr12	2095436	2095920	gene_id|ZFLNCT10737|gene_type|ZFLNC	.	-	 	 OvaryRep1 	 Pre-capture
chr12	2073082	2236989	Pilot_dr:LOC_000000015822	0	-	chr12	2136096	2136237	gene_id|ZFLNCT10737|gene_type|ZFLNC	.	-	 	 OvaryRep1 	 Pre-capture
chr12	2073082	2236989	Pilot_dr:LOC_000000015822	0	-	chr12	2169467	2169599	gene_id|ZFLNCT10737|gene_type|ZFLNC	.	-	 	 OvaryRep1 	 Pre-capture
chr12	2073082	2236989	Pilot_dr:LOC_000000015822	0	-	chr12	2232756	2233545	gene_id|ZFLNCT10739|gene_type|ZFLNC	.	-	 	 OvaryRep1 	 Pre-capture
chr12	2073082	2236989	Pilot_dr:LOC_000000015822	0	-	chr12	2235550	2235662	gene_id|ZFLNCT10739|gene_type|ZFLNC	.	-	 	 OvaryRep1 	 Pre-capture
chr12	2073082	2236989	Pilot_dr:LOC_000000015822	0	-	chr12	2236710	2237093	gene_id|ZFLNCT10737,ZFLNCT10739|gene_type|ZFLNC	.	-	 	 OvaryRep1 	 Pre-capture
chr12	3558451	3570021	Pilot_dr:LOC_000000030127	0	-	chr12	3560316	3560891	gene_id|chr17.42807767.42807892+.GIGA.-|gene_type|GIGA	.	-	 	 OvaryRep1 	 Pre-capture
chr12	7055975	7142815	Pilot_dr:LOC_000000011378	0	-	chr12	7070639	7071305	gene_id|ZFLNCT10823|gene_type|ZFLNC	.	-	 	 OvaryRep1 	 Pre-capture
chr12	7055975	7142815	Pilot_dr:LOC_000000011378	0	-	chr12	7083299	7083373	gene_id|ZFLNCT10823|gene_type|ZFLNC	.	-	 	 OvaryRep1 	 Pre-capture
chr12	37365129	37372717	Pilot_dr:LOC_000000045925	0	+	chr12	37372171	37372196	gene_id|ZFLNCT11187|gene_type|ZFLNC	.	+	 	 OvaryRep1 	 Pre-capture
chr12	37365129	37372717	Pilot_dr:LOC_000000045925	0	+	chr12	37372264	37372677	gene_id|ZFLNCT11187|gene_type|ZFLNC	.	+	 	 OvaryRep1 	 Pre-capture
chr12	41156889	41234860	Pilot_dr:LOC_000000009309	0	+	chr12	41156859	41157070	gene_id|ZFLNCT11244,ZFLNCT11245|gene_type|ZFLNC	.	+	 	 OvaryRep1 	 Pre-capture
chr12	41156889	41234860	Pilot_dr:LOC_000000009309	0	+	chr12	41160414	41160452	gene_id|ZFLNCT11244,ZFLNCT11245|gene_type|ZFLNC	.	+	 	 OvaryRep1 	 Pre-capture
chr12	41156889	41234860	Pilot_dr:LOC_000000009309	0	+	chr12	41234306	41234411	gene_id|ZFLNCT11244|gene_type|ZFLNC	.	+	 	 OvaryRep1 	 Pre-capture
chr12	43022970	43104320	Pilot_dr:LOC_000000033706	0	+	chr12	43032402	43033144	gene_id|chr12.44887375.44887617+.UCNE.+|gene_type|UCNE	.	+	 	 OvaryRep1 	 Pre-capture
chr12	43022970	43104320	Pilot_dr:LOC_000000033706	0	+	chr12	43059943	43061661	gene_id|chr12.44917053.44917326+.UCNE.+,chr12.44917709.44918271+.UCNE.+|gene_type|UCNE	.	+	 	 OvaryRep1 	 Pre-capture
chr12	43022970	43104320	Pilot_dr:LOC_000000033706	0	+	chr12	43077039	43078532	gene_id|chr12.44935092.44935321+.UCNE.+,chr12.44935661.44936085+.UCNE.+|gene_type|UCNE	.	+	 	 OvaryRep1 	 Pre-capture
chr13	1260478	1268425	Pilot_dr:LOC_000000017620	0	-	chr13	1260486	1260957	gene_id|ZFLNCT11390,ZFLNCT11391|gene_type|ZFLNC	.	-	 	 OvaryRep1 	 Pre-capture
chr13	1260478	1268425	Pilot_dr:LOC_000000017620	0	-	chr13	1268347	1269605	gene_id|ZFLNCT11391|gene_type|ZFLNC	.	-	 	 OvaryRep1 	 Pre-capture
chr13	3612068	3621381	Pilot_dr:LOC_000000066454	0	+	chr13	3619266	3619306	gene_id|ZFLNCT11413|gene_type|ZFLNC	.	+	 	 OvaryRep1 	 Pre-capture
chr13	3612068	3621381	Pilot_dr:LOC_000000066454	0	+	chr13	3620233	3620293	gene_id|ZFLNCT11413|gene_type|ZFLNC	.	+	 	 OvaryRep1 	 Pre-capture
chr13	3612068	3621381	Pilot_dr:LOC_000000066454	0	+	chr13	3620708	3620828	gene_id|ZFLNCT11413|gene_type|ZFLNC	.	+	 	 OvaryRep1 	 Pre-capture
chr13	5747580	5751889	Pilot_dr:LOC_000000065230	0	+	chr13	5751128	5751870	gene_id|chr13.5428213.5428455+.UCNE.+|gene_type|UCNE	.	+	 	 OvaryRep1 	 Pre-capture
chr13	5759476	5838494	Pilot_dr:LOC_000000006967	0	-	chr13	5772534	5773183	gene_id|chr13.5449619.5449768+.UCNE.-|gene_type|UCNE	.	-	 	 OvaryRep1 	 Pre-capture
chr13	26802534	26893453	Pilot_dr:LOC_000000002825	0	+	chr13	26812692	26813412	gene_id|chr13.27036832.27037052+.UCNE.+|gene_type|UCNE	.	+	 	 OvaryRep1 	 Pre-capture
chr13	26802534	26893453	Pilot_dr:LOC_000000002825	0	+	chr13	26815770	26816735	gene_id|chr13.27039910.27040375+.UCNE.+|gene_type|UCNE	.	+	 	 OvaryRep1 	 Pre-capture
chr13	26802534	26893453	Pilot_dr:LOC_000000002825	0	+	chr13	26821058	26821660	gene_id|chr2.57886505.57886844-.GIGA.+,chr2.57886505.57886656-.GIGA.+|gene_type|GIGA	.	+	 	 OvaryRep1 	 Pre-capture
chr13	26802534	26893453	Pilot_dr:LOC_000000002825	0	+	chr13	26823399	26824133	gene_id|chr2.57886175.57886615-.GIGA.+,chr13.27047541.27047773+.UCNE.+|gene_type|multiple	.	+	 	 OvaryRep1 	 Pre-capture
chr13	26802534	26893453	Pilot_dr:LOC_000000002825	0	+	chr13	26835202	26835905	gene_id|chr13.27059342.27059545+.UCNE.+|gene_type|UCNE	.	+	 	 OvaryRep1 	 Pre-capture
chr13	26802534	26893453	Pilot_dr:LOC_000000002825	0	+	chr13	26843921	26844517	gene_id|chr13.27068061.27068157+.UCNE.+|gene_type|UCNE	.	+	 	 OvaryRep1 	 Pre-capture
chr13	26802534	26893453	Pilot_dr:LOC_000000002825	0	+	chr13	26850372	26851193	gene_id|chr13.27074512.27074833+.UCNE.+|gene_type|UCNE	.	+	 	 OvaryRep1 	 Pre-capture
chr13	31951237	31955666	Pilot_dr:LOC_000000004699	0	-	chr13	31950157	31951542	gene_id|ZFLNCT11781,ZFLNCT11782|gene_type|ZFLNC	.	-	 	 OvaryRep1 	 Pre-capture
chr13	31951237	31955666	Pilot_dr:LOC_000000004699	0	-	chr13	31952858	31952903	gene_id|ZFLNCT11781,ZFLNCT11782|gene_type|ZFLNC	.	-	 	 OvaryRep1 	 Pre-capture
chr13	31951237	31955666	Pilot_dr:LOC_000000004699	0	-	chr13	31953767	31953845	gene_id|ZFLNCT11781,ZFLNCT11782|gene_type|ZFLNC	.	-	 	 OvaryRep1 	 Pre-capture
chr13	32278782	32287357	Pilot_dr:LOC_000000058220	0	-	chr13	32277634	32279566	gene_id|ZFLNCT11792|gene_type|ZFLNC	.	-	 	 OvaryRep1 	 Pre-capture
chr13	32278782	32287357	Pilot_dr:LOC_000000058220	0	-	chr13	32287126	32287337	gene_id|ZFLNCT11790,ZFLNCT11791,ZFLNCT11792|gene_type|ZFLNC	.	-	 	 OvaryRep1 	 Pre-capture
chr13	32501479	32567229	Pilot_dr:LOC_000000078430	0	-	chr13	32501088	32501763	gene_id|ZFLNCT11796,ZFLNCT11797|gene_type|ZFLNC	.	-	 	 OvaryRep1 	 Pre-capture
chr13	32501479	32567229	Pilot_dr:LOC_000000078430	0	-	chr13	32504178	32504474	gene_id|ZFLNCT11797,ZFLNCT11796|gene_type|ZFLNC	.	-	 	 OvaryRep1 	 Pre-capture
chr13	32501479	32567229	Pilot_dr:LOC_000000078430	0	-	chr13	32556352	32556423	gene_id|ZFLNCT11798|gene_type|ZFLNC	.	-	 	 OvaryRep1 	 Pre-capture
chr13	32501479	32567229	Pilot_dr:LOC_000000078430	0	-	chr13	32564445	32564554	gene_id|ZFLNCT11798|gene_type|ZFLNC	.	-	 	 OvaryRep1 	 Pre-capture
chr13	32501479	32567229	Pilot_dr:LOC_000000078430	0	-	chr13	32564662	32564907	gene_id|ZFLNCT11798|gene_type|ZFLNC	.	-	 	 OvaryRep1 	 Pre-capture
chr13	32501479	32567229	Pilot_dr:LOC_000000078430	0	-	chr13	32567180	32567256	gene_id|ZFLNCT11798|gene_type|ZFLNC	.	-	 	 OvaryRep1 	 Pre-capture
chr13	37563940	37585777	Pilot_dr:LOC_000000081909	0	-	chr13	37564027	37564740	gene_id|chr14.62069602.62069815+.GIGA.-|gene_type|GIGA	.	-	 	 OvaryRep1 	 Pre-capture
chr13	37563940	37585777	Pilot_dr:LOC_000000081909	0	-	chr13	37572876	37573561	gene_id|chr14.61970131.61970319+.GIGA.-,chr14.61970131.61970313+.GIGA.-,chr14.61970131.61970311+.GIGA.-|gene_type|GIGA	.	-	 	 OvaryRep1 	 Pre-capture
chr13	40417817	40418674	Pilot_dr:LOC_000000031011	0	-	chr13	40418316	40419194	gene_id|ZFLNCT11886|gene_type|ZFLNC	.	-	 	 OvaryRep1 	 Pre-capture
chr13	46285676	46288538	Pilot_dr:LOC_000000029491	0	-	chr13	46285695	46286181	gene_id|ZFLNCT11950|gene_type|ZFLNC	.	-	 	 OvaryRep1 	 Pre-capture
chr13	46285676	46288538	Pilot_dr:LOC_000000029491	0	-	chr13	46288235	46288321	gene_id|ZFLNCT11950|gene_type|ZFLNC	.	-	 	 OvaryRep1 	 Pre-capture
chr13	50257974	50264659	Pilot_dr:LOC_000000033352	0	-	chr13	50258515	50259077	gene_id|chr10.68206841.68206903+.GIGA.-|gene_type|GIGA	.	-	 	 OvaryRep1 	 Pre-capture
chr13	51741675	51742525	Pilot_dr:LOC_000000019136	0	+	chr13	51741554	51742137	gene_id|ZFLNCT12034,ZFLNCT12035,ZFLNCT12036|gene_type|ZFLNC	.	+	 	 OvaryRep1 	 Pre-capture
chr13	52169894	52170909	Pilot_dr:LOC_000000019880	0	+	chr13	52169949	52169989	gene_id|ZFLNCT12051,ZFLNCT12052|gene_type|ZFLNC	.	+	 	 OvaryRep1 	 Pre-capture
chr13	52172306	52173373	Pilot_dr:LOC_000000005353	0	+	chr13	52172208	52172643	gene_id|ZFLNCT12051,ZFLNCT12052,ZFLNCT12053|gene_type|ZFLNC	.	+	 	 OvaryRep1 	 Pre-capture
chr13	52172306	52173373	Pilot_dr:LOC_000000005353	0	+	chr13	52172809	52173258	gene_id|ZFLNCT12051|gene_type|ZFLNC	.	+	 	 OvaryRep1 	 Pre-capture
chr13	52173953	52174388	Pilot_dr:LOC_000000066712	0	+	chr13	52174000	52174389	gene_id|ZFLNCT12053|gene_type|ZFLNC	.	+	 	 OvaryRep1 	 Pre-capture
chr14	10846461	10847201	Pilot_dr:LOC_000000078545	0	+	chr14	10846460	10846792	gene_id|ZFLNCT12193,ZFLNCT12194|gene_type|ZFLNC	.	+	 	 OvaryRep1 	 Pre-capture
chr14	10846461	10847201	Pilot_dr:LOC_000000078545	0	+	chr14	10846871	10847557	gene_id|ZFLNCT12193,ZFLNCT12194|gene_type|ZFLNC	.	+	 	 OvaryRep1 	 Pre-capture
chr14	18508611	18531823	Pilot_dr:LOC_000000005358	0	+	chr14	18508628	18508697	gene_id|ZFLNCT12244|gene_type|ZFLNC	.	+	 	 OvaryRep1 	 Pre-capture
chr14	18508611	18531823	Pilot_dr:LOC_000000005358	0	+	chr14	18530912	18531555	gene_id|ZFLNCT12244|gene_type|ZFLNC	.	+	 	 OvaryRep1 	 Pre-capture
chr14	19567292	19568888	Pilot_dr:LOC_000000043387	0	-	chr14	19567335	19567468	gene_id|ZFLNCT12319|gene_type|ZFLNC	.	-	 	 OvaryRep1 	 Pre-capture
chr14	19567292	19568888	Pilot_dr:LOC_000000043387	0	-	chr14	19567723	19567809	gene_id|ZFLNCT12319|gene_type|ZFLNC	.	-	 	 OvaryRep1 	 Pre-capture
chr14	19567292	19568888	Pilot_dr:LOC_000000043387	0	-	chr14	19567930	19568011	gene_id|ZFLNCT12319|gene_type|ZFLNC	.	-	 	 OvaryRep1 	 Pre-capture
chr14	19567292	19568888	Pilot_dr:LOC_000000043387	0	-	chr14	19568136	19568866	gene_id|ZFLNCT12319|gene_type|ZFLNC	.	-	 	 OvaryRep1 	 Pre-capture
chr14	28857969	29156349	Pilot_dr:LOC_000000008361	0	+	chr14	28857949	28858074	gene_id|ZFLNCT12419|gene_type|ZFLNC	.	+	 	 OvaryRep1 	 Pre-capture
chr14	28857969	29156349	Pilot_dr:LOC_000000008361	0	+	chr14	28909380	28910287	gene_id|ZFLNCT12419|gene_type|ZFLNC	.	+	 	 OvaryRep1 	 Pre-capture
chr14	40476809	40508763	Pilot_dr:LOC_000000076373	0	+	chr14	40507003	40507141	gene_id|ZFLNCT12605|gene_type|ZFLNC	.	+	 	 OvaryRep1 	 Pre-capture
chr14	40476809	40508763	Pilot_dr:LOC_000000076373	0	+	chr14	40508105	40508757	gene_id|ZFLNCT12605|gene_type|ZFLNC	.	+	 	 OvaryRep1 	 Pre-capture
chr14	41957500	41987802	Pilot_dr:LOC_000000047316	0	-	chr14	41957701	41957864	gene_id|ZFLNCT12624|gene_type|ZFLNC	.	-	 	 OvaryRep1 	 Pre-capture
chr14	41957500	41987802	Pilot_dr:LOC_000000047316	0	-	chr14	41987632	41987798	gene_id|ZFLNCT12624|gene_type|ZFLNC	.	-	 	 OvaryRep1 	 Pre-capture
chr14	42739132	42907646	Pilot_dr:LOC_000000000208	0	-	chr14	42739075	42740099	gene_id|ZFLNCT12627|gene_type|ZFLNC	.	-	 	 OvaryRep1 	 Pre-capture
chr14	42739132	42907646	Pilot_dr:LOC_000000000208	0	-	chr14	42770451	42771051	gene_id|ZFLNCT12628|gene_type|ZFLNC	.	-	 	 OvaryRep1 	 Pre-capture
chr14	42739132	42907646	Pilot_dr:LOC_000000000208	0	-	chr14	42896900	42896989	gene_id|ZFLNCT12632|gene_type|ZFLNC	.	-	 	 OvaryRep1 	 Pre-capture
chr14	42739132	42907646	Pilot_dr:LOC_000000000208	0	-	chr14	42907149	42907717	gene_id|ZFLNCT12628,ZFLNCT12631,ZFLNCT12632,ZFLNCT12627,ZFLNCT12629,ZFLNCT12630|gene_type|ZFLNC	.	-	 	 OvaryRep1 	 Pre-capture
chr14	43993384	43993868	Pilot_dr:LOC_000000015766	0	+	chr14	43993387	43993856	gene_id|ZFLNCT12642|gene_type|ZFLNC	.	+	 	 OvaryRep1 	 Pre-capture
chr14	43997334	43998058	Pilot_dr:LOC_000000005777	0	+	chr14	43997336	43998045	gene_id|ZFLNCT12643|gene_type|ZFLNC	.	+	 	 OvaryRep1 	 Pre-capture
chr15	13090620	13091283	Pilot_dr:LOC_000000017048	0	+	chr15	13090620	13091234	gene_id|ZFLNCT12884|gene_type|ZFLNC	.	+	 	 OvaryRep1 	 Pre-capture
chr15	25764503	25876177	Pilot_dr:LOC_000000030616	0	-	chr15	25764525	25765086	gene_id|ZFLNCT13132,ZFLNCT13133|gene_type|ZFLNC	.	-	 	 OvaryRep1 	 Pre-capture
chr15	25764503	25876177	Pilot_dr:LOC_000000030616	0	-	chr15	25767963	25768075	gene_id|ZFLNCT13132|gene_type|ZFLNC	.	-	 	 OvaryRep1 	 Pre-capture
chr15	25764503	25876177	Pilot_dr:LOC_000000030616	0	-	chr15	25791265	25792078	gene_id|chr15.25126322.25126635+.UCNE.-,chr17.2179736.2179840-.GIGA.-|gene_type|multiple	.	-	 	 OvaryRep1 	 Pre-capture
chr15	25764503	25876177	Pilot_dr:LOC_000000030616	0	-	chr15	25836459	25837168	gene_id|chr11.75013476.75013652+.NONCODE.-,chr17.2215481.2215693-.GIGA.-,chr17.2215482.2215694-.GIGA.-|gene_type|multiple	.	-	 	 OvaryRep1 	 Pre-capture
chr15	25764503	25876177	Pilot_dr:LOC_000000030616	0	-	chr15	25875906	25876120	gene_id|ZFLNCT13130,ZFLNCT13132,ZFLNCT13124,ZFLNCT13133|gene_type|ZFLNC	.	-	 	 OvaryRep1 	 Pre-capture
chr15	27724647	27778182	Pilot_dr:LOC_000000014532	0	-	chr15	27731176	27731870	gene_id|chr15.27080310.27080504+.UCNE.-|gene_type|UCNE	.	-	 	 OvaryRep1 	 Pre-capture
chr15	45365228	45397867	Pilot_dr:LOC_000000000486	0	-	chr15	45365308	45365785	gene_id|ZFLNCT13442,ZFLNCT13443,ZFLNCT13444,ZFLNCT13445,ZFLNCT13446,ZFLNCT13442,ZFLNCT13443|gene_type|ZFLNC	.	-	 	 OvaryRep1 	 Pre-capture
chr15	45365228	45397867	Pilot_dr:LOC_000000000486	0	-	chr15	45380321	45380414	gene_id|ZFLNCT13442,ZFLNCT13443,ZFLNCT13444,ZFLNCT13446|gene_type|ZFLNC	.	-	 	 OvaryRep1 	 Pre-capture
chr15	45365228	45397867	Pilot_dr:LOC_000000000486	0	-	chr15	45397771	45398071	gene_id|ZFLNCT13444,ZFLNCT13442,ZFLNCT13445,ZFLNCT13443|gene_type|ZFLNC	.	-	 	 OvaryRep1 	 Pre-capture
chr15	46205742	46213778	Pilot_dr:LOC_000000016212	0	-	chr15	46210983	46211801	gene_id|ZFLNCT13472|gene_type|ZFLNC	.	-	 	 OvaryRep1 	 Pre-capture
chr15	46205742	46213778	Pilot_dr:LOC_000000016212	0	-	chr15	46213458	46213602	gene_id|ZFLNCT13472|gene_type|ZFLNC	.	-	 	 OvaryRep1 	 Pre-capture
chr15	46205742	46213778	Pilot_dr:LOC_000000016212	0	-	chr15	46213754	46213819	gene_id|ZFLNCT13472|gene_type|ZFLNC	.	-	 	 OvaryRep1 	 Pre-capture
chr16	176432	177615	Pilot_dr:LOC_000000003390	0	-	chr16	176394	176728	gene_id|ZFLNCT13548,ZFLNCT13549|gene_type|ZFLNC	.	-	 	 OvaryRep1 	 Pre-capture
chr16	176432	177615	Pilot_dr:LOC_000000003390	0	-	chr16	177090	177338	gene_id|ZFLNCT13547,ZFLNCT13548,ZFLNCT13549|gene_type|ZFLNC	.	-	 	 OvaryRep1 	 Pre-capture
chr16	176432	177615	Pilot_dr:LOC_000000003390	0	-	chr16	177481	177863	gene_id|ZFLNCT13547,ZFLNCT13548,ZFLNCT13549|gene_type|ZFLNC	.	-	 	 OvaryRep1 	 Pre-capture
chr16	354993	361751	Pilot_dr:LOC_000000000548	0	-	chr16	354846	358835	gene_id|ZFLNCT13553,ZFLNCT13555,ZFLNCT13556|gene_type|ZFLNC	.	-	 	 OvaryRep1 	 Pre-capture
chr16	354993	361751	Pilot_dr:LOC_000000000548	0	-	chr16	361532	365399	gene_id|ZFLNCT13556,ZFLNCT13553,ZFLNCT13556,ZFLNCT13554|gene_type|ZFLNC	.	-	 	 OvaryRep1 	 Pre-capture
chr16	614467	677790	Pilot_dr:LOC_000000022315	0	+	chr16	669462	670253	gene_id|chr16.742888.743179+.UCNE.+|gene_type|UCNE	.	+	 	 OvaryRep1 	 Pre-capture
chr16	614467	677790	Pilot_dr:LOC_000000022315	0	+	chr16	621735	624134	gene_id|chr5.3103464.3105056+.GIGA.+|gene_type|GIGA	.	+	 	 OvaryRep1 	 Pre-capture
chr16	853449	975499	Pilot_dr:LOC_000000015946	0	-	chr16	973590	974379	gene_id|chr13.71069140.71069677+.NONCODE.-|gene_type|NONCODE	.	-	 	 OvaryRep1 	 Pre-capture
chr16	2123964	2157744	Pilot_dr:LOC_000000010627	0	+	chr16	2156901	2158007	gene_id|ZFLNCT13590,ZFLNCT13589|gene_type|ZFLNC	.	+	 	 OvaryRep1 	 Pre-capture
chr16	5239010	5250439	Pilot_dr:LOC_000000006273	0	+	chr16	5244474	5244984	gene_id|chr6.127316449.127316459-.GIGA.+|gene_type|GIGA	.	+	 	 OvaryRep1 	 Pre-capture
chr16	6476011	6484248	Pilot_dr:LOC_000000016708	0	-	chr16	6476016	6476579	gene_id|ZFLNCT13656,ZFLNCT13657,ZFLNCT13658|gene_type|ZFLNC	.	-	 	 OvaryRep1 	 Pre-capture
chr16	6476011	6484248	Pilot_dr:LOC_000000016708	0	-	chr16	6479041	6479999	gene_id|chr18.81724278.81726221+.NONCODE.-,chr16.7692883.7693158+.UCNE.-|gene_type|multiple	.	-	 	 OvaryRep1 	 Pre-capture
chr16	6492288	6501273	Pilot_dr:LOC_000000003230	0	-	chr16	6499477	6500194	gene_id|chr18.78088184.78088712-.GIGA.-|gene_type|GIGA	.	-	 	 OvaryRep1 	 Pre-capture
chr16	10010529	10013622	Pilot_dr:LOC_000000027545	0	-	chr16	10012985	10013133	gene_id|ZFLNCT13710|gene_type|ZFLNC	.	-	 	 OvaryRep1 	 Pre-capture
chr16	10010529	10013622	Pilot_dr:LOC_000000027545	0	-	chr16	10013250	10013605	gene_id|ZFLNCT13710|gene_type|ZFLNC	.	-	 	 OvaryRep1 	 Pre-capture
chr16	10013786	10015459	Pilot_dr:LOC_000000061084	0	+	chr16	10012335	10016713	gene_id|ZFLNCT13709,ZFLNCT13711,ZFLNCT13711|gene_type|ZFLNC	.	+	 	 OvaryRep1 	 Pre-capture
chr16	29721608	29737928	Pilot_dr:LOC_000000072495	0	+	chr16	29721627	29721870	gene_id|ZFLNCT14020|gene_type|ZFLNC	.	+	 	 OvaryRep1 	 Pre-capture
chr16	29721608	29737928	Pilot_dr:LOC_000000072495	0	+	chr16	29730076	29730138	gene_id|ZFLNCT14020|gene_type|ZFLNC	.	+	 	 OvaryRep1 	 Pre-capture
chr16	41142779	41144143	Pilot_dr:LOC_000000053440	0	+	chr16	41142863	41142956	gene_id|ZFLNCT14224|gene_type|ZFLNC	.	+	 	 OvaryRep1 	 Pre-capture
chr16	41142779	41144143	Pilot_dr:LOC_000000053440	0	+	chr16	41143180	41143243	gene_id|ZFLNCT14224|gene_type|ZFLNC	.	+	 	 OvaryRep1 	 Pre-capture
chr16	41142779	41144143	Pilot_dr:LOC_000000053440	0	+	chr16	41143555	41143756	gene_id|ZFLNCT14224|gene_type|ZFLNC	.	+	 	 OvaryRep1 	 Pre-capture
chr16	49338339	49389074	Pilot_dr:LOC_000000029851	0	-	chr16	49354698	49355563	gene_id|chr16.52764548.52764938+.UCNE.-|gene_type|UCNE	.	-	 	 OvaryRep1 	 Pre-capture
chr16	53962173	53986616	Pilot_dr:LOC_000000019700	0	-	chr16	53979480	53979683	gene_id|ZFLNCT14423|gene_type|ZFLNC	.	-	 	 OvaryRep1 	 Pre-capture
chr17	4489348	4489819	Pilot_dr:LOC_000000001325	0	+	chr17	4489340	4489545	gene_id|ZFLNCT14492|gene_type|ZFLNC	.	+	 	 OvaryRep1 	 Pre-capture
chr17	4489348	4489819	Pilot_dr:LOC_000000001325	0	+	chr17	4489704	4489816	gene_id|ZFLNCT14492|gene_type|ZFLNC	.	+	 	 OvaryRep1 	 Pre-capture
chr17	19230851	19245655	Pilot_dr:LOC_000000033054	0	-	chr17	19230734	19231441	gene_id|ZFLNCT14698|gene_type|ZFLNC	.	-	 	 OvaryRep1 	 Pre-capture
chr17	19230851	19245655	Pilot_dr:LOC_000000033054	0	-	chr17	19241413	19241559	gene_id|ZFLNCT14698|gene_type|ZFLNC	.	-	 	 OvaryRep1 	 Pre-capture
chr17	19230851	19245655	Pilot_dr:LOC_000000033054	0	-	chr17	19245472	19245642	gene_id|ZFLNCT14698|gene_type|ZFLNC	.	-	 	 OvaryRep1 	 Pre-capture
chr17	28216501	28292148	Pilot_dr:LOC_000000017229	0	+	chr17	28216448	28216716	gene_id|ZFLNCT14834|gene_type|ZFLNC	.	+	 	 OvaryRep1 	 Pre-capture
chr17	28216501	28292148	Pilot_dr:LOC_000000017229	0	+	chr17	28216792	28216873	gene_id|ZFLNCT14834|gene_type|ZFLNC	.	+	 	 OvaryRep1 	 Pre-capture
chr17	28216501	28292148	Pilot_dr:LOC_000000017229	0	+	chr17	28257504	28257606	gene_id|ZFLNCT14834|gene_type|ZFLNC	.	+	 	 OvaryRep1 	 Pre-capture
chr17	28216501	28292148	Pilot_dr:LOC_000000017229	0	+	chr17	28275981	28276145	gene_id|ZFLNCT14834|gene_type|ZFLNC	.	+	 	 OvaryRep1 	 Pre-capture
chr17	28216501	28292148	Pilot_dr:LOC_000000017229	0	+	chr17	28286946	28287052	gene_id|ZFLNCT14834|gene_type|ZFLNC	.	+	 	 OvaryRep1 	 Pre-capture
chr17	28216501	28292148	Pilot_dr:LOC_000000017229	0	+	chr17	28291901	28292143	gene_id|ZFLNCT14834|gene_type|ZFLNC	.	+	 	 OvaryRep1 	 Pre-capture
chr17	40729345	40739834	Pilot_dr:LOC_000000018857	0	-	chr17	40729231	40730487	gene_id|ZFLNCT14985,ZFLNCT14986|gene_type|ZFLNC	.	-	 	 OvaryRep1 	 Pre-capture
chr17	40729345	40739834	Pilot_dr:LOC_000000018857	0	-	chr17	40739788	40739941	gene_id|ZFLNCT14986|gene_type|ZFLNC	.	-	 	 OvaryRep1 	 Pre-capture
chr17	52119469	52120665	Pilot_dr:LOC_000000010751	0	-	chr17	52119574	52121058	gene_id|ZFLNCT15139|gene_type|ZFLNC	.	-	 	 OvaryRep1 	 Pre-capture
chr17	52464629	52473947	Pilot_dr:LOC_000000010821	0	-	chr17	52464598	52465266	gene_id|ZFLNCT15142,ZFLNCT15143,ZFLNCT15144,ZFLNCT15145|gene_type|ZFLNC	.	-	 	 OvaryRep1 	 Pre-capture
chr17	52464629	52473947	Pilot_dr:LOC_000000010821	0	-	chr17	52473159	52473199	gene_id|ZFLNCT15142,ZFLNCT15143,ZFLNCT15144,ZFLNCT15145|gene_type|ZFLNC	.	-	 	 OvaryRep1 	 Pre-capture
chr17	52464629	52473947	Pilot_dr:LOC_000000010821	0	-	chr17	52473829	52474274	gene_id|ZFLNCT15145,ZFLNCT15142,ZFLNCT15143|gene_type|ZFLNC	.	-	 	 OvaryRep1 	 Pre-capture
chr17	52767334	52789973	Pilot_dr:LOC_000000046018	0	+	chr17	52767304	52767491	gene_id|ZFLNCT15154,ZFLNCT15155,ZFLNCT15156|gene_type|ZFLNC	.	+	 	 OvaryRep1 	 Pre-capture
chr17	52767334	52789973	Pilot_dr:LOC_000000046018	0	+	chr17	52775899	52776334	gene_id|ZFLNCT15155,ZFLNCT15156|gene_type|ZFLNC	.	+	 	 OvaryRep1 	 Pre-capture
chr17	52767334	52789973	Pilot_dr:LOC_000000046018	0	+	chr17	52778030	52778711	gene_id|chr17.53307467.53307671+.UCNE.+|gene_type|UCNE	.	+	 	 OvaryRep1 	 Pre-capture
chr17	52767334	52789973	Pilot_dr:LOC_000000046018	0	+	chr17	52780143	52780843	gene_id|chr17.53309603.53309803+.UCNE.+|gene_type|UCNE	.	+	 	 OvaryRep1 	 Pre-capture
chr17	52767334	52789973	Pilot_dr:LOC_000000046018	0	+	chr17	52789583	52792053	gene_id|ZFLNCT15154|gene_type|ZFLNC	.	+	 	 OvaryRep1 	 Pre-capture
chr18	4325389	4338605	Pilot_dr:LOC_000000033424	0	+	chr18	4335210	4335688	gene_id|ZFLNCT15227,ZFLNCT15226|gene_type|ZFLNC	.	+	 	 OvaryRep1 	 Pre-capture
chr18	4325389	4338605	Pilot_dr:LOC_000000033424	0	+	chr18	4337720	4337751	gene_id|ZFLNCT15228|gene_type|ZFLNC	.	+	 	 OvaryRep1 	 Pre-capture
chr18	4325389	4338605	Pilot_dr:LOC_000000033424	0	+	chr18	4337927	4338483	gene_id|ZFLNCT15228|gene_type|ZFLNC	.	+	 	 OvaryRep1 	 Pre-capture
chr18	8485517	8487571	Pilot_dr:LOC_000000005960	0	-	chr18	8487396	8487805	gene_id|ZFLNCT15335,ZFLNCT15329,ZFLNCT15331,ZFLNCT15333,ZFLNCT15328,ZFLNCT15330,ZFLNCT15334,ZFLNCT15332|gene_type|ZFLNC	.	-	 	 OvaryRep1 	 Pre-capture
chr18	8654796	8655511	Pilot_dr:LOC_000000010132	0	-	chr18	8654818	8655428	gene_id|chr10.14008059.14008328-.GIGA.-|gene_type|GIGA	.	-	 	 OvaryRep1 	 Pre-capture
chr18	11661653	11693651	Pilot_dr:LOC_000000029957	0	+	chr18	11661577	11661882	gene_id|ZFLNCT15356|gene_type|ZFLNC	.	+	 	 OvaryRep1 	 Pre-capture
chr18	11661653	11693651	Pilot_dr:LOC_000000029957	0	+	chr18	11692587	11694268	gene_id|ZFLNCT15356|gene_type|ZFLNC	.	+	 	 OvaryRep1 	 Pre-capture
chr18	11715758	11716509	Pilot_dr:LOC_000000045255	0	-	chr18	11715886	11716322	gene_id|ZFLNCT15357|gene_type|ZFLNC	.	-	 	 OvaryRep1 	 Pre-capture
chr18	20324094	20328515	Pilot_dr:LOC_000000004108	0	+	chr18	20325126	20325221	gene_id|ZFLNCT15477|gene_type|ZFLNC	.	+	 	 OvaryRep1 	 Pre-capture
chr18	20324094	20328515	Pilot_dr:LOC_000000004108	0	+	chr18	20328119	20328225	gene_id|ZFLNCT15478,ZFLNCT15479|gene_type|ZFLNC	.	+	 	 OvaryRep1 	 Pre-capture
chr18	20324094	20328515	Pilot_dr:LOC_000000004108	0	+	chr18	20328293	20328651	gene_id|ZFLNCT15479|gene_type|ZFLNC	.	+	 	 OvaryRep1 	 Pre-capture
chr18	37541666	37551146	Pilot_dr:LOC_000000069485	0	-	chr18	37541715	37542159	gene_id|ZFLNCT15666,ZFLNCT15667|gene_type|ZFLNC	.	-	 	 OvaryRep1 	 Pre-capture
chr18	37541666	37551146	Pilot_dr:LOC_000000069485	0	-	chr18	37542477	37542601	gene_id|ZFLNCT15666,ZFLNCT15667|gene_type|ZFLNC	.	-	 	 OvaryRep1 	 Pre-capture
chr18	38403569	38515983	Pilot_dr:LOC_000000070560	0	+	chr18	38409780	38410440	gene_id|chr18.36847319.36847479+.UCNE.+|gene_type|UCNE	.	+	 	 OvaryRep1 	 Pre-capture
chr18	38403569	38515983	Pilot_dr:LOC_000000070560	0	+	chr18	38511668	38512373	gene_id|chr18.36949207.36949412+.UCNE.+|gene_type|UCNE	.	+	 	 OvaryRep1 	 Pre-capture
chr18	38403569	38515983	Pilot_dr:LOC_000000070560	0	+	chr18	38515139	38518601	gene_id|chr18.36952678.36952881+.UCNE.+,ZFLNCT15672.+,ZFLNCT15673.+|gene_type|multiple	.	+	 	 OvaryRep1 	 Pre-capture
chr18	42515026	42517253	Pilot_dr:LOC_000000015079	0	-	chr18	42515621	42515913	gene_id|ZFLNCT15719|gene_type|ZFLNC	.	-	 	 OvaryRep1 	 Pre-capture
chr18	42515026	42517253	Pilot_dr:LOC_000000015079	0	-	chr18	42516000	42516142	gene_id|ZFLNCT15717,ZFLNCT15719,ZFLNCT15718|gene_type|ZFLNC	.	-	 	 OvaryRep1 	 Pre-capture
chr18	42639056	42640123	Pilot_dr:LOC_000000017530	0	+	chr18	42639073	42639535	gene_id|ZFLNCT15720|gene_type|ZFLNC	.	+	 	 OvaryRep1 	 Pre-capture
chr18	42639056	42640123	Pilot_dr:LOC_000000017530	0	+	chr18	42639653	42640074	gene_id|ZFLNCT15720|gene_type|ZFLNC	.	+	 	 OvaryRep1 	 Pre-capture
chr18	42653348	42653865	Pilot_dr:LOC_000000012320	0	+	chr18	42653154	42653570	gene_id|ZFLNCT15721|gene_type|ZFLNC	.	+	 	 OvaryRep1 	 Pre-capture
chr18	42653348	42653865	Pilot_dr:LOC_000000012320	0	+	chr18	42653675	42653955	gene_id|ZFLNCT15721|gene_type|ZFLNC	.	+	 	 OvaryRep1 	 Pre-capture
chr18	42858167	42859333	Pilot_dr:LOC_000000041502	0	-	chr18	42858003	42858272	gene_id|ZFLNCT15724|gene_type|ZFLNC	.	-	 	 OvaryRep1 	 Pre-capture
chr18	42858167	42859333	Pilot_dr:LOC_000000041502	0	-	chr18	42859217	42859256	gene_id|ZFLNCT15724|gene_type|ZFLNC	.	-	 	 OvaryRep1 	 Pre-capture
chr18	43450105	43456182	Pilot_dr:LOC_000000042420	0	+	chr18	43450087	43456039	gene_id|ZFLNCT15726|gene_type|ZFLNC	.	+	 	 OvaryRep1 	 Pre-capture
chr18	47444207	47498185	Pilot_dr:LOC_000000071191	0	+	chr18	47444191	47444448	gene_id|ZFLNCT15801|gene_type|ZFLNC	.	+	 	 OvaryRep1 	 Pre-capture
chr18	47444207	47498185	Pilot_dr:LOC_000000071191	0	+	chr18	47485353	47485500	gene_id|ZFLNCT15801|gene_type|ZFLNC	.	+	 	 OvaryRep1 	 Pre-capture
chr18	47444207	47498185	Pilot_dr:LOC_000000071191	0	+	chr18	47497810	47498191	gene_id|ZFLNCT15801|gene_type|ZFLNC	.	+	 	 OvaryRep1 	 Pre-capture
chr18	47906646	47907680	Pilot_dr:LOC_000000031035	0	-	chr18	47907647	47907669	gene_id|ZFLNCT15813|gene_type|ZFLNC	.	-	 	 OvaryRep1 	 Pre-capture
chr18	47906646	47907680	Pilot_dr:LOC_000000031035	0	-	chr18	47906641	47906915	gene_id|ZFLNCT15813|gene_type|ZFLNC	.	-	 	 OvaryRep1 	 Pre-capture
chr18	48184097	48217517	Pilot_dr:LOC_000000073727	0	+	chr18	48184059	48184333	gene_id|ZFLNCT15814|gene_type|ZFLNC	.	+	 	 OvaryRep1 	 Pre-capture
chr18	48184097	48217517	Pilot_dr:LOC_000000073727	0	+	chr18	48185152	48185252	gene_id|ZFLNCT15814,ZFLNCT15816|gene_type|ZFLNC	.	+	 	 OvaryRep1 	 Pre-capture
chr18	48184097	48217517	Pilot_dr:LOC_000000073727	0	+	chr18	48203942	48204254	gene_id|ZFLNCT15814,ZFLNCT15816|gene_type|ZFLNC	.	+	 	 OvaryRep1 	 Pre-capture
chr18	49821271	49877562	Pilot_dr:LOC_000000027487	0	-	chr18	49877500	49877562	gene_id|ZFLNCT15845|gene_type|ZFLNC	.	-	 	 OvaryRep1 	 Pre-capture
chr19	2188070	2226785	Pilot_dr:LOC_000000015113	0	-	chr19	2221615	2222024	gene_id|ZFLNCT15989,ZFLNCT15990|gene_type|ZFLNC	.	-	 	 OvaryRep1 	 Pre-capture
chr19	8422893	8424397	Pilot_dr:LOC_000000019957	0	+	chr19	8422912	8422993	gene_id|ZFLNCT16090|gene_type|ZFLNC	.	+	 	 OvaryRep1 	 Pre-capture
chr19	8422893	8424397	Pilot_dr:LOC_000000019957	0	+	chr19	8424073	8424378	gene_id|ZFLNCT16090|gene_type|ZFLNC	.	+	 	 OvaryRep1 	 Pre-capture
chr19	29459104	29585283	Pilot_dr:LOC_000000031636	0	+	chr19	29459117	29459330	gene_id|ZFLNCT16443,ZFLNCT16444,ZFLNCT16445,ZFLNCT16446,ZFLNCT16447,ZFLNCT16448,ZFLNCT16449,ZFLNCT16450|gene_type|ZFLNC	.	+	 	 OvaryRep1 	 Pre-capture
chr19	29459104	29585283	Pilot_dr:LOC_000000031636	0	+	chr19	29487119	29487229	gene_id|ZFLNCT16443,ZFLNCT16444,ZFLNCT16445,ZFLNCT16446,ZFLNCT16447,ZFLNCT16448|gene_type|ZFLNC	.	+	 	 OvaryRep1 	 Pre-capture
chr19	29459104	29585283	Pilot_dr:LOC_000000031636	0	+	chr19	29552476	29552575	gene_id|ZFLNCT16444,ZFLNCT16445,ZFLNCT16446,ZFLNCT16448,ZFLNCT16449,ZFLNCT16450|gene_type|ZFLNC	.	+	 	 OvaryRep1 	 Pre-capture
chr19	29459104	29585283	Pilot_dr:LOC_000000031636	0	+	chr19	29585067	29586042	gene_id|ZFLNCT16446,ZFLNCT16447,ZFLNCT16448,ZFLNCT16450,ZFLNCT16444,ZFLNCT16445|gene_type|ZFLNC	.	+	 	 OvaryRep1 	 Pre-capture
chr19	29915086	29915998	Pilot_dr:LOC_000000017870	0	-	chr19	29914349	29915568	gene_id|ZFLNCT16469|gene_type|ZFLNC	.	-	 	 OvaryRep1 	 Pre-capture
chr19	29915086	29915998	Pilot_dr:LOC_000000017870	0	-	chr19	29915641	29915967	gene_id|ZFLNCT16469|gene_type|ZFLNC	.	-	 	 OvaryRep1 	 Pre-capture
chr19	36694251	36731077	Pilot_dr:LOC_000000003964	0	-	chr19	36710498	36712472	gene_id|ZFLNCT16577|gene_type|ZFLNC	.	-	 	 OvaryRep1 	 Pre-capture
chr19	36694251	36731077	Pilot_dr:LOC_000000003964	0	-	chr19	36726376	36726437	gene_id|ZFLNCT16577,ZFLNCT16578|gene_type|ZFLNC	.	-	 	 OvaryRep1 	 Pre-capture
chr19	36694251	36731077	Pilot_dr:LOC_000000003964	0	-	chr19	36727170	36727291	gene_id|ZFLNCT16577,ZFLNCT16578|gene_type|ZFLNC	.	-	 	 OvaryRep1 	 Pre-capture
chr19	36694251	36731077	Pilot_dr:LOC_000000003964	0	-	chr19	36731033	36731093	gene_id|ZFLNCT16577,ZFLNCT16578|gene_type|ZFLNC	.	-	 	 OvaryRep1 	 Pre-capture
chr19	36694251	36731077	Pilot_dr:LOC_000000003964	0	-	chr19	36716146	36716701	gene_id|ZFLNCT16578|gene_type|ZFLNC	.	-	 	 OvaryRep1 	 Pre-capture
chr2	33812	37338	Pilot_dr:LOC_000000065344	0	-	chr2	34163	34732	gene_id|chr7.47280285.47280354-.GIGA.-|gene_type|GIGA	.	-	 	 OvaryRep1 	 Pre-capture
chr2	165933	168260	Pilot_dr:LOC_000000040306	0	+	chr2	165178	167257	gene_id|chr22.50153044.50153218+.GIGA.+,chr22.50158056.50158206+.GIGA.+,chr22.50159677.50159785+.GIGA.+,chr22.50160529.50160825+.GIGA.+,chr22.50160687.50160825+.GIGA.+|gene_type|GIGA	.	+	 	 OvaryRep1 	 Pre-capture
chr2	668577	669746	Pilot_dr:LOC_000000070589	0	+	chr2	668581	668944	gene_id|ZFLNCT01116|gene_type|ZFLNC	.	+	 	 OvaryRep1 	 Pre-capture
chr2	668577	669746	Pilot_dr:LOC_000000070589	0	+	chr2	669318	669785	gene_id|ZFLNCT01116|gene_type|ZFLNC	.	+	 	 OvaryRep1 	 Pre-capture
chr2	26166775	26167453	Pilot_dr:LOC_000000080524	0	+	chr2	26166578	26166902	gene_id|ZFLNCT01484|gene_type|ZFLNC	.	+	 	 OvaryRep1 	 Pre-capture
chr2	26166775	26167453	Pilot_dr:LOC_000000080524	0	+	chr2	26166991	26167419	gene_id|ZFLNCT01484|gene_type|ZFLNC	.	+	 	 OvaryRep1 	 Pre-capture
chr2	27463285	27464411	Pilot_dr:LOC_000000068514	0	-	chr2	27463385	27463623	gene_id|ZFLNCT01519|gene_type|ZFLNC	.	-	 	 OvaryRep1 	 Pre-capture
chr2	27463285	27464411	Pilot_dr:LOC_000000068514	0	-	chr2	27463891	27464441	gene_id|ZFLNCT01519|gene_type|ZFLNC	.	-	 	 OvaryRep1 	 Pre-capture
chr2	40218544	40222184	Pilot_dr:LOC_000000014911	0	+	chr2	40218564	40218643	gene_id|ZFLNCT01734|gene_type|ZFLNC	.	+	 	 OvaryRep1 	 Pre-capture
chr2	40218544	40222184	Pilot_dr:LOC_000000014911	0	+	chr2	40221494	40221605	gene_id|ZFLNCT01734|gene_type|ZFLNC	.	+	 	 OvaryRep1 	 Pre-capture
chr2	40218544	40222184	Pilot_dr:LOC_000000014911	0	+	chr2	40221748	40222006	gene_id|ZFLNCT01734|gene_type|ZFLNC	.	+	 	 OvaryRep1 	 Pre-capture
chr2	46194336	46262593	Pilot_dr:LOC_000000067031	0	+	chr2	46194327	46194439	gene_id|ZFLNCT01852,ZFLNCT01853|gene_type|ZFLNC	.	+	 	 OvaryRep1 	 Pre-capture
chr2	46194336	46262593	Pilot_dr:LOC_000000067031	0	+	chr2	46194691	46194862	gene_id|ZFLNCT01852,ZFLNCT01853|gene_type|ZFLNC	.	+	 	 OvaryRep1 	 Pre-capture
chr2	46767552	46813669	Pilot_dr:LOC_000000006973	0	+	chr2	46767563	46767658	gene_id|ZFLNCT01856,ZFLNCT01857|gene_type|ZFLNC	.	+	 	 OvaryRep1 	 Pre-capture
chr2	46767552	46813669	Pilot_dr:LOC_000000006973	0	+	chr2	46776817	46776944	gene_id|ZFLNCT01856,ZFLNCT01857|gene_type|ZFLNC	.	+	 	 OvaryRep1 	 Pre-capture
chr2	46767552	46813669	Pilot_dr:LOC_000000006973	0	+	chr2	46803234	46803357	gene_id|ZFLNCT01857|gene_type|ZFLNC	.	+	 	 OvaryRep1 	 Pre-capture
chr2	46767552	46813669	Pilot_dr:LOC_000000006973	0	+	chr2	46813474	46814415	gene_id|ZFLNCT01856,ZFLNCT01857|gene_type|ZFLNC	.	+	 	 OvaryRep1 	 Pre-capture
chr2	46903270	46983786	Pilot_dr:LOC_000000008284	0	+	chr2	46903208	46903608	gene_id|ZFLNCT01862|gene_type|ZFLNC	.	+	 	 OvaryRep1 	 Pre-capture
chr2	46903270	46983786	Pilot_dr:LOC_000000008284	0	+	chr2	46906315	46906418	gene_id|ZFLNCT01862|gene_type|ZFLNC	.	+	 	 OvaryRep1 	 Pre-capture
chr2	46903270	46983786	Pilot_dr:LOC_000000008284	0	+	chr2	46927029	46927052	gene_id|ZFLNCT01862|gene_type|ZFLNC	.	+	 	 OvaryRep1 	 Pre-capture
chr2	46903270	46983786	Pilot_dr:LOC_000000008284	0	+	chr2	46943216	46943288	gene_id|ZFLNCT01866,ZFLNCT01868,ZFLNCT01870|gene_type|ZFLNC	.	+	 	 OvaryRep1 	 Pre-capture
chr2	46903270	46983786	Pilot_dr:LOC_000000008284	0	+	chr2	46943439	46943928	gene_id|ZFLNCT01866|gene_type|ZFLNC	.	+	 	 OvaryRep1 	 Pre-capture
chr2	46903270	46983786	Pilot_dr:LOC_000000008284	0	+	chr2	46983589	46983697	gene_id|ZFLNCT01868,ZFLNCT01870|gene_type|ZFLNC	.	+	 	 OvaryRep1 	 Pre-capture
chr2	52595312	52681751	Pilot_dr:LOC_000000025460	0	-	chr2	52628252	52628503	gene_id|ZFLNCT01951|gene_type|ZFLNC	.	-	 	 OvaryRep1 	 Pre-capture
chr2	52595312	52681751	Pilot_dr:LOC_000000025460	0	-	chr2	52681428	52681788	gene_id|ZFLNCT01951,ZFLNCT01952|gene_type|ZFLNC	.	-	 	 OvaryRep1 	 Pre-capture
chr2	57232450	57233855	Pilot_dr:LOC_000000030237	0	-	chr2	57232550	57233121	gene_id|chr19.1567803.1567877-.GIGA.-,chr19.1567827.1567877-.GIGA.-|gene_type|GIGA	.	-	 	 OvaryRep1 	 Pre-capture
chr2	58831005	58833718	Pilot_dr:LOC_000000080490	0	+	chr2	58831157	58833245	gene_id|MULTI_28|gene_type|GIGA	.	+	 	 OvaryRep1 	 Pre-capture
chr20	3720414	3725170	Pilot_dr:LOC_000000004807	0	-	chr20	3721325	3721475	gene_id|ZFLNCT16806|gene_type|ZFLNC	.	-	 	 OvaryRep1 	 Pre-capture
chr20	3720414	3725170	Pilot_dr:LOC_000000004807	0	-	chr20	3722307	3725169	gene_id|ZFLNCT16807,ZFLNCT16806|gene_type|ZFLNC	.	-	 	 OvaryRep1 	 Pre-capture
chr20	10980223	11016912	Pilot_dr:LOC_000000034029	0	-	chr20	10979458	10980665	gene_id|ZFLNCT16858|gene_type|ZFLNC	.	-	 	 OvaryRep1 	 Pre-capture
chr20	10980223	11016912	Pilot_dr:LOC_000000034029	0	-	chr20	10992262	10992289	gene_id|ZFLNCT16858|gene_type|ZFLNC	.	-	 	 OvaryRep1 	 Pre-capture
chr20	10980223	11016912	Pilot_dr:LOC_000000034029	0	-	chr20	11011197	11011437	gene_id|ZFLNCT16859,ZFLNCT16860,ZFLNCT16861,ZFLNCT16862,ZFLNCT16863,ZFLNCT16864|gene_type|ZFLNC	.	-	 	 OvaryRep1 	 Pre-capture
chr20	10980223	11016912	Pilot_dr:LOC_000000034029	0	-	chr20	11013505	11013590	gene_id|ZFLNCT16861,ZFLNCT16862|gene_type|ZFLNC	.	-	 	 OvaryRep1 	 Pre-capture
chr20	10980223	11016912	Pilot_dr:LOC_000000034029	0	-	chr20	11016842	11016927	gene_id|ZFLNCT16863,ZFLNCT16859,ZFLNCT16864|gene_type|ZFLNC	.	-	 	 OvaryRep1 	 Pre-capture
chr20	11011194	11013632	Pilot_dr:LOC_000000022034	0	-	chr20	11011197	11011437	gene_id|ZFLNCT16859,ZFLNCT16860,ZFLNCT16861,ZFLNCT16862,ZFLNCT16863,ZFLNCT16864|gene_type|ZFLNC	.	-	 	 OvaryRep1 	 Pre-capture
chr20	11011194	11013632	Pilot_dr:LOC_000000022034	0	-	chr20	11013505	11013590	gene_id|ZFLNCT16861,ZFLNCT16862|gene_type|ZFLNC	.	-	 	 OvaryRep1 	 Pre-capture
chr20	28115145	28159888	Pilot_dr:LOC_000000065920	0	-	chr20	28114764	28164152	gene_id|ZFLNCT17084,ZFLNCT17085,ZFLNCT17086,ZFLNCT17084,ZFLNCT17085,ZFLNCT17085|gene_type|ZFLNC	.	-	 	 OvaryRep1 	 Pre-capture
chr20	30134393	30258584	Pilot_dr:LOC_000000014960	0	-	chr20	30187115	30187156	gene_id|ZFLNCT17111,ZFLNCT17112,ZFLNCT17113,ZFLNCT17114,ZFLNCT17115|gene_type|ZFLNC	.	-	 	 OvaryRep1 	 Pre-capture
chr20	30134393	30258584	Pilot_dr:LOC_000000014960	0	-	chr20	30205348	30205490	gene_id|ZFLNCT17118,ZFLNCT17119,ZFLNCT17120|gene_type|ZFLNC	.	-	 	 OvaryRep1 	 Pre-capture
chr20	30134393	30258584	Pilot_dr:LOC_000000014960	0	-	chr20	30237296	30238604	gene_id|ZFLNCT17119,ZFLNCT17118|gene_type|ZFLNC	.	-	 	 OvaryRep1 	 Pre-capture
chr20	30134393	30258584	Pilot_dr:LOC_000000014960	0	-	chr20	30253752	30253837	gene_id|ZFLNCT17111,ZFLNCT17113,ZFLNCT17114,ZFLNCT17115,ZFLNCT17120,ZFLNCT17121|gene_type|ZFLNC	.	-	 	 OvaryRep1 	 Pre-capture
chr20	30134393	30258584	Pilot_dr:LOC_000000014960	0	-	chr20	30257722	30257999	gene_id|ZFLNCT17111,ZFLNCT17113,ZFLNCT17120,ZFLNCT17121|gene_type|ZFLNC	.	-	 	 OvaryRep1 	 Pre-capture
chr20	30134393	30258584	Pilot_dr:LOC_000000014960	0	-	chr20	30258264	30258492	gene_id|ZFLNCT17114|gene_type|ZFLNC	.	-	 	 OvaryRep1 	 Pre-capture
chr20	30134393	30258584	Pilot_dr:LOC_000000014960	0	-	chr20	30146174	30146954	gene_id|ZFLNCT17112,ZFLNCT17113,ZFLNCT17114,ZFLNCT17115|gene_type|ZFLNC	.	-	 	 OvaryRep1 	 Pre-capture
chr20	30966908	30970967	Pilot_dr:LOC_000000064239	0	-	chr20	30965883	30967456	gene_id|ZFLNCT17129,ZFLNCT17130,ZFLNCT17131,ZFLNCT17132,ZFLNCT17133|gene_type|ZFLNC	.	-	 	 OvaryRep1 	 Pre-capture
chr20	30966908	30970967	Pilot_dr:LOC_000000064239	0	-	chr20	30970420	30970806	gene_id|ZFLNCT17129,ZFLNCT17130|gene_type|ZFLNC	.	-	 	 OvaryRep1 	 Pre-capture
chr20	30966908	30970967	Pilot_dr:LOC_000000064239	0	-	chr20	30970905	30971242	gene_id|ZFLNCT17129,ZFLNCT17130,ZFLNCT17132,ZFLNCT17131|gene_type|ZFLNC	.	-	 	 OvaryRep1 	 Pre-capture
chr20	47555747	47660545	Pilot_dr:LOC_000000016792	0	+	chr20	47650668	47651572	gene_id|chr20.48330176.48330580+.UCNE.+|gene_type|UCNE	.	+	 	 OvaryRep1 	 Pre-capture
chr20	48061459	48086740	Pilot_dr:LOC_000000001458	0	+	chr20	48072385	48072448	gene_id|ZFLNCT17451|gene_type|ZFLNC	.	+	 	 OvaryRep1 	 Pre-capture
chr20	48061459	48086740	Pilot_dr:LOC_000000001458	0	+	chr20	48080757	48081018	gene_id|ZFLNCT17451|gene_type|ZFLNC	.	+	 	 OvaryRep1 	 Pre-capture
chr20	48061459	48086740	Pilot_dr:LOC_000000001458	0	+	chr20	48083317	48083397	gene_id|ZFLNCT17451|gene_type|ZFLNC	.	+	 	 OvaryRep1 	 Pre-capture
chr20	50341076	50348519	Pilot_dr:LOC_000000032488	0	-	chr20	50341385	50341461	gene_id|ZFLNCT17514|gene_type|ZFLNC	.	-	 	 OvaryRep1 	 Pre-capture
chr20	50341076	50348519	Pilot_dr:LOC_000000032488	0	-	chr20	50348040	50348763	gene_id|ZFLNCT17514|gene_type|ZFLNC	.	-	 	 OvaryRep1 	 Pre-capture
chr20	52974926	52997897	Pilot_dr:LOC_000000017426	0	-	chr20	52973860	52975193	gene_id|ZFLNCT17555,ZFLNCT17556|gene_type|ZFLNC	.	-	 	 OvaryRep1 	 Pre-capture
chr20	52974926	52997897	Pilot_dr:LOC_000000017426	0	-	chr20	52995046	52995339	gene_id|ZFLNCT17555,ZFLNCT17556|gene_type|ZFLNC	.	-	 	 OvaryRep1 	 Pre-capture
chr20	53287593	53292423	Pilot_dr:LOC_000000008306	0	-	chr20	53287811	53288218	gene_id|ZFLNCT17553|gene_type|ZFLNC	.	-	 	 OvaryRep1 	 Pre-capture
chr20	53287593	53292423	Pilot_dr:LOC_000000008306	0	-	chr20	53292353	53292379	gene_id|ZFLNCT17553|gene_type|ZFLNC	.	-	 	 OvaryRep1 	 Pre-capture
chr21	499250	518630	Pilot_dr:LOC_000000049877	0	+	chr21	514061	514262	gene_id|ZFLNCT17616|gene_type|ZFLNC	.	+	 	 OvaryRep1 	 Pre-capture
chr21	499250	518630	Pilot_dr:LOC_000000049877	0	+	chr21	514483	514973	gene_id|ZFLNCT17616|gene_type|ZFLNC	.	+	 	 OvaryRep1 	 Pre-capture
chr21	2653566	2663535	Pilot_dr:LOC_000000075490	0	+	chr21	2654301	2654598	gene_id|ZFLNCT17654|gene_type|ZFLNC	.	+	 	 OvaryRep1 	 Pre-capture
chr21	2653566	2663535	Pilot_dr:LOC_000000075490	0	+	chr21	2658673	2658970	gene_id|ZFLNCT17654|gene_type|ZFLNC	.	+	 	 OvaryRep1 	 Pre-capture
chr21	2653566	2663535	Pilot_dr:LOC_000000075490	0	+	chr21	2662938	2663365	gene_id|ZFLNCT17654|gene_type|ZFLNC	.	+	 	 OvaryRep1 	 Pre-capture
chr21	7450772	7453076	Pilot_dr:LOC_000000054981	0	+	chr21	7452172	7452310	gene_id|ZFLNCT06988|gene_type|ZFLNC	.	+	 	 OvaryRep1 	 Pre-capture
chr21	7450772	7453076	Pilot_dr:LOC_000000054981	0	+	chr21	7452552	7453119	gene_id|ZFLNCT06988|gene_type|ZFLNC	.	+	 	 OvaryRep1 	 Pre-capture
chr21	9961988	9984613	Pilot_dr:LOC_000000009296	0	-	chr21	9962318	9962375	gene_id|ZFLNCT17765|gene_type|ZFLNC	.	-	 	 OvaryRep1 	 Pre-capture
chr21	9961988	9984613	Pilot_dr:LOC_000000009296	0	-	chr21	9980176	9980334	gene_id|ZFLNCT17765|gene_type|ZFLNC	.	-	 	 OvaryRep1 	 Pre-capture
chr21	9961988	9984613	Pilot_dr:LOC_000000009296	0	-	chr21	9981489	9981602	gene_id|ZFLNCT17765|gene_type|ZFLNC	.	-	 	 OvaryRep1 	 Pre-capture
chr21	10512516	10568518	Pilot_dr:LOC_000000018394	0	-	chr21	10542978	10543120	gene_id|ZFLNCT14474|gene_type|ZFLNC	.	-	 	 OvaryRep1 	 Pre-capture
chr21	10512516	10568518	Pilot_dr:LOC_000000018394	0	-	chr21	10564630	10564761	gene_id|ZFLNCT14474|gene_type|ZFLNC	.	-	 	 OvaryRep1 	 Pre-capture
chr21	10512516	10568518	Pilot_dr:LOC_000000018394	0	-	chr21	10568345	10568618	gene_id|ZFLNCT14474|gene_type|ZFLNC	.	-	 	 OvaryRep1 	 Pre-capture
chr21	12302458	12332771	Pilot_dr:LOC_000000008762	0	-	chr21	12302764	12302911	gene_id|ZFLNCT17811|gene_type|ZFLNC	.	-	 	 OvaryRep1 	 Pre-capture
chr21	12302458	12332771	Pilot_dr:LOC_000000008762	0	-	chr21	12332509	12332807	gene_id|ZFLNCT17810,ZFLNCT17812,ZFLNCT17813|gene_type|ZFLNC	.	-	 	 OvaryRep1 	 Pre-capture
chr21	15572741	15575227	Pilot_dr:LOC_000000004101	0	+	chr21	15574746	15575478	gene_id|ZFLNCT17865,ZFLNCT17866,ZFLNCT17867|gene_type|ZFLNC	.	+	 	 OvaryRep1 	 Pre-capture
chr21	33145836	33168176	Pilot_dr:LOC_000000032084	0	-	chr21	33146296	33146525	gene_id|ZFLNCT18151|gene_type|ZFLNC	.	-	 	 OvaryRep1 	 Pre-capture
chr21	38211741	38232991	Pilot_dr:LOC_000000011911	0	+	chr21	38211618	38211916	gene_id|ZFLNCT18192,ZFLNCT18193|gene_type|ZFLNC	.	+	 	 OvaryRep1 	 Pre-capture
chr21	38211741	38232991	Pilot_dr:LOC_000000011911	0	+	chr21	38220727	38221666	gene_id|ZFLNCT18192|gene_type|ZFLNC	.	+	 	 OvaryRep1 	 Pre-capture
chr21	38211741	38232991	Pilot_dr:LOC_000000011911	0	+	chr21	38227076	38227516	gene_id|ZFLNCT18193|gene_type|ZFLNC	.	+	 	 OvaryRep1 	 Pre-capture
chr21	42674419	42675038	Pilot_dr:LOC_000000069909	0	+	chr21	42674421	42677526	gene_id|ZFLNCT18264,ZFLNCT18265,ZFLNCT18266|gene_type|ZFLNC	.	+	 	 OvaryRep1 	 Pre-capture
chr21	44186088	44212123	Pilot_dr:LOC_000000065205	0	+	chr21	44186088	44186413	gene_id|ZFLNCT18291|gene_type|ZFLNC	.	+	 	 OvaryRep1 	 Pre-capture
chr21	44186088	44212123	Pilot_dr:LOC_000000065205	0	+	chr21	44211466	44212068	gene_id|ZFLNCT18291|gene_type|ZFLNC	.	+	 	 OvaryRep1 	 Pre-capture
chr22	4064582	4080638	Pilot_dr:LOC_000000009514	0	+	chr22	4064601	4064810	gene_id|ZFLNCT18473,ZFLNCT18474|gene_type|ZFLNC	.	+	 	 OvaryRep1 	 Pre-capture
chr22	4064582	4080638	Pilot_dr:LOC_000000009514	0	+	chr22	4066166	4066260	gene_id|ZFLNCT18473,ZFLNCT18474|gene_type|ZFLNC	.	+	 	 OvaryRep1 	 Pre-capture
chr22	4064582	4080638	Pilot_dr:LOC_000000009514	0	+	chr22	4079479	4079507	gene_id|ZFLNCT18473,ZFLNCT18474|gene_type|ZFLNC	.	+	 	 OvaryRep1 	 Pre-capture
chr22	4064582	4080638	Pilot_dr:LOC_000000009514	0	+	chr22	4079586	4079740	gene_id|ZFLNCT18473,ZFLNCT18474|gene_type|ZFLNC	.	+	 	 OvaryRep1 	 Pre-capture
chr22	12396943	12405439	Pilot_dr:LOC_000000025770	0	+	chr22	12399272	12399640	gene_id|ZFLNCT18627,ZFLNCT18628,ZFLNCT18629|gene_type|ZFLNC	.	+	 	 OvaryRep1 	 Pre-capture
chr22	12396943	12405439	Pilot_dr:LOC_000000025770	0	+	chr22	12402887	12404125	gene_id|ZFLNCT18630,ZFLNCT18627,ZFLNCT18628,ZFLNCT18629|gene_type|ZFLNC	.	+	 	 OvaryRep1 	 Pre-capture
chr22	12396943	12405439	Pilot_dr:LOC_000000025770	0	+	chr22	12404248	12405430	gene_id|ZFLNCT18629,ZFLNCT18627,ZFLNCT18628,ZFLNCT18630|gene_type|ZFLNC	.	+	 	 OvaryRep1 	 Pre-capture
chr22	13668779	13699962	Pilot_dr:LOC_000000017817	0	-	chr22	13668985	13669768	gene_id|ZFLNCT18648|gene_type|ZFLNC	.	-	 	 OvaryRep1 	 Pre-capture
chr22	13668779	13699962	Pilot_dr:LOC_000000017817	0	-	chr22	13678130	13678260	gene_id|ZFLNCT18648|gene_type|ZFLNC	.	-	 	 OvaryRep1 	 Pre-capture
chr22	13668779	13699962	Pilot_dr:LOC_000000017817	0	-	chr22	13693577	13693627	gene_id|ZFLNCT18648|gene_type|ZFLNC	.	-	 	 OvaryRep1 	 Pre-capture
chr22	14879846	14881363	Pilot_dr:LOC_000000074522	0	+	chr22	14879864	14879913	gene_id|ZFLNCT18661|gene_type|ZFLNC	.	+	 	 OvaryRep1 	 Pre-capture
chr22	14879846	14881363	Pilot_dr:LOC_000000074522	0	+	chr22	14880907	14881426	gene_id|ZFLNCT18661|gene_type|ZFLNC	.	+	 	 OvaryRep1 	 Pre-capture
chr22	15044916	15251315	Pilot_dr:LOC_000000005935	0	-	chr22	15071654	15071912	gene_id|ZFLNCT18668|gene_type|ZFLNC	.	-	 	 OvaryRep1 	 Pre-capture
chr22	15044916	15251315	Pilot_dr:LOC_000000005935	0	-	chr22	15127132	15127305	gene_id|ZFLNCT18668|gene_type|ZFLNC	.	-	 	 OvaryRep1 	 Pre-capture
chr22	15044916	15251315	Pilot_dr:LOC_000000005935	0	-	chr22	15209147	15209243	gene_id|ZFLNCT18668|gene_type|ZFLNC	.	-	 	 OvaryRep1 	 Pre-capture
chr22	16810218	16811235	Pilot_dr:LOC_000000064215	0	+	chr22	16810284	16811106	gene_id|ZFLNCT18688|gene_type|ZFLNC	.	+	 	 OvaryRep1 	 Pre-capture
chr22	16810218	16811235	Pilot_dr:LOC_000000064215	0	+	chr22	16811156	16811361	gene_id|ZFLNCT18688|gene_type|ZFLNC	.	+	 	 OvaryRep1 	 Pre-capture
chr22	27042268	27046559	Pilot_dr:LOC_000000039182	0	+	chr22	27046131	27046554	gene_id|ZFLNCT18850,ZFLNCT18851,ZFLNCT18855,ZFLNCT18856|gene_type|ZFLNC	.	+	 	 OvaryRep1 	 Pre-capture
chr22	29404806	29407560	Pilot_dr:LOC_000000019228	0	+	chr22	29406385	29406436	gene_id|ZFLNCT18901|gene_type|ZFLNC	.	+	 	 OvaryRep1 	 Pre-capture
chr22	29404806	29407560	Pilot_dr:LOC_000000019228	0	+	chr22	29407178	29407460	gene_id|ZFLNCT18901|gene_type|ZFLNC	.	+	 	 OvaryRep1 	 Pre-capture
chr22	32787782	32791117	Pilot_dr:LOC_000000000379	0	+	chr22	32787799	32788004	gene_id|ZFLNCT18937|gene_type|ZFLNC	.	+	 	 OvaryRep1 	 Pre-capture
chr22	32787782	32791117	Pilot_dr:LOC_000000000379	0	+	chr22	32790790	32791069	gene_id|ZFLNCT18937|gene_type|ZFLNC	.	+	 	 OvaryRep1 	 Pre-capture
chr23	33613414	33618848	Pilot_dr:LOC_000000060677	0	-	chr23	33608009	33617082	gene_id|ZFLNCT19597,ZFLNCT19598,ZFLNCT19597,ZFLNCT19597,ZFLNCT19597|gene_type|ZFLNC	.	-	 	 OvaryRep1 	 Pre-capture
chr23	33613414	33618848	Pilot_dr:LOC_000000060677	0	-	chr23	33618743	33618846	gene_id|ZFLNCT19597|gene_type|ZFLNC	.	-	 	 OvaryRep1 	 Pre-capture
chr23	38599112	38634588	Pilot_dr:LOC_000000004305	0	-	chr23	38599127	38599922	gene_id|ZFLNCT19728,ZFLNCT19729|gene_type|ZFLNC	.	-	 	 OvaryRep1 	 Pre-capture
chr23	38599112	38634588	Pilot_dr:LOC_000000004305	0	-	chr23	38606078	38606140	gene_id|ZFLNCT19725,ZFLNCT19728,ZFLNCT19729,ZFLNCT19730|gene_type|ZFLNC	.	-	 	 OvaryRep1 	 Pre-capture
chr23	38599112	38634588	Pilot_dr:LOC_000000004305	0	-	chr23	38606492	38606600	gene_id|ZFLNCT19725,ZFLNCT19726,ZFLNCT19728,ZFLNCT19729,ZFLNCT19730|gene_type|ZFLNC	.	-	 	 OvaryRep1 	 Pre-capture
chr23	38599112	38634588	Pilot_dr:LOC_000000004305	0	-	chr23	38633565	38633621	gene_id|ZFLNCT19724,ZFLNCT19725,ZFLNCT19726,ZFLNCT19728,ZFLNCT19729,ZFLNCT19730|gene_type|ZFLNC	.	-	 	 OvaryRep1 	 Pre-capture
chr23	41241332	41250921	Pilot_dr:LOC_000000030638	0	+	chr23	41241241	41241441	gene_id|ZFLNCT19771,ZFLNCT19772,ZFLNCT19773,ZFLNCT19774,ZFLNCT19775,ZFLNCT19776|gene_type|ZFLNC	.	+	 	 OvaryRep1 	 Pre-capture
chr23	41241332	41250921	Pilot_dr:LOC_000000030638	0	+	chr23	41246326	41246399	gene_id|ZFLNCT19771,ZFLNCT19772,ZFLNCT19773,ZFLNCT19774,ZFLNCT19775,ZFLNCT19776|gene_type|ZFLNC	.	+	 	 OvaryRep1 	 Pre-capture
chr23	41241332	41250921	Pilot_dr:LOC_000000030638	0	+	chr23	41249196	41249410	gene_id|ZFLNCT19774|gene_type|ZFLNC	.	+	 	 OvaryRep1 	 Pre-capture
chr23	41241332	41250921	Pilot_dr:LOC_000000030638	0	+	chr23	41250628	41251123	gene_id|ZFLNCT19771,ZFLNCT19772,ZFLNCT19773|gene_type|ZFLNC	.	+	 	 OvaryRep1 	 Pre-capture
chr23	44024647	44030336	Pilot_dr:LOC_000000004851	0	+	chr23	44024429	44025539	gene_id|MULTI_40|gene_type|GIGA	.	+	 	 OvaryRep1 	 Pre-capture
chr23	44024647	44030336	Pilot_dr:LOC_000000004851	0	+	chr23	44026597	44027185	gene_id|chr10.38640950.38641186-.GIGA.+,chr22.16428946.16429161-.GIGA.+,chr16.32435987.32436200+.GIGA.+|gene_type|GIGA	.	+	 	 OvaryRep1 	 Pre-capture
chr24	8278	14500	Pilot_dr:LOC_000000001277	0	+	chr24	5362	9703	gene_id|ZFLNCT19906,ZFLNCT19905,ZFLNCT19904,ZFLNCT19904,ZFLNCT19904,ZFLNCT19905|gene_type|ZFLNC	.	+	 	 OvaryRep1 	 Pre-capture
chr24	1618197	1619773	Pilot_dr:LOC_000000042436	0	-	chr24	1619492	1619963	gene_id|ZFLNCT19949,ZFLNCT19950|gene_type|ZFLNC	.	-	 	 OvaryRep1 	 Pre-capture
chr24	2988574	3009054	Pilot_dr:LOC_000000029889	0	+	chr24	3002867	3004041	gene_id|chr19.53904634.53906457+.GIGA.+|gene_type|GIGA	.	+	 	 OvaryRep1 	 Pre-capture
chr24	12843525	12854308	Pilot_dr:LOC_000000035348	0	+	chr24	12853386	12853804	gene_id|ZFLNCT20068|gene_type|ZFLNC	.	+	 	 OvaryRep1 	 Pre-capture
chr24	12843525	12854308	Pilot_dr:LOC_000000035348	0	+	chr24	12853972	12854192	gene_id|ZFLNCT20068|gene_type|ZFLNC	.	+	 	 OvaryRep1 	 Pre-capture
chr24	24640688	24695738	Pilot_dr:LOC_000000075949	0	-	chr24	24640773	24641475	gene_id|ZFLNCT20247|gene_type|ZFLNC	.	-	 	 OvaryRep1 	 Pre-capture
chr24	24640688	24695738	Pilot_dr:LOC_000000075949	0	-	chr24	24643340	24644155	gene_id|chr24.25251538.25251853+.UCNE.-|gene_type|UCNE	.	-	 	 OvaryRep1 	 Pre-capture
chr24	24640688	24695738	Pilot_dr:LOC_000000075949	0	-	chr24	24649884	24650689	gene_id|chr24.25258082.25258387+.UCNE.-|gene_type|UCNE	.	-	 	 OvaryRep1 	 Pre-capture
chr24	24640688	24695738	Pilot_dr:LOC_000000075949	0	-	chr24	24652722	24653625	gene_id|chr24.25260920.25261323+.UCNE.-|gene_type|UCNE	.	-	 	 OvaryRep1 	 Pre-capture
chr24	24640688	24695738	Pilot_dr:LOC_000000075949	0	-	chr24	24660301	24661013	gene_id|chr24.25268499.25268711+.UCNE.-|gene_type|UCNE	.	-	 	 OvaryRep1 	 Pre-capture
chr24	24640688	24695738	Pilot_dr:LOC_000000075949	0	-	chr24	24675600	24676274	gene_id|chr24.25283798.25283972+.UCNE.-|gene_type|UCNE	.	-	 	 OvaryRep1 	 Pre-capture
chr24	24640688	24695738	Pilot_dr:LOC_000000075949	0	-	chr24	24686568	24687258	gene_id|chr24.25294766.25294956+.UCNE.-|gene_type|UCNE	.	-	 	 OvaryRep1 	 Pre-capture
chr24	24640688	24695738	Pilot_dr:LOC_000000075949	0	-	chr24	24691638	24691732	gene_id|ZFLNCT20246,ZFLNCT20247|gene_type|ZFLNC	.	-	 	 OvaryRep1 	 Pre-capture
chr24	24640688	24695738	Pilot_dr:LOC_000000075949	0	-	chr24	24695469	24695757	gene_id|ZFLNCT20246,ZFLNCT20247|gene_type|ZFLNC	.	-	 	 OvaryRep1 	 Pre-capture
chr24	28081350	28115328	Pilot_dr:LOC_000000033022	0	-	chr24	28081388	28082083	gene_id|ZFLNCT20305|gene_type|ZFLNC	.	-	 	 OvaryRep1 	 Pre-capture
chr24	28081350	28115328	Pilot_dr:LOC_000000033022	0	-	chr24	28102898	28104702	gene_id|ZFLNCT20306,ZFLNCT20305|gene_type|ZFLNC	.	-	 	 OvaryRep1 	 Pre-capture
chr24	28081350	28115328	Pilot_dr:LOC_000000033022	0	-	chr24	28115219	28115364	gene_id|ZFLNCT20306,ZFLNCT20305|gene_type|ZFLNC	.	-	 	 OvaryRep1 	 Pre-capture
chr24	33541612	33543329	Pilot_dr:LOC_000000062426	0	+	chr24	33533520	33543912	gene_id|ZFLNCT20384|gene_type|ZFLNC	.	+	 	 OvaryRep1 	 Pre-capture
chr24	35642224	35676217	Pilot_dr:LOC_000000070167	0	-	chr24	35647619	35648200	gene_id|chr8.47407860.47407961+.GIGA.-|gene_type|GIGA	.	-	 	 OvaryRep1 	 Pre-capture
chr24	36730483	36767204	Pilot_dr:LOC_000000001615	0	+	chr24	36764772	36767204	gene_id|ZFLNCT20438|gene_type|ZFLNC	.	+	 	 OvaryRep1 	 Pre-capture
chr24	40209607	40229326	Pilot_dr:LOC_000000020278	0	+	chr24	40209614	40210268	gene_id|ZFLNCT20521|gene_type|ZFLNC	.	+	 	 OvaryRep1 	 Pre-capture
chr25	1946331	1951382	Pilot_dr:LOC_000000004201	0	-	chr25	1946368	1948759	gene_id|ZFLNCT20609|gene_type|ZFLNC	.	-	 	 OvaryRep1 	 Pre-capture
chr25	1946331	1951382	Pilot_dr:LOC_000000004201	0	-	chr25	1951327	1951444	gene_id|ZFLNCT20609|gene_type|ZFLNC	.	-	 	 OvaryRep1 	 Pre-capture
chr25	5863992	5864767	Pilot_dr:LOC_000000014055	0	+	chr25	5862987	5864767	gene_id|ZFLNCT20718,ZFLNCT20719,ZFLNCT20718|gene_type|ZFLNC	.	+	 	 OvaryRep1 	 Pre-capture
chr25	6941781	6942524	Pilot_dr:LOC_000000003619	0	-	chr25	6941843	6942570	gene_id|ZFLNCT20743|gene_type|ZFLNC	.	-	 	 OvaryRep1 	 Pre-capture
chr25	9452278	9487768	Pilot_dr:LOC_000000058891	0	-	chr25	9450600	9452966	gene_id|ZFLNCT20786,ZFLNCT20787|gene_type|ZFLNC	.	-	 	 OvaryRep1 	 Pre-capture
chr25	9452278	9487768	Pilot_dr:LOC_000000058891	0	-	chr25	9454920	9455055	gene_id|ZFLNCT20786,ZFLNCT20787|gene_type|ZFLNC	.	-	 	 OvaryRep1 	 Pre-capture
chr25	9452278	9487768	Pilot_dr:LOC_000000058891	0	-	chr25	9487736	9487837	gene_id|ZFLNCT20786|gene_type|ZFLNC	.	-	 	 OvaryRep1 	 Pre-capture
chr25	9584795	9627754	Pilot_dr:LOC_000000051959	0	-	chr25	9585270	9585770	gene_id|ZFLNCT20794|gene_type|ZFLNC	.	-	 	 OvaryRep1 	 Pre-capture
chr25	9584795	9627754	Pilot_dr:LOC_000000051959	0	-	chr25	9609023	9609167	gene_id|ZFLNCT20794,ZFLNCT20787,ZFLNCT20793|gene_type|ZFLNC	.	-	 	 OvaryRep1 	 Pre-capture
chr25	9584795	9627754	Pilot_dr:LOC_000000051959	0	-	chr25	9627678	9627772	gene_id|ZFLNCT20793|gene_type|ZFLNC	.	-	 	 OvaryRep1 	 Pre-capture
chr25	12292508	12332848	Pilot_dr:LOC_000000036859	0	-	chr25	12293704	12293804	gene_id|ZFLNCT20827|gene_type|ZFLNC	.	-	 	 OvaryRep1 	 Pre-capture
chr25	12292508	12332848	Pilot_dr:LOC_000000036859	0	-	chr25	12295944	12296208	gene_id|ZFLNCT20827|gene_type|ZFLNC	.	-	 	 OvaryRep1 	 Pre-capture
chr25	19987070	19988203	Pilot_dr:LOC_000000053985	0	+	chr25	19987068	19987387	gene_id|ZFLNCT20903|gene_type|ZFLNC	.	+	 	 OvaryRep1 	 Pre-capture
chr3	5465649	5467529	Pilot_dr:LOC_000000074256	0	+	chr3	5464929	5465755	gene_id|ZFLNCT02247|gene_type|ZFLNC	.	+	 	 OvaryRep1 	 Pre-capture
chr3	5465649	5467529	Pilot_dr:LOC_000000074256	0	+	chr3	5467030	5467529	gene_id|ZFLNCT02247|gene_type|ZFLNC	.	+	 	 OvaryRep1 	 Pre-capture
chr3	31232140	31236138	Pilot_dr:LOC_000000034942	0	+	chr3	31232133	31232473	gene_id|ZFLNCT02672|gene_type|ZFLNC	.	+	 	 OvaryRep1 	 Pre-capture
chr3	44111629	44124381	Pilot_dr:LOC_000000036704	0	-	chr3	44111545	44112100	gene_id|ZFLNCT02856|gene_type|ZFLNC	.	-	 	 OvaryRep1 	 Pre-capture
chr3	44111629	44124381	Pilot_dr:LOC_000000036704	0	-	chr3	44124127	44124370	gene_id|ZFLNCT02856|gene_type|ZFLNC	.	-	 	 OvaryRep1 	 Pre-capture
chr3	44332689	44335837	Pilot_dr:LOC_000000061948	0	-	chr3	44332747	44333384	gene_id|ZFLNCT02884|gene_type|ZFLNC	.	-	 	 OvaryRep1 	 Pre-capture
chr3	44332689	44335837	Pilot_dr:LOC_000000061948	0	-	chr3	44334384	44334550	gene_id|ZFLNCT02884|gene_type|ZFLNC	.	-	 	 OvaryRep1 	 Pre-capture
chr3	44332689	44335837	Pilot_dr:LOC_000000061948	0	-	chr3	44335715	44335853	gene_id|ZFLNCT02884|gene_type|ZFLNC	.	-	 	 OvaryRep1 	 Pre-capture
chr3	48438603	48443237	Pilot_dr:LOC_000000055070	0	+	chr3	48439066	48439077	gene_id|ZFLNCT02926|gene_type|ZFLNC	.	+	 	 OvaryRep1 	 Pre-capture
chr3	48438603	48443237	Pilot_dr:LOC_000000055070	0	+	chr3	48441533	48441591	gene_id|ZFLNCT02926|gene_type|ZFLNC	.	+	 	 OvaryRep1 	 Pre-capture
chr3	48438603	48443237	Pilot_dr:LOC_000000055070	0	+	chr3	48442389	48442896	gene_id|ZFLNCT02926|gene_type|ZFLNC	.	+	 	 OvaryRep1 	 Pre-capture
chr3	54270717	54271347	Pilot_dr:LOC_000000078933	0	+	chr3	54270703	54270865	gene_id|ZFLNCT03000|gene_type|ZFLNC	.	+	 	 OvaryRep1 	 Pre-capture
chr3	54270717	54271347	Pilot_dr:LOC_000000078933	0	+	chr3	54271058	54271345	gene_id|ZFLNCT03000|gene_type|ZFLNC	.	+	 	 OvaryRep1 	 Pre-capture
chr3	56949960	56957566	Pilot_dr:LOC_000000049955	0	+	chr3	56949955	56950536	gene_id|ZFLNCT03026|gene_type|ZFLNC	.	+	 	 OvaryRep1 	 Pre-capture
chr3	56949960	56957566	Pilot_dr:LOC_000000049955	0	+	chr3	56954153	56954264	gene_id|ZFLNCT03026|gene_type|ZFLNC	.	+	 	 OvaryRep1 	 Pre-capture
chr3	56949960	56957566	Pilot_dr:LOC_000000049955	0	+	chr3	56956436	56957558	gene_id|chr17.73209487.73209768-.GIGA.+,ZFLNCT03026.+|gene_type|multiple	.	+	 	 OvaryRep1 	 Pre-capture
chr3	62567678	62592562	Pilot_dr:LOC_000000019539	0	-	chr3	62567982	62568090	gene_id|ZFLNCT03163|gene_type|ZFLNC	.	-	 	 OvaryRep1 	 Pre-capture
chr3	62567678	62592562	Pilot_dr:LOC_000000019539	0	-	chr3	62583302	62583443	gene_id|ZFLNCT03164|gene_type|ZFLNC	.	-	 	 OvaryRep1 	 Pre-capture
chr3	62567678	62592562	Pilot_dr:LOC_000000019539	0	-	chr3	62587381	62592551	gene_id|ZFLNCT03165,ZFLNCT03163,ZFLNCT03164,ZFLNCT03163,ZFLNCT03164,ZFLNCT03163,ZFLNCT03164,ZFLNCT03163,ZFLNCT03164,ZFLNCT03163|gene_type|ZFLNC	.	-	 	 OvaryRep1 	 Pre-capture
chr4	1849010	1865433	Pilot_dr:LOC_000000007476	0	-	chr4	1849231	1849345	gene_id|ZFLNCT03247|gene_type|ZFLNC	.	-	 	 OvaryRep1 	 Pre-capture
chr4	1849010	1865433	Pilot_dr:LOC_000000007476	0	-	chr4	1851732	1851810	gene_id|ZFLNCT03247|gene_type|ZFLNC	.	-	 	 OvaryRep1 	 Pre-capture
chr4	1849010	1865433	Pilot_dr:LOC_000000007476	0	-	chr4	1855506	1855771	gene_id|ZFLNCT03247|gene_type|ZFLNC	.	-	 	 OvaryRep1 	 Pre-capture
chr4	1864564	1866270	Pilot_dr:LOC_000000061342	0	+	chr4	1865560	1865648	gene_id|ZFLNCT03249|gene_type|ZFLNC	.	+	 	 OvaryRep1 	 Pre-capture
chr4	1864564	1866270	Pilot_dr:LOC_000000061342	0	+	chr4	1865859	1866450	gene_id|ZFLNCT03249|gene_type|ZFLNC	.	+	 	 OvaryRep1 	 Pre-capture
chr4	3419489	3421724	Pilot_dr:LOC_000000062995	0	+	chr4	3421471	3422093	gene_id|ZFLNCT03293|gene_type|ZFLNC	.	+	 	 OvaryRep1 	 Pre-capture
chr4	3820700	3821101	Pilot_dr:LOC_000000083109	0	-	chr4	3820858	3821099	gene_id|ZFLNCT03302|gene_type|ZFLNC	.	-	 	 OvaryRep1 	 Pre-capture
chr4	4162820	4164482	Pilot_dr:LOC_000000005793	0	-	chr4	4162825	4163172	gene_id|ZFLNCT03314|gene_type|ZFLNC	.	-	 	 OvaryRep1 	 Pre-capture
chr4	4162820	4164482	Pilot_dr:LOC_000000005793	0	-	chr4	4163359	4163876	gene_id|ZFLNCT03314|gene_type|ZFLNC	.	-	 	 OvaryRep1 	 Pre-capture
chr4	4208163	4211757	Pilot_dr:LOC_000000062438	0	-	chr4	4210409	4210464	gene_id|ZFLNCT03324|gene_type|ZFLNC	.	-	 	 OvaryRep1 	 Pre-capture
chr4	7561658	7564447	Pilot_dr:LOC_000000075803	0	+	chr4	7561869	7583552	gene_id|ZFLNCT03457|gene_type|ZFLNC	.	+	 	 OvaryRep1 	 Pre-capture
chr4	7565907	7569726	Pilot_dr:LOC_000000060914	0	+	chr4	7561869	7583552	gene_id|ZFLNCT03457|gene_type|ZFLNC	.	+	 	 OvaryRep1 	 Pre-capture
chr4	7571159	7573805	Pilot_dr:LOC_000000007227	0	+	chr4	7561869	7583552	gene_id|ZFLNCT03457|gene_type|ZFLNC	.	+	 	 OvaryRep1 	 Pre-capture
chr4	7575208	7579248	Pilot_dr:LOC_000000054969	0	+	chr4	7561869	7583552	gene_id|ZFLNCT03457|gene_type|ZFLNC	.	+	 	 OvaryRep1 	 Pre-capture
chr4	7580692	7583472	Pilot_dr:LOC_000000019850	0	+	chr4	7561869	7583552	gene_id|ZFLNCT03457|gene_type|ZFLNC	.	+	 	 OvaryRep1 	 Pre-capture
chr4	16295758	16310173	Pilot_dr:LOC_000000005869	0	-	chr4	16295524	16296252	gene_id|ZFLNCT03778|gene_type|ZFLNC	.	-	 	 OvaryRep1 	 Pre-capture
chr4	16295758	16310173	Pilot_dr:LOC_000000005869	0	-	chr4	16299656	16301073	gene_id|ZFLNCT03781|gene_type|ZFLNC	.	-	 	 OvaryRep1 	 Pre-capture
chr4	16295758	16310173	Pilot_dr:LOC_000000005869	0	-	chr4	16301217	16301242	gene_id|ZFLNCT03781|gene_type|ZFLNC	.	-	 	 OvaryRep1 	 Pre-capture
chr4	16295758	16310173	Pilot_dr:LOC_000000005869	0	-	chr4	16302979	16303001	gene_id|ZFLNCT03778|gene_type|ZFLNC	.	-	 	 OvaryRep1 	 Pre-capture
chr4	23160112	23210049	Pilot_dr:LOC_000000017956	0	-	chr4	23160015	23160410	gene_id|ZFLNCT03879|gene_type|ZFLNC	.	-	 	 OvaryRep1 	 Pre-capture
chr4	23160112	23210049	Pilot_dr:LOC_000000017956	0	-	chr4	23175763	23175907	gene_id|ZFLNCT03879|gene_type|ZFLNC	.	-	 	 OvaryRep1 	 Pre-capture
chr4	23160112	23210049	Pilot_dr:LOC_000000017956	0	-	chr4	23202743	23202794	gene_id|ZFLNCT03879|gene_type|ZFLNC	.	-	 	 OvaryRep1 	 Pre-capture
chr4	23160112	23210049	Pilot_dr:LOC_000000017956	0	-	chr4	23204687	23204868	gene_id|ZFLNCT03879|gene_type|ZFLNC	.	-	 	 OvaryRep1 	 Pre-capture
chr4	23160112	23210049	Pilot_dr:LOC_000000017956	0	-	chr4	23210003	23210047	gene_id|ZFLNCT03879|gene_type|ZFLNC	.	-	 	 OvaryRep1 	 Pre-capture
chr4	28753903	28755713	Pilot_dr:LOC_000000081372	0	-	chr4	28753942	28754195	gene_id|ZFLNCT03929|gene_type|ZFLNC	.	-	 	 OvaryRep1 	 Pre-capture
chr4	28753903	28755713	Pilot_dr:LOC_000000081372	0	-	chr4	28755608	28755703	gene_id|ZFLNCT03929|gene_type|ZFLNC	.	-	 	 OvaryRep1 	 Pre-capture
chr4	57638313	57640053	Pilot_dr:LOC_000000067588	0	-	chr4	57638950	57639299	gene_id|ZFLNCT04001,ZFLNCT04000|gene_type|ZFLNC	.	-	 	 OvaryRep1 	 Pre-capture
chr4	57638313	57640053	Pilot_dr:LOC_000000067588	0	-	chr4	57639722	57639787	gene_id|ZFLNCT04001,ZFLNCT04000|gene_type|ZFLNC	.	-	 	 OvaryRep1 	 Pre-capture
chr5	2345246	2404768	Pilot_dr:LOC_000000056167	0	-	chr5	2346562	2347179	gene_id|chr17.58512389.58512506-.GIGA.-|gene_type|GIGA	.	-	 	 OvaryRep1 	 Pre-capture
chr5	2780589	2780823	Pilot_dr:LOC_000000013722	0	-	chr5	2780443	2781070	gene_id|chr20.3190522.3190819-.GIGA.-|gene_type|GIGA	.	-	 	 OvaryRep1 	 Pre-capture
chr5	4840609	4907629	Pilot_dr:LOC_000000037240	0	-	chr5	4864870	4864968	gene_id|ZFLNCT04674|gene_type|ZFLNC	.	-	 	 OvaryRep1 	 Pre-capture
chr5	4840609	4907629	Pilot_dr:LOC_000000037240	0	-	chr5	4869671	4869810	gene_id|ZFLNCT04674|gene_type|ZFLNC	.	-	 	 OvaryRep1 	 Pre-capture
chr5	4840609	4907629	Pilot_dr:LOC_000000037240	0	-	chr5	4907342	4907610	gene_id|ZFLNCT04674|gene_type|ZFLNC	.	-	 	 OvaryRep1 	 Pre-capture
chr5	5156974	5157874	Pilot_dr:LOC_000000005922	0	-	chr5	5156399	5157483	gene_id|ZFLNCT04677|gene_type|ZFLNC	.	-	 	 OvaryRep1 	 Pre-capture
chr5	5156974	5157874	Pilot_dr:LOC_000000005922	0	-	chr5	5157673	5158173	gene_id|ZFLNCT04677|gene_type|ZFLNC	.	-	 	 OvaryRep1 	 Pre-capture
chr5	17044725	17051939	Pilot_dr:LOC_000000049389	0	+	chr5	17051806	17051829	gene_id|ZFLNCT04848|gene_type|ZFLNC	.	+	 	 OvaryRep1 	 Pre-capture
chr5	18288902	18424565	Pilot_dr:LOC_000000003133	0	-	chr5	18288810	18289304	gene_id|ZFLNCT04851|gene_type|ZFLNC	.	-	 	 OvaryRep1 	 Pre-capture
chr5	18288902	18424565	Pilot_dr:LOC_000000003133	0	-	chr5	18289506	18289576	gene_id|ZFLNCT04851|gene_type|ZFLNC	.	-	 	 OvaryRep1 	 Pre-capture
chr5	18288902	18424565	Pilot_dr:LOC_000000003133	0	-	chr5	18422125	18422277	gene_id|ZFLNCT04854|gene_type|ZFLNC	.	-	 	 OvaryRep1 	 Pre-capture
chr5	18288902	18424565	Pilot_dr:LOC_000000003133	0	-	chr5	18424105	18424637	gene_id|ZFLNCT04852,ZFLNCT04853,ZFLNCT04854|gene_type|ZFLNC	.	-	 	 OvaryRep1 	 Pre-capture
chr5	29902131	29988444	Pilot_dr:LOC_000000013817	0	+	chr5	29902153	29902488	gene_id|ZFLNCT05048,ZFLNCT05049,ZFLNCT05050,ZFLNCT05051|gene_type|ZFLNC	.	+	 	 OvaryRep1 	 Pre-capture
chr5	29902131	29988444	Pilot_dr:LOC_000000013817	0	+	chr5	29902723	29902813	gene_id|ZFLNCT05048,ZFLNCT05049,ZFLNCT05050,ZFLNCT05051|gene_type|ZFLNC	.	+	 	 OvaryRep1 	 Pre-capture
chr5	29902131	29988444	Pilot_dr:LOC_000000013817	0	+	chr5	29988315	29988431	gene_id|ZFLNCT05050,ZFLNCT05051|gene_type|ZFLNC	.	+	 	 OvaryRep1 	 Pre-capture
chr5	29902131	29988444	Pilot_dr:LOC_000000013817	0	+	chr5	29927543	29952916	gene_id|ZFLNCT05052,ZFLNCT05053,ZFLNCT05048,ZFLNCT05049,ZFLNCT05050,ZFLNCT05051,ZFLNCT05052,ZFLNCT05051,ZFLNCT05048,ZFLNCT05049,ZFLNCT05052|gene_type|ZFLNC	.	+	 	 OvaryRep1 	 Pre-capture
chr5	44595575	44599903	Pilot_dr:LOC_000000059913	0	-	chr5	44595579	44596167	gene_id|ZFLNCT05279|gene_type|ZFLNC	.	-	 	 OvaryRep1 	 Pre-capture
chr5	44595575	44599903	Pilot_dr:LOC_000000059913	0	-	chr5	44599542	44599885	gene_id|ZFLNCT05279|gene_type|ZFLNC	.	-	 	 OvaryRep1 	 Pre-capture
chr5	45552034	45559285	Pilot_dr:LOC_000000003479	0	+	chr5	45552053	45552355	gene_id|ZFLNCT05286,ZFLNCT05287,ZFLNCT05288|gene_type|ZFLNC	.	+	 	 OvaryRep1 	 Pre-capture
chr5	45552034	45559285	Pilot_dr:LOC_000000003479	0	+	chr5	45552426	45552899	gene_id|ZFLNCT05287,ZFLNCT05288,ZFLNCT05286|gene_type|ZFLNC	.	+	 	 OvaryRep1 	 Pre-capture
chr5	45552034	45559285	Pilot_dr:LOC_000000003479	0	+	chr5	45559066	45560023	gene_id|ZFLNCT05287|gene_type|ZFLNC	.	+	 	 OvaryRep1 	 Pre-capture
chr5	52431352	52435243	Pilot_dr:LOC_000000016620	0	-	chr5	52431078	52431774	gene_id|ZFLNCT05383|gene_type|ZFLNC	.	-	 	 OvaryRep1 	 Pre-capture
chr5	52431352	52435243	Pilot_dr:LOC_000000016620	0	-	chr5	52433037	52433146	gene_id|ZFLNCT05383|gene_type|ZFLNC	.	-	 	 OvaryRep1 	 Pre-capture
chr5	52431352	52435243	Pilot_dr:LOC_000000016620	0	-	chr5	52435160	52435236	gene_id|ZFLNCT05383|gene_type|ZFLNC	.	-	 	 OvaryRep1 	 Pre-capture
chr5	56433580	56438245	Pilot_dr:LOC_000000035906	0	+	chr5	56433652	56433695	gene_id|ZFLNCT05400|gene_type|ZFLNC	.	+	 	 OvaryRep1 	 Pre-capture
chr5	56433580	56438245	Pilot_dr:LOC_000000035906	0	+	chr5	56433776	56433913	gene_id|ZFLNCT05400|gene_type|ZFLNC	.	+	 	 OvaryRep1 	 Pre-capture
chr5	56433580	56438245	Pilot_dr:LOC_000000035906	0	+	chr5	56437771	56438669	gene_id|ZFLNCT05400|gene_type|ZFLNC	.	+	 	 OvaryRep1 	 Pre-capture
chr5	57567073	57588906	Pilot_dr:LOC_000000023793	0	+	chr5	57586742	57588973	gene_id|chr8.20882379.20883115-.NONCODE.+|gene_type|NONCODE	.	+	 	 OvaryRep1 	 Pre-capture
chr5	70852582	70861958	Pilot_dr:LOC_000000033421	0	-	chr5	70861381	70862157	gene_id|chr9.117414496.117415051-.GIGA.-|gene_type|GIGA	.	-	 	 OvaryRep1 	 Pre-capture
chr5	70873550	70898402	Pilot_dr:LOC_000000048861	0	-	chr5	70873438	70873711	gene_id|ZFLNCT05670|gene_type|ZFLNC	.	-	 	 OvaryRep1 	 Pre-capture
chr5	70873550	70898402	Pilot_dr:LOC_000000048861	0	-	chr5	70892321	70892476	gene_id|ZFLNCT05670|gene_type|ZFLNC	.	-	 	 OvaryRep1 	 Pre-capture
chr5	70873550	70898402	Pilot_dr:LOC_000000048861	0	-	chr5	70898287	70898405	gene_id|ZFLNCT05670|gene_type|ZFLNC	.	-	 	 OvaryRep1 	 Pre-capture
chr6	1063978	1065152	Pilot_dr:LOC_000000041754	0	+	chr6	1063938	1064257	gene_id|ZFLNCT05710|gene_type|ZFLNC	.	+	 	 OvaryRep1 	 Pre-capture
chr6	1063978	1065152	Pilot_dr:LOC_000000041754	0	+	chr6	1064957	1065154	gene_id|ZFLNCT05710|gene_type|ZFLNC	.	+	 	 OvaryRep1 	 Pre-capture
chr6	1155645	1155956	Pilot_dr:LOC_000000065641	0	-	chr6	1155396	1156084	gene_id|chr16.15047854.15047920-.GIGA.-,chr16.15047996.15048099-.GIGA.-|gene_type|GIGA	.	-	 	 OvaryRep1 	 Pre-capture
chr6	2850960	2872252	Pilot_dr:LOC_000000023217	0	-	chr6	2850869	2851490	gene_id|ZFLNCT05746,ZFLNCT05747|gene_type|ZFLNC	.	-	 	 OvaryRep1 	 Pre-capture
chr6	2850960	2872252	Pilot_dr:LOC_000000023217	0	-	chr6	2872067	2872596	gene_id|ZFLNCT05746,ZFLNCT05747|gene_type|ZFLNC	.	-	 	 OvaryRep1 	 Pre-capture
chr6	5517739	5602150	Pilot_dr:LOC_000000006327	0	-	chr6	5546554	5546756	gene_id|ZFLNCT05774,ZFLNCT05775|gene_type|ZFLNC	.	-	 	 OvaryRep1 	 Pre-capture
chr6	5517739	5602150	Pilot_dr:LOC_000000006327	0	-	chr6	5558859	5558949	gene_id|ZFLNCT05774,ZFLNCT05775|gene_type|ZFLNC	.	-	 	 OvaryRep1 	 Pre-capture
chr6	15942707	15988441	Pilot_dr:LOC_000000006326	0	-	chr6	15942156	15942973	gene_id|ZFLNCT05940|gene_type|ZFLNC	.	-	 	 OvaryRep1 	 Pre-capture
chr6	15942707	15988441	Pilot_dr:LOC_000000006326	0	-	chr6	15948764	15948828	gene_id|ZFLNCT05940|gene_type|ZFLNC	.	-	 	 OvaryRep1 	 Pre-capture
chr6	15942707	15988441	Pilot_dr:LOC_000000006326	0	-	chr6	15949962	15950123	gene_id|ZFLNCT05940|gene_type|ZFLNC	.	-	 	 OvaryRep1 	 Pre-capture
chr6	15942707	15988441	Pilot_dr:LOC_000000006326	0	-	chr6	15950519	15950580	gene_id|ZFLNCT05940|gene_type|ZFLNC	.	-	 	 OvaryRep1 	 Pre-capture
chr6	15942707	15988441	Pilot_dr:LOC_000000006326	0	-	chr6	15951463	15951506	gene_id|ZFLNCT05940|gene_type|ZFLNC	.	-	 	 OvaryRep1 	 Pre-capture
chr6	25581629	25672239	Pilot_dr:LOC_000000033454	0	+	chr6	25649487	25650165	gene_id|chr6.25381261.25381440+.UCNE.+|gene_type|UCNE	.	+	 	 OvaryRep1 	 Pre-capture
chr6	36051307	36060902	Pilot_dr:LOC_000000029629	0	+	chr6	36051309	36051476	gene_id|ZFLNCT06219,ZFLNCT06220,ZFLNCT06221,ZFLNCT06227,ZFLNCT06229|gene_type|ZFLNC	.	+	 	 OvaryRep1 	 Pre-capture
chr6	36051307	36060902	Pilot_dr:LOC_000000029629	0	+	chr6	36052904	36054886	gene_id|ZFLNCT06220|gene_type|ZFLNC	.	+	 	 OvaryRep1 	 Pre-capture
chr6	44987633	45083403	Pilot_dr:LOC_000000003959	0	+	chr6	44987628	44987910	gene_id|ZFLNCT06390,ZFLNCT06391|gene_type|ZFLNC	.	+	 	 OvaryRep1 	 Pre-capture
chr6	44987633	45083403	Pilot_dr:LOC_000000003959	0	+	chr6	45082877	45083289	gene_id|ZFLNCT06390,ZFLNCT06391|gene_type|ZFLNC	.	+	 	 OvaryRep1 	 Pre-capture
chr6	50790192	50923729	Pilot_dr:LOC_000000020797	0	+	chr6	50790189	50790276	gene_id|ZFLNCT06463,ZFLNCT06464,ZFLNCT06465|gene_type|ZFLNC	.	+	 	 OvaryRep1 	 Pre-capture
chr6	50790192	50923729	Pilot_dr:LOC_000000020797	0	+	chr6	50884976	50885045	gene_id|ZFLNCT06463,ZFLNCT06464,ZFLNCT06465|gene_type|ZFLNC	.	+	 	 OvaryRep1 	 Pre-capture
chr6	50790192	50923729	Pilot_dr:LOC_000000020797	0	+	chr6	50923232	50923643	gene_id|ZFLNCT06465,ZFLNCT06466|gene_type|ZFLNC	.	+	 	 OvaryRep1 	 Pre-capture
chr6	56208823	56219258	Pilot_dr:LOC_000000028643	0	+	chr6	56208687	56209088	gene_id|ZFLNCT06514,ZFLNCT06515,ZFLNCT06516,ZFLNCT06517,ZFLNCT06518|gene_type|ZFLNC	.	+	 	 OvaryRep1 	 Pre-capture
chr6	56208823	56219258	Pilot_dr:LOC_000000028643	0	+	chr6	56209257	56209386	gene_id|ZFLNCT06511,ZFLNCT06512,ZFLNCT06513,ZFLNCT06514,ZFLNCT06515,ZFLNCT06516,ZFLNCT06517,ZFLNCT06518|gene_type|ZFLNC	.	+	 	 OvaryRep1 	 Pre-capture
chr6	56208823	56219258	Pilot_dr:LOC_000000028643	0	+	chr6	56218795	56219198	gene_id|ZFLNCT06511|gene_type|ZFLNC	.	+	 	 OvaryRep1 	 Pre-capture
chr6	59748588	59755714	Pilot_dr:LOC_000000016874	0	+	chr6	59755101	59755709	gene_id|chrX.41787177.41787285-.GIGA.+|gene_type|GIGA	.	+	 	 OvaryRep1 	 Pre-capture
chr7	18762930	18773954	Pilot_dr:LOC_000000035230	0	-	chr7	18762947	18763399	gene_id|ZFLNCT06819|gene_type|ZFLNC	.	-	 	 OvaryRep1 	 Pre-capture
chr7	18762930	18773954	Pilot_dr:LOC_000000035230	0	-	chr7	18773853	18773947	gene_id|ZFLNCT06819|gene_type|ZFLNC	.	-	 	 OvaryRep1 	 Pre-capture
chr7	35958147	36023283	Pilot_dr:LOC_000000014666	0	-	chr7	35958177	35958446	gene_id|ZFLNCT07062|gene_type|ZFLNC	.	-	 	 OvaryRep1 	 Pre-capture
chr7	35958147	36023283	Pilot_dr:LOC_000000014666	0	-	chr7	36001986	36002591	gene_id|ZFLNCT07060,ZFLNCT07061,ZFLNCT07062|gene_type|ZFLNC	.	-	 	 OvaryRep1 	 Pre-capture
chr7	35958147	36023283	Pilot_dr:LOC_000000014666	0	-	chr7	36007074	36008350	gene_id|chr8.91825556.91828362+.NONCODE.-|gene_type|NONCODE	.	-	 	 OvaryRep1 	 Pre-capture
chr7	35958147	36023283	Pilot_dr:LOC_000000014666	0	-	chr7	36021974	36022064	gene_id|ZFLNCT07060,ZFLNCT07061,ZFLNCT07062|gene_type|ZFLNC	.	-	 	 OvaryRep1 	 Pre-capture
chr7	35958147	36023283	Pilot_dr:LOC_000000014666	0	-	chr7	36023021	36024624	gene_id|ZFLNCT07061,ZFLNCT07062,ZFLNCT07060,chr16-54291173-54291322+GIGA|gene_type|multiple	.	-	 	 OvaryRep1 	 Pre-capture
chr7	36653045	36658122	Pilot_dr:LOC_000000019490	0	+	chr7	36653001	36653213	gene_id|ZFLNCT07108|gene_type|ZFLNC	.	+	 	 OvaryRep1 	 Pre-capture
chr7	36653045	36658122	Pilot_dr:LOC_000000019490	0	+	chr7	36657350	36657518	gene_id|ZFLNCT07108|gene_type|ZFLNC	.	+	 	 OvaryRep1 	 Pre-capture
chr7	42894809	42907163	Pilot_dr:LOC_000000025986	0	-	chr7	42904367	42905779	gene_id|ZFLNCT07166|gene_type|ZFLNC	.	-	 	 OvaryRep1 	 Pre-capture
chr7	42894809	42907163	Pilot_dr:LOC_000000025986	0	-	chr7	42907084	42907198	gene_id|ZFLNCT07166|gene_type|ZFLNC	.	-	 	 OvaryRep1 	 Pre-capture
chr7	45237736	45239176	Pilot_dr:LOC_000000000516	0	+	chr7	45237752	45237794	gene_id|ZFLNCT07227|gene_type|ZFLNC	.	+	 	 OvaryRep1 	 Pre-capture
chr7	45237736	45239176	Pilot_dr:LOC_000000000516	0	+	chr7	45238399	45238552	gene_id|ZFLNCT07227|gene_type|ZFLNC	.	+	 	 OvaryRep1 	 Pre-capture
chr7	45237736	45239176	Pilot_dr:LOC_000000000516	0	+	chr7	45238796	45239307	gene_id|ZFLNCT07227|gene_type|ZFLNC	.	+	 	 OvaryRep1 	 Pre-capture
chr7	46566492	46700673	Pilot_dr:LOC_000000051059	0	-	chr7	46581764	46582446	gene_id|chr7.48191537.48191719+.UCNE.-|gene_type|UCNE	.	-	 	 OvaryRep1 	 Pre-capture
chr7	46566492	46700673	Pilot_dr:LOC_000000051059	0	-	chr7	46584779	46585458	gene_id|chr7.48194552.48194731+.UCNE.-|gene_type|UCNE	.	-	 	 OvaryRep1 	 Pre-capture
chr7	46566492	46700673	Pilot_dr:LOC_000000051059	0	-	chr7	46586921	46587657	gene_id|chr7.48196694.48196930+.UCNE.-|gene_type|UCNE	.	-	 	 OvaryRep1 	 Pre-capture
chr7	46566492	46700673	Pilot_dr:LOC_000000051059	0	-	chr7	46625978	46626701	gene_id|chr7.48235751.48235974+.UCNE.-|gene_type|UCNE	.	-	 	 OvaryRep1 	 Pre-capture
chr7	46566492	46700673	Pilot_dr:LOC_000000051059	0	-	chr7	46632245	46632971	gene_id|chr7.48242018.48242244+.UCNE.-|gene_type|UCNE	.	-	 	 OvaryRep1 	 Pre-capture
chr7	46566492	46700673	Pilot_dr:LOC_000000051059	0	-	chr7	46634895	46636250	gene_id|chr7.48244668.48244895+.UCNE.-,chr7.48245219.48245523+.UCNE.-|gene_type|UCNE	.	-	 	 OvaryRep1 	 Pre-capture
chr7	46566492	46700673	Pilot_dr:LOC_000000051059	0	-	chr7	46688596	46689276	gene_id|chr7.48298369.48298549+.UCNE.-|gene_type|UCNE	.	-	 	 OvaryRep1 	 Pre-capture
chr7	46566492	46700673	Pilot_dr:LOC_000000051059	0	-	chr7	46595999	46596670	gene_id|chr7.48205772.48205943+.UCNE.-|gene_type|UCNE	.	-	 	 OvaryRep1 	 Pre-capture
chr7	49787429	49788769	Pilot_dr:LOC_000000016113	0	-	chr7	49786883	49788095	gene_id|ZFLNCT07286|gene_type|ZFLNC	.	-	 	 OvaryRep1 	 Pre-capture
chr7	49787429	49788769	Pilot_dr:LOC_000000016113	0	-	chr7	49788661	49788765	gene_id|ZFLNCT07286|gene_type|ZFLNC	.	-	 	 OvaryRep1 	 Pre-capture
chr7	61751559	61753524	Pilot_dr:LOC_000000059376	0	+	chr7	61752250	61752408	gene_id|ZFLNCT07370|gene_type|ZFLNC	.	+	 	 OvaryRep1 	 Pre-capture
chr7	61751559	61753524	Pilot_dr:LOC_000000059376	0	+	chr7	61752537	61753618	gene_id|ZFLNCT07370|gene_type|ZFLNC	.	+	 	 OvaryRep1 	 Pre-capture
chr7	73472559	73473923	Pilot_dr:LOC_000000007540	0	-	chr7	73473334	73473575	gene_id|ZFLNCT07550|gene_type|ZFLNC	.	-	 	 OvaryRep1 	 Pre-capture
chr7	73472559	73473923	Pilot_dr:LOC_000000007540	0	-	chr7	73473788	73473928	gene_id|ZFLNCT07550|gene_type|ZFLNC	.	-	 	 OvaryRep1 	 Pre-capture
chr8	5305100	5411230	Pilot_dr:LOC_000000001153	0	-	chr8	5403594	5405437	gene_id|ZFLNCT07684,ZFLNCT07685,ZFLNCT07686|gene_type|ZFLNC	.	-	 	 OvaryRep1 	 Pre-capture
chr8	5305100	5411230	Pilot_dr:LOC_000000001153	0	-	chr8	5406013	5406509	gene_id|ZFLNCT07687,ZFLNCT07683,ZFLNCT07684,ZFLNCT07685,ZFLNCT07686|gene_type|ZFLNC	.	-	 	 OvaryRep1 	 Pre-capture
chr8	5305100	5411230	Pilot_dr:LOC_000000001153	0	-	chr8	5409232	5409313	gene_id|ZFLNCT07683,ZFLNCT07684,ZFLNCT07685,ZFLNCT07686,ZFLNCT07687|gene_type|ZFLNC	.	-	 	 OvaryRep1 	 Pre-capture
chr8	5305100	5411230	Pilot_dr:LOC_000000001153	0	-	chr8	5410737	5410885	gene_id|ZFLNCT07685,ZFLNCT07683,ZFLNCT07684,ZFLNCT07686,ZFLNCT07687|gene_type|ZFLNC	.	-	 	 OvaryRep1 	 Pre-capture
chr8	5305100	5411230	Pilot_dr:LOC_000000001153	0	-	chr8	5411112	5411220	gene_id|ZFLNCT07687,ZFLNCT07683,ZFLNCT07684,ZFLNCT07685,ZFLNCT07686|gene_type|ZFLNC	.	-	 	 OvaryRep1 	 Pre-capture
chr8	5937774	6045666	Pilot_dr:LOC_000000038529	0	-	chr8	5958156	5958419	gene_id|ZFLNCT07702|gene_type|ZFLNC	.	-	 	 OvaryRep1 	 Pre-capture
chr8	5937774	6045666	Pilot_dr:LOC_000000038529	0	-	chr8	6045511	6045675	gene_id|ZFLNCT07702|gene_type|ZFLNC	.	-	 	 OvaryRep1 	 Pre-capture
chr8	23462826	23473537	Pilot_dr:LOC_000000029086	0	+	chr8	23462818	23463033	gene_id|ZFLNCT08013|gene_type|ZFLNC	.	+	 	 OvaryRep1 	 Pre-capture
chr8	23462826	23473537	Pilot_dr:LOC_000000029086	0	+	chr8	23463153	23463238	gene_id|ZFLNCT08013|gene_type|ZFLNC	.	+	 	 OvaryRep1 	 Pre-capture
chr8	23462826	23473537	Pilot_dr:LOC_000000029086	0	+	chr8	23472156	23472866	gene_id|ZFLNCT08013|gene_type|ZFLNC	.	+	 	 OvaryRep1 	 Pre-capture
chr8	33832168	33833776	Pilot_dr:LOC_000000059897	0	+	chr8	33832195	33832293	gene_id|ZFLNCT08178|gene_type|ZFLNC	.	+	 	 OvaryRep1 	 Pre-capture
chr9	21764912	21765797	Pilot_dr:LOC_000000051890	0	+	chr9	21764918	21765735	gene_id|ZFLNCT08777|gene_type|ZFLNC	.	+	 	 OvaryRep1 	 Pre-capture
chr9	23321866	23333985	Pilot_dr:LOC_000000008828	0	+	chr9	23321834	23322021	gene_id|ZFLNCT08816|gene_type|ZFLNC	.	+	 	 OvaryRep1 	 Pre-capture
chr9	23321866	23333985	Pilot_dr:LOC_000000008828	0	+	chr9	23332986	23333979	gene_id|ZFLNCT08816|gene_type|ZFLNC	.	+	 	 OvaryRep1 	 Pre-capture
chr9	34064375	34065599	Pilot_dr:LOC_000000019846	0	-	chr9	34064509	34064627	gene_id|ZFLNCT09063|gene_type|ZFLNC	.	-	 	 OvaryRep1 	 Pre-capture
chr9	34064375	34065599	Pilot_dr:LOC_000000019846	0	-	chr9	34065358	34065606	gene_id|ZFLNCT09063|gene_type|ZFLNC	.	-	 	 OvaryRep1 	 Pre-capture
chr9	34548479	34587728	Pilot_dr:LOC_000000055576	0	-	chr9	34547521	34548657	gene_id|ZFLNCT09076,ZFLNCT09077,ZFLNCT09078|gene_type|ZFLNC	.	-	 	 OvaryRep1 	 Pre-capture
chr9	34548479	34587728	Pilot_dr:LOC_000000055576	0	-	chr9	34560412	34561063	gene_id|chr9.35531966.35532117+.UCNE.-|gene_type|UCNE	.	-	 	 OvaryRep1 	 Pre-capture
chr9	34548479	34587728	Pilot_dr:LOC_000000055576	0	-	chr9	34576509	34577312	gene_id|ZFLNCT09079|gene_type|ZFLNC	.	-	 	 OvaryRep1 	 Pre-capture
chr9	34548479	34587728	Pilot_dr:LOC_000000055576	0	-	chr9	34583414	34584043	gene_id|ZFLNCT09080|gene_type|ZFLNC	.	-	 	 OvaryRep1 	 Pre-capture
chr9	34548479	34587728	Pilot_dr:LOC_000000055576	0	-	chr9	34586007	34586097	gene_id|ZFLNCT09076,ZFLNCT09077,ZFLNCT09078,ZFLNCT09079,ZFLNCT09080|gene_type|ZFLNC	.	-	 	 OvaryRep1 	 Pre-capture
chr9	34548479	34587728	Pilot_dr:LOC_000000055576	0	-	chr9	34586196	34586338	gene_id|ZFLNCT09076,ZFLNCT09077,ZFLNCT09078,ZFLNCT09079,ZFLNCT09080|gene_type|ZFLNC	.	-	 	 OvaryRep1 	 Pre-capture
chr9	34548479	34587728	Pilot_dr:LOC_000000055576	0	-	chr9	34587399	34587807	gene_id|ZFLNCT09076,ZFLNCT09080,ZFLNCT09077,ZFLNCT09079,ZFLNCT09078|gene_type|ZFLNC	.	-	 	 OvaryRep1 	 Pre-capture
chr9	35160615	35163793	Pilot_dr:LOC_000000017191	0	+	chr9	35160644	35160829	gene_id|ZFLNCT09097|gene_type|ZFLNC	.	+	 	 OvaryRep1 	 Pre-capture
chr9	35160615	35163793	Pilot_dr:LOC_000000017191	0	+	chr9	35163245	35163664	gene_id|ZFLNCT09097|gene_type|ZFLNC	.	+	 	 OvaryRep1 	 Pre-capture
chr9	39832799	39939637	Pilot_dr:LOC_000000016326	0	-	chr9	39910696	39915313	gene_id|ZFLNCT09138|gene_type|ZFLNC	.	-	 	 OvaryRep1 	 Pre-capture
chr9	46299678	46303122	Pilot_dr:LOC_000000024928	0	-	chr9	46299685	46300173	gene_id|ZFLNCT09214|gene_type|ZFLNC	.	-	 	 OvaryRep1 	 Pre-capture
chr9	46299678	46303122	Pilot_dr:LOC_000000024928	0	-	chr9	46303064	46303118	gene_id|ZFLNCT09214|gene_type|ZFLNC	.	-	 	 OvaryRep1 	 Pre-capture
chr9	46854625	47080629	Pilot_dr:LOC_000000003614	0	+	chr9	46854545	46854674	gene_id|ZFLNCT09220|gene_type|ZFLNC	.	+	 	 OvaryRep1 	 Pre-capture
chr9	46854625	47080629	Pilot_dr:LOC_000000003614	0	+	chr9	46984716	46984844	gene_id|ZFLNCT09220|gene_type|ZFLNC	.	+	 	 OvaryRep1 	 Pre-capture
chr9	46854625	47080629	Pilot_dr:LOC_000000003614	0	+	chr9	47077451	47077577	gene_id|ZFLNCT09220,ZFLNCT09222|gene_type|ZFLNC	.	+	 	 OvaryRep1 	 Pre-capture
chr9	47148477	47263634	Pilot_dr:LOC_000000010662	0	+	chr9	47148499	47148705	gene_id|ZFLNCT09223,ZFLNCT09225,ZFLNCT09226|gene_type|ZFLNC	.	+	 	 OvaryRep1 	 Pre-capture
chr9	47148477	47263634	Pilot_dr:LOC_000000010662	0	+	chr9	47156474	47156719	gene_id|ZFLNCT09220,ZFLNCT09222,ZFLNCT09223,ZFLNCT09225,ZFLNCT09226|gene_type|ZFLNC	.	+	 	 OvaryRep1 	 Pre-capture
chr9	47148477	47263634	Pilot_dr:LOC_000000010662	0	+	chr9	47194213	47194696	gene_id|ZFLNCT09226|gene_type|ZFLNC	.	+	 	 OvaryRep1 	 Pre-capture
chr9	47148477	47263634	Pilot_dr:LOC_000000010662	0	+	chr9	47262965	47263189	gene_id|ZFLNCT09220,ZFLNCT09225|gene_type|ZFLNC	.	+	 	 OvaryRep1 	 Pre-capture
chr9	50362971	50368686	Pilot_dr:LOC_000000030891	0	+	chr9	50362974	50363162	gene_id|ZFLNCT09257|gene_type|ZFLNC	.	+	 	 OvaryRep1 	 Pre-capture
chr9	50362971	50368686	Pilot_dr:LOC_000000030891	0	+	chr9	50368414	50368683	gene_id|ZFLNCT09257|gene_type|ZFLNC	.	+	 	 OvaryRep1 	 Pre-capture
