chr1	1005934	1012265	Pilot_dr:LOC_000000008207	0	-	chr1	1005937	1007182	gene_id|ZFLNCT00037|gene_type|ZFLNC	.	-	 	 BrainRep1 	 Pre-capture
chr1	1005934	1012265	Pilot_dr:LOC_000000008207	0	-	chr1	1009440	1009592	gene_id|ZFLNCT00037|gene_type|ZFLNC	.	-	 	 BrainRep1 	 Pre-capture
chr1	1005934	1012265	Pilot_dr:LOC_000000008207	0	-	chr1	1009741	1010007	gene_id|ZFLNCT00037|gene_type|ZFLNC	.	-	 	 BrainRep1 	 Pre-capture
chr1	1005934	1012265	Pilot_dr:LOC_000000008207	0	-	chr1	1011975	1012253	gene_id|ZFLNCT00037|gene_type|ZFLNC	.	-	 	 BrainRep1 	 Pre-capture
chr1	1015834	1033276	Pilot_dr:LOC_000000011188	0	+	chr1	1015812	1016050	gene_id|ZFLNCT00038|gene_type|ZFLNC	.	+	 	 BrainRep1 	 Pre-capture
chr1	1015834	1033276	Pilot_dr:LOC_000000011188	0	+	chr1	1023132	1023443	gene_id|ZFLNCT00038|gene_type|ZFLNC	.	+	 	 BrainRep1 	 Pre-capture
chr1	1015834	1033276	Pilot_dr:LOC_000000011188	0	+	chr1	1032635	1032769	gene_id|ZFLNCT00038|gene_type|ZFLNC	.	+	 	 BrainRep1 	 Pre-capture
chr1	1015834	1033276	Pilot_dr:LOC_000000011188	0	+	chr1	1033199	1033638	gene_id|ZFLNCT00038|gene_type|ZFLNC	.	+	 	 BrainRep1 	 Pre-capture
chr1	4548603	4550481	Pilot_dr:LOC_000000018524	0	+	chr1	4545428	4549318	gene_id|chr13.83874808.83882521-.GIGA.+,chr13.83874808.83881741-.GIGA.+,chr13.83874808.83881560-.GIGA.+,chr13.83874808.83882372-.GIGA.+|gene_type|GIGA	.	+	 	 BrainRep1 	 Pre-capture
chr1	5194953	5196662	Pilot_dr:LOC_000000034592	0	-	chr1	5195698	5196336	gene_id|ZFLNCT00091|gene_type|ZFLNC	.	-	 	 BrainRep1 	 Pre-capture
chr1	5194953	5196662	Pilot_dr:LOC_000000034592	0	-	chr1	5196443	5196721	gene_id|ZFLNCT00090,ZFLNCT00091|gene_type|ZFLNC	.	-	 	 BrainRep1 	 Pre-capture
chr1	13364804	13365276	Pilot_dr:LOC_000000017077	0	-	chr1	13364806	13365197	gene_id|ZFLNCT00238,ZFLNCT00239,ZFLNCT00240,ZFLNCT00241|gene_type|ZFLNC	.	-	 	 BrainRep1 	 Pre-capture
chr1	19253058	19264986	Pilot_dr:LOC_000000033575	0	+	chr1	19253027	19253362	gene_id|ZFLNCT00327|gene_type|ZFLNC	.	+	 	 BrainRep1 	 Pre-capture
chr1	19253058	19264986	Pilot_dr:LOC_000000033575	0	+	chr1	19264782	19264970	gene_id|ZFLNCT00327|gene_type|ZFLNC	.	+	 	 BrainRep1 	 Pre-capture
chr1	51273600	51274492	Pilot_dr:LOC_000000039959	0	-	chr1	51273664	51274980	gene_id|ZFLNCT00822,ZFLNCT00823|gene_type|ZFLNC	.	-	 	 BrainRep1 	 Pre-capture
chr1	56325832	56326805	Pilot_dr:LOC_000000042825	0	-	chr1	56325836	56326072	gene_id|ZFLNCT00976|gene_type|ZFLNC	.	-	 	 BrainRep1 	 Pre-capture
chr1	56325832	56326805	Pilot_dr:LOC_000000042825	0	-	chr1	56326474	56326820	gene_id|ZFLNCT00976|gene_type|ZFLNC	.	-	 	 BrainRep1 	 Pre-capture
chr1	59042610	59047398	Pilot_dr:LOC_000000070818	0	-	chr1	59042799	59042930	gene_id|ZFLNCT01082|gene_type|ZFLNC	.	-	 	 BrainRep1 	 Pre-capture
chr1	59042610	59047398	Pilot_dr:LOC_000000070818	0	-	chr1	59046548	59046630	gene_id|ZFLNCT01082|gene_type|ZFLNC	.	-	 	 BrainRep1 	 Pre-capture
chr10	2402452	2403225	Pilot_dr:LOC_000000072091	0	+	chr10	2402308	2402664	gene_id|ZFLNCT09413,ZFLNCT09414|gene_type|ZFLNC	.	+	 	 BrainRep1 	 Pre-capture
chr10	2402452	2403225	Pilot_dr:LOC_000000072091	0	+	chr10	2402879	2404778	gene_id|ZFLNCT09414,ZFLNCT09413|gene_type|ZFLNC	.	+	 	 BrainRep1 	 Pre-capture
chr10	4611348	4641900	Pilot_dr:LOC_000000018870	0	-	chr10	4611098	4611664	gene_id|chr9.101185449.101185557+.GIGA.-|gene_type|GIGA	.	-	 	 BrainRep1 	 Pre-capture
chr10	4699631	4802107	Pilot_dr:LOC_000000015754	0	+	chr10	4797417	4798032	gene_id|chr9.109923734.109923849+.GIGA.+|gene_type|GIGA	.	+	 	 BrainRep1 	 Pre-capture
chr10	10287443	10287983	Pilot_dr:LOC_000000041074	0	-	chr10	10287455	10288683	gene_id|ZFLNCT09530|gene_type|ZFLNC	.	-	 	 BrainRep1 	 Pre-capture
chr10	18274814	18275072	Pilot_dr:LOC_000000035090	0	-	chr10	18274014	18282956	gene_id|ZFLNCT09634|gene_type|ZFLNC	.	-	 	 BrainRep1 	 Pre-capture
chr10	28460333	28460441	Pilot_dr:LOC_000000056780	0	-	chr10	28460213	28461265	gene_id|ZFLNCT09814|gene_type|ZFLNC	.	-	 	 BrainRep1 	 Pre-capture
chr10	38030927	38031639	Pilot_dr:LOC_000000088370	0	-	chr10	38029360	38033736	gene_id|ZFLNCT09929,ZFLNCT09930,ZFLNCT09931,ZFLNCT09932,ZFLNCT09933,ZFLNCT09934,ZFLNCT09935,ZFLNCT09936,ZFLNCT09937,ZFLNCT09938|gene_type|ZFLNC	.	-	 	 BrainRep1 	 Pre-capture
chr10	42476869	42477242	Pilot_dr:LOC_000000077727	0	+	chr10	42473257	42477259	gene_id|ZFLNCT10007,ZFLNCT10009,ZFLNCT10009|gene_type|ZFLNC	.	+	 	 BrainRep1 	 Pre-capture
chr11	38150093	38150593	Pilot_dr:LOC_000000071183	0	-	chr11	38149889	38191108	gene_id|ZFLNCT10557,ZFLNCT10559,ZFLNCT10558,ZFLNCT10561,ZFLNCT10560,ZFLNCT10562,ZFLNCT10557,ZFLNCT10558,ZFLNCT10559,ENSDART00000115765,ZFLNCT10557,ZFLNCT10560,ZFLNCT10561,ZFLNCT10558|gene_type|multiple	.	-	 	 BrainRep1 	 Pre-capture
chr11	38154281	38160309	Pilot_dr:LOC_000000053740	0	-	chr11	38149889	38191108	gene_id|ZFLNCT10557,ZFLNCT10559,ZFLNCT10558,ZFLNCT10561,ZFLNCT10560,ZFLNCT10562,ZFLNCT10557,ZFLNCT10558,ZFLNCT10559,ENSDART00000115765,ZFLNCT10557,ZFLNCT10560,ZFLNCT10561,ZFLNCT10558|gene_type|multiple	.	-	 	 BrainRep1 	 Pre-capture
chr11	40948480	41039204	Pilot_dr:LOC_000000017635	0	+	chr11	40948472	40948649	gene_id|ZFLNCT10588,ZFLNCT10589|gene_type|ZFLNC	.	+	 	 BrainRep1 	 Pre-capture
chr11	40948480	41039204	Pilot_dr:LOC_000000017635	0	+	chr11	40948933	40948990	gene_id|ZFLNCT10584,ZFLNCT10586,ZFLNCT10588,ZFLNCT10589|gene_type|ZFLNC	.	+	 	 BrainRep1 	 Pre-capture
chr11	40948480	41039204	Pilot_dr:LOC_000000017635	0	+	chr11	40949338	40950147	gene_id|ZFLNCT10588,ZFLNCT10589,ZFLNCT10584,ZFLNCT10586|gene_type|ZFLNC	.	+	 	 BrainRep1 	 Pre-capture
chr11	40948480	41039204	Pilot_dr:LOC_000000017635	0	+	chr11	40955839	40956123	gene_id|ZFLNCT10589|gene_type|ZFLNC	.	+	 	 BrainRep1 	 Pre-capture
chr11	42042557	42044352	Pilot_dr:LOC_000000022595	0	-	chr11	42042562	42044281	gene_id|ZFLNCT10614|gene_type|ZFLNC	.	-	 	 BrainRep1 	 Pre-capture
chr11	43722976	43737851	Pilot_dr:LOC_000000025514	0	-	chr11	43725891	43726515	gene_id|chr1.225862454.225862578-.GIGA.-|gene_type|GIGA	.	-	 	 BrainRep1 	 Pre-capture
chr12	3472607	3543790	Pilot_dr:LOC_000000065620	0	-	chr12	3519168	3519230	gene_id|ZFLNCT10769|gene_type|ZFLNC	.	-	 	 BrainRep1 	 Pre-capture
chr12	3472607	3543790	Pilot_dr:LOC_000000065620	0	-	chr12	3543617	3544016	gene_id|ZFLNCT10769|gene_type|ZFLNC	.	-	 	 BrainRep1 	 Pre-capture
chr12	7519722	7520221	Pilot_dr:LOC_000000033232	0	+	chr12	7519997	7520603	gene_id|chr10.70554487.70554929-.NONCODE.+|gene_type|NONCODE	.	+	 	 BrainRep1 	 Pre-capture
chr12	32541002	32546505	Pilot_dr:LOC_000000074409	0	-	chr12	32541342	32542298	gene_id|ZFLNCT11106|gene_type|ZFLNC	.	-	 	 BrainRep1 	 Pre-capture
chr12	32541002	32546505	Pilot_dr:LOC_000000074409	0	-	chr12	32546188	32546455	gene_id|ZFLNCT11106|gene_type|ZFLNC	.	-	 	 BrainRep1 	 Pre-capture
chr12	46004153	46011260	Pilot_dr:LOC_000000078268	0	-	chr12	46003793	46004621	gene_id|ZFLNCT11300,ZFLNCT11301|gene_type|ZFLNC	.	-	 	 BrainRep1 	 Pre-capture
chr12	46004153	46011260	Pilot_dr:LOC_000000078268	0	-	chr12	46009948	46010049	gene_id|ZFLNCT11300,ZFLNCT11301|gene_type|ZFLNC	.	-	 	 BrainRep1 	 Pre-capture
chr12	46004153	46011260	Pilot_dr:LOC_000000078268	0	-	chr12	46010542	46010611	gene_id|ZFLNCT11300,ZFLNCT11301|gene_type|ZFLNC	.	-	 	 BrainRep1 	 Pre-capture
chr12	46004153	46011260	Pilot_dr:LOC_000000078268	0	-	chr12	46010965	46011065	gene_id|ZFLNCT11300,ZFLNCT11301|gene_type|ZFLNC	.	-	 	 BrainRep1 	 Pre-capture
chr12	46004153	46011260	Pilot_dr:LOC_000000078268	0	-	chr12	46011179	46011225	gene_id|ZFLNCT11300,ZFLNCT11301|gene_type|ZFLNC	.	-	 	 BrainRep1 	 Pre-capture
chr12	48271483	48282146	Pilot_dr:LOC_000000007624	0	+	chr12	48277333	48277899	gene_id|chr5.134612690.134612756-.GIGA.+|gene_type|GIGA	.	+	 	 BrainRep1 	 Pre-capture
chr13	31794720	31800075	Pilot_dr:LOC_000000072707	0	-	chr13	31800032	31800146	gene_id|ZFLNCT11775|gene_type|ZFLNC	.	-	 	 BrainRep1 	 Pre-capture
chr13	46285678	46288276	Pilot_dr:LOC_000000083159	0	-	chr13	46285695	46286181	gene_id|ZFLNCT11950|gene_type|ZFLNC	.	-	 	 BrainRep1 	 Pre-capture
chr13	46285678	46288276	Pilot_dr:LOC_000000083159	0	-	chr13	46288235	46288321	gene_id|ZFLNCT11950|gene_type|ZFLNC	.	-	 	 BrainRep1 	 Pre-capture
chr13	49227885	49228419	Pilot_dr:LOC_000000057869	0	-	chr13	49227878	49229780	gene_id|ZFLNCT11990|gene_type|ZFLNC	.	-	 	 BrainRep1 	 Pre-capture
chr13	51741718	51794695	Pilot_dr:LOC_000000068586	0	+	chr13	51741554	51742137	gene_id|ZFLNCT12034,ZFLNCT12035,ZFLNCT12036|gene_type|ZFLNC	.	+	 	 BrainRep1 	 Pre-capture
chr13	51741718	51794695	Pilot_dr:LOC_000000068586	0	+	chr13	51767171	51767383	gene_id|ZFLNCT12034|gene_type|ZFLNC	.	+	 	 BrainRep1 	 Pre-capture
chr14	4929406	4933248	Pilot_dr:LOC_000000025512	0	+	chr14	4932387	4933355	gene_id|ZFLNCT12131|gene_type|ZFLNC	.	+	 	 BrainRep1 	 Pre-capture
chr14	27659817	27714148	Pilot_dr:LOC_000000010098	0	-	chr14	27698025	27698259	gene_id|ZFLNCT12408|gene_type|ZFLNC	.	-	 	 BrainRep1 	 Pre-capture
chr14	27659817	27714148	Pilot_dr:LOC_000000010098	0	-	chr14	27713934	27714037	gene_id|ZFLNCT12408|gene_type|ZFLNC	.	-	 	 BrainRep1 	 Pre-capture
chr14	50985657	50986145	Pilot_dr:LOC_000000050021	0	+	chr14	50985668	50986385	gene_id|chr14.47726566.47726783+.UCNE.+|gene_type|UCNE	.	+	 	 BrainRep1 	 Pre-capture
chr14	51896998	51898476	Pilot_dr:LOC_000000032297	0	+	chr14	51897474	51898358	gene_id|ZFLNCT12764|gene_type|ZFLNC	.	+	 	 BrainRep1 	 Pre-capture
chr15	1221889	1281048	Pilot_dr:LOC_000000007852	0	+	chr15	1221905	1221978	gene_id|ZFLNCT12802|gene_type|ZFLNC	.	+	 	 BrainRep1 	 Pre-capture
chr15	1221889	1281048	Pilot_dr:LOC_000000007852	0	+	chr15	1229537	1229587	gene_id|ZFLNCT12802|gene_type|ZFLNC	.	+	 	 BrainRep1 	 Pre-capture
chr15	1221889	1281048	Pilot_dr:LOC_000000007852	0	+	chr15	1234544	1234632	gene_id|ZFLNCT12802|gene_type|ZFLNC	.	+	 	 BrainRep1 	 Pre-capture
chr15	11177403	11179871	Pilot_dr:LOC_000000010819	0	-	chr15	11178944	11179533	gene_id|chr7.93080551.93080725+.NONCODE.-|gene_type|NONCODE	.	-	 	 BrainRep1 	 Pre-capture
chr15	11179097	11180048	Pilot_dr:LOC_000000027017	0	+	chr15	11178841	11179837	gene_id|chr7.93079890.93081027-.NONCODE.+,chr7.93079890.93080794-.NONCODE.+|gene_type|NONCODE	.	+	 	 BrainRep1 	 Pre-capture
chr15	24919676	24922422	Pilot_dr:LOC_000000058796	0	-	chr15	24920538	24920638	gene_id|ZFLNCT13099,ZFLNCT13101,ZFLNCT13102|gene_type|ZFLNC	.	-	 	 BrainRep1 	 Pre-capture
chr15	24919676	24922422	Pilot_dr:LOC_000000058796	0	-	chr15	24920749	24922448	gene_id|ZFLNCT13101,ZFLNCT13099,ZFLNCT13102|gene_type|ZFLNC	.	-	 	 BrainRep1 	 Pre-capture
chr15	27660492	27671510	Pilot_dr:LOC_000000009619	0	-	chr15	27667869	27668592	gene_id|chr15.27017007.27017230+.UCNE.-|gene_type|UCNE	.	-	 	 BrainRep1 	 Pre-capture
chr15	40474115	40549320	Pilot_dr:LOC_000000003924	0	+	chr15	40548468	40548566	gene_id|ZFLNCT13359|gene_type|ZFLNC	.	+	 	 BrainRep1 	 Pre-capture
chr15	43644311	43644424	Pilot_dr:LOC_000000056717	0	-	chr15	43643844	43650523	gene_id|ZFLNCT13422|gene_type|ZFLNC	.	-	 	 BrainRep1 	 Pre-capture
chr15	47597206	47597801	Pilot_dr:LOC_000000020776	0	+	chr15	47597484	47598051	gene_id|chr11.117338599.117338668+.GIGA.+|gene_type|GIGA	.	+	 	 BrainRep1 	 Pre-capture
chr16	128297	128868	Pilot_dr:LOC_000000087783	0	+	chr16	127971	129026	gene_id|ZFLNCT13546|gene_type|ZFLNC	.	+	 	 BrainRep1 	 Pre-capture
chr16	6247903	6249214	Pilot_dr:LOC_000000087806	0	-	chr16	6248023	6248047	gene_id|ZFLNCT13677|gene_type|ZFLNC	.	-	 	 BrainRep1 	 Pre-capture
chr16	6247903	6249214	Pilot_dr:LOC_000000087806	0	-	chr16	6249005	6249246	gene_id|ZFLNCT13677|gene_type|ZFLNC	.	-	 	 BrainRep1 	 Pre-capture
chr16	10379145	10379821	Pilot_dr:LOC_000000071571	0	+	chr16	10378331	10379821	gene_id|ZFLNCT13714|gene_type|ZFLNC	.	+	 	 BrainRep1 	 Pre-capture
chr16	13942082	13945564	Pilot_dr:LOC_000000020381	0	+	chr16	13942073	13942237	gene_id|ZFLNCT13763|gene_type|ZFLNC	.	+	 	 BrainRep1 	 Pre-capture
chr16	13942082	13945564	Pilot_dr:LOC_000000020381	0	+	chr16	13944866	13945576	gene_id|ZFLNCT13763|gene_type|ZFLNC	.	+	 	 BrainRep1 	 Pre-capture
chr16	16708152	16714660	Pilot_dr:LOC_000000012133	0	+	chr16	16708151	16708249	gene_id|ZFLNCT13794|gene_type|ZFLNC	.	+	 	 BrainRep1 	 Pre-capture
chr16	16708152	16714660	Pilot_dr:LOC_000000012133	0	+	chr16	16713949	16714418	gene_id|ZFLNCT13794|gene_type|ZFLNC	.	+	 	 BrainRep1 	 Pre-capture
chr16	36489193	36568890	Pilot_dr:LOC_000000039750	0	+	chr16	36548027	36548541	gene_id|ZFLNCT14127,ZFLNCT14128,ZFLNCT14130|gene_type|ZFLNC	.	+	 	 BrainRep1 	 Pre-capture
chr16	36489193	36568890	Pilot_dr:LOC_000000039750	0	+	chr16	36556435	36557880	gene_id|ZFLNCT14127,ZFLNCT14128,ZFLNCT14130|gene_type|ZFLNC	.	+	 	 BrainRep1 	 Pre-capture
chr16	36489193	36568890	Pilot_dr:LOC_000000039750	0	+	chr16	36560692	36560760	gene_id|ZFLNCT14131|gene_type|ZFLNC	.	+	 	 BrainRep1 	 Pre-capture
chr16	41142785	41144121	Pilot_dr:LOC_000000040770	0	+	chr16	41142863	41142956	gene_id|ZFLNCT14224|gene_type|ZFLNC	.	+	 	 BrainRep1 	 Pre-capture
chr16	41142785	41144121	Pilot_dr:LOC_000000040770	0	+	chr16	41143180	41143243	gene_id|ZFLNCT14224|gene_type|ZFLNC	.	+	 	 BrainRep1 	 Pre-capture
chr16	41142785	41144121	Pilot_dr:LOC_000000040770	0	+	chr16	41143555	41143756	gene_id|ZFLNCT14224|gene_type|ZFLNC	.	+	 	 BrainRep1 	 Pre-capture
chr16	53962177	53986615	Pilot_dr:LOC_000000033746	0	-	chr16	53979480	53979683	gene_id|ZFLNCT14423|gene_type|ZFLNC	.	-	 	 BrainRep1 	 Pre-capture
chr16	54531516	54532997	Pilot_dr:LOC_000000011221	0	+	chr16	54531512	54532705	gene_id|ZFLNCT14438|gene_type|ZFLNC	.	+	 	 BrainRep1 	 Pre-capture
chr17	1316503	1316875	Pilot_dr:LOC_000000045958	0	+	chr17	1316311	1317425	gene_id|ZFLNCT14465,ZFLNCT14466|gene_type|ZFLNC	.	+	 	 BrainRep1 	 Pre-capture
chr17	2429702	2432987	Pilot_dr:LOC_000000011307	0	+	chr17	2431386	2432980	gene_id|ZFLNCT14476|gene_type|ZFLNC	.	+	 	 BrainRep1 	 Pre-capture
chr17	2431198	2432984	Pilot_dr:LOC_000000033688	0	-	chr17	2431244	2436278	gene_id|ZFLNCT14475|gene_type|ZFLNC	.	-	 	 BrainRep1 	 Pre-capture
chr17	13413709	13439107	Pilot_dr:LOC_000000052159	0	-	chr17	13413629	13414425	gene_id|ZFLNCT14589,ZFLNCT14590|gene_type|ZFLNC	.	-	 	 BrainRep1 	 Pre-capture
chr17	13413709	13439107	Pilot_dr:LOC_000000052159	0	-	chr17	13439022	13439123	gene_id|ZFLNCT14589,ZFLNCT14590|gene_type|ZFLNC	.	-	 	 BrainRep1 	 Pre-capture
chr17	18399991	18401138	Pilot_dr:LOC_000000029388	0	-	chr17	18400712	18401370	gene_id|chr17.18231115.18231273+.UCNE.-|gene_type|UCNE	.	-	 	 BrainRep1 	 Pre-capture
chr17	33133838	33136363	Pilot_dr:LOC_000000016407	0	-	chr17	33133819	33134556	gene_id|ZFLNCT14915|gene_type|ZFLNC	.	-	 	 BrainRep1 	 Pre-capture
chr17	33133838	33136363	Pilot_dr:LOC_000000016407	0	-	chr17	33135935	33138376	gene_id|ZFLNCT14915|gene_type|ZFLNC	.	-	 	 BrainRep1 	 Pre-capture
chr17	34674761	34675558	Pilot_dr:LOC_000000017096	0	+	chr17	34674680	34675436	gene_id|ZFLNCT14927|gene_type|ZFLNC	.	+	 	 BrainRep1 	 Pre-capture
chr17	51361325	51418528	Pilot_dr:LOC_000000014097	0	+	chr17	51416465	51416766	gene_id|ZFLNCT15125,ZFLNCT15126|gene_type|ZFLNC	.	+	 	 BrainRep1 	 Pre-capture
chr17	51361325	51418528	Pilot_dr:LOC_000000014097	0	+	chr17	51417917	51417965	gene_id|ZFLNCT15125,ZFLNCT15126|gene_type|ZFLNC	.	+	 	 BrainRep1 	 Pre-capture
chr17	51361325	51418528	Pilot_dr:LOC_000000014097	0	+	chr17	51418090	51418404	gene_id|ZFLNCT15125,ZFLNCT15126|gene_type|ZFLNC	.	+	 	 BrainRep1 	 Pre-capture
chr17	52119111	52120665	Pilot_dr:LOC_000000026905	0	-	chr17	52119574	52121058	gene_id|ZFLNCT15139|gene_type|ZFLNC	.	-	 	 BrainRep1 	 Pre-capture
chr17	52153671	52154827	Pilot_dr:LOC_000000079266	0	-	chr17	52153983	52154509	gene_id|chr12.86214333.86214359-.NONCODE.-|gene_type|NONCODE	.	-	 	 BrainRep1 	 Pre-capture
chr17	53241500	53247084	Pilot_dr:LOC_000000033128	0	+	chr17	53241238	53241868	gene_id|chr14.75088479.75088641-.GIGA.+|gene_type|GIGA	.	+	 	 BrainRep1 	 Pre-capture
chr18	2941525	2941880	Pilot_dr:LOC_000000079356	0	+	chr18	2941464	2942116	gene_id|chr7.100841472.100841628+.NONCODE.+|gene_type|NONCODE	.	+	 	 BrainRep1 	 Pre-capture
chr18	3789172	3805256	Pilot_dr:LOC_000000032378	0	+	chr18	3803734	3807627	gene_id|chr9.73933477.73933809-.NONCODE.+,chr15.54012647.54015886+.GIGA.+,chr15.54012684.54015886+.GIGA.+|gene_type|multiple	.	+	 	 BrainRep1 	 Pre-capture
chr18	5037918	5065727	Pilot_dr:LOC_000000008463	0	+	chr18	5041943	5042453	gene_id|ZFLNCT15251|gene_type|ZFLNC	.	+	 	 BrainRep1 	 Pre-capture
chr18	6097943	6099330	Pilot_dr:LOC_000000085199	0	-	chr18	6096755	6099144	gene_id|ZFLNCT15283,ZFLNCT15284|gene_type|ZFLNC	.	-	 	 BrainRep1 	 Pre-capture
chr18	6097943	6099330	Pilot_dr:LOC_000000085199	0	-	chr18	6099218	6099391	gene_id|ZFLNCT15284,ZFLNCT15283|gene_type|ZFLNC	.	-	 	 BrainRep1 	 Pre-capture
chr18	8495221	8496015	Pilot_dr:LOC_000000014043	0	-	chr18	8495159	8495963	gene_id|chr2.4613109.4613934+.NONCODE.-|gene_type|NONCODE	.	-	 	 BrainRep1 	 Pre-capture
chr18	14761685	14765880	Pilot_dr:LOC_000000031177	0	-	chr18	14763903	14764004	gene_id|ZFLNCT15386|gene_type|ZFLNC	.	-	 	 BrainRep1 	 Pre-capture
chr18	14761685	14765880	Pilot_dr:LOC_000000031177	0	-	chr18	14765558	14765883	gene_id|ZFLNCT15386|gene_type|ZFLNC	.	-	 	 BrainRep1 	 Pre-capture
chr18	28163497	28238479	Pilot_dr:LOC_000000009458	0	-	chr18	28204344	28204351	gene_id|ZFLNCT15600|gene_type|ZFLNC	.	-	 	 BrainRep1 	 Pre-capture
chr18	28163497	28238479	Pilot_dr:LOC_000000009458	0	-	chr18	28221366	28221748	gene_id|ZFLNCT15600|gene_type|ZFLNC	.	-	 	 BrainRep1 	 Pre-capture
chr18	38403441	38575474	Pilot_dr:LOC_000000049971	0	+	chr18	38409780	38410440	gene_id|chr18.36847319.36847479+.UCNE.+|gene_type|UCNE	.	+	 	 BrainRep1 	 Pre-capture
chr18	38403441	38575474	Pilot_dr:LOC_000000049971	0	+	chr18	38511668	38512373	gene_id|chr18.36949207.36949412+.UCNE.+|gene_type|UCNE	.	+	 	 BrainRep1 	 Pre-capture
chr18	38403441	38575474	Pilot_dr:LOC_000000049971	0	+	chr18	38515139	38518601	gene_id|chr18.36952678.36952881+.UCNE.+,ZFLNCT15672.+,ZFLNCT15673.+|gene_type|multiple	.	+	 	 BrainRep1 	 Pre-capture
chr18	39854207	39869970	Pilot_dr:LOC_000000069894	0	-	chr18	39854487	39855227	gene_id|ZFLNCT15690|gene_type|ZFLNC	.	-	 	 BrainRep1 	 Pre-capture
chr18	39854207	39869970	Pilot_dr:LOC_000000069894	0	-	chr18	39859086	39859108	gene_id|ZFLNCT15690|gene_type|ZFLNC	.	-	 	 BrainRep1 	 Pre-capture
chr18	43450069	43453445	Pilot_dr:LOC_000000033206	0	+	chr18	43450087	43456039	gene_id|ZFLNCT15726|gene_type|ZFLNC	.	+	 	 BrainRep1 	 Pre-capture
chr18	47062500	47062665	Pilot_dr:LOC_000000066168	0	-	chr18	47062499	47065867	gene_id|ZFLNCT15791|gene_type|ZFLNC	.	-	 	 BrainRep1 	 Pre-capture
chr18	47181127	47181918	Pilot_dr:LOC_000000033822	0	+	chr18	47180988	47183076	gene_id|ZFLNCT15792|gene_type|ZFLNC	.	+	 	 BrainRep1 	 Pre-capture
chr18	47716292	47885930	Pilot_dr:LOC_000000011841	0	-	chr18	47874535	47877879	gene_id|ZFLNCT15811|gene_type|ZFLNC	.	-	 	 BrainRep1 	 Pre-capture
chr18	47716292	47885930	Pilot_dr:LOC_000000011841	0	-	chr18	47881952	47886086	gene_id|ZFLNCT15812|gene_type|ZFLNC	.	-	 	 BrainRep1 	 Pre-capture
chr19	6428767	6441323	Pilot_dr:LOC_000000073291	0	+	chr19	6440411	6445005	gene_id|ZFLNCT16055,ZFLNCT16056,ZFLNCT16055|gene_type|ZFLNC	.	+	 	 BrainRep1 	 Pre-capture
chr19	18970152	18978279	Pilot_dr:LOC_000000070840	0	+	chr19	18975668	18975897	gene_id|ZFLNCT16217,ZFLNCT16218,ZFLNCT16219,ZFLNCT16220|gene_type|ZFLNC	.	+	 	 BrainRep1 	 Pre-capture
chr19	18970152	18978279	Pilot_dr:LOC_000000070840	0	+	chr19	18977727	18978279	gene_id|ZFLNCT16217,ZFLNCT16218,ZFLNCT16219,ZFLNCT16220|gene_type|ZFLNC	.	+	 	 BrainRep1 	 Pre-capture
chr19	29606515	29734441	Pilot_dr:LOC_000000077459	0	+	chr19	29606518	29607003	gene_id|ZFLNCT16448,ZFLNCT16450|gene_type|ZFLNC	.	+	 	 BrainRep1 	 Pre-capture
chr19	29750137	29754394	Pilot_dr:LOC_000000039011	0	-	chr19	29750328	29750867	gene_id|ZFLNCT16465,ZFLNCT16466|gene_type|ZFLNC	.	-	 	 BrainRep1 	 Pre-capture
chr19	29750137	29754394	Pilot_dr:LOC_000000039011	0	-	chr19	29754092	29754368	gene_id|ZFLNCT16466|gene_type|ZFLNC	.	-	 	 BrainRep1 	 Pre-capture
chr19	47760891	47761502	Pilot_dr:LOC_000000012059	0	-	chr19	47760897	47761491	gene_id|ZFLNCT16723|gene_type|ZFLNC	.	-	 	 BrainRep1 	 Pre-capture
chr2	472441	479640	Pilot_dr:LOC_000000005936	0	+	chr2	472386	472573	gene_id|ZFLNCT01110,ZFLNCT01111|gene_type|ZFLNC	.	+	 	 BrainRep1 	 Pre-capture
chr2	18830932	18855537	Pilot_dr:LOC_000000054317	0	+	chr2	18855037	18855795	gene_id|chr2.19643635.19643893+.UCNE.+|gene_type|UCNE	.	+	 	 BrainRep1 	 Pre-capture
chr2	36752734	36753560	Pilot_dr:LOC_000000027979	0	-	chr2	36747994	36753894	gene_id|ZFLNCT01675|gene_type|ZFLNC	.	-	 	 BrainRep1 	 Pre-capture
chr2	39845887	39850564	Pilot_dr:LOC_000000035776	0	-	chr2	39846697	39846990	gene_id|ZFLNCT01726|gene_type|ZFLNC	.	-	 	 BrainRep1 	 Pre-capture
chr2	43570172	43571657	Pilot_dr:LOC_000000074969	0	-	chr2	43569686	43571760	gene_id|ZFLNCT01798,ZFLNCT01800,ZFLNCT01799|gene_type|ZFLNC	.	-	 	 BrainRep1 	 Pre-capture
chr2	50774386	50790595	Pilot_dr:LOC_000000003944	0	-	chr2	50774409	50774818	gene_id|ZFLNCT01918|gene_type|ZFLNC	.	-	 	 BrainRep1 	 Pre-capture
chr2	50774386	50790595	Pilot_dr:LOC_000000003944	0	-	chr2	50789077	50789146	gene_id|ZFLNCT01918|gene_type|ZFLNC	.	-	 	 BrainRep1 	 Pre-capture
chr2	50774386	50790595	Pilot_dr:LOC_000000003944	0	-	chr2	50790090	50790237	gene_id|ZFLNCT01918,ZFLNCT01919|gene_type|ZFLNC	.	-	 	 BrainRep1 	 Pre-capture
chr2	50774386	50790595	Pilot_dr:LOC_000000003944	0	-	chr2	50790342	50790598	gene_id|ZFLNCT01918,ZFLNCT01919|gene_type|ZFLNC	.	-	 	 BrainRep1 	 Pre-capture
chr20	10347894	10348798	Pilot_dr:LOC_000000028543	0	-	chr20	10347783	10354749	gene_id|ZFLNCT16853,ZFLNCT16854,ENSDART00000152821,chr12-105487604-105487911+NONCODE,ENSDART00000179744|gene_type|multiple	.	-	 	 BrainRep1 	 Pre-capture
chr21	856428	874278	Pilot_dr:LOC_000000040651	0	-	chr21	870103	870803	gene_id|chr21.1166596.1166796+.UCNE.-|gene_type|UCNE	.	-	 	 BrainRep1 	 Pre-capture
chr21	1684796	1685412	Pilot_dr:LOC_000000066697	0	-	chr21	1685380	1686496	gene_id|chr18.64394902.64396727+.NONCODE.-|gene_type|NONCODE	.	-	 	 BrainRep1 	 Pre-capture
chr21	7406950	7440471	Pilot_dr:LOC_000000006956	0	+	chr21	7416672	7417537	gene_id|chr7.29292732.29293097+.UCNE.+|gene_type|UCNE	.	+	 	 BrainRep1 	 Pre-capture
chr21	15474744	15572682	Pilot_dr:LOC_000000029427	0	-	chr21	15474456	15474949	gene_id|ZFLNCT17864|gene_type|ZFLNC	.	-	 	 BrainRep1 	 Pre-capture
chr21	15474744	15572682	Pilot_dr:LOC_000000029427	0	-	chr21	15572459	15572535	gene_id|ZFLNCT17864|gene_type|ZFLNC	.	-	 	 BrainRep1 	 Pre-capture
chr21	15474744	15572682	Pilot_dr:LOC_000000029427	0	-	chr21	15572620	15572656	gene_id|ZFLNCT17864|gene_type|ZFLNC	.	-	 	 BrainRep1 	 Pre-capture
chr21	16730692	16734532	Pilot_dr:LOC_000000025972	0	-	chr21	16729381	16731613	gene_id|ZFLNCT17888,ZFLNCT17890|gene_type|ZFLNC	.	-	 	 BrainRep1 	 Pre-capture
chr21	16730692	16734532	Pilot_dr:LOC_000000025972	0	-	chr21	16734143	16734248	gene_id|ZFLNCT17890,ZFLNCT17888|gene_type|ZFLNC	.	-	 	 BrainRep1 	 Pre-capture
chr21	20961497	20961611	Pilot_dr:LOC_000000035943	0	-	chr21	20958898	20963189	gene_id|ZFLNCT17956|gene_type|ZFLNC	.	-	 	 BrainRep1 	 Pre-capture
chr21	24679069	24679326	Pilot_dr:LOC_000000081457	0	-	chr21	24679050	24686215	gene_id|ZFLNCT18014|gene_type|ZFLNC	.	-	 	 BrainRep1 	 Pre-capture
chr21	45420706	45420995	Pilot_dr:LOC_000000061107	0	+	chr21	45420373	45421096	gene_id|chr21.44106509.44106732+.UCNE.+|gene_type|UCNE	.	+	 	 BrainRep1 	 Pre-capture
chr22	4064592	4080097	Pilot_dr:LOC_000000087430	0	+	chr22	4064601	4064810	gene_id|ZFLNCT18473,ZFLNCT18474|gene_type|ZFLNC	.	+	 	 BrainRep1 	 Pre-capture
chr22	4064592	4080097	Pilot_dr:LOC_000000087430	0	+	chr22	4066166	4066260	gene_id|ZFLNCT18473,ZFLNCT18474|gene_type|ZFLNC	.	+	 	 BrainRep1 	 Pre-capture
chr22	4064592	4080097	Pilot_dr:LOC_000000087430	0	+	chr22	4079479	4079507	gene_id|ZFLNCT18473,ZFLNCT18474|gene_type|ZFLNC	.	+	 	 BrainRep1 	 Pre-capture
chr22	4064592	4080097	Pilot_dr:LOC_000000087430	0	+	chr22	4079586	4079740	gene_id|ZFLNCT18473,ZFLNCT18474|gene_type|ZFLNC	.	+	 	 BrainRep1 	 Pre-capture
chr22	9322720	9324115	Pilot_dr:LOC_000000070938	0	+	chr22	9322757	9323016	gene_id|ZFLNCT18568|gene_type|ZFLNC	.	+	 	 BrainRep1 	 Pre-capture
chr22	9322720	9324115	Pilot_dr:LOC_000000070938	0	+	chr22	9323781	9323817	gene_id|ZFLNCT18568|gene_type|ZFLNC	.	+	 	 BrainRep1 	 Pre-capture
chr22	12396941	12405441	Pilot_dr:LOC_000000040272	0	+	chr22	12399272	12399640	gene_id|ZFLNCT18627,ZFLNCT18628,ZFLNCT18629|gene_type|ZFLNC	.	+	 	 BrainRep1 	 Pre-capture
chr22	12396941	12405441	Pilot_dr:LOC_000000040272	0	+	chr22	12402887	12404125	gene_id|ZFLNCT18630,ZFLNCT18627,ZFLNCT18628,ZFLNCT18629|gene_type|ZFLNC	.	+	 	 BrainRep1 	 Pre-capture
chr22	12396941	12405441	Pilot_dr:LOC_000000040272	0	+	chr22	12404248	12405430	gene_id|ZFLNCT18629,ZFLNCT18627,ZFLNCT18628,ZFLNCT18630|gene_type|ZFLNC	.	+	 	 BrainRep1 	 Pre-capture
chr22	28783198	28789670	Pilot_dr:LOC_000000028044	0	-	chr22	28787312	28789599	gene_id|ZFLNCT18891,ZFLNCT18892,ZFLNCT18891|gene_type|ZFLNC	.	-	 	 BrainRep1 	 Pre-capture
chr22	34832283	34833069	Pilot_dr:LOC_000000065777	0	+	chr22	34832181	34833007	gene_id|chr22.37633930.37634256+.UCNE.+|gene_type|UCNE	.	+	 	 BrainRep1 	 Pre-capture
chr23	2167767	2168186	Pilot_dr:LOC_000000050164	0	+	chr23	2167073	2168442	gene_id|chr23.2184582.2185451+.UCNE.+|gene_type|UCNE	.	+	 	 BrainRep1 	 Pre-capture
chr23	3317153	3324909	Pilot_dr:LOC_000000044847	0	+	chr23	3317136	3317712	gene_id|ZFLNCT19151|gene_type|ZFLNC	.	+	 	 BrainRep1 	 Pre-capture
chr23	3317153	3324909	Pilot_dr:LOC_000000044847	0	+	chr23	3322946	3323053	gene_id|ZFLNCT19151|gene_type|ZFLNC	.	+	 	 BrainRep1 	 Pre-capture
chr23	3317153	3324909	Pilot_dr:LOC_000000044847	0	+	chr23	3323518	3326295	gene_id|ZFLNCT19151|gene_type|ZFLNC	.	+	 	 BrainRep1 	 Pre-capture
chr23	20829328	20829636	Pilot_dr:LOC_000000057017	0	-	chr23	20829345	20829634	gene_id|ZFLNCT19386,ZFLNCT19387|gene_type|ZFLNC	.	-	 	 BrainRep1 	 Pre-capture
chr23	28449790	28453673	Pilot_dr:LOC_000000025828	0	-	chr23	28433175	28453703	gene_id|ZFLNCT19511|gene_type|ZFLNC	.	-	 	 BrainRep1 	 Pre-capture
chr23	37118164	37128583	Pilot_dr:LOC_000000070537	0	+	chr23	37127874	37128513	gene_id|chr1.20310575.20310740+.GIGA.+|gene_type|GIGA	.	+	 	 BrainRep1 	 Pre-capture
chr23	41238047	41238602	Pilot_dr:LOC_000000052952	0	+	chr23	41238072	41238835	gene_id|chr23.41513643.41513906+.UCNE.+|gene_type|UCNE	.	+	 	 BrainRep1 	 Pre-capture
chr23	44024647	44030336	Pilot_dr:LOC_000000052346	0	+	chr23	44024429	44025539	gene_id|MULTI_40|gene_type|GIGA	.	+	 	 BrainRep1 	 Pre-capture
chr23	44024647	44030336	Pilot_dr:LOC_000000052346	0	+	chr23	44026597	44027185	gene_id|chr10.38640950.38641186-.GIGA.+,chr22.16428946.16429161-.GIGA.+,chr16.32435987.32436200+.GIGA.+|gene_type|GIGA	.	+	 	 BrainRep1 	 Pre-capture
chr24	2031805	2274559	Pilot_dr:LOC_000000069935	0	-	chr24	2074612	2075296	gene_id|chr10.42470081.42470268-.GIGA.-|gene_type|GIGA	.	-	 	 BrainRep1 	 Pre-capture
chr24	2988557	3009054	Pilot_dr:LOC_000000044115	0	+	chr24	3002867	3004041	gene_id|chr19.53904634.53906457+.GIGA.+|gene_type|GIGA	.	+	 	 BrainRep1 	 Pre-capture
chr24	4504721	4508590	Pilot_dr:LOC_000000015491	0	+	chr24	4504746	4508590	gene_id|ZFLNCT19978|gene_type|ZFLNC	.	+	 	 BrainRep1 	 Pre-capture
chr24	8267787	8273323	Pilot_dr:LOC_000000057978	0	+	chr24	8267583	8268075	gene_id|ZFLNCT20024,ZFLNCT20025,ZFLNCT20026,ZFLNCT20027|gene_type|ZFLNC	.	+	 	 BrainRep1 	 Pre-capture
chr24	8267787	8273323	Pilot_dr:LOC_000000057978	0	+	chr24	8272539	8273614	gene_id|ZFLNCT20025,ZFLNCT20026,ZFLNCT20024|gene_type|ZFLNC	.	+	 	 BrainRep1 	 Pre-capture
chr24	16193620	16194733	Pilot_dr:LOC_000000008947	0	+	chr24	16194414	16194730	gene_id|ZFLNCT20090|gene_type|ZFLNC	.	+	 	 BrainRep1 	 Pre-capture
chr24	17233288	17236328	Pilot_dr:LOC_000000044888	0	-	chr24	17233526	17234079	gene_id|ZFLNCT20131|gene_type|ZFLNC	.	-	 	 BrainRep1 	 Pre-capture
chr24	17233288	17236328	Pilot_dr:LOC_000000044888	0	-	chr24	17236177	17236200	gene_id|ZFLNCT20131|gene_type|ZFLNC	.	-	 	 BrainRep1 	 Pre-capture
chr24	23440889	23442441	Pilot_dr:LOC_000000087160	0	+	chr24	23440214	23442203	gene_id|chr8.76404114.76405050-.GIGA.+,chr24.24048553.24048830+.UCNE.+,chr8.76403255.76404494-.GIGA.+,chr8.76403161.76404494-.GIGA.+,chr8.76403582.76403676-.GIGA.+,chr8.76403516.76403541-.GIGA.+,chr8.76403254.76403457-.GIGA.+|gene_type|multiple	.	+	 	 BrainRep1 	 Pre-capture
chr24	24630095	24631111	Pilot_dr:LOC_000000028053	0	+	chr24	24629895	24630805	gene_id|chr24.25238093.25238503+.UCNE.+|gene_type|UCNE	.	+	 	 BrainRep1 	 Pre-capture
chr24	31709698	31710030	Pilot_dr:LOC_000000064971	0	-	chr24	31709501	31710091	gene_id|ZFLNCT20357|gene_type|ZFLNC	.	-	 	 BrainRep1 	 Pre-capture
chr24	32278027	32391886	Pilot_dr:LOC_000000026584	0	+	chr24	32277966	32278572	gene_id|chr2.182522276.182522386-.GIGA.+,chr2.182522275.182522386-.GIGA.+|gene_type|GIGA	.	+	 	 BrainRep1 	 Pre-capture
chr24	32278027	32391886	Pilot_dr:LOC_000000026584	0	+	chr24	32353083	32353697	gene_id|chr12.54566973.54567087+.GIGA.+|gene_type|GIGA	.	+	 	 BrainRep1 	 Pre-capture
chr24	32278027	32391886	Pilot_dr:LOC_000000026584	0	+	chr24	32374279	32375048	gene_id|chr2.182188978.182189060-.GIGA.+,chr2.182186467.182186588-.GIGA.+|gene_type|GIGA	.	+	 	 BrainRep1 	 Pre-capture
chr24	32708054	32708290	Pilot_dr:LOC_000000067769	0	-	chr24	32707441	32711384	gene_id|ZFLNCT20373|gene_type|ZFLNC	.	-	 	 BrainRep1 	 Pre-capture
chr24	33533498	33539912	Pilot_dr:LOC_000000087516	0	+	chr24	33533520	33543912	gene_id|ZFLNCT20384|gene_type|ZFLNC	.	+	 	 BrainRep1 	 Pre-capture
chr24	36764765	36767201	Pilot_dr:LOC_000000016828	0	+	chr24	36764772	36767204	gene_id|ZFLNCT20438|gene_type|ZFLNC	.	+	 	 BrainRep1 	 Pre-capture
chr24	40180974	40354112	Pilot_dr:LOC_000000082648	0	+	chr24	40209614	40210268	gene_id|ZFLNCT20521|gene_type|ZFLNC	.	+	 	 BrainRep1 	 Pre-capture
chr24	40209621	40210268	Pilot_dr:LOC_000000021958	0	+	chr24	40209614	40210268	gene_id|ZFLNCT20521|gene_type|ZFLNC	.	+	 	 BrainRep1 	 Pre-capture
chr25	5863113	5864767	Pilot_dr:LOC_000000012629	0	+	chr25	5862987	5864767	gene_id|ZFLNCT20718,ZFLNCT20719,ZFLNCT20718|gene_type|ZFLNC	.	+	 	 BrainRep1 	 Pre-capture
chr25	9078466	9080858	Pilot_dr:LOC_000000056106	0	+	chr25	9078486	9078513	gene_id|ZFLNCT20784|gene_type|ZFLNC	.	+	 	 BrainRep1 	 Pre-capture
chr25	9078466	9080858	Pilot_dr:LOC_000000056106	0	+	chr25	9079918	9081084	gene_id|ZFLNCT20784|gene_type|ZFLNC	.	+	 	 BrainRep1 	 Pre-capture
chr25	14796526	14839957	Pilot_dr:LOC_000000012445	0	-	chr25	14796428	14797263	gene_id|ZFLNCT20839,ZFLNCT20840|gene_type|ZFLNC	.	-	 	 BrainRep1 	 Pre-capture
chr25	14796526	14839957	Pilot_dr:LOC_000000012445	0	-	chr25	14813492	14814662	gene_id|chr25.15074419.15074473+.UCNE.-,chr25.15074622.15075089+.UCNE.-|gene_type|UCNE	.	-	 	 BrainRep1 	 Pre-capture
chr25	14796526	14839957	Pilot_dr:LOC_000000012445	0	-	chr25	14837838	14838654	gene_id|chr25.15098765.15099081+.UCNE.-|gene_type|UCNE	.	-	 	 BrainRep1 	 Pre-capture
chr25	14796526	14839957	Pilot_dr:LOC_000000012445	0	-	chr25	14839676	14840440	gene_id|ZFLNCT20840,chr2-106080907-106081040+NONCODE,chr25-15100662-15100867+UCNE|gene_type|multiple	.	-	 	 BrainRep1 	 Pre-capture
chr25	18309411	18314927	Pilot_dr:LOC_000000070647	0	+	chr25	18309315	18314927	gene_id|ZFLNCT20883,ZFLNCT20884,ZFLNCT20883,ZFLNCT20883|gene_type|ZFLNC	.	+	 	 BrainRep1 	 Pre-capture
chr25	29549455	29553467	Pilot_dr:LOC_000000069397	0	-	chr25	29549404	29550197	gene_id|ZFLNCT20983|gene_type|ZFLNC	.	-	 	 BrainRep1 	 Pre-capture
chr25	29549455	29553467	Pilot_dr:LOC_000000069397	0	-	chr25	29553089	29553377	gene_id|ZFLNCT20983|gene_type|ZFLNC	.	-	 	 BrainRep1 	 Pre-capture
chr25	34478092	34478436	Pilot_dr:LOC_000000052358	0	-	chr25	34477860	34478597	gene_id|chr15.31377491.31377898+.GIGA.-|gene_type|GIGA	.	-	 	 BrainRep1 	 Pre-capture
chr3	987864	988055	Pilot_dr:LOC_000000062994	0	+	chr3	986881	988055	gene_id|ZFLNCT02124|gene_type|ZFLNC	.	+	 	 BrainRep1 	 Pre-capture
chr3	5750049	5751430	Pilot_dr:LOC_000000084936	0	+	chr3	5750000	5750183	gene_id|ZFLNCT02250|gene_type|ZFLNC	.	+	 	 BrainRep1 	 Pre-capture
chr3	26590485	26636142	Pilot_dr:LOC_000000016894	0	-	chr3	26590954	26591033	gene_id|ZFLNCT02545|gene_type|ZFLNC	.	-	 	 BrainRep1 	 Pre-capture
chr3	26590485	26636142	Pilot_dr:LOC_000000016894	0	-	chr3	26634990	26636259	gene_id|ZFLNCT02543|gene_type|ZFLNC	.	-	 	 BrainRep1 	 Pre-capture
chr3	26635914	26637042	Pilot_dr:LOC_000000065085	0	+	chr3	26635820	26636197	gene_id|ZFLNCT02544|gene_type|ZFLNC	.	+	 	 BrainRep1 	 Pre-capture
chr3	26635914	26637042	Pilot_dr:LOC_000000065085	0	+	chr3	26636313	26636398	gene_id|ZFLNCT02544|gene_type|ZFLNC	.	+	 	 BrainRep1 	 Pre-capture
chr3	29397614	29398082	Pilot_dr:LOC_000000035593	0	+	chr3	29393465	29398151	gene_id|ZFLNCT02618|gene_type|ZFLNC	.	+	 	 BrainRep1 	 Pre-capture
chr3	42680665	42746869	Pilot_dr:LOC_000000069771	0	-	chr3	42681982	42682534	gene_id|ZFLNCT02875,ZFLNCT02876|gene_type|ZFLNC	.	-	 	 BrainRep1 	 Pre-capture
chr3	42680665	42746869	Pilot_dr:LOC_000000069771	0	-	chr3	42746407	42746784	gene_id|ZFLNCT02875,ZFLNCT02876|gene_type|ZFLNC	.	-	 	 BrainRep1 	 Pre-capture
chr3	54281535	54304222	Pilot_dr:LOC_000000021768	0	+	chr3	54289678	54289900	gene_id|ZFLNCT03001|gene_type|ZFLNC	.	+	 	 BrainRep1 	 Pre-capture
chr3	54281535	54304222	Pilot_dr:LOC_000000021768	0	+	chr3	54302483	54303624	gene_id|ZFLNCT03001|gene_type|ZFLNC	.	+	 	 BrainRep1 	 Pre-capture
chr3	54307355	54336752	Pilot_dr:LOC_000000025258	0	+	chr3	54332726	54336639	gene_id|ZFLNCT03002,ZFLNCT03003,ZFLNCT03003,ZFLNCT03003|gene_type|ZFLNC	.	+	 	 BrainRep1 	 Pre-capture
chr3	55386187	55387665	Pilot_dr:LOC_000000038255	0	+	chr3	55386215	55387657	gene_id|ZFLNCT03010|gene_type|ZFLNC	.	+	 	 BrainRep1 	 Pre-capture
chr3	56950024	56957566	Pilot_dr:LOC_000000013304	0	+	chr3	56949955	56950536	gene_id|ZFLNCT03026|gene_type|ZFLNC	.	+	 	 BrainRep1 	 Pre-capture
chr3	56950024	56957566	Pilot_dr:LOC_000000013304	0	+	chr3	56954153	56954264	gene_id|ZFLNCT03026|gene_type|ZFLNC	.	+	 	 BrainRep1 	 Pre-capture
chr3	56950024	56957566	Pilot_dr:LOC_000000013304	0	+	chr3	56956436	56957558	gene_id|chr17.73209487.73209768-.GIGA.+,ZFLNCT03026.+|gene_type|multiple	.	+	 	 BrainRep1 	 Pre-capture
chr3	58683736	58687224	Pilot_dr:LOC_000000052847	0	+	chr3	58686513	58687189	gene_id|chr22.23573122.23573585-.GIGA.+,chr22.25319766.25320086+.GIGA.+,chr22.25319766.25320226+.GIGA.+|gene_type|GIGA	.	+	 	 BrainRep1 	 Pre-capture
chr3	62300445	62315926	Pilot_dr:LOC_000000076691	0	+	chr3	62304042	62305082	gene_id|ZFLNCT03150|gene_type|ZFLNC	.	+	 	 BrainRep1 	 Pre-capture
chr3	62300445	62315926	Pilot_dr:LOC_000000076691	0	+	chr3	62305433	62306549	gene_id|ZFLNCT03150|gene_type|ZFLNC	.	+	 	 BrainRep1 	 Pre-capture
chr3	62587031	62592517	Pilot_dr:LOC_000000015699	0	-	chr3	62587381	62592551	gene_id|ZFLNCT03165,ZFLNCT03163,ZFLNCT03164,ZFLNCT03163,ZFLNCT03164,ZFLNCT03163,ZFLNCT03164,ZFLNCT03163,ZFLNCT03164,ZFLNCT03163|gene_type|ZFLNC	.	-	 	 BrainRep1 	 Pre-capture
chr4	2746747	2747107	Pilot_dr:LOC_000000066838	0	-	chr4	2746486	2747410	gene_id|chr6.141506016.141507448+.NONCODE.-|gene_type|NONCODE	.	-	 	 BrainRep1 	 Pre-capture
chr4	4162825	4164480	Pilot_dr:LOC_000000021960	0	-	chr4	4162825	4163172	gene_id|ZFLNCT03314|gene_type|ZFLNC	.	-	 	 BrainRep1 	 Pre-capture
chr4	4162825	4164480	Pilot_dr:LOC_000000021960	0	-	chr4	4163359	4163876	gene_id|ZFLNCT03314|gene_type|ZFLNC	.	-	 	 BrainRep1 	 Pre-capture
chr4	7561667	7564447	Pilot_dr:LOC_000000031892	0	+	chr4	7561869	7583552	gene_id|ZFLNCT03457|gene_type|ZFLNC	.	+	 	 BrainRep1 	 Pre-capture
chr4	7565896	7569726	Pilot_dr:LOC_000000023552	0	+	chr4	7561869	7583552	gene_id|ZFLNCT03457|gene_type|ZFLNC	.	+	 	 BrainRep1 	 Pre-capture
chr4	7571161	7573805	Pilot_dr:LOC_000000086530	0	+	chr4	7561869	7583552	gene_id|ZFLNCT03457|gene_type|ZFLNC	.	+	 	 BrainRep1 	 Pre-capture
chr4	7575241	7579240	Pilot_dr:LOC_000000013313	0	+	chr4	7561869	7583552	gene_id|ZFLNCT03457|gene_type|ZFLNC	.	+	 	 BrainRep1 	 Pre-capture
chr4	12741400	12741579	Pilot_dr:LOC_000000030315	0	-	chr4	12741401	12744353	gene_id|ZFLNCT03638|gene_type|ZFLNC	.	-	 	 BrainRep1 	 Pre-capture
chr4	13013570	13024061	Pilot_dr:LOC_000000010061	0	+	chr4	13012944	13013950	gene_id|ENSDART00000150693,ZFLNCT03661,ZFLNCT03662|gene_type|multiple	.	+	 	 BrainRep1 	 Pre-capture
chr4	13013570	13024061	Pilot_dr:LOC_000000010061	0	+	chr4	13023151	13024021	gene_id|ZFLNCT03661,ZFLNCT03662|gene_type|ZFLNC	.	+	 	 BrainRep1 	 Pre-capture
chr4	16295522	16313860	Pilot_dr:LOC_000000001451	0	-	chr4	16295524	16296252	gene_id|ZFLNCT03778|gene_type|ZFLNC	.	-	 	 BrainRep1 	 Pre-capture
chr4	16295522	16313860	Pilot_dr:LOC_000000001451	0	-	chr4	16299656	16301073	gene_id|ZFLNCT03781|gene_type|ZFLNC	.	-	 	 BrainRep1 	 Pre-capture
chr4	16295522	16313860	Pilot_dr:LOC_000000001451	0	-	chr4	16301217	16301242	gene_id|ZFLNCT03781|gene_type|ZFLNC	.	-	 	 BrainRep1 	 Pre-capture
chr4	16295522	16313860	Pilot_dr:LOC_000000001451	0	-	chr4	16302979	16303001	gene_id|ZFLNCT03778|gene_type|ZFLNC	.	-	 	 BrainRep1 	 Pre-capture
chr4	24215945	24269406	Pilot_dr:LOC_000000033188	0	-	chr4	24253766	24253897	gene_id|ZFLNCT03888,ZFLNCT03889,ZFLNCT03890|gene_type|ZFLNC	.	-	 	 BrainRep1 	 Pre-capture
chr4	24215945	24269406	Pilot_dr:LOC_000000033188	0	-	chr4	24269141	24269283	gene_id|ZFLNCT03888|gene_type|ZFLNC	.	-	 	 BrainRep1 	 Pre-capture
chr4	24726031	24801933	Pilot_dr:LOC_000000039429	0	-	chr4	24726095	24726388	gene_id|ZFLNCT03895,ZFLNCT03896|gene_type|ZFLNC	.	-	 	 BrainRep1 	 Pre-capture
chr4	24726031	24801933	Pilot_dr:LOC_000000039429	0	-	chr4	24750960	24751088	gene_id|ZFLNCT03896|gene_type|ZFLNC	.	-	 	 BrainRep1 	 Pre-capture
chr4	24726031	24801933	Pilot_dr:LOC_000000039429	0	-	chr4	24790641	24790741	gene_id|ZFLNCT03895,ZFLNCT03896|gene_type|ZFLNC	.	-	 	 BrainRep1 	 Pre-capture
chr4	72983451	72992278	Pilot_dr:LOC_000000052900	0	-	chr4	72983538	72984314	gene_id|chr20.56268373.56269231+.GIGA.-|gene_type|GIGA	.	-	 	 BrainRep1 	 Pre-capture
chr5	2779766	2780823	Pilot_dr:LOC_000000070139	0	-	chr5	2780443	2781070	gene_id|chr20.3190522.3190819-.GIGA.-|gene_type|GIGA	.	-	 	 BrainRep1 	 Pre-capture
chr5	3273463	3303225	Pilot_dr:LOC_000000059676	0	-	chr5	3277703	3278287	gene_id|chr17.58323297.58323381-.GIGA.-|gene_type|GIGA	.	-	 	 BrainRep1 	 Pre-capture
chr5	12994065	12998926	Pilot_dr:LOC_000000060195	0	+	chr5	12992736	12999041	gene_id|ZFLNCT04805,ZFLNCT04806,ZFLNCT04807,ZFLNCT04807,ZFLNCT04806,ZFLNCT04807|gene_type|ZFLNC	.	+	 	 BrainRep1 	 Pre-capture
chr5	24377532	24378409	Pilot_dr:LOC_000000058445	0	-	chr5	24378274	24378985	gene_id|chr5.26047459.26047670+.UCNE.-|gene_type|UCNE	.	-	 	 BrainRep1 	 Pre-capture
chr5	29927514	29952968	Pilot_dr:LOC_000000000411	0	+	chr5	29927543	29952916	gene_id|ZFLNCT05052,ZFLNCT05053,ZFLNCT05048,ZFLNCT05049,ZFLNCT05050,ZFLNCT05051,ZFLNCT05052,ZFLNCT05051,ZFLNCT05048,ZFLNCT05049,ZFLNCT05052|gene_type|ZFLNC	.	+	 	 BrainRep1 	 Pre-capture
chr5	29987944	29989489	Pilot_dr:LOC_000000052023	0	+	chr5	29988315	29988431	gene_id|ZFLNCT05050,ZFLNCT05051|gene_type|ZFLNC	.	+	 	 BrainRep1 	 Pre-capture
chr5	32784372	32784837	Pilot_dr:LOC_000000016801	0	-	chr5	32784531	32784800	gene_id|ZFLNCT05102|gene_type|ZFLNC	.	-	 	 BrainRep1 	 Pre-capture
chr5	49158872	49168959	Pilot_dr:LOC_000000039585	0	-	chr5	49158885	49168938	gene_id|ZFLNCT05333,chr5-50945480-50945765+UCNE|gene_type|multiple	.	-	 	 BrainRep1 	 Pre-capture
chr5	56184824	56185977	Pilot_dr:LOC_000000031058	0	+	chr5	56184865	56185142	gene_id|ZFLNCT05395|gene_type|ZFLNC	.	+	 	 BrainRep1 	 Pre-capture
chr5	56184824	56185977	Pilot_dr:LOC_000000031058	0	+	chr5	56185677	56185944	gene_id|ZFLNCT05395|gene_type|ZFLNC	.	+	 	 BrainRep1 	 Pre-capture
chr5	57567184	57588908	Pilot_dr:LOC_000000019575	0	+	chr5	57586742	57588973	gene_id|chr8.20882379.20883115-.NONCODE.+|gene_type|NONCODE	.	+	 	 BrainRep1 	 Pre-capture
chr5	68890478	68890651	Pilot_dr:LOC_000000081417	0	-	chr5	68890477	68891423	gene_id|ZFLNCT05610|gene_type|ZFLNC	.	-	 	 BrainRep1 	 Pre-capture
chr5	70649079	70861958	Pilot_dr:LOC_000000077192	0	-	chr5	70648841	70649466	gene_id|chr9.117141325.117141478-.GIGA.-|gene_type|GIGA	.	-	 	 BrainRep1 	 Pre-capture
chr5	70649079	70861958	Pilot_dr:LOC_000000077192	0	-	chr5	70711769	70712669	gene_id|chr9.117214357.117214742-.GIGA.-|gene_type|GIGA	.	-	 	 BrainRep1 	 Pre-capture
chr5	70649079	70861958	Pilot_dr:LOC_000000077192	0	-	chr5	70805698	70806733	gene_id|ZFLNCT05668|gene_type|ZFLNC	.	-	 	 BrainRep1 	 Pre-capture
chr5	70649079	70861958	Pilot_dr:LOC_000000077192	0	-	chr5	70806996	70807033	gene_id|ZFLNCT05668|gene_type|ZFLNC	.	-	 	 BrainRep1 	 Pre-capture
chr5	70649079	70861958	Pilot_dr:LOC_000000077192	0	-	chr5	70861381	70862157	gene_id|chr9.117414496.117415051-.GIGA.-|gene_type|GIGA	.	-	 	 BrainRep1 	 Pre-capture
chr5	71053490	71067301	Pilot_dr:LOC_000000027249	0	-	chr5	71053253	71067242	gene_id|ZFLNCT05672,ZFLNCT05673,ZFLNCT05674,ZFLNCT05672,ZFLNCT05673|gene_type|ZFLNC	.	-	 	 BrainRep1 	 Pre-capture
chr5	71897091	71902773	Pilot_dr:LOC_000000015563	0	+	chr5	71899792	71900727	gene_id|chr2.26138308.26138913-.NONCODE.+|gene_type|NONCODE	.	+	 	 BrainRep1 	 Pre-capture
chr6	1067783	1068723	Pilot_dr:LOC_000000028659	0	-	chr6	1068200	1069030	gene_id|chr6.1024783.1025113+.UCNE.-|gene_type|UCNE	.	-	 	 BrainRep1 	 Pre-capture
chr6	1105568	1108956	Pilot_dr:LOC_000000025216	0	+	chr6	1108852	1109552	gene_id|chr6.1184177.1184377+.UCNE.+|gene_type|UCNE	.	+	 	 BrainRep1 	 Pre-capture
chr6	12356743	12359930	Pilot_dr:LOC_000000071622	0	-	chr6	12358678	12359543	gene_id|chr6.12270848.12271213+.UCNE.-|gene_type|UCNE	.	-	 	 BrainRep1 	 Pre-capture
chr6	18067119	18067286	Pilot_dr:LOC_000000050031	0	-	chr6	18066594	18069294	gene_id|ZFLNCT05963|gene_type|ZFLNC	.	-	 	 BrainRep1 	 Pre-capture
chr6	25851213	25898797	Pilot_dr:LOC_000000056874	0	-	chr6	25892112	25893326	gene_id|chr6.25611033.25611747+.UCNE.-|gene_type|UCNE	.	-	 	 BrainRep1 	 Pre-capture
chr6	31745533	31749780	Pilot_dr:LOC_000000078827	0	-	chr6	31745291	31746069	gene_id|ZFLNCT06156|gene_type|ZFLNC	.	-	 	 BrainRep1 	 Pre-capture
chr6	31745533	31749780	Pilot_dr:LOC_000000078827	0	-	chr6	31749409	31749444	gene_id|ZFLNCT06156|gene_type|ZFLNC	.	-	 	 BrainRep1 	 Pre-capture
chr6	31745533	31749780	Pilot_dr:LOC_000000078827	0	-	chr6	31749651	31749784	gene_id|ZFLNCT06156|gene_type|ZFLNC	.	-	 	 BrainRep1 	 Pre-capture
chr6	49365523	49367779	Pilot_dr:LOC_000000086443	0	+	chr6	49365375	49367438	gene_id|chr1.110671474.110674818-.GIGA.+,chr1.110671475.110674818-.GIGA.+|gene_type|GIGA	.	+	 	 BrainRep1 	 Pre-capture
chr6	59748590	59755459	Pilot_dr:LOC_000000023313	0	+	chr6	59755101	59755709	gene_id|chrX.41787177.41787285-.GIGA.+|gene_type|GIGA	.	+	 	 BrainRep1 	 Pre-capture
chr7	22132275	22245313	Pilot_dr:LOC_000000062632	0	-	chr7	22243252	22243300	gene_id|ZFLNCT06874|gene_type|ZFLNC	.	-	 	 BrainRep1 	 Pre-capture
chr7	22132275	22245313	Pilot_dr:LOC_000000062632	0	-	chr7	22244623	22245553	gene_id|ZFLNCT06874|gene_type|ZFLNC	.	-	 	 BrainRep1 	 Pre-capture
chr7	32318567	32342153	Pilot_dr:LOC_000000085656	0	-	chr7	32318498	32319570	gene_id|ZFLNCT07029,ZFLNCT07030,ZFLNCT07031,ZFLNCT07032|gene_type|ZFLNC	.	-	 	 BrainRep1 	 Pre-capture
chr7	32318567	32342153	Pilot_dr:LOC_000000085656	0	-	chr7	32319583	32341999	gene_id|ZFLNCT07033,ZFLNCT07034,ZFLNCT07029,ZFLNCT07030,ZFLNCT07032,ZFLNCT07031,ZFLNCT07029,ZFLNCT07030,ZFLNCT07031,ZFLNCT07032,ZFLNCT07033,ZFLNCT07029,ZFLNCT07030,ZFLNCT07031,ZFLNCT07032,ZFLNCT07033|gene_type|ZFLNC	.	-	 	 BrainRep1 	 Pre-capture
chr7	68070236	68072194	Pilot_dr:LOC_000000030863	0	-	chr7	68072139	68074042	gene_id|MULTI_58|gene_type|multiple	.	-	 	 BrainRep1 	 Pre-capture
chr7	68075415	68077505	Pilot_dr:LOC_000000011589	0	+	chr7	68074991	68075643	gene_id|chr7.70791942.70792094+.UCNE.+|gene_type|UCNE	.	+	 	 BrainRep1 	 Pre-capture
chr7	68461723	68463004	Pilot_dr:LOC_000000034660	0	+	chr7	68460848	68465923	gene_id|ZFLNCT07416,ZFLNCT07417,chr16-73058523-73059118+GIGA,ZFLNCT07416|gene_type|multiple	.	+	 	 BrainRep1 	 Pre-capture
chr7	72098820	72099388	Pilot_dr:LOC_000000003577	0	-	chr7	72098727	72099147	gene_id|ZFLNCT07527|gene_type|ZFLNC	.	-	 	 BrainRep1 	 Pre-capture
chr7	73977423	73978788	Pilot_dr:LOC_000000086526	0	-	chr7	73977174	73978261	gene_id|chr4.75941238.75942786-.NONCODE.-|gene_type|NONCODE	.	-	 	 BrainRep1 	 Pre-capture
chr8	192664	200890	Pilot_dr:LOC_000000000197	0	-	chr8	200705	206823	gene_id|MULTI_59|gene_type|ZFLNC	.	-	 	 BrainRep1 	 Pre-capture
chr8	5193956	5194925	Pilot_dr:LOC_000000009675	0	-	chr8	5193958	5196559	gene_id|ZFLNCT07678|gene_type|ZFLNC	.	-	 	 BrainRep1 	 Pre-capture
chr8	19693586	19715222	Pilot_dr:LOC_000000050781	0	+	chr8	19693609	19693737	gene_id|ZFLNCT07921|gene_type|ZFLNC	.	+	 	 BrainRep1 	 Pre-capture
chr8	19693586	19715222	Pilot_dr:LOC_000000050781	0	+	chr8	19714571	19715690	gene_id|ZFLNCT07921|gene_type|ZFLNC	.	+	 	 BrainRep1 	 Pre-capture
chr8	23462867	23463564	Pilot_dr:LOC_000000005464	0	+	chr8	23462818	23463033	gene_id|ZFLNCT08013|gene_type|ZFLNC	.	+	 	 BrainRep1 	 Pre-capture
chr8	23462867	23463564	Pilot_dr:LOC_000000005464	0	+	chr8	23463153	23463238	gene_id|ZFLNCT08013|gene_type|ZFLNC	.	+	 	 BrainRep1 	 Pre-capture
chr8	32903610	32903944	Pilot_dr:LOC_000000018872	0	-	chr8	32903410	32907299	gene_id|ZFLNCT08167|gene_type|ZFLNC	.	-	 	 BrainRep1 	 Pre-capture
chr8	43929507	43931861	Pilot_dr:LOC_000000017301	0	-	chr8	43930306	43930890	gene_id|chr12.130966462.130966546+.GIGA.-|gene_type|GIGA	.	-	 	 BrainRep1 	 Pre-capture
chr8	44877993	44880119	Pilot_dr:LOC_000000028187	0	+	chr8	44877975	44880401	gene_id|ZFLNCT08301,ZFLNCT08298,ZFLNCT08299,ZFLNCT08300,ZFLNCT08297,ZFLNCT08297,ZFLNCT08298,ZFLNCT08299,ZFLNCT08300,ZFLNCT08299,ZFLNCT08297,ZFLNCT08298|gene_type|ZFLNC	.	+	 	 BrainRep1 	 Pre-capture
chr9	1305292	1305437	Pilot_dr:LOC_000000084738	0	+	chr9	1304685	1305422	gene_id|ZFLNCT08504|gene_type|ZFLNC	.	+	 	 BrainRep1 	 Pre-capture
chr9	2594614	2678810	Pilot_dr:LOC_000000009552	0	+	chr9	2626788	2627843	gene_id|chr9.2625546.2626101+.UCNE.+|gene_type|UCNE	.	+	 	 BrainRep1 	 Pre-capture
chr9	2594614	2678810	Pilot_dr:LOC_000000009552	0	+	chr9	2632978	2633664	gene_id|chr9.2631736.2631922+.UCNE.+|gene_type|UCNE	.	+	 	 BrainRep1 	 Pre-capture
chr9	2594614	2678810	Pilot_dr:LOC_000000009552	0	+	chr9	2648028	2648807	gene_id|chr9.2646786.2647065+.UCNE.+|gene_type|UCNE	.	+	 	 BrainRep1 	 Pre-capture
chr9	3371499	3373020	Pilot_dr:LOC_000000086700	0	-	chr9	3372178	3373945	gene_id|chr2.71514343.71517909-.NONCODE.-,chr2.71516415.71517909-.NONCODE.-,chr9.3368880.3370145+.UCNE.-|gene_type|multiple	.	-	 	 BrainRep1 	 Pre-capture
chr9	15517431	15530127	Pilot_dr:LOC_000000016092	0	+	chr9	15517533	15517782	gene_id|ZFLNCT08690|gene_type|ZFLNC	.	+	 	 BrainRep1 	 Pre-capture
chr9	19798336	19810841	Pilot_dr:LOC_000000005101	0	+	chr9	19798251	19810178	gene_id|ZFLNCT08745,ZFLNCT08746,ZFLNCT08747,ZFLNCT08745,ZFLNCT08747,ZFLNCT08745,ZFLNCT08747,ZFLNCT08745,ZFLNCT08747,ZFLNCT08745,ZFLNCT08747|gene_type|ZFLNC	.	+	 	 BrainRep1 	 Pre-capture
chr9	33927512	33955861	Pilot_dr:LOC_000000037193	0	-	chr9	33928755	33928810	gene_id|ZFLNCT09056,ZFLNCT09057|gene_type|ZFLNC	.	-	 	 BrainRep1 	 Pre-capture
chr9	33927512	33955861	Pilot_dr:LOC_000000037193	0	-	chr9	33929441	33930012	gene_id|chrX.45758381.45758557-.GIGA.-|gene_type|GIGA	.	-	 	 BrainRep1 	 Pre-capture
chr9	33927512	33955861	Pilot_dr:LOC_000000037193	0	-	chr9	33937913	33938391	gene_id|ZFLNCT09056|gene_type|ZFLNC	.	-	 	 BrainRep1 	 Pre-capture
chr9	33927512	33955861	Pilot_dr:LOC_000000037193	0	-	chr9	33942193	33942634	gene_id|ZFLNCT09058|gene_type|ZFLNC	.	-	 	 BrainRep1 	 Pre-capture
chr9	33927512	33955861	Pilot_dr:LOC_000000037193	0	-	chr9	33942830	33943136	gene_id|ZFLNCT09058|gene_type|ZFLNC	.	-	 	 BrainRep1 	 Pre-capture
chr9	33927512	33955861	Pilot_dr:LOC_000000037193	0	-	chr9	33955657	33955939	gene_id|ZFLNCT09057,ZFLNCT09059|gene_type|ZFLNC	.	-	 	 BrainRep1 	 Pre-capture
chr9	39755169	39915309	Pilot_dr:LOC_000000056269	0	-	chr9	39910696	39915313	gene_id|ZFLNCT09138|gene_type|ZFLNC	.	-	 	 BrainRep1 	 Pre-capture
chr9	50363066	50507531	Pilot_dr:LOC_000000002673	0	+	chr9	50362974	50363162	gene_id|ZFLNCT09257|gene_type|ZFLNC	.	+	 	 BrainRep1 	 Pre-capture
chr9	50363066	50507531	Pilot_dr:LOC_000000002673	0	+	chr9	50368414	50368683	gene_id|ZFLNCT09257|gene_type|ZFLNC	.	+	 	 BrainRep1 	 Pre-capture
chr9	50363066	50507531	Pilot_dr:LOC_000000002673	0	+	chr9	50382061	50382783	gene_id|chr9.51541313.51541535+.UCNE.+|gene_type|UCNE	.	+	 	 BrainRep1 	 Pre-capture
chr9	50363066	50507531	Pilot_dr:LOC_000000002673	0	+	chr9	50448882	50449752	gene_id|chr9.51608134.51608504+.UCNE.+|gene_type|UCNE	.	+	 	 BrainRep1 	 Pre-capture
chr9	51938160	51942897	Pilot_dr:LOC_000000039498	0	-	chr9	51941084	51941698	gene_id|chr9.53474399.53474513+.UCNE.-|gene_type|UCNE	.	-	 	 BrainRep1 	 Pre-capture
chr9	54368866	54374903	Pilot_dr:LOC_000000050852	0	+	chr9	54373091	54373514	gene_id|ZFLNCT09318|gene_type|ZFLNC	.	+	 	 BrainRep1 	 Pre-capture
chr9	54368866	54374903	Pilot_dr:LOC_000000050852	0	+	chr9	54373916	54374153	gene_id|ZFLNCT09318|gene_type|ZFLNC	.	+	 	 BrainRep1 	 Pre-capture
chr9	54368866	54374903	Pilot_dr:LOC_000000050852	0	+	chr9	54374249	54374316	gene_id|ZFLNCT09318|gene_type|ZFLNC	.	+	 	 BrainRep1 	 Pre-capture
chr9	54368866	54374903	Pilot_dr:LOC_000000050852	0	+	chr9	54374706	54374908	gene_id|ZFLNCT09318|gene_type|ZFLNC	.	+	 	 BrainRep1 	 Pre-capture
chr9	55234855	55235872	Pilot_dr:LOC_000000072806	0	+	chr9	55222309	55236013	gene_id|chrX.8535180.8535811-.GIGA.+,ZFLNCT09323.+,ZFLNCT09324.+,ZFLNCT09324.+,ZFLNCT09328.+,ZFLNCT09328.+|gene_type|multiple	.	+	 	 BrainRep1 	 Pre-capture
