chr1	18829662	18833453	Pilot_dr:LOC_000000047722	0	+	chr1	18829172	18831780	gene_id|ZFLNCT00316,ZFLNCT00317,ZFLNCT00318,ZFLNCT00319,ZFLNCT00320,ZFLNCT00316,ZFLNCT00318,ZFLNCT00319,ZFLNCT00320,ZFLNCT00316,ZFLNCT00318,ZFLNCT00319,ZFLNCT00320,ZFLNCT00316,ZFLNCT00318,ZFLNCT00319,ZFLNCT00320,ZFLNCT00319,ZFLNCT00318|gene_type|ZFLNC	.	+	 	 28HPFRep1 	 Pre-capture
chr1	18829662	18833453	Pilot_dr:LOC_000000047722	0	+	chr1	18832169	18833443	gene_id|ZFLNCT00316,ZFLNCT00318,ZFLNCT00319|gene_type|ZFLNC	.	+	 	 28HPFRep1 	 Pre-capture
chr1	36234198	36262394	Pilot_dr:LOC_000000060881	0	+	chr1	36251958	36252579	gene_id|chr1.35960323.35960444+.UCNE.+|gene_type|UCNE	.	+	 	 28HPFRep1 	 Pre-capture
chr1	57506930	57514063	Pilot_dr:LOC_000000003298	0	-	chr1	57513644	57514039	gene_id|ZFLNCT01019|gene_type|ZFLNC	.	-	 	 28HPFRep1 	 Pre-capture
chr1	57506930	57514063	Pilot_dr:LOC_000000003298	0	-	chr1	57507093	57508597	gene_id|ZFLNCT01018|gene_type|ZFLNC	.	-	 	 28HPFRep1 	 Pre-capture
chr1	57634423	57668256	Pilot_dr:LOC_000000028316	0	-	chr1	57651771	57652422	gene_id|ZFLNCT01022|gene_type|ZFLNC	.	-	 	 28HPFRep1 	 Pre-capture
chr1	57634423	57668256	Pilot_dr:LOC_000000028316	0	-	chr1	57652509	57652586	gene_id|ZFLNCT01022|gene_type|ZFLNC	.	-	 	 28HPFRep1 	 Pre-capture
chr1	57634423	57668256	Pilot_dr:LOC_000000028316	0	-	chr1	57654954	57654989	gene_id|ZFLNCT01022|gene_type|ZFLNC	.	-	 	 28HPFRep1 	 Pre-capture
chr1	59042612	59046640	Pilot_dr:LOC_000000031259	0	-	chr1	59042799	59042930	gene_id|ZFLNCT01082|gene_type|ZFLNC	.	-	 	 28HPFRep1 	 Pre-capture
chr1	59042612	59046640	Pilot_dr:LOC_000000031259	0	-	chr1	59046548	59046630	gene_id|ZFLNCT01082|gene_type|ZFLNC	.	-	 	 28HPFRep1 	 Pre-capture
chr10	2402488	2403225	Pilot_dr:LOC_000000065604	0	+	chr10	2402308	2402664	gene_id|ZFLNCT09413,ZFLNCT09414|gene_type|ZFLNC	.	+	 	 28HPFRep1 	 Pre-capture
chr10	2402488	2403225	Pilot_dr:LOC_000000065604	0	+	chr10	2402879	2404778	gene_id|ZFLNCT09414,ZFLNCT09413|gene_type|ZFLNC	.	+	 	 28HPFRep1 	 Pre-capture
chr10	4718111	4802107	Pilot_dr:LOC_000000005216	0	+	chr10	4797417	4798032	gene_id|chr9.109923734.109923849+.GIGA.+|gene_type|GIGA	.	+	 	 28HPFRep1 	 Pre-capture
chr10	21179531	21189188	Pilot_dr:LOC_000000052187	0	+	chr10	21179484	21179630	gene_id|ZFLNCT09672,ZFLNCT09673|gene_type|ZFLNC	.	+	 	 28HPFRep1 	 Pre-capture
chr10	21179531	21189188	Pilot_dr:LOC_000000052187	0	+	chr10	21188452	21189136	gene_id|ZFLNCT09673|gene_type|ZFLNC	.	+	 	 28HPFRep1 	 Pre-capture
chr11	42003364	42004318	Pilot_dr:LOC_000000046896	0	-	chr11	42004163	42004168	gene_id|ZFLNCT10610|gene_type|ZFLNC	.	-	 	 28HPFRep1 	 Pre-capture
chr11	42035709	42059172	Pilot_dr:LOC_000000006740	0	-	chr11	42042562	42044281	gene_id|ZFLNCT10614|gene_type|ZFLNC	.	-	 	 28HPFRep1 	 Pre-capture
chr11	42042554	42044354	Pilot_dr:LOC_000000037375	0	-	chr11	42042562	42044281	gene_id|ZFLNCT10614|gene_type|ZFLNC	.	-	 	 28HPFRep1 	 Pre-capture
chr11	42053242	42054603	Pilot_dr:LOC_000000028545	0	+	chr11	42053257	42054155	gene_id|ZFLNCT10615|gene_type|ZFLNC	.	+	 	 28HPFRep1 	 Pre-capture
chr12	46004151	46011260	Pilot_dr:LOC_000000023911	0	-	chr12	46003793	46004621	gene_id|ZFLNCT11300,ZFLNCT11301|gene_type|ZFLNC	.	-	 	 28HPFRep1 	 Pre-capture
chr12	46004151	46011260	Pilot_dr:LOC_000000023911	0	-	chr12	46009948	46010049	gene_id|ZFLNCT11300,ZFLNCT11301|gene_type|ZFLNC	.	-	 	 28HPFRep1 	 Pre-capture
chr12	46004151	46011260	Pilot_dr:LOC_000000023911	0	-	chr12	46010542	46010611	gene_id|ZFLNCT11300,ZFLNCT11301|gene_type|ZFLNC	.	-	 	 28HPFRep1 	 Pre-capture
chr12	46004151	46011260	Pilot_dr:LOC_000000023911	0	-	chr12	46010965	46011065	gene_id|ZFLNCT11300,ZFLNCT11301|gene_type|ZFLNC	.	-	 	 28HPFRep1 	 Pre-capture
chr12	46004151	46011260	Pilot_dr:LOC_000000023911	0	-	chr12	46011179	46011225	gene_id|ZFLNCT11300,ZFLNCT11301|gene_type|ZFLNC	.	-	 	 28HPFRep1 	 Pre-capture
chr13	5759482	5792786	Pilot_dr:LOC_000000062660	0	-	chr13	5772534	5773183	gene_id|chr13.5449619.5449768+.UCNE.-|gene_type|UCNE	.	-	 	 28HPFRep1 	 Pre-capture
chr13	25965752	25983265	Pilot_dr:LOC_000000004070	0	+	chr13	25965772	25966006	gene_id|ZFLNCT11662|gene_type|ZFLNC	.	+	 	 28HPFRep1 	 Pre-capture
chr13	25965752	25983265	Pilot_dr:LOC_000000004070	0	+	chr13	25966165	25966293	gene_id|ZFLNCT11662|gene_type|ZFLNC	.	+	 	 28HPFRep1 	 Pre-capture
chr13	25965752	25983265	Pilot_dr:LOC_000000004070	0	+	chr13	25967357	25967595	gene_id|ZFLNCT11662|gene_type|ZFLNC	.	+	 	 28HPFRep1 	 Pre-capture
chr13	25965752	25983265	Pilot_dr:LOC_000000004070	0	+	chr13	25982527	25983365	gene_id|ZFLNCT11662|gene_type|ZFLNC	.	+	 	 28HPFRep1 	 Pre-capture
chr13	47189194	47274358	Pilot_dr:LOC_000000015264	0	+	chr13	47227236	47228191	gene_id|ZFLNCT11957|gene_type|ZFLNC	.	+	 	 28HPFRep1 	 Pre-capture
chr13	47189194	47274358	Pilot_dr:LOC_000000015264	0	+	chr13	47228648	47229296	gene_id|ZFLNCT11957|gene_type|ZFLNC	.	+	 	 28HPFRep1 	 Pre-capture
chr15	11176714	11179869	Pilot_dr:LOC_000000025004	0	-	chr15	11178944	11179533	gene_id|chr7.93080551.93080725+.NONCODE.-|gene_type|NONCODE	.	-	 	 28HPFRep1 	 Pre-capture
chr16	5239014	5250346	Pilot_dr:LOC_000000066099	0	+	chr16	5244474	5244984	gene_id|chr6.127316449.127316459-.GIGA.+|gene_type|GIGA	.	+	 	 28HPFRep1 	 Pre-capture
chr16	13942082	13945564	Pilot_dr:LOC_000000014129	0	+	chr16	13942073	13942237	gene_id|ZFLNCT13763|gene_type|ZFLNC	.	+	 	 28HPFRep1 	 Pre-capture
chr16	13942082	13945564	Pilot_dr:LOC_000000014129	0	+	chr16	13944866	13945576	gene_id|ZFLNCT13763|gene_type|ZFLNC	.	+	 	 28HPFRep1 	 Pre-capture
chr16	21634384	21642598	Pilot_dr:LOC_000000040356	0	+	chr16	21634387	21634559	gene_id|ZFLNCT13869|gene_type|ZFLNC	.	+	 	 28HPFRep1 	 Pre-capture
chr16	21634384	21642598	Pilot_dr:LOC_000000040356	0	+	chr16	21634809	21634836	gene_id|ZFLNCT13869|gene_type|ZFLNC	.	+	 	 28HPFRep1 	 Pre-capture
chr16	22304683	22324743	Pilot_dr:LOC_000000045770	0	+	chr16	22323766	22326829	gene_id|ZFLNCT13890|gene_type|ZFLNC	.	+	 	 28HPFRep1 	 Pre-capture
chr16	31091180	31093532	Pilot_dr:LOC_000000022656	0	+	chr16	31090998	31091242	gene_id|ZFLNCT14040|gene_type|ZFLNC	.	+	 	 28HPFRep1 	 Pre-capture
chr16	31091180	31093532	Pilot_dr:LOC_000000022656	0	+	chr16	31092915	31094580	gene_id|ZFLNCT14040|gene_type|ZFLNC	.	+	 	 28HPFRep1 	 Pre-capture
chr16	53962173	53986615	Pilot_dr:LOC_000000041439	0	-	chr16	53979480	53979683	gene_id|ZFLNCT14423|gene_type|ZFLNC	.	-	 	 28HPFRep1 	 Pre-capture
chr17	2431892	2432984	Pilot_dr:LOC_000000040010	0	+	chr17	2431386	2432980	gene_id|ZFLNCT14476|gene_type|ZFLNC	.	+	 	 28HPFRep1 	 Pre-capture
chr17	18548333	18549039	Pilot_dr:LOC_000000029535	0	+	chr17	18548337	18548834	gene_id|ZFLNCT14677,ZFLNCT14679,ZFLNCT14680,ZFLNCT14677|gene_type|ZFLNC	.	+	 	 28HPFRep1 	 Pre-capture
chr17	34674738	34675558	Pilot_dr:LOC_000000068083	0	+	chr17	34674680	34675436	gene_id|ZFLNCT14927|gene_type|ZFLNC	.	+	 	 28HPFRep1 	 Pre-capture
chr17	44483876	44498122	Pilot_dr:LOC_000000005028	0	-	chr17	44484503	44484728	gene_id|ZFLNCT15041,ZFLNCT15043|gene_type|ZFLNC	.	-	 	 28HPFRep1 	 Pre-capture
chr17	44483876	44498122	Pilot_dr:LOC_000000005028	0	-	chr17	44494181	44495388	gene_id|ZFLNCT15043,ZFLNCT15041|gene_type|ZFLNC	.	-	 	 28HPFRep1 	 Pre-capture
chr17	44483876	44498122	Pilot_dr:LOC_000000005028	0	-	chr17	44482087	44484407	gene_id|ZFLNCT15041,ZFLNCT15043|gene_type|ZFLNC	.	-	 	 28HPFRep1 	 Pre-capture
chr18	5041932	5042453	Pilot_dr:LOC_000000021374	0	+	chr18	5041943	5042453	gene_id|ZFLNCT15251|gene_type|ZFLNC	.	+	 	 28HPFRep1 	 Pre-capture
chr18	23807835	23824374	Pilot_dr:LOC_000000045518	0	+	chr18	23811384	23811475	gene_id|ZFLNCT15523|gene_type|ZFLNC	.	+	 	 28HPFRep1 	 Pre-capture
chr18	38403578	38515983	Pilot_dr:LOC_000000007510	0	+	chr18	38409780	38410440	gene_id|chr18.36847319.36847479+.UCNE.+|gene_type|UCNE	.	+	 	 28HPFRep1 	 Pre-capture
chr18	38403578	38515983	Pilot_dr:LOC_000000007510	0	+	chr18	38511668	38512373	gene_id|chr18.36949207.36949412+.UCNE.+|gene_type|UCNE	.	+	 	 28HPFRep1 	 Pre-capture
chr18	38403578	38515983	Pilot_dr:LOC_000000007510	0	+	chr18	38515139	38518601	gene_id|chr18.36952678.36952881+.UCNE.+,ZFLNCT15672.+,ZFLNCT15673.+|gene_type|multiple	.	+	 	 28HPFRep1 	 Pre-capture
chr18	43450112	43453445	Pilot_dr:LOC_000000025720	0	+	chr18	43450087	43456039	gene_id|ZFLNCT15726|gene_type|ZFLNC	.	+	 	 28HPFRep1 	 Pre-capture
chr19	7988437	8035905	Pilot_dr:LOC_000000066310	0	-	chr19	7987661	7988609	gene_id|ZFLNCT16088|gene_type|ZFLNC	.	-	 	 28HPFRep1 	 Pre-capture
chr19	7988437	8035905	Pilot_dr:LOC_000000066310	0	-	chr19	8005009	8005050	gene_id|ZFLNCT16088|gene_type|ZFLNC	.	-	 	 28HPFRep1 	 Pre-capture
chr19	19459041	19461121	Pilot_dr:LOC_000000023424	0	-	chr19	19459051	19460019	gene_id|ZFLNCT16240|gene_type|ZFLNC	.	-	 	 28HPFRep1 	 Pre-capture
chr19	19459041	19461121	Pilot_dr:LOC_000000023424	0	-	chr19	19460770	19461297	gene_id|ZFLNCT16240|gene_type|ZFLNC	.	-	 	 28HPFRep1 	 Pre-capture
chr2	33812	37199	Pilot_dr:LOC_000000012625	0	-	chr2	34163	34732	gene_id|chr7.47280285.47280354-.GIGA.-|gene_type|GIGA	.	-	 	 28HPFRep1 	 Pre-capture
chr2	43570172	43571630	Pilot_dr:LOC_000000031758	0	-	chr2	43569686	43571760	gene_id|ZFLNCT01798,ZFLNCT01800,ZFLNCT01799|gene_type|ZFLNC	.	-	 	 28HPFRep1 	 Pre-capture
chr21	1031149	1037531	Pilot_dr:LOC_000000004119	0	-	chr21	1035821	1035966	gene_id|ZFLNCT17628|gene_type|ZFLNC	.	-	 	 28HPFRep1 	 Pre-capture
chr21	1031149	1037531	Pilot_dr:LOC_000000004119	0	-	chr21	1037475	1037799	gene_id|ZFLNCT17628|gene_type|ZFLNC	.	-	 	 28HPFRep1 	 Pre-capture
chr21	1684806	1685412	Pilot_dr:LOC_000000020449	0	-	chr21	1685380	1686496	gene_id|chr18.64394902.64396727+.NONCODE.-|gene_type|NONCODE	.	-	 	 28HPFRep1 	 Pre-capture
chr22	12397002	12404740	Pilot_dr:LOC_000000061726	0	+	chr22	12399272	12399640	gene_id|ZFLNCT18627,ZFLNCT18628,ZFLNCT18629|gene_type|ZFLNC	.	+	 	 28HPFRep1 	 Pre-capture
chr22	12397002	12404740	Pilot_dr:LOC_000000061726	0	+	chr22	12402887	12404125	gene_id|ZFLNCT18630,ZFLNCT18627,ZFLNCT18628,ZFLNCT18629|gene_type|ZFLNC	.	+	 	 28HPFRep1 	 Pre-capture
chr22	12397002	12404740	Pilot_dr:LOC_000000061726	0	+	chr22	12404248	12405430	gene_id|ZFLNCT18629,ZFLNCT18627,ZFLNCT18628,ZFLNCT18630|gene_type|ZFLNC	.	+	 	 28HPFRep1 	 Pre-capture
chr22	28783198	28789663	Pilot_dr:LOC_000000013149	0	-	chr22	28787312	28789599	gene_id|ZFLNCT18891,ZFLNCT18892,ZFLNCT18891|gene_type|ZFLNC	.	-	 	 28HPFRep1 	 Pre-capture
chr23	20829332	20829636	Pilot_dr:LOC_000000038671	0	-	chr23	20829345	20829634	gene_id|ZFLNCT19386,ZFLNCT19387|gene_type|ZFLNC	.	-	 	 28HPFRep1 	 Pre-capture
chr23	28449790	28453677	Pilot_dr:LOC_000000058076	0	-	chr23	28433175	28453703	gene_id|ZFLNCT19511|gene_type|ZFLNC	.	-	 	 28HPFRep1 	 Pre-capture
chr23	33612271	33614440	Pilot_dr:LOC_000000034071	0	-	chr23	33608009	33617082	gene_id|ZFLNCT19597,ZFLNCT19598,ZFLNCT19597,ZFLNCT19597,ZFLNCT19597|gene_type|ZFLNC	.	-	 	 28HPFRep1 	 Pre-capture
chr23	41241331	41250921	Pilot_dr:LOC_000000055249	0	+	chr23	41241241	41241441	gene_id|ZFLNCT19771,ZFLNCT19772,ZFLNCT19773,ZFLNCT19774,ZFLNCT19775,ZFLNCT19776|gene_type|ZFLNC	.	+	 	 28HPFRep1 	 Pre-capture
chr23	41241331	41250921	Pilot_dr:LOC_000000055249	0	+	chr23	41246326	41246399	gene_id|ZFLNCT19771,ZFLNCT19772,ZFLNCT19773,ZFLNCT19774,ZFLNCT19775,ZFLNCT19776|gene_type|ZFLNC	.	+	 	 28HPFRep1 	 Pre-capture
chr23	41241331	41250921	Pilot_dr:LOC_000000055249	0	+	chr23	41249196	41249410	gene_id|ZFLNCT19774|gene_type|ZFLNC	.	+	 	 28HPFRep1 	 Pre-capture
chr23	41241331	41250921	Pilot_dr:LOC_000000055249	0	+	chr23	41250628	41251123	gene_id|ZFLNCT19771,ZFLNCT19772,ZFLNCT19773|gene_type|ZFLNC	.	+	 	 28HPFRep1 	 Pre-capture
chr24	2988581	3009054	Pilot_dr:LOC_000000044177	0	+	chr24	3002867	3004041	gene_id|chr19.53904634.53906457+.GIGA.+|gene_type|GIGA	.	+	 	 28HPFRep1 	 Pre-capture
chr24	8267810	8273323	Pilot_dr:LOC_000000053777	0	+	chr24	8267583	8268075	gene_id|ZFLNCT20024,ZFLNCT20025,ZFLNCT20026,ZFLNCT20027|gene_type|ZFLNC	.	+	 	 28HPFRep1 	 Pre-capture
chr24	8267810	8273323	Pilot_dr:LOC_000000053777	0	+	chr24	8272539	8273614	gene_id|ZFLNCT20025,ZFLNCT20026,ZFLNCT20024|gene_type|ZFLNC	.	+	 	 28HPFRep1 	 Pre-capture
chr25	5863110	5864767	Pilot_dr:LOC_000000045290	0	+	chr25	5862987	5864767	gene_id|ZFLNCT20718,ZFLNCT20719,ZFLNCT20718|gene_type|ZFLNC	.	+	 	 28HPFRep1 	 Pre-capture
chr25	31183157	31192824	Pilot_dr:LOC_000000039385	0	+	chr25	31188416	31189036	gene_id|chr11.1836028.1836284+.GIGA.+|gene_type|GIGA	.	+	 	 28HPFRep1 	 Pre-capture
chr25	31183157	31192824	Pilot_dr:LOC_000000039385	0	+	chr25	31189130	31189758	gene_id|chr11.1836424.1836552+.GIGA.+|gene_type|GIGA	.	+	 	 28HPFRep1 	 Pre-capture
chr25	31183157	31192824	Pilot_dr:LOC_000000039385	0	+	chr25	31191204	31191755	gene_id|chr11.1836794.1836861+.GIGA.+|gene_type|GIGA	.	+	 	 28HPFRep1 	 Pre-capture
chr3	7229383	7237445	Pilot_dr:LOC_000000012324	0	-	chr3	7229687	7231594	gene_id|chrX.64144871.64146449-.GIGA.-|gene_type|GIGA	.	-	 	 28HPFRep1 	 Pre-capture
chr3	47396158	47399486	Pilot_dr:LOC_000000053336	0	+	chr3	47395535	47396189	gene_id|ZFLNCT02915,ZFLNCT02916,ZFLNCT02917,ZFLNCT02918,ZFLNCT02919|gene_type|ZFLNC	.	+	 	 28HPFRep1 	 Pre-capture
chr3	47396158	47399486	Pilot_dr:LOC_000000053336	0	+	chr3	47397893	47399913	gene_id|ZFLNCT02915,ZFLNCT02917,ZFLNCT02919,ZFLNCT02916,ZFLNCT02917,ZFLNCT02915,ZFLNCT02919|gene_type|ZFLNC	.	+	 	 28HPFRep1 	 Pre-capture
chr3	56950015	56957566	Pilot_dr:LOC_000000040637	0	+	chr3	56949955	56950536	gene_id|ZFLNCT03026|gene_type|ZFLNC	.	+	 	 28HPFRep1 	 Pre-capture
chr3	56950015	56957566	Pilot_dr:LOC_000000040637	0	+	chr3	56954153	56954264	gene_id|ZFLNCT03026|gene_type|ZFLNC	.	+	 	 28HPFRep1 	 Pre-capture
chr3	56950015	56957566	Pilot_dr:LOC_000000040637	0	+	chr3	56956436	56957558	gene_id|chr17.73209487.73209768-.GIGA.+,ZFLNCT03026.+|gene_type|multiple	.	+	 	 28HPFRep1 	 Pre-capture
chr4	1864557	1867920	Pilot_dr:LOC_000000016774	0	+	chr4	1865560	1865648	gene_id|ZFLNCT03249|gene_type|ZFLNC	.	+	 	 28HPFRep1 	 Pre-capture
chr4	1864557	1867920	Pilot_dr:LOC_000000016774	0	+	chr4	1865859	1866450	gene_id|ZFLNCT03249|gene_type|ZFLNC	.	+	 	 28HPFRep1 	 Pre-capture
chr4	19303274	19315344	Pilot_dr:LOC_000000038265	0	+	chr4	19313085	19313335	gene_id|ZFLNCT03842,ZFLNCT03843|gene_type|ZFLNC	.	+	 	 28HPFRep1 	 Pre-capture
chr4	19303274	19315344	Pilot_dr:LOC_000000038265	0	+	chr4	19313402	19317274	gene_id|ZFLNCT03842,ZFLNCT03843|gene_type|ZFLNC	.	+	 	 28HPFRep1 	 Pre-capture
chr5	29927515	29929171	Pilot_dr:LOC_000000022756	0	+	chr5	29927543	29952916	gene_id|ZFLNCT05052,ZFLNCT05053,ZFLNCT05048,ZFLNCT05049,ZFLNCT05050,ZFLNCT05051,ZFLNCT05052,ZFLNCT05051,ZFLNCT05048,ZFLNCT05049,ZFLNCT05052|gene_type|ZFLNC	.	+	 	 28HPFRep1 	 Pre-capture
chr5	32784372	32784836	Pilot_dr:LOC_000000016046	0	-	chr5	32784531	32784800	gene_id|ZFLNCT05102|gene_type|ZFLNC	.	-	 	 28HPFRep1 	 Pre-capture
chr5	56184926	56185977	Pilot_dr:LOC_000000001134	0	+	chr5	56184865	56185142	gene_id|ZFLNCT05395|gene_type|ZFLNC	.	+	 	 28HPFRep1 	 Pre-capture
chr5	56184926	56185977	Pilot_dr:LOC_000000001134	0	+	chr5	56185677	56185944	gene_id|ZFLNCT05395|gene_type|ZFLNC	.	+	 	 28HPFRep1 	 Pre-capture
chr5	71961930	71970555	Pilot_dr:LOC_000000014643	0	+	chr5	71963999	71964658	gene_id|chr9.131222497.131222930+.GIGA.+|gene_type|GIGA	.	+	 	 28HPFRep1 	 Pre-capture
chr5	71961930	71970555	Pilot_dr:LOC_000000014643	0	+	chr5	71967025	71967697	gene_id|chr9.131228159.131228228+.GIGA.+,chr9.131228174.131228331+.GIGA.+,chr9.131228223.131228331+.GIGA.+,chr9.131228293.131228331+.GIGA.+|gene_type|GIGA	.	+	 	 28HPFRep1 	 Pre-capture
chr6	31745533	31749807	Pilot_dr:LOC_000000035837	0	-	chr6	31745291	31746069	gene_id|ZFLNCT06156|gene_type|ZFLNC	.	-	 	 28HPFRep1 	 Pre-capture
chr6	31745533	31749807	Pilot_dr:LOC_000000035837	0	-	chr6	31749409	31749444	gene_id|ZFLNCT06156|gene_type|ZFLNC	.	-	 	 28HPFRep1 	 Pre-capture
chr6	31745533	31749807	Pilot_dr:LOC_000000035837	0	-	chr6	31749651	31749784	gene_id|ZFLNCT06156|gene_type|ZFLNC	.	-	 	 28HPFRep1 	 Pre-capture
chr8	43929507	43931852	Pilot_dr:LOC_000000008450	0	-	chr8	43930306	43930890	gene_id|chr12.130966462.130966546+.GIGA.-|gene_type|GIGA	.	-	 	 28HPFRep1 	 Pre-capture
chr8	44877974	44880054	Pilot_dr:LOC_000000015885	0	+	chr8	44877975	44880401	gene_id|ZFLNCT08301,ZFLNCT08298,ZFLNCT08299,ZFLNCT08300,ZFLNCT08297,ZFLNCT08297,ZFLNCT08298,ZFLNCT08299,ZFLNCT08300,ZFLNCT08299,ZFLNCT08297,ZFLNCT08298|gene_type|ZFLNC	.	+	 	 28HPFRep1 	 Pre-capture
chr9	23321875	23333985	Pilot_dr:LOC_000000013854	0	+	chr9	23321834	23322021	gene_id|ZFLNCT08816|gene_type|ZFLNC	.	+	 	 28HPFRep1 	 Pre-capture
chr9	23321875	23333985	Pilot_dr:LOC_000000013854	0	+	chr9	23332986	23333979	gene_id|ZFLNCT08816|gene_type|ZFLNC	.	+	 	 28HPFRep1 	 Pre-capture
chr9	33927512	33955855	Pilot_dr:LOC_000000008268	0	-	chr9	33928755	33928810	gene_id|ZFLNCT09056,ZFLNCT09057|gene_type|ZFLNC	.	-	 	 28HPFRep1 	 Pre-capture
chr9	33927512	33955855	Pilot_dr:LOC_000000008268	0	-	chr9	33929441	33930012	gene_id|chrX.45758381.45758557-.GIGA.-|gene_type|GIGA	.	-	 	 28HPFRep1 	 Pre-capture
chr9	33927512	33955855	Pilot_dr:LOC_000000008268	0	-	chr9	33937913	33938391	gene_id|ZFLNCT09056|gene_type|ZFLNC	.	-	 	 28HPFRep1 	 Pre-capture
chr9	33927512	33955855	Pilot_dr:LOC_000000008268	0	-	chr9	33942193	33942634	gene_id|ZFLNCT09058|gene_type|ZFLNC	.	-	 	 28HPFRep1 	 Pre-capture
chr9	33927512	33955855	Pilot_dr:LOC_000000008268	0	-	chr9	33942830	33943136	gene_id|ZFLNCT09058|gene_type|ZFLNC	.	-	 	 28HPFRep1 	 Pre-capture
chr9	33927512	33955855	Pilot_dr:LOC_000000008268	0	-	chr9	33955657	33955939	gene_id|ZFLNCT09057,ZFLNCT09059|gene_type|ZFLNC	.	-	 	 28HPFRep1 	 Pre-capture
chr9	39755169	39915301	Pilot_dr:LOC_000000057962	0	-	chr9	39910696	39915313	gene_id|ZFLNCT09138|gene_type|ZFLNC	.	-	 	 28HPFRep1 	 Pre-capture
chr9	54368863	54374903	Pilot_dr:LOC_000000053516	0	+	chr9	54373091	54373514	gene_id|ZFLNCT09318|gene_type|ZFLNC	.	+	 	 28HPFRep1 	 Pre-capture
chr9	54368863	54374903	Pilot_dr:LOC_000000053516	0	+	chr9	54373916	54374153	gene_id|ZFLNCT09318|gene_type|ZFLNC	.	+	 	 28HPFRep1 	 Pre-capture
chr9	54368863	54374903	Pilot_dr:LOC_000000053516	0	+	chr9	54374249	54374316	gene_id|ZFLNCT09318|gene_type|ZFLNC	.	+	 	 28HPFRep1 	 Pre-capture
chr9	54368863	54374903	Pilot_dr:LOC_000000053516	0	+	chr9	54374706	54374908	gene_id|ZFLNCT09318|gene_type|ZFLNC	.	+	 	 28HPFRep1 	 Pre-capture
