chr1	794956	898181	Pilot_dr:LOC_000000004277	0	+	chr1	794976	795086	gene_id|ZFLNCT00035,ZFLNCT00036|gene_type|ZFLNC	.	+	 	 24CellRep1 	 Pre-capture
chr1	794956	898181	Pilot_dr:LOC_000000004277	0	+	chr1	897510	898180	gene_id|ZFLNCT00036,ZFLNCT00035|gene_type|ZFLNC	.	+	 	 24CellRep1 	 Pre-capture
chr1	1005929	1014822	Pilot_dr:LOC_000000003791	0	-	chr1	1005937	1007182	gene_id|ZFLNCT00037|gene_type|ZFLNC	.	-	 	 24CellRep1 	 Pre-capture
chr1	1005929	1014822	Pilot_dr:LOC_000000003791	0	-	chr1	1009440	1009592	gene_id|ZFLNCT00037|gene_type|ZFLNC	.	-	 	 24CellRep1 	 Pre-capture
chr1	1005929	1014822	Pilot_dr:LOC_000000003791	0	-	chr1	1009741	1010007	gene_id|ZFLNCT00037|gene_type|ZFLNC	.	-	 	 24CellRep1 	 Pre-capture
chr1	1005929	1014822	Pilot_dr:LOC_000000003791	0	-	chr1	1011975	1012253	gene_id|ZFLNCT00037|gene_type|ZFLNC	.	-	 	 24CellRep1 	 Pre-capture
chr1	1005929	1014822	Pilot_dr:LOC_000000003791	0	-	chr1	1014754	1014866	gene_id|ZFLNCT00037|gene_type|ZFLNC	.	-	 	 24CellRep1 	 Pre-capture
chr1	3718737	3720617	Pilot_dr:LOC_000000020478	0	+	chr1	3718666	3718911	gene_id|ZFLNCT00081|gene_type|ZFLNC	.	+	 	 24CellRep1 	 Pre-capture
chr1	3718737	3720617	Pilot_dr:LOC_000000020478	0	+	chr1	3720145	3720603	gene_id|ZFLNCT00081|gene_type|ZFLNC	.	+	 	 24CellRep1 	 Pre-capture
chr1	14851594	15022317	Pilot_dr:LOC_000000082117	0	+	chr1	14851622	14851787	gene_id|ZFLNCT00270|gene_type|ZFLNC	.	+	 	 24CellRep1 	 Pre-capture
chr1	14851594	15022317	Pilot_dr:LOC_000000082117	0	+	chr1	14855308	14855424	gene_id|ZFLNCT00270|gene_type|ZFLNC	.	+	 	 24CellRep1 	 Pre-capture
chr1	14851594	15022317	Pilot_dr:LOC_000000082117	0	+	chr1	15021390	15021422	gene_id|ZFLNCT00270|gene_type|ZFLNC	.	+	 	 24CellRep1 	 Pre-capture
chr1	43518165	43617197	Pilot_dr:LOC_000000026637	0	-	chr1	43518209	43518886	gene_id|ZFLNCT00692,ZFLNCT00693|gene_type|ZFLNC	.	-	 	 24CellRep1 	 Pre-capture
chr1	43518165	43617197	Pilot_dr:LOC_000000026637	0	-	chr1	43614867	43614905	gene_id|ZFLNCT00693|gene_type|ZFLNC	.	-	 	 24CellRep1 	 Pre-capture
chr1	43518165	43617197	Pilot_dr:LOC_000000026637	0	-	chr1	43616965	43617169	gene_id|ZFLNCT00693|gene_type|ZFLNC	.	-	 	 24CellRep1 	 Pre-capture
chr1	51650962	51652330	Pilot_dr:LOC_000000067395	0	-	chr1	51650857	51651717	gene_id|ZFLNCT00830,ZFLNCT00831|gene_type|ZFLNC	.	-	 	 24CellRep1 	 Pre-capture
chr1	51650962	51652330	Pilot_dr:LOC_000000067395	0	-	chr1	51652218	51653852	gene_id|ZFLNCT00831|gene_type|ZFLNC	.	-	 	 24CellRep1 	 Pre-capture
chr1	53647567	53654438	Pilot_dr:LOC_000000023684	0	-	chr1	53647550	53648524	gene_id|chr2.61405707.61406130-.GIGA.-,chr2.61405904.61406128-.GIGA.-|gene_type|GIGA	.	-	 	 24CellRep1 	 Pre-capture
chr1	53647567	53654438	Pilot_dr:LOC_000000023684	0	-	chr1	53649544	53650132	gene_id|chr2.61420745.61420833-.GIGA.-|gene_type|GIGA	.	-	 	 24CellRep1 	 Pre-capture
chr1	57602158	57602898	Pilot_dr:LOC_000000010517	0	-	chr1	57602114	57602708	gene_id|ZFLNCT01021|gene_type|ZFLNC	.	-	 	 24CellRep1 	 Pre-capture
chr10	2402382	2438121	Pilot_dr:LOC_000000057850	0	+	chr10	2402308	2402664	gene_id|ZFLNCT09413,ZFLNCT09414|gene_type|ZFLNC	.	+	 	 24CellRep1 	 Pre-capture
chr10	2402382	2438121	Pilot_dr:LOC_000000057850	0	+	chr10	2402879	2404778	gene_id|ZFLNCT09414,ZFLNCT09413|gene_type|ZFLNC	.	+	 	 24CellRep1 	 Pre-capture
chr10	2402382	2438121	Pilot_dr:LOC_000000057850	0	+	chr10	2437688	2437908	gene_id|ZFLNCT09414|gene_type|ZFLNC	.	+	 	 24CellRep1 	 Pre-capture
chr10	18007142	18008277	Pilot_dr:LOC_000000002720	0	+	chr10	18007123	18007432	gene_id|ZFLNCT09632|gene_type|ZFLNC	.	+	 	 24CellRep1 	 Pre-capture
chr10	21179536	21206137	Pilot_dr:LOC_000000005719	0	+	chr10	21179484	21179630	gene_id|ZFLNCT09672,ZFLNCT09673|gene_type|ZFLNC	.	+	 	 24CellRep1 	 Pre-capture
chr10	21179536	21206137	Pilot_dr:LOC_000000005719	0	+	chr10	21188452	21189136	gene_id|ZFLNCT09673|gene_type|ZFLNC	.	+	 	 24CellRep1 	 Pre-capture
chr10	21179536	21206137	Pilot_dr:LOC_000000005719	0	+	chr10	21205620	21208200	gene_id|ZFLNCT09672|gene_type|ZFLNC	.	+	 	 24CellRep1 	 Pre-capture
chr10	24818543	24852550	Pilot_dr:LOC_000000078658	0	-	chr10	24834374	24834784	gene_id|ZFLNCT09739|gene_type|ZFLNC	.	-	 	 24CellRep1 	 Pre-capture
chr10	24818543	24852550	Pilot_dr:LOC_000000078658	0	-	chr10	24834911	24835016	gene_id|ZFLNCT09739|gene_type|ZFLNC	.	-	 	 24CellRep1 	 Pre-capture
chr10	24818543	24852550	Pilot_dr:LOC_000000078658	0	-	chr10	24835122	24835365	gene_id|ZFLNCT09739|gene_type|ZFLNC	.	-	 	 24CellRep1 	 Pre-capture
chr10	24818543	24852550	Pilot_dr:LOC_000000078658	0	-	chr10	24850541	24850593	gene_id|ZFLNCT09739|gene_type|ZFLNC	.	-	 	 24CellRep1 	 Pre-capture
chr10	24818543	24852550	Pilot_dr:LOC_000000078658	0	-	chr10	24852313	24852525	gene_id|ZFLNCT09739|gene_type|ZFLNC	.	-	 	 24CellRep1 	 Pre-capture
chr10	26440995	26447128	Pilot_dr:LOC_000000067688	0	-	chr10	26441052	26441266	gene_id|ZFLNCT09768,ZFLNCT09769|gene_type|ZFLNC	.	-	 	 24CellRep1 	 Pre-capture
chr10	26440995	26447128	Pilot_dr:LOC_000000067688	0	-	chr10	26445827	26446025	gene_id|ZFLNCT09768,ZFLNCT09769|gene_type|ZFLNC	.	-	 	 24CellRep1 	 Pre-capture
chr10	26440995	26447128	Pilot_dr:LOC_000000067688	0	-	chr10	26447021	26447171	gene_id|ZFLNCT09768,ZFLNCT09769|gene_type|ZFLNC	.	-	 	 24CellRep1 	 Pre-capture
chr11	4311266	4333991	Pilot_dr:LOC_000000002822	0	-	chr11	4311297	4312091	gene_id|ZFLNCT10107,ZFLNCT10106|gene_type|ZFLNC	.	-	 	 24CellRep1 	 Pre-capture
chr11	32810062	32928611	Pilot_dr:LOC_000000025351	0	-	chr11	32809971	32810368	gene_id|ZFLNCT10484|gene_type|ZFLNC	.	-	 	 24CellRep1 	 Pre-capture
chr11	32810062	32928611	Pilot_dr:LOC_000000025351	0	-	chr11	32829825	32829987	gene_id|ZFLNCT10484,ZFLNCT10485|gene_type|ZFLNC	.	-	 	 24CellRep1 	 Pre-capture
chr11	32810062	32928611	Pilot_dr:LOC_000000025351	0	-	chr11	32927279	32927932	gene_id|ZFLNCT10486,ZFLNCT10484,ZFLNCT10485|gene_type|ZFLNC	.	-	 	 24CellRep1 	 Pre-capture
chr11	32810062	32928611	Pilot_dr:LOC_000000025351	0	-	chr11	32928539	32928671	gene_id|ZFLNCT10484,ZFLNCT10485|gene_type|ZFLNC	.	-	 	 24CellRep1 	 Pre-capture
chr11	39373713	39479262	Pilot_dr:LOC_000000021855	0	+	chr11	39373712	39373795	gene_id|ZFLNCT10591,ZFLNCT10592|gene_type|ZFLNC	.	+	 	 24CellRep1 	 Pre-capture
chr11	39373713	39479262	Pilot_dr:LOC_000000021855	0	+	chr11	39376417	39377087	gene_id|ZFLNCT10592|gene_type|ZFLNC	.	+	 	 24CellRep1 	 Pre-capture
chr11	39373713	39479262	Pilot_dr:LOC_000000021855	0	+	chr11	39478839	39479267	gene_id|ZFLNCT10591|gene_type|ZFLNC	.	+	 	 24CellRep1 	 Pre-capture
chr11	40948474	40956181	Pilot_dr:LOC_000000020831	0	+	chr11	40948472	40948649	gene_id|ZFLNCT10588,ZFLNCT10589|gene_type|ZFLNC	.	+	 	 24CellRep1 	 Pre-capture
chr11	40948474	40956181	Pilot_dr:LOC_000000020831	0	+	chr11	40948933	40948990	gene_id|ZFLNCT10584,ZFLNCT10586,ZFLNCT10588,ZFLNCT10589|gene_type|ZFLNC	.	+	 	 24CellRep1 	 Pre-capture
chr11	40948474	40956181	Pilot_dr:LOC_000000020831	0	+	chr11	40949338	40950147	gene_id|ZFLNCT10588,ZFLNCT10589,ZFLNCT10584,ZFLNCT10586|gene_type|ZFLNC	.	+	 	 24CellRep1 	 Pre-capture
chr11	40948474	40956181	Pilot_dr:LOC_000000020831	0	+	chr11	40955839	40956123	gene_id|ZFLNCT10589|gene_type|ZFLNC	.	+	 	 24CellRep1 	 Pre-capture
chr11	43722976	43737851	Pilot_dr:LOC_000000063200	0	-	chr11	43725891	43726515	gene_id|chr1.225862454.225862578-.GIGA.-|gene_type|GIGA	.	-	 	 24CellRep1 	 Pre-capture
chr12	249658	278877	Pilot_dr:LOC_000000021997	0	-	chr12	262396	262622	gene_id|ZFLNCT10691|gene_type|ZFLNC	.	-	 	 24CellRep1 	 Pre-capture
chr12	249658	278877	Pilot_dr:LOC_000000021997	0	-	chr12	262786	265201	gene_id|ZFLNCT10691|gene_type|ZFLNC	.	-	 	 24CellRep1 	 Pre-capture
chr12	341512	355523	Pilot_dr:LOC_000000063368	0	-	chr12	355450	355555	gene_id|ZFLNCT10697,ZFLNCT10698|gene_type|ZFLNC	.	-	 	 24CellRep1 	 Pre-capture
chr12	2068099	2236989	Pilot_dr:LOC_000000085148	0	-	chr12	2067963	2068265	gene_id|ZFLNCT10735|gene_type|ZFLNC	.	-	 	 24CellRep1 	 Pre-capture
chr12	2068099	2236989	Pilot_dr:LOC_000000085148	0	-	chr12	2068398	2068502	gene_id|ZFLNCT10735|gene_type|ZFLNC	.	-	 	 24CellRep1 	 Pre-capture
chr12	2068099	2236989	Pilot_dr:LOC_000000085148	0	-	chr12	2073084	2073187	gene_id|ZFLNCT10735|gene_type|ZFLNC	.	-	 	 24CellRep1 	 Pre-capture
chr12	2068099	2236989	Pilot_dr:LOC_000000085148	0	-	chr12	2095436	2095920	gene_id|ZFLNCT10737|gene_type|ZFLNC	.	-	 	 24CellRep1 	 Pre-capture
chr12	2068099	2236989	Pilot_dr:LOC_000000085148	0	-	chr12	2136096	2136237	gene_id|ZFLNCT10737|gene_type|ZFLNC	.	-	 	 24CellRep1 	 Pre-capture
chr12	2068099	2236989	Pilot_dr:LOC_000000085148	0	-	chr12	2169467	2169599	gene_id|ZFLNCT10737|gene_type|ZFLNC	.	-	 	 24CellRep1 	 Pre-capture
chr12	2068099	2236989	Pilot_dr:LOC_000000085148	0	-	chr12	2232756	2233545	gene_id|ZFLNCT10739|gene_type|ZFLNC	.	-	 	 24CellRep1 	 Pre-capture
chr12	2068099	2236989	Pilot_dr:LOC_000000085148	0	-	chr12	2235550	2235662	gene_id|ZFLNCT10739|gene_type|ZFLNC	.	-	 	 24CellRep1 	 Pre-capture
chr12	2068099	2236989	Pilot_dr:LOC_000000085148	0	-	chr12	2236710	2237093	gene_id|ZFLNCT10737,ZFLNCT10739|gene_type|ZFLNC	.	-	 	 24CellRep1 	 Pre-capture
chr12	3559081	3570020	Pilot_dr:LOC_000000031869	0	-	chr12	3560316	3560891	gene_id|chr17.42807767.42807892+.GIGA.-|gene_type|GIGA	.	-	 	 24CellRep1 	 Pre-capture
chr12	6993002	7044558	Pilot_dr:LOC_000000004384	0	-	chr12	7017519	7017582	gene_id|ZFLNCT10822|gene_type|ZFLNC	.	-	 	 24CellRep1 	 Pre-capture
chr12	6993002	7044558	Pilot_dr:LOC_000000004384	0	-	chr12	7043445	7043547	gene_id|ZFLNCT10822|gene_type|ZFLNC	.	-	 	 24CellRep1 	 Pre-capture
chr12	6993002	7044558	Pilot_dr:LOC_000000004384	0	-	chr12	7044069	7044694	gene_id|ZFLNCT10822|gene_type|ZFLNC	.	-	 	 24CellRep1 	 Pre-capture
chr12	7055975	7142839	Pilot_dr:LOC_000000044799	0	-	chr12	7070639	7071305	gene_id|ZFLNCT10823|gene_type|ZFLNC	.	-	 	 24CellRep1 	 Pre-capture
chr12	7055975	7142839	Pilot_dr:LOC_000000044799	0	-	chr12	7083299	7083373	gene_id|ZFLNCT10823|gene_type|ZFLNC	.	-	 	 24CellRep1 	 Pre-capture
chr12	8526795	8558016	Pilot_dr:LOC_000000015186	0	-	chr12	8549890	8550658	gene_id|chr12.9304342.9304610+.UCNE.-|gene_type|UCNE	.	-	 	 24CellRep1 	 Pre-capture
chr12	18209854	18227599	Pilot_dr:LOC_000000004523	0	+	chr12	18209871	18210151	gene_id|ZFLNCT10918|gene_type|ZFLNC	.	+	 	 24CellRep1 	 Pre-capture
chr12	18209854	18227599	Pilot_dr:LOC_000000004523	0	+	chr12	18224539	18224671	gene_id|ZFLNCT10918|gene_type|ZFLNC	.	+	 	 24CellRep1 	 Pre-capture
chr12	18209854	18227599	Pilot_dr:LOC_000000004523	0	+	chr12	18227388	18228004	gene_id|ZFLNCT10918|gene_type|ZFLNC	.	+	 	 24CellRep1 	 Pre-capture
chr12	18224479	18226735	Pilot_dr:LOC_000000089912	0	-	chr12	18224534	18224975	gene_id|ZFLNCT10919|gene_type|ZFLNC	.	-	 	 24CellRep1 	 Pre-capture
chr12	43092751	43107747	Pilot_dr:LOC_000000034516	0	-	chr12	43090917	43093534	gene_id|ZFLNCT11264,ZFLNCT11265|gene_type|ZFLNC	.	-	 	 24CellRep1 	 Pre-capture
chr12	43092751	43107747	Pilot_dr:LOC_000000034516	0	-	chr12	43093658	43093802	gene_id|ZFLNCT11264,ZFLNCT11265|gene_type|ZFLNC	.	-	 	 24CellRep1 	 Pre-capture
chr12	43092751	43107747	Pilot_dr:LOC_000000034516	0	-	chr12	43103466	43103541	gene_id|ZFLNCT11264,ZFLNCT11265|gene_type|ZFLNC	.	-	 	 24CellRep1 	 Pre-capture
chr12	43092751	43107747	Pilot_dr:LOC_000000034516	0	-	chr12	43105724	43105826	gene_id|ZFLNCT11265|gene_type|ZFLNC	.	-	 	 24CellRep1 	 Pre-capture
chr12	43092751	43107747	Pilot_dr:LOC_000000034516	0	-	chr12	43107688	43107732	gene_id|ZFLNCT11264,ZFLNCT11265|gene_type|ZFLNC	.	-	 	 24CellRep1 	 Pre-capture
chr12	48271463	48282146	Pilot_dr:LOC_000000087799	0	+	chr12	48277333	48277899	gene_id|chr5.134612690.134612756-.GIGA.+|gene_type|GIGA	.	+	 	 24CellRep1 	 Pre-capture
chr12	49044692	49047954	Pilot_dr:LOC_000000038028	0	-	chr12	49045719	49047980	gene_id|ZFLNCT11351|gene_type|ZFLNC	.	-	 	 24CellRep1 	 Pre-capture
chr13	1260478	1268410	Pilot_dr:LOC_000000076991	0	-	chr13	1260486	1260957	gene_id|ZFLNCT11390,ZFLNCT11391|gene_type|ZFLNC	.	-	 	 24CellRep1 	 Pre-capture
chr13	1260478	1268410	Pilot_dr:LOC_000000076991	0	-	chr13	1268347	1269605	gene_id|ZFLNCT11391|gene_type|ZFLNC	.	-	 	 24CellRep1 	 Pre-capture
chr13	5438370	5462979	Pilot_dr:LOC_000000050031	0	+	chr13	5452675	5453637	gene_id|chr13.5129561.5129711+.UCNE.+,chr2.66699910.66700394-.GIGA.+,chr11.18748025.18748507+.NONCODE.+,chr2.66699911.66700395-.GIGA.+,chr2.66699752.66700108-.GIGA.+,chr2.66699910.66700108-.GIGA.+,ZFLNCT11438.+,ZFLNCT11439.+|gene_type|multiple	.	+	 	 24CellRep1 	 Pre-capture
chr13	5438370	5462979	Pilot_dr:LOC_000000050031	0	+	chr13	5456656	5457348	gene_id|chr13.5133542.5133734+.UCNE.+,ZFLNCT11439.+,ZFLNCT11438.+|gene_type|multiple	.	+	 	 24CellRep1 	 Pre-capture
chr13	5438370	5462979	Pilot_dr:LOC_000000050031	0	+	chr13	5462334	5463250	gene_id|ZFLNCT11438,ZFLNCT11439|gene_type|ZFLNC	.	+	 	 24CellRep1 	 Pre-capture
chr13	5736132	5838493	Pilot_dr:LOC_000000011193	0	-	chr13	5743040	5743951	gene_id|chr13.5420125.5420536+.UCNE.-|gene_type|UCNE	.	-	 	 24CellRep1 	 Pre-capture
chr13	5736132	5838493	Pilot_dr:LOC_000000011193	0	-	chr13	5751128	5751870	gene_id|chr13.5428213.5428455+.UCNE.-|gene_type|UCNE	.	-	 	 24CellRep1 	 Pre-capture
chr13	5736132	5838493	Pilot_dr:LOC_000000011193	0	-	chr13	5772534	5773183	gene_id|chr13.5449619.5449768+.UCNE.-|gene_type|UCNE	.	-	 	 24CellRep1 	 Pre-capture
chr13	25944798	25952989	Pilot_dr:LOC_000000052317	0	+	chr13	25949024	25949612	gene_id|ZFLNCT11661,ZFLNCT11659,ZFLNCT11660|gene_type|ZFLNC	.	+	 	 24CellRep1 	 Pre-capture
chr13	25944798	25952989	Pilot_dr:LOC_000000052317	0	+	chr13	25952306	25952841	gene_id|ZFLNCT11659,ZFLNCT11661|gene_type|ZFLNC	.	+	 	 24CellRep1 	 Pre-capture
chr13	26802536	26922785	Pilot_dr:LOC_000000001843	0	+	chr13	26812692	26813412	gene_id|chr13.27036832.27037052+.UCNE.+|gene_type|UCNE	.	+	 	 24CellRep1 	 Pre-capture
chr13	26802536	26922785	Pilot_dr:LOC_000000001843	0	+	chr13	26815770	26816735	gene_id|chr13.27039910.27040375+.UCNE.+|gene_type|UCNE	.	+	 	 24CellRep1 	 Pre-capture
chr13	26802536	26922785	Pilot_dr:LOC_000000001843	0	+	chr13	26821058	26821660	gene_id|chr2.57886505.57886844-.GIGA.+,chr2.57886505.57886656-.GIGA.+|gene_type|GIGA	.	+	 	 24CellRep1 	 Pre-capture
chr13	26802536	26922785	Pilot_dr:LOC_000000001843	0	+	chr13	26823399	26824133	gene_id|chr2.57886175.57886615-.GIGA.+,chr13.27047541.27047773+.UCNE.+|gene_type|multiple	.	+	 	 24CellRep1 	 Pre-capture
chr13	26802536	26922785	Pilot_dr:LOC_000000001843	0	+	chr13	26835202	26835905	gene_id|chr13.27059342.27059545+.UCNE.+|gene_type|UCNE	.	+	 	 24CellRep1 	 Pre-capture
chr13	26802536	26922785	Pilot_dr:LOC_000000001843	0	+	chr13	26843921	26844517	gene_id|chr13.27068061.27068157+.UCNE.+|gene_type|UCNE	.	+	 	 24CellRep1 	 Pre-capture
chr13	26802536	26922785	Pilot_dr:LOC_000000001843	0	+	chr13	26850372	26851193	gene_id|chr13.27074512.27074833+.UCNE.+|gene_type|UCNE	.	+	 	 24CellRep1 	 Pre-capture
chr13	31950178	31955718	Pilot_dr:LOC_000000023655	0	-	chr13	31950157	31951542	gene_id|ZFLNCT11781,ZFLNCT11782|gene_type|ZFLNC	.	-	 	 24CellRep1 	 Pre-capture
chr13	31950178	31955718	Pilot_dr:LOC_000000023655	0	-	chr13	31952858	31952903	gene_id|ZFLNCT11781,ZFLNCT11782|gene_type|ZFLNC	.	-	 	 24CellRep1 	 Pre-capture
chr13	31950178	31955718	Pilot_dr:LOC_000000023655	0	-	chr13	31953767	31953845	gene_id|ZFLNCT11781,ZFLNCT11782|gene_type|ZFLNC	.	-	 	 24CellRep1 	 Pre-capture
chr13	32501472	32567229	Pilot_dr:LOC_000000062012	0	-	chr13	32501088	32501763	gene_id|ZFLNCT11796,ZFLNCT11797|gene_type|ZFLNC	.	-	 	 24CellRep1 	 Pre-capture
chr13	32501472	32567229	Pilot_dr:LOC_000000062012	0	-	chr13	32504178	32504474	gene_id|ZFLNCT11797,ZFLNCT11796|gene_type|ZFLNC	.	-	 	 24CellRep1 	 Pre-capture
chr13	32501472	32567229	Pilot_dr:LOC_000000062012	0	-	chr13	32556352	32556423	gene_id|ZFLNCT11798|gene_type|ZFLNC	.	-	 	 24CellRep1 	 Pre-capture
chr13	32501472	32567229	Pilot_dr:LOC_000000062012	0	-	chr13	32564445	32564554	gene_id|ZFLNCT11798|gene_type|ZFLNC	.	-	 	 24CellRep1 	 Pre-capture
chr13	32501472	32567229	Pilot_dr:LOC_000000062012	0	-	chr13	32564662	32564907	gene_id|ZFLNCT11798|gene_type|ZFLNC	.	-	 	 24CellRep1 	 Pre-capture
chr13	32501472	32567229	Pilot_dr:LOC_000000062012	0	-	chr13	32567180	32567256	gene_id|ZFLNCT11798|gene_type|ZFLNC	.	-	 	 24CellRep1 	 Pre-capture
chr13	39845252	39846904	Pilot_dr:LOC_000000047920	0	+	chr13	39845264	39845310	gene_id|ZFLNCT11881,ZFLNCT11882|gene_type|ZFLNC	.	+	 	 24CellRep1 	 Pre-capture
chr13	39845252	39846904	Pilot_dr:LOC_000000047920	0	+	chr13	39845994	39846144	gene_id|ZFLNCT11881,ZFLNCT11882|gene_type|ZFLNC	.	+	 	 24CellRep1 	 Pre-capture
chr13	39845252	39846904	Pilot_dr:LOC_000000047920	0	+	chr13	39846238	39846714	gene_id|ZFLNCT11882|gene_type|ZFLNC	.	+	 	 24CellRep1 	 Pre-capture
chr13	40417807	40418695	Pilot_dr:LOC_000000042658	0	-	chr13	40418316	40419194	gene_id|ZFLNCT11886|gene_type|ZFLNC	.	-	 	 24CellRep1 	 Pre-capture
chr13	42149075	42186678	Pilot_dr:LOC_000000008812	0	-	chr13	42149800	42149852	gene_id|ZFLNCT11909|gene_type|ZFLNC	.	-	 	 24CellRep1 	 Pre-capture
chr13	42149075	42186678	Pilot_dr:LOC_000000008812	0	-	chr13	42172165	42172378	gene_id|ZFLNCT11909|gene_type|ZFLNC	.	-	 	 24CellRep1 	 Pre-capture
chr13	42149075	42186678	Pilot_dr:LOC_000000008812	0	-	chr13	42186615	42186670	gene_id|ZFLNCT11909|gene_type|ZFLNC	.	-	 	 24CellRep1 	 Pre-capture
chr13	46285676	46288545	Pilot_dr:LOC_000000046639	0	-	chr13	46285695	46286181	gene_id|ZFLNCT11950|gene_type|ZFLNC	.	-	 	 24CellRep1 	 Pre-capture
chr13	46285676	46288545	Pilot_dr:LOC_000000046639	0	-	chr13	46288235	46288321	gene_id|ZFLNCT11950|gene_type|ZFLNC	.	-	 	 24CellRep1 	 Pre-capture
chr13	51741711	51742425	Pilot_dr:LOC_000000068620	0	+	chr13	51741554	51742137	gene_id|ZFLNCT12034,ZFLNCT12035,ZFLNCT12036|gene_type|ZFLNC	.	+	 	 24CellRep1 	 Pre-capture
chr13	52172998	52173369	Pilot_dr:LOC_000000030246	0	+	chr13	52172809	52173258	gene_id|ZFLNCT12051|gene_type|ZFLNC	.	+	 	 24CellRep1 	 Pre-capture
chr14	506777	507174	Pilot_dr:LOC_000000068660	0	-	chr14	506778	507471	gene_id|ZFLNCT12072,ZFLNCT12071|gene_type|ZFLNC	.	-	 	 24CellRep1 	 Pre-capture
chr14	1842439	1873741	Pilot_dr:LOC_000000040577	0	+	chr14	1842388	1842982	gene_id|ZFLNCT12085|gene_type|ZFLNC	.	+	 	 24CellRep1 	 Pre-capture
chr14	1842439	1873741	Pilot_dr:LOC_000000040577	0	+	chr14	1844290	1844397	gene_id|ZFLNCT12085|gene_type|ZFLNC	.	+	 	 24CellRep1 	 Pre-capture
chr14	5413622	5415070	Pilot_dr:LOC_000000027683	0	+	chr14	5413579	5413724	gene_id|ZFLNCT12138|gene_type|ZFLNC	.	+	 	 24CellRep1 	 Pre-capture
chr14	5413622	5415070	Pilot_dr:LOC_000000027683	0	+	chr14	5413851	5413912	gene_id|ZFLNCT12138|gene_type|ZFLNC	.	+	 	 24CellRep1 	 Pre-capture
chr14	5413622	5415070	Pilot_dr:LOC_000000027683	0	+	chr14	5414016	5414789	gene_id|ZFLNCT12138|gene_type|ZFLNC	.	+	 	 24CellRep1 	 Pre-capture
chr14	10468226	10469608	Pilot_dr:LOC_000000087853	0	-	chr14	10468237	10469017	gene_id|ZFLNCT12187|gene_type|ZFLNC	.	-	 	 24CellRep1 	 Pre-capture
chr14	10468226	10469608	Pilot_dr:LOC_000000087853	0	-	chr14	10469320	10469588	gene_id|ZFLNCT12187|gene_type|ZFLNC	.	-	 	 24CellRep1 	 Pre-capture
chr14	17967890	17998775	Pilot_dr:LOC_000000002653	0	+	chr14	17990193	17990383	gene_id|ZFLNCT12241|gene_type|ZFLNC	.	+	 	 24CellRep1 	 Pre-capture
chr14	17967890	17998775	Pilot_dr:LOC_000000002653	0	+	chr14	17992325	17992665	gene_id|ZFLNCT12240,ZFLNCT12241|gene_type|ZFLNC	.	+	 	 24CellRep1 	 Pre-capture
chr14	19567296	19568883	Pilot_dr:LOC_000000082109	0	-	chr14	19567335	19567468	gene_id|ZFLNCT12319|gene_type|ZFLNC	.	-	 	 24CellRep1 	 Pre-capture
chr14	19567296	19568883	Pilot_dr:LOC_000000082109	0	-	chr14	19567723	19567809	gene_id|ZFLNCT12319|gene_type|ZFLNC	.	-	 	 24CellRep1 	 Pre-capture
chr14	19567296	19568883	Pilot_dr:LOC_000000082109	0	-	chr14	19567930	19568011	gene_id|ZFLNCT12319|gene_type|ZFLNC	.	-	 	 24CellRep1 	 Pre-capture
chr14	19567296	19568883	Pilot_dr:LOC_000000082109	0	-	chr14	19568136	19568866	gene_id|ZFLNCT12319|gene_type|ZFLNC	.	-	 	 24CellRep1 	 Pre-capture
chr14	40476810	40526726	Pilot_dr:LOC_000000027077	0	+	chr14	40507003	40507141	gene_id|ZFLNCT12605|gene_type|ZFLNC	.	+	 	 24CellRep1 	 Pre-capture
chr14	40476810	40526726	Pilot_dr:LOC_000000027077	0	+	chr14	40508105	40508757	gene_id|ZFLNCT12605|gene_type|ZFLNC	.	+	 	 24CellRep1 	 Pre-capture
chr14	40476810	40526726	Pilot_dr:LOC_000000027077	0	+	chr14	40524729	40524918	gene_id|ZFLNCT12606|gene_type|ZFLNC	.	+	 	 24CellRep1 	 Pre-capture
chr14	40476810	40526726	Pilot_dr:LOC_000000027077	0	+	chr14	40525943	40526712	gene_id|ZFLNCT12606|gene_type|ZFLNC	.	+	 	 24CellRep1 	 Pre-capture
chr14	41957504	41987852	Pilot_dr:LOC_000000033585	0	-	chr14	41957701	41957864	gene_id|ZFLNCT12624|gene_type|ZFLNC	.	-	 	 24CellRep1 	 Pre-capture
chr14	41957504	41987852	Pilot_dr:LOC_000000033585	0	-	chr14	41987632	41987798	gene_id|ZFLNCT12624|gene_type|ZFLNC	.	-	 	 24CellRep1 	 Pre-capture
chr14	42739137	42907651	Pilot_dr:LOC_000000011364	0	-	chr14	42739075	42740099	gene_id|ZFLNCT12627|gene_type|ZFLNC	.	-	 	 24CellRep1 	 Pre-capture
chr14	42739137	42907651	Pilot_dr:LOC_000000011364	0	-	chr14	42770451	42771051	gene_id|ZFLNCT12628|gene_type|ZFLNC	.	-	 	 24CellRep1 	 Pre-capture
chr14	42739137	42907651	Pilot_dr:LOC_000000011364	0	-	chr14	42896900	42896989	gene_id|ZFLNCT12632|gene_type|ZFLNC	.	-	 	 24CellRep1 	 Pre-capture
chr14	42739137	42907651	Pilot_dr:LOC_000000011364	0	-	chr14	42907149	42907717	gene_id|ZFLNCT12628,ZFLNCT12631,ZFLNCT12632,ZFLNCT12627,ZFLNCT12629,ZFLNCT12630|gene_type|ZFLNC	.	-	 	 24CellRep1 	 Pre-capture
chr14	43997334	43998058	Pilot_dr:LOC_000000029790	0	+	chr14	43997336	43998045	gene_id|ZFLNCT12643|gene_type|ZFLNC	.	+	 	 24CellRep1 	 Pre-capture
chr14	52650439	52655235	Pilot_dr:LOC_000000011882	0	+	chr14	52650439	52650980	gene_id|chr4.688898.689023-.GIGA.+|gene_type|GIGA	.	+	 	 24CellRep1 	 Pre-capture
chr15	21506723	21519668	Pilot_dr:LOC_000000061142	0	-	chr15	21507483	21507536	gene_id|ZFLNCT13050|gene_type|ZFLNC	.	-	 	 24CellRep1 	 Pre-capture
chr15	45365244	45397863	Pilot_dr:LOC_000000035384	0	-	chr15	45365308	45365785	gene_id|ZFLNCT13442,ZFLNCT13443,ZFLNCT13444,ZFLNCT13445,ZFLNCT13446,ZFLNCT13442,ZFLNCT13443|gene_type|ZFLNC	.	-	 	 24CellRep1 	 Pre-capture
chr15	45365244	45397863	Pilot_dr:LOC_000000035384	0	-	chr15	45380321	45380414	gene_id|ZFLNCT13442,ZFLNCT13443,ZFLNCT13444,ZFLNCT13446|gene_type|ZFLNC	.	-	 	 24CellRep1 	 Pre-capture
chr15	45365244	45397863	Pilot_dr:LOC_000000035384	0	-	chr15	45397771	45398071	gene_id|ZFLNCT13444,ZFLNCT13442,ZFLNCT13445,ZFLNCT13443|gene_type|ZFLNC	.	-	 	 24CellRep1 	 Pre-capture
chr15	47993338	47993849	Pilot_dr:LOC_000000005287	0	+	chr15	47993339	47993604	gene_id|ZFLNCT13519|gene_type|ZFLNC	.	+	 	 24CellRep1 	 Pre-capture
chr16	127434	128868	Pilot_dr:LOC_000000006630	0	+	chr16	127435	127505	gene_id|ZFLNCT13546|gene_type|ZFLNC	.	+	 	 24CellRep1 	 Pre-capture
chr16	127434	128868	Pilot_dr:LOC_000000006630	0	+	chr16	127971	129026	gene_id|ZFLNCT13546|gene_type|ZFLNC	.	+	 	 24CellRep1 	 Pre-capture
chr16	176432	177566	Pilot_dr:LOC_000000041257	0	-	chr16	176394	176728	gene_id|ZFLNCT13548,ZFLNCT13549|gene_type|ZFLNC	.	-	 	 24CellRep1 	 Pre-capture
chr16	176432	177566	Pilot_dr:LOC_000000041257	0	-	chr16	177090	177338	gene_id|ZFLNCT13547,ZFLNCT13548,ZFLNCT13549|gene_type|ZFLNC	.	-	 	 24CellRep1 	 Pre-capture
chr16	176432	177566	Pilot_dr:LOC_000000041257	0	-	chr16	177481	177863	gene_id|ZFLNCT13547,ZFLNCT13548,ZFLNCT13549|gene_type|ZFLNC	.	-	 	 24CellRep1 	 Pre-capture
chr16	614457	632012	Pilot_dr:LOC_000000065802	0	+	chr16	621735	624134	gene_id|chr5.3103464.3105056+.GIGA.+|gene_type|GIGA	.	+	 	 24CellRep1 	 Pre-capture
chr16	2123889	2157745	Pilot_dr:LOC_000000019875	0	+	chr16	2156901	2158007	gene_id|ZFLNCT13590,ZFLNCT13589|gene_type|ZFLNC	.	+	 	 24CellRep1 	 Pre-capture
chr16	3947993	3948833	Pilot_dr:LOC_000000010432	0	+	chr16	3947996	3948317	gene_id|ZFLNCT13602|gene_type|ZFLNC	.	+	 	 24CellRep1 	 Pre-capture
chr16	5238994	5250351	Pilot_dr:LOC_000000047759	0	+	chr16	5244474	5244984	gene_id|chr6.127316449.127316459-.GIGA.+|gene_type|GIGA	.	+	 	 24CellRep1 	 Pre-capture
chr16	6476006	6484248	Pilot_dr:LOC_000000041533	0	-	chr16	6476016	6476579	gene_id|ZFLNCT13656,ZFLNCT13657,ZFLNCT13658|gene_type|ZFLNC	.	-	 	 24CellRep1 	 Pre-capture
chr16	6476006	6484248	Pilot_dr:LOC_000000041533	0	-	chr16	6479041	6479999	gene_id|chr18.81724278.81726221+.NONCODE.-,chr16.7692883.7693158+.UCNE.-|gene_type|multiple	.	-	 	 24CellRep1 	 Pre-capture
chr16	29246659	29251395	Pilot_dr:LOC_000000031475	0	+	chr16	29245880	29247059	gene_id|ZFLNCT14011|gene_type|ZFLNC	.	+	 	 24CellRep1 	 Pre-capture
chr16	29246659	29251395	Pilot_dr:LOC_000000031475	0	+	chr16	29250654	29250848	gene_id|ZFLNCT14011|gene_type|ZFLNC	.	+	 	 24CellRep1 	 Pre-capture
chr16	29721687	29812997	Pilot_dr:LOC_000000041870	0	+	chr16	29721627	29721870	gene_id|ZFLNCT14020|gene_type|ZFLNC	.	+	 	 24CellRep1 	 Pre-capture
chr16	29721687	29812997	Pilot_dr:LOC_000000041870	0	+	chr16	29730076	29730138	gene_id|ZFLNCT14020|gene_type|ZFLNC	.	+	 	 24CellRep1 	 Pre-capture
chr16	41142780	41144151	Pilot_dr:LOC_000000006944	0	+	chr16	41142863	41142956	gene_id|ZFLNCT14224|gene_type|ZFLNC	.	+	 	 24CellRep1 	 Pre-capture
chr16	41142780	41144151	Pilot_dr:LOC_000000006944	0	+	chr16	41143180	41143243	gene_id|ZFLNCT14224|gene_type|ZFLNC	.	+	 	 24CellRep1 	 Pre-capture
chr16	41142780	41144151	Pilot_dr:LOC_000000006944	0	+	chr16	41143555	41143756	gene_id|ZFLNCT14224|gene_type|ZFLNC	.	+	 	 24CellRep1 	 Pre-capture
chr16	46825768	46828591	Pilot_dr:LOC_000000069740	0	+	chr16	46826588	46826621	gene_id|ZFLNCT14337|gene_type|ZFLNC	.	+	 	 24CellRep1 	 Pre-capture
chr16	46825768	46828591	Pilot_dr:LOC_000000069740	0	+	chr16	46828167	46828297	gene_id|ZFLNCT14337|gene_type|ZFLNC	.	+	 	 24CellRep1 	 Pre-capture
chr16	46825768	46828591	Pilot_dr:LOC_000000069740	0	+	chr16	46828402	46828553	gene_id|ZFLNCT14337|gene_type|ZFLNC	.	+	 	 24CellRep1 	 Pre-capture
chr16	53962161	53986615	Pilot_dr:LOC_000000022870	0	-	chr16	53979480	53979683	gene_id|ZFLNCT14423|gene_type|ZFLNC	.	-	 	 24CellRep1 	 Pre-capture
chr17	3636723	3662867	Pilot_dr:LOC_000000081121	0	+	chr17	3644969	3645728	gene_id|chr2.1484595.1484854+.GIGA.+|gene_type|GIGA	.	+	 	 24CellRep1 	 Pre-capture
chr17	3636723	3662867	Pilot_dr:LOC_000000081121	0	+	chr17	3650023	3650714	gene_id|chr2.1487573.1487991+.GIGA.+,chr2.1487820.1487991+.GIGA.+|gene_type|GIGA	.	+	 	 24CellRep1 	 Pre-capture
chr17	3636723	3662867	Pilot_dr:LOC_000000081121	0	+	chr17	3661424	3662831	gene_id|chr2.1493801.1494039+.GIGA.+,chr2.1495988.1496197+.GIGA.+|gene_type|GIGA	.	+	 	 24CellRep1 	 Pre-capture
chr17	3636723	3662867	Pilot_dr:LOC_000000081121	0	+	chr17	3636474	3637579	gene_id|chr2.1477085.1477346+.GIGA.+,chr2.1477085.1477604+.GIGA.+|gene_type|GIGA	.	+	 	 24CellRep1 	 Pre-capture
chr17	19230848	19245655	Pilot_dr:LOC_000000054520	0	-	chr17	19230734	19231441	gene_id|ZFLNCT14698|gene_type|ZFLNC	.	-	 	 24CellRep1 	 Pre-capture
chr17	19230848	19245655	Pilot_dr:LOC_000000054520	0	-	chr17	19241413	19241559	gene_id|ZFLNCT14698|gene_type|ZFLNC	.	-	 	 24CellRep1 	 Pre-capture
chr17	19230848	19245655	Pilot_dr:LOC_000000054520	0	-	chr17	19245472	19245642	gene_id|ZFLNCT14698|gene_type|ZFLNC	.	-	 	 24CellRep1 	 Pre-capture
chr17	28275979	28292142	Pilot_dr:LOC_000000027009	0	+	chr17	28275981	28276145	gene_id|ZFLNCT14834|gene_type|ZFLNC	.	+	 	 24CellRep1 	 Pre-capture
chr17	28275979	28292142	Pilot_dr:LOC_000000027009	0	+	chr17	28286946	28287052	gene_id|ZFLNCT14834|gene_type|ZFLNC	.	+	 	 24CellRep1 	 Pre-capture
chr17	28275979	28292142	Pilot_dr:LOC_000000027009	0	+	chr17	28291901	28292143	gene_id|ZFLNCT14834|gene_type|ZFLNC	.	+	 	 24CellRep1 	 Pre-capture
chr17	34533330	34584223	Pilot_dr:LOC_000000013743	0	-	chr17	34577286	34578009	gene_id|chr2.8359966.8360162-.GIGA.-,chr2.8360026.8360067-.GIGA.-,chr12.25344569.25344645+.NONCODE.-|gene_type|multiple	.	-	 	 24CellRep1 	 Pre-capture
chr17	39823440	39825872	Pilot_dr:LOC_000000044451	0	+	chr17	39822723	39823774	gene_id|chr15.43054741.43054899-.GIGA.+,chr15.43048391.43048491-.GIGA.+,chr15.43047160.43047289-.GIGA.+|gene_type|GIGA	.	+	 	 24CellRep1 	 Pre-capture
chr17	40729296	40739834	Pilot_dr:LOC_000000001325	0	-	chr17	40729231	40730487	gene_id|ZFLNCT14985,ZFLNCT14986|gene_type|ZFLNC	.	-	 	 24CellRep1 	 Pre-capture
chr17	40729296	40739834	Pilot_dr:LOC_000000001325	0	-	chr17	40739788	40739941	gene_id|ZFLNCT14986|gene_type|ZFLNC	.	-	 	 24CellRep1 	 Pre-capture
chr17	52095306	52111728	Pilot_dr:LOC_000000030167	0	+	chr17	52104556	52105341	gene_id|chr17.52633941.52634226+.UCNE.+,chr12.86115946.86116347+.GENCODE.+|gene_type|multiple	.	+	 	 24CellRep1 	 Pre-capture
chr17	52118503	52120665	Pilot_dr:LOC_000000009124	0	-	chr17	52119574	52121058	gene_id|ZFLNCT15139|gene_type|ZFLNC	.	-	 	 24CellRep1 	 Pre-capture
chr17	52464778	52473896	Pilot_dr:LOC_000000036926	0	-	chr17	52464598	52465266	gene_id|ZFLNCT15142,ZFLNCT15143,ZFLNCT15144,ZFLNCT15145|gene_type|ZFLNC	.	-	 	 24CellRep1 	 Pre-capture
chr17	52464778	52473896	Pilot_dr:LOC_000000036926	0	-	chr17	52473159	52473199	gene_id|ZFLNCT15142,ZFLNCT15143,ZFLNCT15144,ZFLNCT15145|gene_type|ZFLNC	.	-	 	 24CellRep1 	 Pre-capture
chr17	52464778	52473896	Pilot_dr:LOC_000000036926	0	-	chr17	52473829	52474274	gene_id|ZFLNCT15145,ZFLNCT15142,ZFLNCT15143|gene_type|ZFLNC	.	-	 	 24CellRep1 	 Pre-capture
chr17	52767355	52789967	Pilot_dr:LOC_000000006853	0	+	chr17	52767304	52767491	gene_id|ZFLNCT15154,ZFLNCT15155,ZFLNCT15156|gene_type|ZFLNC	.	+	 	 24CellRep1 	 Pre-capture
chr17	52767355	52789967	Pilot_dr:LOC_000000006853	0	+	chr17	52775899	52776334	gene_id|ZFLNCT15155,ZFLNCT15156|gene_type|ZFLNC	.	+	 	 24CellRep1 	 Pre-capture
chr17	52767355	52789967	Pilot_dr:LOC_000000006853	0	+	chr17	52778030	52778711	gene_id|chr17.53307467.53307671+.UCNE.+|gene_type|UCNE	.	+	 	 24CellRep1 	 Pre-capture
chr17	52767355	52789967	Pilot_dr:LOC_000000006853	0	+	chr17	52780143	52780843	gene_id|chr17.53309603.53309803+.UCNE.+|gene_type|UCNE	.	+	 	 24CellRep1 	 Pre-capture
chr17	52767355	52789967	Pilot_dr:LOC_000000006853	0	+	chr17	52789583	52792053	gene_id|ZFLNCT15154|gene_type|ZFLNC	.	+	 	 24CellRep1 	 Pre-capture
chr17	53231434	53233328	Pilot_dr:LOC_000000089561	0	+	chr17	53232549	53233825	gene_id|chr14.75126702.75126799-.GIGA.+,chr14.75124045.75124223-.GIGA.+,chr14.75114202.75114313-.GIGA.+|gene_type|GIGA	.	+	 	 24CellRep1 	 Pre-capture
chr18	4325388	4338605	Pilot_dr:LOC_000000000795	0	+	chr18	4335210	4335688	gene_id|ZFLNCT15227,ZFLNCT15226|gene_type|ZFLNC	.	+	 	 24CellRep1 	 Pre-capture
chr18	4325388	4338605	Pilot_dr:LOC_000000000795	0	+	chr18	4337720	4337751	gene_id|ZFLNCT15228|gene_type|ZFLNC	.	+	 	 24CellRep1 	 Pre-capture
chr18	4325388	4338605	Pilot_dr:LOC_000000000795	0	+	chr18	4337927	4338483	gene_id|ZFLNCT15228|gene_type|ZFLNC	.	+	 	 24CellRep1 	 Pre-capture
chr18	5041935	5042453	Pilot_dr:LOC_000000069595	0	+	chr18	5041943	5042453	gene_id|ZFLNCT15251|gene_type|ZFLNC	.	+	 	 24CellRep1 	 Pre-capture
chr18	5736288	5767906	Pilot_dr:LOC_000000032475	0	-	chr18	5739541	5739821	gene_id|ZFLNCT15254,ZFLNCT15255|gene_type|ZFLNC	.	-	 	 24CellRep1 	 Pre-capture
chr18	5736288	5767906	Pilot_dr:LOC_000000032475	0	-	chr18	5739963	5740205	gene_id|ZFLNCT15254,ZFLNCT15255|gene_type|ZFLNC	.	-	 	 24CellRep1 	 Pre-capture
chr18	5736288	5767906	Pilot_dr:LOC_000000032475	0	-	chr18	5741020	5741556	gene_id|ZFLNCT15254,ZFLNCT15255,ZFLNCT15256|gene_type|ZFLNC	.	-	 	 24CellRep1 	 Pre-capture
chr18	5736288	5767906	Pilot_dr:LOC_000000032475	0	-	chr18	5744291	5747611	gene_id|ZFLNCT15253|gene_type|ZFLNC	.	-	 	 24CellRep1 	 Pre-capture
chr18	5736288	5767906	Pilot_dr:LOC_000000032475	0	-	chr18	5749613	5749903	gene_id|ZFLNCT15257|gene_type|ZFLNC	.	-	 	 24CellRep1 	 Pre-capture
chr18	5736288	5767906	Pilot_dr:LOC_000000032475	0	-	chr18	5751927	5752075	gene_id|ZFLNCT15257|gene_type|ZFLNC	.	-	 	 24CellRep1 	 Pre-capture
chr18	5736288	5767906	Pilot_dr:LOC_000000032475	0	-	chr18	5767792	5767891	gene_id|ZFLNCT15257|gene_type|ZFLNC	.	-	 	 24CellRep1 	 Pre-capture
chr18	8485733	8487571	Pilot_dr:LOC_000000037206	0	-	chr18	8487396	8487805	gene_id|ZFLNCT15335,ZFLNCT15329,ZFLNCT15331,ZFLNCT15333,ZFLNCT15328,ZFLNCT15330,ZFLNCT15334,ZFLNCT15332|gene_type|ZFLNC	.	-	 	 24CellRep1 	 Pre-capture
chr18	8654718	8655511	Pilot_dr:LOC_000000000632	0	-	chr18	8654818	8655428	gene_id|chr10.14008059.14008328-.GIGA.-|gene_type|GIGA	.	-	 	 24CellRep1 	 Pre-capture
chr18	8760102	8796404	Pilot_dr:LOC_000000063601	0	-	chr18	8785842	8786393	gene_id|chr10.14330057.14330183-.GIGA.-|gene_type|GIGA	.	-	 	 24CellRep1 	 Pre-capture
chr18	11661633	11694287	Pilot_dr:LOC_000000016450	0	+	chr18	11661577	11661882	gene_id|ZFLNCT15356|gene_type|ZFLNC	.	+	 	 24CellRep1 	 Pre-capture
chr18	11661633	11694287	Pilot_dr:LOC_000000016450	0	+	chr18	11692587	11694268	gene_id|ZFLNCT15356|gene_type|ZFLNC	.	+	 	 24CellRep1 	 Pre-capture
chr18	13494312	13515745	Pilot_dr:LOC_000000001804	0	+	chr18	13494245	13494338	gene_id|ZFLNCT15376|gene_type|ZFLNC	.	+	 	 24CellRep1 	 Pre-capture
chr18	13494312	13515745	Pilot_dr:LOC_000000001804	0	+	chr18	13511626	13511718	gene_id|ZFLNCT15376|gene_type|ZFLNC	.	+	 	 24CellRep1 	 Pre-capture
chr18	13494312	13515745	Pilot_dr:LOC_000000001804	0	+	chr18	13515049	13515153	gene_id|ZFLNCT15376|gene_type|ZFLNC	.	+	 	 24CellRep1 	 Pre-capture
chr18	13494312	13515745	Pilot_dr:LOC_000000001804	0	+	chr18	13515240	13515308	gene_id|ZFLNCT15376|gene_type|ZFLNC	.	+	 	 24CellRep1 	 Pre-capture
chr18	20324094	20329051	Pilot_dr:LOC_000000010674	0	+	chr18	20325126	20325221	gene_id|ZFLNCT15477|gene_type|ZFLNC	.	+	 	 24CellRep1 	 Pre-capture
chr18	20324094	20329051	Pilot_dr:LOC_000000010674	0	+	chr18	20328119	20328225	gene_id|ZFLNCT15478,ZFLNCT15479|gene_type|ZFLNC	.	+	 	 24CellRep1 	 Pre-capture
chr18	20324094	20329051	Pilot_dr:LOC_000000010674	0	+	chr18	20328293	20328651	gene_id|ZFLNCT15479|gene_type|ZFLNC	.	+	 	 24CellRep1 	 Pre-capture
chr18	24047561	24079246	Pilot_dr:LOC_000000005578	0	-	chr18	24047486	24048655	gene_id|ZFLNCT15534,ZFLNCT15535|gene_type|ZFLNC	.	-	 	 24CellRep1 	 Pre-capture
chr18	24047561	24079246	Pilot_dr:LOC_000000005578	0	-	chr18	24057304	24058390	gene_id|chr15.95716392.95716626+.GIGA.-,chr15.95715976.95716941+.GIGA.-|gene_type|GIGA	.	-	 	 24CellRep1 	 Pre-capture
chr18	24047561	24079246	Pilot_dr:LOC_000000005578	0	-	chr18	24073519	24074110	gene_id|chr18.23857464.23857555+.UCNE.-|gene_type|UCNE	.	-	 	 24CellRep1 	 Pre-capture
chr18	37541671	37551146	Pilot_dr:LOC_000000019957	0	-	chr18	37541715	37542159	gene_id|ZFLNCT15666,ZFLNCT15667|gene_type|ZFLNC	.	-	 	 24CellRep1 	 Pre-capture
chr18	37541671	37551146	Pilot_dr:LOC_000000019957	0	-	chr18	37542477	37542601	gene_id|ZFLNCT15666,ZFLNCT15667|gene_type|ZFLNC	.	-	 	 24CellRep1 	 Pre-capture
chr18	38403389	38515535	Pilot_dr:LOC_000000001303	0	+	chr18	38409780	38410440	gene_id|chr18.36847319.36847479+.UCNE.+|gene_type|UCNE	.	+	 	 24CellRep1 	 Pre-capture
chr18	38403389	38515535	Pilot_dr:LOC_000000001303	0	+	chr18	38511668	38512373	gene_id|chr18.36949207.36949412+.UCNE.+|gene_type|UCNE	.	+	 	 24CellRep1 	 Pre-capture
chr18	38403389	38515535	Pilot_dr:LOC_000000001303	0	+	chr18	38515139	38518601	gene_id|chr18.36952678.36952881+.UCNE.+,ZFLNCT15672.+,ZFLNCT15673.+|gene_type|multiple	.	+	 	 24CellRep1 	 Pre-capture
chr18	42515026	42517253	Pilot_dr:LOC_000000075010	0	-	chr18	42515621	42515913	gene_id|ZFLNCT15719|gene_type|ZFLNC	.	-	 	 24CellRep1 	 Pre-capture
chr18	42515026	42517253	Pilot_dr:LOC_000000075010	0	-	chr18	42516000	42516142	gene_id|ZFLNCT15717,ZFLNCT15719,ZFLNCT15718|gene_type|ZFLNC	.	-	 	 24CellRep1 	 Pre-capture
chr18	42605326	42606722	Pilot_dr:LOC_000000068789	0	-	chr18	42606239	42606669	gene_id|ZFLNCT15717,ZFLNCT15718|gene_type|ZFLNC	.	-	 	 24CellRep1 	 Pre-capture
chr18	42639056	42640107	Pilot_dr:LOC_000000039832	0	+	chr18	42639073	42639535	gene_id|ZFLNCT15720|gene_type|ZFLNC	.	+	 	 24CellRep1 	 Pre-capture
chr18	42639056	42640107	Pilot_dr:LOC_000000039832	0	+	chr18	42639653	42640074	gene_id|ZFLNCT15720|gene_type|ZFLNC	.	+	 	 24CellRep1 	 Pre-capture
chr18	43450055	43456172	Pilot_dr:LOC_000000083505	0	+	chr18	43450087	43456039	gene_id|ZFLNCT15726|gene_type|ZFLNC	.	+	 	 24CellRep1 	 Pre-capture
chr18	48183972	48217729	Pilot_dr:LOC_000000019495	0	+	chr18	48184059	48184333	gene_id|ZFLNCT15814|gene_type|ZFLNC	.	+	 	 24CellRep1 	 Pre-capture
chr18	48183972	48217729	Pilot_dr:LOC_000000019495	0	+	chr18	48185152	48185252	gene_id|ZFLNCT15814,ZFLNCT15816|gene_type|ZFLNC	.	+	 	 24CellRep1 	 Pre-capture
chr18	48183972	48217729	Pilot_dr:LOC_000000019495	0	+	chr18	48203942	48204254	gene_id|ZFLNCT15814,ZFLNCT15816|gene_type|ZFLNC	.	+	 	 24CellRep1 	 Pre-capture
chr18	49796688	49877562	Pilot_dr:LOC_000000003718	0	-	chr18	49797934	49798502	gene_id|ZFLNCT15845|gene_type|ZFLNC	.	-	 	 24CellRep1 	 Pre-capture
chr18	49796688	49877562	Pilot_dr:LOC_000000003718	0	-	chr18	49803070	49803239	gene_id|ZFLNCT15845|gene_type|ZFLNC	.	-	 	 24CellRep1 	 Pre-capture
chr18	49796688	49877562	Pilot_dr:LOC_000000003718	0	-	chr18	49877500	49877562	gene_id|ZFLNCT15845|gene_type|ZFLNC	.	-	 	 24CellRep1 	 Pre-capture
chr19	7765	8574	Pilot_dr:LOC_000000024047	0	-	chr19	8324	8927	gene_id|chr13.47080485.47080588+.NONCODE.-|gene_type|NONCODE	.	-	 	 24CellRep1 	 Pre-capture
chr19	2187789	2226771	Pilot_dr:LOC_000000027079	0	-	chr19	2221615	2222024	gene_id|ZFLNCT15989,ZFLNCT15990|gene_type|ZFLNC	.	-	 	 24CellRep1 	 Pre-capture
chr19	8422894	8424390	Pilot_dr:LOC_000000013897	0	+	chr19	8422912	8422993	gene_id|ZFLNCT16090|gene_type|ZFLNC	.	+	 	 24CellRep1 	 Pre-capture
chr19	8422894	8424390	Pilot_dr:LOC_000000013897	0	+	chr19	8424073	8424378	gene_id|ZFLNCT16090|gene_type|ZFLNC	.	+	 	 24CellRep1 	 Pre-capture
chr19	19459047	19461039	Pilot_dr:LOC_000000082418	0	-	chr19	19459051	19460019	gene_id|ZFLNCT16240|gene_type|ZFLNC	.	-	 	 24CellRep1 	 Pre-capture
chr19	19459047	19461039	Pilot_dr:LOC_000000082418	0	-	chr19	19460770	19461297	gene_id|ZFLNCT16240|gene_type|ZFLNC	.	-	 	 24CellRep1 	 Pre-capture
chr19	21979405	21981706	Pilot_dr:LOC_000000061274	0	+	chr19	21978695	21979682	gene_id|chr19.22463242.22463623+.UCNE.+,ZFLNCT16276.+|gene_type|multiple	.	+	 	 24CellRep1 	 Pre-capture
chr19	21979405	21981706	Pilot_dr:LOC_000000061274	0	+	chr19	21981371	21981429	gene_id|ZFLNCT16276|gene_type|ZFLNC	.	+	 	 24CellRep1 	 Pre-capture
chr19	21979405	21981706	Pilot_dr:LOC_000000061274	0	+	chr19	21981533	21981828	gene_id|ZFLNCT16276|gene_type|ZFLNC	.	+	 	 24CellRep1 	 Pre-capture
chr19	29459129	29751505	Pilot_dr:LOC_000000025257	0	+	chr19	29459117	29459330	gene_id|ZFLNCT16443,ZFLNCT16444,ZFLNCT16445,ZFLNCT16446,ZFLNCT16447,ZFLNCT16448,ZFLNCT16449,ZFLNCT16450|gene_type|ZFLNC	.	+	 	 24CellRep1 	 Pre-capture
chr19	29459129	29751505	Pilot_dr:LOC_000000025257	0	+	chr19	29487119	29487229	gene_id|ZFLNCT16443,ZFLNCT16444,ZFLNCT16445,ZFLNCT16446,ZFLNCT16447,ZFLNCT16448|gene_type|ZFLNC	.	+	 	 24CellRep1 	 Pre-capture
chr19	29459129	29751505	Pilot_dr:LOC_000000025257	0	+	chr19	29552476	29552575	gene_id|ZFLNCT16444,ZFLNCT16445,ZFLNCT16446,ZFLNCT16448,ZFLNCT16449,ZFLNCT16450|gene_type|ZFLNC	.	+	 	 24CellRep1 	 Pre-capture
chr19	29459129	29751505	Pilot_dr:LOC_000000025257	0	+	chr19	29585067	29586042	gene_id|ZFLNCT16446,ZFLNCT16447,ZFLNCT16448,ZFLNCT16450,ZFLNCT16444,ZFLNCT16445|gene_type|ZFLNC	.	+	 	 24CellRep1 	 Pre-capture
chr19	29459129	29751505	Pilot_dr:LOC_000000025257	0	+	chr19	29586407	29586739	gene_id|ZFLNCT16446|gene_type|ZFLNC	.	+	 	 24CellRep1 	 Pre-capture
chr19	29459129	29751505	Pilot_dr:LOC_000000025257	0	+	chr19	29601258	29601454	gene_id|ZFLNCT16447,ZFLNCT16449|gene_type|ZFLNC	.	+	 	 24CellRep1 	 Pre-capture
chr19	29459129	29751505	Pilot_dr:LOC_000000025257	0	+	chr19	29606518	29607003	gene_id|ZFLNCT16448,ZFLNCT16450|gene_type|ZFLNC	.	+	 	 24CellRep1 	 Pre-capture
chr19	29459129	29751505	Pilot_dr:LOC_000000025257	0	+	chr19	29750095	29751743	gene_id|ZFLNCT16464,ZFLNCT16463,ZFLNCT16464|gene_type|ZFLNC	.	+	 	 24CellRep1 	 Pre-capture
chr19	29914338	29915998	Pilot_dr:LOC_000000077612	0	-	chr19	29914349	29915568	gene_id|ZFLNCT16469|gene_type|ZFLNC	.	-	 	 24CellRep1 	 Pre-capture
chr19	29914338	29915998	Pilot_dr:LOC_000000077612	0	-	chr19	29915641	29915967	gene_id|ZFLNCT16469|gene_type|ZFLNC	.	-	 	 24CellRep1 	 Pre-capture
chr19	31138813	31153096	Pilot_dr:LOC_000000060158	0	+	chr19	31138827	31139034	gene_id|ZFLNCT16488|gene_type|ZFLNC	.	+	 	 24CellRep1 	 Pre-capture
chr19	31138813	31153096	Pilot_dr:LOC_000000060158	0	+	chr19	31152829	31153090	gene_id|ZFLNCT16488|gene_type|ZFLNC	.	+	 	 24CellRep1 	 Pre-capture
chr2	33812	37368	Pilot_dr:LOC_000000011508	0	-	chr2	34163	34732	gene_id|chr7.47280285.47280354-.GIGA.-|gene_type|GIGA	.	-	 	 24CellRep1 	 Pre-capture
chr2	165933	168260	Pilot_dr:LOC_000000063249	0	+	chr2	165178	167257	gene_id|chr22.50153044.50153218+.GIGA.+,chr22.50158056.50158206+.GIGA.+,chr22.50159677.50159785+.GIGA.+,chr22.50160529.50160825+.GIGA.+,chr22.50160687.50160825+.GIGA.+|gene_type|GIGA	.	+	 	 24CellRep1 	 Pre-capture
chr2	668723	669746	Pilot_dr:LOC_000000004171	0	+	chr2	668581	668944	gene_id|ZFLNCT01116|gene_type|ZFLNC	.	+	 	 24CellRep1 	 Pre-capture
chr2	668723	669746	Pilot_dr:LOC_000000004171	0	+	chr2	669318	669785	gene_id|ZFLNCT01116|gene_type|ZFLNC	.	+	 	 24CellRep1 	 Pre-capture
chr2	1666560	1670963	Pilot_dr:LOC_000000066603	0	+	chr2	1666551	1667104	gene_id|ZFLNCT01128,ZFLNCT01129|gene_type|ZFLNC	.	+	 	 24CellRep1 	 Pre-capture
chr2	1666560	1670963	Pilot_dr:LOC_000000066603	0	+	chr2	1670579	1671020	gene_id|ZFLNCT01128,ZFLNCT01129|gene_type|ZFLNC	.	+	 	 24CellRep1 	 Pre-capture
chr2	36515329	36522286	Pilot_dr:LOC_000000073501	0	-	chr2	36515465	36516197	gene_id|chr14.53132839.53133134+.NONCODE.-|gene_type|NONCODE	.	-	 	 24CellRep1 	 Pre-capture
chr2	40218544	40222323	Pilot_dr:LOC_000000039127	0	+	chr2	40218564	40218643	gene_id|ZFLNCT01734|gene_type|ZFLNC	.	+	 	 24CellRep1 	 Pre-capture
chr2	40218544	40222323	Pilot_dr:LOC_000000039127	0	+	chr2	40221494	40221605	gene_id|ZFLNCT01734|gene_type|ZFLNC	.	+	 	 24CellRep1 	 Pre-capture
chr2	40218544	40222323	Pilot_dr:LOC_000000039127	0	+	chr2	40221748	40222006	gene_id|ZFLNCT01734|gene_type|ZFLNC	.	+	 	 24CellRep1 	 Pre-capture
chr2	41751798	41771262	Pilot_dr:LOC_000000089950	0	-	chr2	41751951	41771190	gene_id|ZFLNCT01771|gene_type|ZFLNC	.	-	 	 24CellRep1 	 Pre-capture
chr2	46767561	46814133	Pilot_dr:LOC_000000018119	0	+	chr2	46767563	46767658	gene_id|ZFLNCT01856,ZFLNCT01857|gene_type|ZFLNC	.	+	 	 24CellRep1 	 Pre-capture
chr2	46767561	46814133	Pilot_dr:LOC_000000018119	0	+	chr2	46776817	46776944	gene_id|ZFLNCT01856,ZFLNCT01857|gene_type|ZFLNC	.	+	 	 24CellRep1 	 Pre-capture
chr2	46767561	46814133	Pilot_dr:LOC_000000018119	0	+	chr2	46803234	46803357	gene_id|ZFLNCT01857|gene_type|ZFLNC	.	+	 	 24CellRep1 	 Pre-capture
chr2	46767561	46814133	Pilot_dr:LOC_000000018119	0	+	chr2	46813474	46814415	gene_id|ZFLNCT01856,ZFLNCT01857|gene_type|ZFLNC	.	+	 	 24CellRep1 	 Pre-capture
chr2	52594896	52681733	Pilot_dr:LOC_000000054466	0	-	chr2	52628252	52628503	gene_id|ZFLNCT01951|gene_type|ZFLNC	.	-	 	 24CellRep1 	 Pre-capture
chr2	52594896	52681733	Pilot_dr:LOC_000000054466	0	-	chr2	52681428	52681788	gene_id|ZFLNCT01951,ZFLNCT01952|gene_type|ZFLNC	.	-	 	 24CellRep1 	 Pre-capture
chr2	57232110	57233853	Pilot_dr:LOC_000000026939	0	-	chr2	57232550	57233121	gene_id|chr19.1567803.1567877-.GIGA.-,chr19.1567827.1567877-.GIGA.-|gene_type|GIGA	.	-	 	 24CellRep1 	 Pre-capture
chr20	2416476	2422366	Pilot_dr:LOC_000000002798	0	-	chr20	2416455	2425360	gene_id|ZFLNCT16791|gene_type|ZFLNC	.	-	 	 24CellRep1 	 Pre-capture
chr20	10980223	11016928	Pilot_dr:LOC_000000027568	0	-	chr20	10979458	10980665	gene_id|ZFLNCT16858|gene_type|ZFLNC	.	-	 	 24CellRep1 	 Pre-capture
chr20	10980223	11016928	Pilot_dr:LOC_000000027568	0	-	chr20	10992262	10992289	gene_id|ZFLNCT16858|gene_type|ZFLNC	.	-	 	 24CellRep1 	 Pre-capture
chr20	10980223	11016928	Pilot_dr:LOC_000000027568	0	-	chr20	11011197	11011437	gene_id|ZFLNCT16859,ZFLNCT16860,ZFLNCT16861,ZFLNCT16862,ZFLNCT16863,ZFLNCT16864|gene_type|ZFLNC	.	-	 	 24CellRep1 	 Pre-capture
chr20	10980223	11016928	Pilot_dr:LOC_000000027568	0	-	chr20	11013505	11013590	gene_id|ZFLNCT16861,ZFLNCT16862|gene_type|ZFLNC	.	-	 	 24CellRep1 	 Pre-capture
chr20	10980223	11016928	Pilot_dr:LOC_000000027568	0	-	chr20	11016842	11016927	gene_id|ZFLNCT16863,ZFLNCT16859,ZFLNCT16864|gene_type|ZFLNC	.	-	 	 24CellRep1 	 Pre-capture
chr20	28115145	28159886	Pilot_dr:LOC_000000015657	0	-	chr20	28114764	28164152	gene_id|ZFLNCT17084,ZFLNCT17085,ZFLNCT17086,ZFLNCT17084,ZFLNCT17085,ZFLNCT17085|gene_type|ZFLNC	.	-	 	 24CellRep1 	 Pre-capture
chr20	30146154	30258580	Pilot_dr:LOC_000000019830	0	-	chr20	30187115	30187156	gene_id|ZFLNCT17111,ZFLNCT17112,ZFLNCT17113,ZFLNCT17114,ZFLNCT17115|gene_type|ZFLNC	.	-	 	 24CellRep1 	 Pre-capture
chr20	30146154	30258580	Pilot_dr:LOC_000000019830	0	-	chr20	30205348	30205490	gene_id|ZFLNCT17118,ZFLNCT17119,ZFLNCT17120|gene_type|ZFLNC	.	-	 	 24CellRep1 	 Pre-capture
chr20	30146154	30258580	Pilot_dr:LOC_000000019830	0	-	chr20	30237296	30238604	gene_id|ZFLNCT17119,ZFLNCT17118|gene_type|ZFLNC	.	-	 	 24CellRep1 	 Pre-capture
chr20	30146154	30258580	Pilot_dr:LOC_000000019830	0	-	chr20	30253752	30253837	gene_id|ZFLNCT17111,ZFLNCT17113,ZFLNCT17114,ZFLNCT17115,ZFLNCT17120,ZFLNCT17121|gene_type|ZFLNC	.	-	 	 24CellRep1 	 Pre-capture
chr20	30146154	30258580	Pilot_dr:LOC_000000019830	0	-	chr20	30257722	30257999	gene_id|ZFLNCT17111,ZFLNCT17113,ZFLNCT17120,ZFLNCT17121|gene_type|ZFLNC	.	-	 	 24CellRep1 	 Pre-capture
chr20	30146154	30258580	Pilot_dr:LOC_000000019830	0	-	chr20	30258264	30258492	gene_id|ZFLNCT17114|gene_type|ZFLNC	.	-	 	 24CellRep1 	 Pre-capture
chr20	30146154	30258580	Pilot_dr:LOC_000000019830	0	-	chr20	30146174	30146954	gene_id|ZFLNCT17112,ZFLNCT17113,ZFLNCT17114,ZFLNCT17115|gene_type|ZFLNC	.	-	 	 24CellRep1 	 Pre-capture
chr20	48061532	48074077	Pilot_dr:LOC_000000001782	0	+	chr20	48072385	48072448	gene_id|ZFLNCT17451|gene_type|ZFLNC	.	+	 	 24CellRep1 	 Pre-capture
chr20	52974926	52995262	Pilot_dr:LOC_000000070694	0	-	chr20	52973860	52975193	gene_id|ZFLNCT17555,ZFLNCT17556|gene_type|ZFLNC	.	-	 	 24CellRep1 	 Pre-capture
chr20	52974926	52995262	Pilot_dr:LOC_000000070694	0	-	chr20	52995046	52995339	gene_id|ZFLNCT17555,ZFLNCT17556|gene_type|ZFLNC	.	-	 	 24CellRep1 	 Pre-capture
chr21	499249	518630	Pilot_dr:LOC_000000025979	0	+	chr21	514061	514262	gene_id|ZFLNCT17616|gene_type|ZFLNC	.	+	 	 24CellRep1 	 Pre-capture
chr21	499249	518630	Pilot_dr:LOC_000000025979	0	+	chr21	514483	514973	gene_id|ZFLNCT17616|gene_type|ZFLNC	.	+	 	 24CellRep1 	 Pre-capture
chr21	793729	853778	Pilot_dr:LOC_000000059319	0	-	chr21	793757	794435	gene_id|chr21.1243351.1243529+.UCNE.-|gene_type|UCNE	.	-	 	 24CellRep1 	 Pre-capture
chr21	1064902	1066220	Pilot_dr:LOC_000000067894	0	+	chr21	1065977	1067277	gene_id|ZFLNCT17632,ZFLNCT17633|gene_type|ZFLNC	.	+	 	 24CellRep1 	 Pre-capture
chr21	1064902	1066220	Pilot_dr:LOC_000000067894	0	+	chr21	1064889	1065065	gene_id|ZFLNCT17632,ZFLNCT17633|gene_type|ZFLNC	.	+	 	 24CellRep1 	 Pre-capture
chr21	2653568	2663158	Pilot_dr:LOC_000000088748	0	+	chr21	2654301	2654598	gene_id|ZFLNCT17654|gene_type|ZFLNC	.	+	 	 24CellRep1 	 Pre-capture
chr21	2653568	2663158	Pilot_dr:LOC_000000088748	0	+	chr21	2658673	2658970	gene_id|ZFLNCT17654|gene_type|ZFLNC	.	+	 	 24CellRep1 	 Pre-capture
chr21	2653568	2663158	Pilot_dr:LOC_000000088748	0	+	chr21	2662938	2663365	gene_id|ZFLNCT17654|gene_type|ZFLNC	.	+	 	 24CellRep1 	 Pre-capture
chr21	7450772	7453073	Pilot_dr:LOC_000000009567	0	+	chr21	7452172	7452310	gene_id|ZFLNCT06988|gene_type|ZFLNC	.	+	 	 24CellRep1 	 Pre-capture
chr21	7450772	7453073	Pilot_dr:LOC_000000009567	0	+	chr21	7452552	7453119	gene_id|ZFLNCT06988|gene_type|ZFLNC	.	+	 	 24CellRep1 	 Pre-capture
chr21	12291082	12332769	Pilot_dr:LOC_000000040185	0	-	chr21	12291139	12291250	gene_id|ZFLNCT17811,ZFLNCT17812|gene_type|ZFLNC	.	-	 	 24CellRep1 	 Pre-capture
chr21	12291082	12332769	Pilot_dr:LOC_000000040185	0	-	chr21	12291416	12291706	gene_id|ZFLNCT17810,ZFLNCT17811,ZFLNCT17812|gene_type|ZFLNC	.	-	 	 24CellRep1 	 Pre-capture
chr21	12291082	12332769	Pilot_dr:LOC_000000040185	0	-	chr21	12302764	12302911	gene_id|ZFLNCT17811|gene_type|ZFLNC	.	-	 	 24CellRep1 	 Pre-capture
chr21	12291082	12332769	Pilot_dr:LOC_000000040185	0	-	chr21	12332509	12332807	gene_id|ZFLNCT17810,ZFLNCT17812,ZFLNCT17813|gene_type|ZFLNC	.	-	 	 24CellRep1 	 Pre-capture
chr21	15572741	15575343	Pilot_dr:LOC_000000028626	0	+	chr21	15574746	15575478	gene_id|ZFLNCT17865,ZFLNCT17866,ZFLNCT17867|gene_type|ZFLNC	.	+	 	 24CellRep1 	 Pre-capture
chr21	20891133	20899139	Pilot_dr:LOC_000000018090	0	+	chr21	20895843	20896348	gene_id|chr5.41749600.41749607-.GIGA.+|gene_type|GIGA	.	+	 	 24CellRep1 	 Pre-capture
chr21	33145842	33168166	Pilot_dr:LOC_000000025888	0	-	chr21	33146296	33146525	gene_id|ZFLNCT18151|gene_type|ZFLNC	.	-	 	 24CellRep1 	 Pre-capture
chr21	38211741	38227200	Pilot_dr:LOC_000000018689	0	+	chr21	38211618	38211916	gene_id|ZFLNCT18192,ZFLNCT18193|gene_type|ZFLNC	.	+	 	 24CellRep1 	 Pre-capture
chr21	38211741	38227200	Pilot_dr:LOC_000000018689	0	+	chr21	38220727	38221666	gene_id|ZFLNCT18192|gene_type|ZFLNC	.	+	 	 24CellRep1 	 Pre-capture
chr21	38211741	38227200	Pilot_dr:LOC_000000018689	0	+	chr21	38227076	38227516	gene_id|ZFLNCT18193|gene_type|ZFLNC	.	+	 	 24CellRep1 	 Pre-capture
chr22	4064572	4080227	Pilot_dr:LOC_000000007908	0	+	chr22	4064601	4064810	gene_id|ZFLNCT18473,ZFLNCT18474|gene_type|ZFLNC	.	+	 	 24CellRep1 	 Pre-capture
chr22	4064572	4080227	Pilot_dr:LOC_000000007908	0	+	chr22	4066166	4066260	gene_id|ZFLNCT18473,ZFLNCT18474|gene_type|ZFLNC	.	+	 	 24CellRep1 	 Pre-capture
chr22	4064572	4080227	Pilot_dr:LOC_000000007908	0	+	chr22	4079479	4079507	gene_id|ZFLNCT18473,ZFLNCT18474|gene_type|ZFLNC	.	+	 	 24CellRep1 	 Pre-capture
chr22	4064572	4080227	Pilot_dr:LOC_000000007908	0	+	chr22	4079586	4079740	gene_id|ZFLNCT18473,ZFLNCT18474|gene_type|ZFLNC	.	+	 	 24CellRep1 	 Pre-capture
chr22	12396917	12405356	Pilot_dr:LOC_000000011220	0	+	chr22	12399272	12399640	gene_id|ZFLNCT18627,ZFLNCT18628,ZFLNCT18629|gene_type|ZFLNC	.	+	 	 24CellRep1 	 Pre-capture
chr22	12396917	12405356	Pilot_dr:LOC_000000011220	0	+	chr22	12402887	12404125	gene_id|ZFLNCT18630,ZFLNCT18627,ZFLNCT18628,ZFLNCT18629|gene_type|ZFLNC	.	+	 	 24CellRep1 	 Pre-capture
chr22	12396917	12405356	Pilot_dr:LOC_000000011220	0	+	chr22	12404248	12405430	gene_id|ZFLNCT18629,ZFLNCT18627,ZFLNCT18628,ZFLNCT18630|gene_type|ZFLNC	.	+	 	 24CellRep1 	 Pre-capture
chr22	12398766	12399723	Pilot_dr:LOC_000000085463	0	+	chr22	12399272	12399640	gene_id|ZFLNCT18627,ZFLNCT18628,ZFLNCT18629|gene_type|ZFLNC	.	+	 	 24CellRep1 	 Pre-capture
chr22	13668777	13699962	Pilot_dr:LOC_000000075240	0	-	chr22	13668985	13669768	gene_id|ZFLNCT18648|gene_type|ZFLNC	.	-	 	 24CellRep1 	 Pre-capture
chr22	13668777	13699962	Pilot_dr:LOC_000000075240	0	-	chr22	13678130	13678260	gene_id|ZFLNCT18648|gene_type|ZFLNC	.	-	 	 24CellRep1 	 Pre-capture
chr22	13668777	13699962	Pilot_dr:LOC_000000075240	0	-	chr22	13693577	13693627	gene_id|ZFLNCT18648|gene_type|ZFLNC	.	-	 	 24CellRep1 	 Pre-capture
chr22	14879846	14881363	Pilot_dr:LOC_000000020181	0	+	chr22	14879864	14879913	gene_id|ZFLNCT18661|gene_type|ZFLNC	.	+	 	 24CellRep1 	 Pre-capture
chr22	14879846	14881363	Pilot_dr:LOC_000000020181	0	+	chr22	14880907	14881426	gene_id|ZFLNCT18661|gene_type|ZFLNC	.	+	 	 24CellRep1 	 Pre-capture
chr22	16810270	16810944	Pilot_dr:LOC_000000084873	0	+	chr22	16810284	16811106	gene_id|ZFLNCT18688|gene_type|ZFLNC	.	+	 	 24CellRep1 	 Pre-capture
chr22	18627242	18659813	Pilot_dr:LOC_000000024817	0	-	chr22	18653204	18653287	gene_id|ZFLNCT18725,ZFLNCT18726|gene_type|ZFLNC	.	-	 	 24CellRep1 	 Pre-capture
chr22	18627242	18659813	Pilot_dr:LOC_000000024817	0	-	chr22	18653725	18653821	gene_id|ZFLNCT18725,ZFLNCT18726|gene_type|ZFLNC	.	-	 	 24CellRep1 	 Pre-capture
chr22	18627242	18659813	Pilot_dr:LOC_000000024817	0	-	chr22	18659661	18659957	gene_id|ZFLNCT18725,ZFLNCT18726|gene_type|ZFLNC	.	-	 	 24CellRep1 	 Pre-capture
chr22	29406379	29407560	Pilot_dr:LOC_000000006973	0	+	chr22	29406385	29406436	gene_id|ZFLNCT18901|gene_type|ZFLNC	.	+	 	 24CellRep1 	 Pre-capture
chr22	29406379	29407560	Pilot_dr:LOC_000000006973	0	+	chr22	29407178	29407460	gene_id|ZFLNCT18901|gene_type|ZFLNC	.	+	 	 24CellRep1 	 Pre-capture
chr22	32787785	32791117	Pilot_dr:LOC_000000081702	0	+	chr22	32787799	32788004	gene_id|ZFLNCT18937|gene_type|ZFLNC	.	+	 	 24CellRep1 	 Pre-capture
chr22	32787785	32791117	Pilot_dr:LOC_000000081702	0	+	chr22	32790790	32791069	gene_id|ZFLNCT18937|gene_type|ZFLNC	.	+	 	 24CellRep1 	 Pre-capture
chr23	8018104	8020028	Pilot_dr:LOC_000000006103	0	-	chr23	8019169	8019784	gene_id|ZFLNCT19205|gene_type|ZFLNC	.	-	 	 24CellRep1 	 Pre-capture
chr23	8018104	8020028	Pilot_dr:LOC_000000006103	0	-	chr23	8019847	8020027	gene_id|ZFLNCT19205|gene_type|ZFLNC	.	-	 	 24CellRep1 	 Pre-capture
chr23	20829332	20829636	Pilot_dr:LOC_000000068234	0	-	chr23	20829345	20829634	gene_id|ZFLNCT19386,ZFLNCT19387|gene_type|ZFLNC	.	-	 	 24CellRep1 	 Pre-capture
chr23	33614320	33618870	Pilot_dr:LOC_000000017151	0	-	chr23	33608009	33617082	gene_id|ZFLNCT19597,ZFLNCT19598,ZFLNCT19597,ZFLNCT19597,ZFLNCT19597|gene_type|ZFLNC	.	-	 	 24CellRep1 	 Pre-capture
chr23	33614320	33618870	Pilot_dr:LOC_000000017151	0	-	chr23	33618743	33618846	gene_id|ZFLNCT19597|gene_type|ZFLNC	.	-	 	 24CellRep1 	 Pre-capture
chr23	43459806	43460561	Pilot_dr:LOC_000000073680	0	-	chr23	43460081	43460811	gene_id|chr20.37943980.37944410+.GIGA.-|gene_type|GIGA	.	-	 	 24CellRep1 	 Pre-capture
chr24	8334	14500	Pilot_dr:LOC_000000009688	0	+	chr24	5362	9703	gene_id|ZFLNCT19906,ZFLNCT19905,ZFLNCT19904,ZFLNCT19904,ZFLNCT19904,ZFLNCT19905|gene_type|ZFLNC	.	+	 	 24CellRep1 	 Pre-capture
chr24	12843480	12854311	Pilot_dr:LOC_000000061946	0	+	chr24	12853386	12853804	gene_id|ZFLNCT20068|gene_type|ZFLNC	.	+	 	 24CellRep1 	 Pre-capture
chr24	12843480	12854311	Pilot_dr:LOC_000000061946	0	+	chr24	12853972	12854192	gene_id|ZFLNCT20068|gene_type|ZFLNC	.	+	 	 24CellRep1 	 Pre-capture
chr24	25750609	25754123	Pilot_dr:LOC_000000015224	0	-	chr24	25750636	25751448	gene_id|ZFLNCT20268|gene_type|ZFLNC	.	-	 	 24CellRep1 	 Pre-capture
chr24	25750609	25754123	Pilot_dr:LOC_000000015224	0	-	chr24	25753833	25753912	gene_id|ZFLNCT20268|gene_type|ZFLNC	.	-	 	 24CellRep1 	 Pre-capture
chr24	25750609	25754123	Pilot_dr:LOC_000000015224	0	-	chr24	25754011	25754146	gene_id|ZFLNCT20268|gene_type|ZFLNC	.	-	 	 24CellRep1 	 Pre-capture
chr24	27964692	28115328	Pilot_dr:LOC_000000009381	0	-	chr24	28081388	28082083	gene_id|ZFLNCT20305|gene_type|ZFLNC	.	-	 	 24CellRep1 	 Pre-capture
chr24	27964692	28115328	Pilot_dr:LOC_000000009381	0	-	chr24	28102898	28104702	gene_id|ZFLNCT20306,ZFLNCT20305|gene_type|ZFLNC	.	-	 	 24CellRep1 	 Pre-capture
chr24	27964692	28115328	Pilot_dr:LOC_000000009381	0	-	chr24	28115219	28115364	gene_id|ZFLNCT20306,ZFLNCT20305|gene_type|ZFLNC	.	-	 	 24CellRep1 	 Pre-capture
chr24	40209621	40240038	Pilot_dr:LOC_000000021979	0	+	chr24	40209614	40210268	gene_id|ZFLNCT20521|gene_type|ZFLNC	.	+	 	 24CellRep1 	 Pre-capture
chr25	1839766	1951420	Pilot_dr:LOC_000000034636	0	-	chr25	1946368	1948759	gene_id|ZFLNCT20609|gene_type|ZFLNC	.	-	 	 24CellRep1 	 Pre-capture
chr25	1839766	1951420	Pilot_dr:LOC_000000034636	0	-	chr25	1951327	1951444	gene_id|ZFLNCT20609|gene_type|ZFLNC	.	-	 	 24CellRep1 	 Pre-capture
chr25	4607707	4616839	Pilot_dr:LOC_000000041817	0	+	chr25	4612229	4612820	gene_id|chr1.202488532.202488623+.GIGA.+|gene_type|GIGA	.	+	 	 24CellRep1 	 Pre-capture
chr25	6941786	6942697	Pilot_dr:LOC_000000032302	0	-	chr25	6941843	6942570	gene_id|ZFLNCT20743|gene_type|ZFLNC	.	-	 	 24CellRep1 	 Pre-capture
chr25	6941786	6942697	Pilot_dr:LOC_000000032302	0	-	chr25	6942653	6942687	gene_id|ZFLNCT20743|gene_type|ZFLNC	.	-	 	 24CellRep1 	 Pre-capture
chr25	9079915	9080858	Pilot_dr:LOC_000000018606	0	+	chr25	9079918	9081084	gene_id|ZFLNCT20784|gene_type|ZFLNC	.	+	 	 24CellRep1 	 Pre-capture
chr25	9452269	9487853	Pilot_dr:LOC_000000039638	0	-	chr25	9450600	9452966	gene_id|ZFLNCT20786,ZFLNCT20787|gene_type|ZFLNC	.	-	 	 24CellRep1 	 Pre-capture
chr25	9452269	9487853	Pilot_dr:LOC_000000039638	0	-	chr25	9454920	9455055	gene_id|ZFLNCT20786,ZFLNCT20787|gene_type|ZFLNC	.	-	 	 24CellRep1 	 Pre-capture
chr25	9452269	9487853	Pilot_dr:LOC_000000039638	0	-	chr25	9487736	9487837	gene_id|ZFLNCT20786|gene_type|ZFLNC	.	-	 	 24CellRep1 	 Pre-capture
chr25	9487470	9505738	Pilot_dr:LOC_000000026542	0	+	chr25	9486933	9487644	gene_id|ZFLNCT20788|gene_type|ZFLNC	.	+	 	 24CellRep1 	 Pre-capture
chr25	9487470	9505738	Pilot_dr:LOC_000000026542	0	+	chr25	9498426	9498923	gene_id|ZFLNCT20791,ZFLNCT20788,ZFLNCT20789,ZFLNCT20790|gene_type|ZFLNC	.	+	 	 24CellRep1 	 Pre-capture
chr25	9487470	9505738	Pilot_dr:LOC_000000026542	0	+	chr25	9504998	9506448	gene_id|ZFLNCT20788,ZFLNCT20789,ZFLNCT20790,ZFLNCT20791|gene_type|ZFLNC	.	+	 	 24CellRep1 	 Pre-capture
chr25	12215898	12245043	Pilot_dr:LOC_000000065237	0	-	chr25	12228248	12230067	gene_id|ZFLNCT20828|gene_type|ZFLNC	.	-	 	 24CellRep1 	 Pre-capture
chr25	12215898	12245043	Pilot_dr:LOC_000000065237	0	-	chr25	12231727	12232290	gene_id|ZFLNCT20828|gene_type|ZFLNC	.	-	 	 24CellRep1 	 Pre-capture
chr25	33438160	33439326	Pilot_dr:LOC_000000080120	0	+	chr25	33438936	33439620	gene_id|ZFLNCT21033|gene_type|ZFLNC	.	+	 	 24CellRep1 	 Pre-capture
chr25	33498191	33563451	Pilot_dr:LOC_000000059435	0	+	chr25	33558987	33559550	gene_id|chr15.61104122.61104228-.GIGA.+|gene_type|GIGA	.	+	 	 24CellRep1 	 Pre-capture
chr25	34054895	34138365	Pilot_dr:LOC_000000049605	0	+	chr25	34054875	34137434	gene_id|ZFLNCT21044,ZFLNCT21045,ZFLNCT21045,ZFLNCT21045|gene_type|ZFLNC	.	+	 	 24CellRep1 	 Pre-capture
chr25	36376157	36378011	Pilot_dr:LOC_000000040662	0	+	chr25	36376136	36376623	gene_id|ZFLNCT21101|gene_type|ZFLNC	.	+	 	 24CellRep1 	 Pre-capture
chr25	36376157	36378011	Pilot_dr:LOC_000000040662	0	+	chr25	36377652	36377712	gene_id|ZFLNCT21101|gene_type|ZFLNC	.	+	 	 24CellRep1 	 Pre-capture
chr3	4667167	4671904	Pilot_dr:LOC_000000024586	0	-	chr3	4671285	4672137	gene_id|chr19.50309004.50309177+.GIGA.-,chr19.50307048.50307157+.GIGA.-|gene_type|GIGA	.	-	 	 24CellRep1 	 Pre-capture
chr3	31232171	31236141	Pilot_dr:LOC_000000076091	0	+	chr3	31232133	31232473	gene_id|ZFLNCT02672|gene_type|ZFLNC	.	+	 	 24CellRep1 	 Pre-capture
chr3	44332721	44335875	Pilot_dr:LOC_000000051002	0	-	chr3	44332747	44333384	gene_id|ZFLNCT02884|gene_type|ZFLNC	.	-	 	 24CellRep1 	 Pre-capture
chr3	44332721	44335875	Pilot_dr:LOC_000000051002	0	-	chr3	44334384	44334550	gene_id|ZFLNCT02884|gene_type|ZFLNC	.	-	 	 24CellRep1 	 Pre-capture
chr3	44332721	44335875	Pilot_dr:LOC_000000051002	0	-	chr3	44335715	44335853	gene_id|ZFLNCT02884|gene_type|ZFLNC	.	-	 	 24CellRep1 	 Pre-capture
chr3	48438603	48443237	Pilot_dr:LOC_000000059578	0	+	chr3	48439066	48439077	gene_id|ZFLNCT02926|gene_type|ZFLNC	.	+	 	 24CellRep1 	 Pre-capture
chr3	48438603	48443237	Pilot_dr:LOC_000000059578	0	+	chr3	48441533	48441591	gene_id|ZFLNCT02926|gene_type|ZFLNC	.	+	 	 24CellRep1 	 Pre-capture
chr3	48438603	48443237	Pilot_dr:LOC_000000059578	0	+	chr3	48442389	48442896	gene_id|ZFLNCT02926|gene_type|ZFLNC	.	+	 	 24CellRep1 	 Pre-capture
chr3	56949959	56957566	Pilot_dr:LOC_000000021649	0	+	chr3	56949955	56950536	gene_id|ZFLNCT03026|gene_type|ZFLNC	.	+	 	 24CellRep1 	 Pre-capture
chr3	56949959	56957566	Pilot_dr:LOC_000000021649	0	+	chr3	56954153	56954264	gene_id|ZFLNCT03026|gene_type|ZFLNC	.	+	 	 24CellRep1 	 Pre-capture
chr3	56949959	56957566	Pilot_dr:LOC_000000021649	0	+	chr3	56956436	56957558	gene_id|chr17.73209487.73209768-.GIGA.+,ZFLNCT03026.+|gene_type|multiple	.	+	 	 24CellRep1 	 Pre-capture
chr3	58682506	58683381	Pilot_dr:LOC_000000035522	0	+	chr3	58682557	58682730	gene_id|ZFLNCT03071|gene_type|ZFLNC	.	+	 	 24CellRep1 	 Pre-capture
chr3	58682506	58683381	Pilot_dr:LOC_000000035522	0	+	chr3	58682828	58682886	gene_id|ZFLNCT03071|gene_type|ZFLNC	.	+	 	 24CellRep1 	 Pre-capture
chr3	62568827	62592542	Pilot_dr:LOC_000000019405	0	-	chr3	62583302	62583443	gene_id|ZFLNCT03164|gene_type|ZFLNC	.	-	 	 24CellRep1 	 Pre-capture
chr3	62568827	62592542	Pilot_dr:LOC_000000019405	0	-	chr3	62587381	62592551	gene_id|ZFLNCT03165,ZFLNCT03163,ZFLNCT03164,ZFLNCT03163,ZFLNCT03164,ZFLNCT03163,ZFLNCT03164,ZFLNCT03163,ZFLNCT03164,ZFLNCT03163|gene_type|ZFLNC	.	-	 	 24CellRep1 	 Pre-capture
chr4	1864628	1866070	Pilot_dr:LOC_000000007694	0	+	chr4	1865560	1865648	gene_id|ZFLNCT03249|gene_type|ZFLNC	.	+	 	 24CellRep1 	 Pre-capture
chr4	1864628	1866070	Pilot_dr:LOC_000000007694	0	+	chr4	1865859	1866450	gene_id|ZFLNCT03249|gene_type|ZFLNC	.	+	 	 24CellRep1 	 Pre-capture
chr4	3419489	3422792	Pilot_dr:LOC_000000005550	0	+	chr4	3421471	3422093	gene_id|ZFLNCT03293|gene_type|ZFLNC	.	+	 	 24CellRep1 	 Pre-capture
chr4	3419489	3422792	Pilot_dr:LOC_000000005550	0	+	chr4	3422300	3422463	gene_id|ZFLNCT03293|gene_type|ZFLNC	.	+	 	 24CellRep1 	 Pre-capture
chr4	4162825	4164483	Pilot_dr:LOC_000000048553	0	-	chr4	4162825	4163172	gene_id|ZFLNCT03314|gene_type|ZFLNC	.	-	 	 24CellRep1 	 Pre-capture
chr4	4162825	4164483	Pilot_dr:LOC_000000048553	0	-	chr4	4163359	4163876	gene_id|ZFLNCT03314|gene_type|ZFLNC	.	-	 	 24CellRep1 	 Pre-capture
chr4	57638311	57640053	Pilot_dr:LOC_000000011535	0	-	chr4	57638950	57639299	gene_id|ZFLNCT04001,ZFLNCT04000|gene_type|ZFLNC	.	-	 	 24CellRep1 	 Pre-capture
chr4	57638311	57640053	Pilot_dr:LOC_000000011535	0	-	chr4	57639722	57639787	gene_id|ZFLNCT04001,ZFLNCT04000|gene_type|ZFLNC	.	-	 	 24CellRep1 	 Pre-capture
chr5	2780107	2780830	Pilot_dr:LOC_000000088333	0	-	chr5	2780443	2781070	gene_id|chr20.3190522.3190819-.GIGA.-|gene_type|GIGA	.	-	 	 24CellRep1 	 Pre-capture
chr5	6042524	6171068	Pilot_dr:LOC_000000061231	0	-	chr5	6042066	6043176	gene_id|ZFLNCT04699|gene_type|ZFLNC	.	-	 	 24CellRep1 	 Pre-capture
chr5	6042524	6171068	Pilot_dr:LOC_000000061231	0	-	chr5	6050702	6050725	gene_id|ZFLNCT04699|gene_type|ZFLNC	.	-	 	 24CellRep1 	 Pre-capture
chr5	7039554	7043098	Pilot_dr:LOC_000000073073	0	+	chr5	7039444	7039794	gene_id|ZFLNCT04711|gene_type|ZFLNC	.	+	 	 24CellRep1 	 Pre-capture
chr5	7039554	7043098	Pilot_dr:LOC_000000073073	0	+	chr5	7042628	7042723	gene_id|ZFLNCT04711|gene_type|ZFLNC	.	+	 	 24CellRep1 	 Pre-capture
chr5	18233725	18424498	Pilot_dr:LOC_000000044979	0	-	chr5	18288810	18289304	gene_id|ZFLNCT04851|gene_type|ZFLNC	.	-	 	 24CellRep1 	 Pre-capture
chr5	18233725	18424498	Pilot_dr:LOC_000000044979	0	-	chr5	18289506	18289576	gene_id|ZFLNCT04851|gene_type|ZFLNC	.	-	 	 24CellRep1 	 Pre-capture
chr5	18233725	18424498	Pilot_dr:LOC_000000044979	0	-	chr5	18422125	18422277	gene_id|ZFLNCT04854|gene_type|ZFLNC	.	-	 	 24CellRep1 	 Pre-capture
chr5	18233725	18424498	Pilot_dr:LOC_000000044979	0	-	chr5	18424105	18424637	gene_id|ZFLNCT04852,ZFLNCT04853,ZFLNCT04854|gene_type|ZFLNC	.	-	 	 24CellRep1 	 Pre-capture
chr5	36004022	36093170	Pilot_dr:LOC_000000082208	0	+	chr5	36003984	36004092	gene_id|ZFLNCT05140|gene_type|ZFLNC	.	+	 	 24CellRep1 	 Pre-capture
chr5	36004022	36093170	Pilot_dr:LOC_000000082208	0	+	chr5	36007368	36007418	gene_id|ZFLNCT05140|gene_type|ZFLNC	.	+	 	 24CellRep1 	 Pre-capture
chr5	36004022	36093170	Pilot_dr:LOC_000000082208	0	+	chr5	36081224	36082091	gene_id|ZFLNCT05140|gene_type|ZFLNC	.	+	 	 24CellRep1 	 Pre-capture
chr5	39179618	39180456	Pilot_dr:LOC_000000045848	0	+	chr5	39179830	39180722	gene_id|chr5.40780537.40780912+.UCNE.+,chr5.97148003.97148894+.NONCODE.+|gene_type|multiple	.	+	 	 24CellRep1 	 Pre-capture
chr5	45552059	45559805	Pilot_dr:LOC_000000029993	0	+	chr5	45552053	45552355	gene_id|ZFLNCT05286,ZFLNCT05287,ZFLNCT05288|gene_type|ZFLNC	.	+	 	 24CellRep1 	 Pre-capture
chr5	45552059	45559805	Pilot_dr:LOC_000000029993	0	+	chr5	45552426	45552899	gene_id|ZFLNCT05287,ZFLNCT05288,ZFLNCT05286|gene_type|ZFLNC	.	+	 	 24CellRep1 	 Pre-capture
chr5	45552059	45559805	Pilot_dr:LOC_000000029993	0	+	chr5	45559066	45560023	gene_id|ZFLNCT05287|gene_type|ZFLNC	.	+	 	 24CellRep1 	 Pre-capture
chr5	52431358	52435243	Pilot_dr:LOC_000000023092	0	-	chr5	52431078	52431774	gene_id|ZFLNCT05383|gene_type|ZFLNC	.	-	 	 24CellRep1 	 Pre-capture
chr5	52431358	52435243	Pilot_dr:LOC_000000023092	0	-	chr5	52433037	52433146	gene_id|ZFLNCT05383|gene_type|ZFLNC	.	-	 	 24CellRep1 	 Pre-capture
chr5	52431358	52435243	Pilot_dr:LOC_000000023092	0	-	chr5	52435160	52435236	gene_id|ZFLNCT05383|gene_type|ZFLNC	.	-	 	 24CellRep1 	 Pre-capture
chr5	56433627	56438240	Pilot_dr:LOC_000000054066	0	+	chr5	56433652	56433695	gene_id|ZFLNCT05400|gene_type|ZFLNC	.	+	 	 24CellRep1 	 Pre-capture
chr5	56433627	56438240	Pilot_dr:LOC_000000054066	0	+	chr5	56433776	56433913	gene_id|ZFLNCT05400|gene_type|ZFLNC	.	+	 	 24CellRep1 	 Pre-capture
chr5	56433627	56438240	Pilot_dr:LOC_000000054066	0	+	chr5	56437771	56438669	gene_id|ZFLNCT05400|gene_type|ZFLNC	.	+	 	 24CellRep1 	 Pre-capture
chr5	57567005	57589774	Pilot_dr:LOC_000000000375	0	+	chr5	57586742	57588973	gene_id|chr8.20882379.20883115-.NONCODE.+|gene_type|NONCODE	.	+	 	 24CellRep1 	 Pre-capture
chr5	60074065	60093476	Pilot_dr:LOC_000000020861	0	+	chr5	60073985	60078512	gene_id|ZFLNCT05445,ZFLNCT05446,ZFLNCT05447,ZFLNCT05448,ZFLNCT05449,ZFLNCT05451,ZFLNCT05446,ZFLNCT05447|gene_type|ZFLNC	.	+	 	 24CellRep1 	 Pre-capture
chr5	60074065	60093476	Pilot_dr:LOC_000000020861	0	+	chr5	60082175	60082738	gene_id|ZFLNCT05445|gene_type|ZFLNC	.	+	 	 24CellRep1 	 Pre-capture
chr5	70649079	70861962	Pilot_dr:LOC_000000067661	0	-	chr5	70648841	70649466	gene_id|chr9.117141325.117141478-.GIGA.-|gene_type|GIGA	.	-	 	 24CellRep1 	 Pre-capture
chr5	70649079	70861962	Pilot_dr:LOC_000000067661	0	-	chr5	70711769	70712669	gene_id|chr9.117214357.117214742-.GIGA.-|gene_type|GIGA	.	-	 	 24CellRep1 	 Pre-capture
chr5	70649079	70861962	Pilot_dr:LOC_000000067661	0	-	chr5	70805698	70806733	gene_id|ZFLNCT05668|gene_type|ZFLNC	.	-	 	 24CellRep1 	 Pre-capture
chr5	70649079	70861962	Pilot_dr:LOC_000000067661	0	-	chr5	70806996	70807033	gene_id|ZFLNCT05668|gene_type|ZFLNC	.	-	 	 24CellRep1 	 Pre-capture
chr5	70649079	70861962	Pilot_dr:LOC_000000067661	0	-	chr5	70861381	70862157	gene_id|chr9.117414496.117415051-.GIGA.-|gene_type|GIGA	.	-	 	 24CellRep1 	 Pre-capture
chr5	71897073	71901615	Pilot_dr:LOC_000000041361	0	+	chr5	71899792	71900727	gene_id|chr2.26138308.26138913-.NONCODE.+|gene_type|NONCODE	.	+	 	 24CellRep1 	 Pre-capture
chr6	1155645	1155893	Pilot_dr:LOC_000000076809	0	-	chr6	1155396	1156084	gene_id|chr16.15047854.15047920-.GIGA.-,chr16.15047996.15048099-.GIGA.-|gene_type|GIGA	.	-	 	 24CellRep1 	 Pre-capture
chr6	2850966	2872326	Pilot_dr:LOC_000000025421	0	-	chr6	2850869	2851490	gene_id|ZFLNCT05746,ZFLNCT05747|gene_type|ZFLNC	.	-	 	 24CellRep1 	 Pre-capture
chr6	2850966	2872326	Pilot_dr:LOC_000000025421	0	-	chr6	2872067	2872596	gene_id|ZFLNCT05746,ZFLNCT05747|gene_type|ZFLNC	.	-	 	 24CellRep1 	 Pre-capture
chr6	5518004	5602147	Pilot_dr:LOC_000000004832	0	-	chr6	5546554	5546756	gene_id|ZFLNCT05774,ZFLNCT05775|gene_type|ZFLNC	.	-	 	 24CellRep1 	 Pre-capture
chr6	5518004	5602147	Pilot_dr:LOC_000000004832	0	-	chr6	5558859	5558949	gene_id|ZFLNCT05774,ZFLNCT05775|gene_type|ZFLNC	.	-	 	 24CellRep1 	 Pre-capture
chr6	14702506	14741616	Pilot_dr:LOC_000000032327	0	+	chr6	14734794	14735465	gene_id|chr6.14684742.14684913+.UCNE.+|gene_type|UCNE	.	+	 	 24CellRep1 	 Pre-capture
chr6	25581602	25672239	Pilot_dr:LOC_000000042012	0	+	chr6	25649487	25650165	gene_id|chr6.25381261.25381440+.UCNE.+|gene_type|UCNE	.	+	 	 24CellRep1 	 Pre-capture
chr6	44987676	45022898	Pilot_dr:LOC_000000031296	0	+	chr6	44987628	44987910	gene_id|ZFLNCT06390,ZFLNCT06391|gene_type|ZFLNC	.	+	 	 24CellRep1 	 Pre-capture
chr6	50790178	50992060	Pilot_dr:LOC_000000004373	0	+	chr6	50790189	50790276	gene_id|ZFLNCT06463,ZFLNCT06464,ZFLNCT06465|gene_type|ZFLNC	.	+	 	 24CellRep1 	 Pre-capture
chr6	50790178	50992060	Pilot_dr:LOC_000000004373	0	+	chr6	50884976	50885045	gene_id|ZFLNCT06463,ZFLNCT06464,ZFLNCT06465|gene_type|ZFLNC	.	+	 	 24CellRep1 	 Pre-capture
chr6	50790178	50992060	Pilot_dr:LOC_000000004373	0	+	chr6	50923232	50923643	gene_id|ZFLNCT06465,ZFLNCT06466|gene_type|ZFLNC	.	+	 	 24CellRep1 	 Pre-capture
chr6	50790178	50992060	Pilot_dr:LOC_000000004373	0	+	chr6	50990980	50992013	gene_id|ZFLNCT06463,ZFLNCT06464,ZFLNCT06467|gene_type|ZFLNC	.	+	 	 24CellRep1 	 Pre-capture
chr6	56209241	56219503	Pilot_dr:LOC_000000052376	0	+	chr6	56209257	56209386	gene_id|ZFLNCT06511,ZFLNCT06512,ZFLNCT06513,ZFLNCT06514,ZFLNCT06515,ZFLNCT06516,ZFLNCT06517,ZFLNCT06518|gene_type|ZFLNC	.	+	 	 24CellRep1 	 Pre-capture
chr6	56209241	56219503	Pilot_dr:LOC_000000052376	0	+	chr6	56218795	56219198	gene_id|ZFLNCT06511|gene_type|ZFLNC	.	+	 	 24CellRep1 	 Pre-capture
chr6	59102919	59105014	Pilot_dr:LOC_000000031441	0	+	chr6	59102142	59103391	gene_id|ZFLNCT06558|gene_type|ZFLNC	.	+	 	 24CellRep1 	 Pre-capture
chr6	59102919	59105014	Pilot_dr:LOC_000000031441	0	+	chr6	59104367	59105000	gene_id|ZFLNCT06558|gene_type|ZFLNC	.	+	 	 24CellRep1 	 Pre-capture
chr6	59748590	59755714	Pilot_dr:LOC_000000075106	0	+	chr6	59755101	59755709	gene_id|chrX.41787177.41787285-.GIGA.+|gene_type|GIGA	.	+	 	 24CellRep1 	 Pre-capture
chr7	229964	393302	Pilot_dr:LOC_000000028116	0	+	chr7	387692	390619	gene_id|ZFLNCT06576,ZFLNCT06577,ZFLNCT06578,ZFLNCT06579,ZFLNCT06580,ZFLNCT06579,ZFLNCT06578,ZFLNCT06580,ZFLNCT06577,ZFLNCT06576,ZFLNCT06579,ZFLNCT06580|gene_type|ZFLNC	.	+	 	 24CellRep1 	 Pre-capture
chr7	16238308	16269076	Pilot_dr:LOC_000000078735	0	+	chr7	16253062	16253710	gene_id|chr7.17018641.17018789+.UCNE.+|gene_type|UCNE	.	+	 	 24CellRep1 	 Pre-capture
chr7	18762205	18773874	Pilot_dr:LOC_000000054455	0	-	chr7	18762947	18763399	gene_id|ZFLNCT06819|gene_type|ZFLNC	.	-	 	 24CellRep1 	 Pre-capture
chr7	18762205	18773874	Pilot_dr:LOC_000000054455	0	-	chr7	18773853	18773947	gene_id|ZFLNCT06819|gene_type|ZFLNC	.	-	 	 24CellRep1 	 Pre-capture
chr7	21096152	21118417	Pilot_dr:LOC_000000043202	0	+	chr7	21096187	21096411	gene_id|ZFLNCT06864|gene_type|ZFLNC	.	+	 	 24CellRep1 	 Pre-capture
chr7	21096152	21118417	Pilot_dr:LOC_000000043202	0	+	chr7	21102314	21102416	gene_id|ZFLNCT06863,ZFLNCT06864|gene_type|ZFLNC	.	+	 	 24CellRep1 	 Pre-capture
chr7	21096152	21118417	Pilot_dr:LOC_000000043202	0	+	chr7	21117216	21117348	gene_id|ZFLNCT06863,ZFLNCT06864|gene_type|ZFLNC	.	+	 	 24CellRep1 	 Pre-capture
chr7	35957693	36023245	Pilot_dr:LOC_000000017251	0	-	chr7	35958177	35958446	gene_id|ZFLNCT07062|gene_type|ZFLNC	.	-	 	 24CellRep1 	 Pre-capture
chr7	35957693	36023245	Pilot_dr:LOC_000000017251	0	-	chr7	36001986	36002591	gene_id|ZFLNCT07060,ZFLNCT07061,ZFLNCT07062|gene_type|ZFLNC	.	-	 	 24CellRep1 	 Pre-capture
chr7	35957693	36023245	Pilot_dr:LOC_000000017251	0	-	chr7	36007074	36008350	gene_id|chr8.91825556.91828362+.NONCODE.-|gene_type|NONCODE	.	-	 	 24CellRep1 	 Pre-capture
chr7	35957693	36023245	Pilot_dr:LOC_000000017251	0	-	chr7	36021974	36022064	gene_id|ZFLNCT07060,ZFLNCT07061,ZFLNCT07062|gene_type|ZFLNC	.	-	 	 24CellRep1 	 Pre-capture
chr7	35957693	36023245	Pilot_dr:LOC_000000017251	0	-	chr7	36023021	36024624	gene_id|ZFLNCT07061,ZFLNCT07062,ZFLNCT07060,chr16-54291173-54291322+GIGA|gene_type|multiple	.	-	 	 24CellRep1 	 Pre-capture
chr7	42904443	42907202	Pilot_dr:LOC_000000082114	0	-	chr7	42904367	42905779	gene_id|ZFLNCT07166|gene_type|ZFLNC	.	-	 	 24CellRep1 	 Pre-capture
chr7	42904443	42907202	Pilot_dr:LOC_000000082114	0	-	chr7	42907084	42907198	gene_id|ZFLNCT07166|gene_type|ZFLNC	.	-	 	 24CellRep1 	 Pre-capture
chr7	46566494	46700671	Pilot_dr:LOC_000000006784	0	-	chr7	46581764	46582446	gene_id|chr7.48191537.48191719+.UCNE.-|gene_type|UCNE	.	-	 	 24CellRep1 	 Pre-capture
chr7	46566494	46700671	Pilot_dr:LOC_000000006784	0	-	chr7	46584779	46585458	gene_id|chr7.48194552.48194731+.UCNE.-|gene_type|UCNE	.	-	 	 24CellRep1 	 Pre-capture
chr7	46566494	46700671	Pilot_dr:LOC_000000006784	0	-	chr7	46586921	46587657	gene_id|chr7.48196694.48196930+.UCNE.-|gene_type|UCNE	.	-	 	 24CellRep1 	 Pre-capture
chr7	46566494	46700671	Pilot_dr:LOC_000000006784	0	-	chr7	46625978	46626701	gene_id|chr7.48235751.48235974+.UCNE.-|gene_type|UCNE	.	-	 	 24CellRep1 	 Pre-capture
chr7	46566494	46700671	Pilot_dr:LOC_000000006784	0	-	chr7	46632245	46632971	gene_id|chr7.48242018.48242244+.UCNE.-|gene_type|UCNE	.	-	 	 24CellRep1 	 Pre-capture
chr7	46566494	46700671	Pilot_dr:LOC_000000006784	0	-	chr7	46634895	46636250	gene_id|chr7.48244668.48244895+.UCNE.-,chr7.48245219.48245523+.UCNE.-|gene_type|UCNE	.	-	 	 24CellRep1 	 Pre-capture
chr7	46566494	46700671	Pilot_dr:LOC_000000006784	0	-	chr7	46688596	46689276	gene_id|chr7.48298369.48298549+.UCNE.-|gene_type|UCNE	.	-	 	 24CellRep1 	 Pre-capture
chr7	46566494	46700671	Pilot_dr:LOC_000000006784	0	-	chr7	46595999	46596670	gene_id|chr7.48205772.48205943+.UCNE.-|gene_type|UCNE	.	-	 	 24CellRep1 	 Pre-capture
chr7	49787425	49788758	Pilot_dr:LOC_000000085768	0	-	chr7	49786883	49788095	gene_id|ZFLNCT07286|gene_type|ZFLNC	.	-	 	 24CellRep1 	 Pre-capture
chr7	49787425	49788758	Pilot_dr:LOC_000000085768	0	-	chr7	49788661	49788765	gene_id|ZFLNCT07286|gene_type|ZFLNC	.	-	 	 24CellRep1 	 Pre-capture
chr7	73861131	73890572	Pilot_dr:LOC_000000084702	0	+	chr7	73861150	73890232	gene_id|ZFLNCT07567|gene_type|ZFLNC	.	+	 	 24CellRep1 	 Pre-capture
chr8	5294545	5411229	Pilot_dr:LOC_000000018237	0	-	chr8	5403594	5405437	gene_id|ZFLNCT07684,ZFLNCT07685,ZFLNCT07686|gene_type|ZFLNC	.	-	 	 24CellRep1 	 Pre-capture
chr8	5294545	5411229	Pilot_dr:LOC_000000018237	0	-	chr8	5406013	5406509	gene_id|ZFLNCT07687,ZFLNCT07683,ZFLNCT07684,ZFLNCT07685,ZFLNCT07686|gene_type|ZFLNC	.	-	 	 24CellRep1 	 Pre-capture
chr8	5294545	5411229	Pilot_dr:LOC_000000018237	0	-	chr8	5409232	5409313	gene_id|ZFLNCT07683,ZFLNCT07684,ZFLNCT07685,ZFLNCT07686,ZFLNCT07687|gene_type|ZFLNC	.	-	 	 24CellRep1 	 Pre-capture
chr8	5294545	5411229	Pilot_dr:LOC_000000018237	0	-	chr8	5410737	5410885	gene_id|ZFLNCT07685,ZFLNCT07683,ZFLNCT07684,ZFLNCT07686,ZFLNCT07687|gene_type|ZFLNC	.	-	 	 24CellRep1 	 Pre-capture
chr8	5294545	5411229	Pilot_dr:LOC_000000018237	0	-	chr8	5411112	5411220	gene_id|ZFLNCT07687,ZFLNCT07683,ZFLNCT07684,ZFLNCT07685,ZFLNCT07686|gene_type|ZFLNC	.	-	 	 24CellRep1 	 Pre-capture
chr8	12686329	12835321	Pilot_dr:LOC_000000052221	0	-	chr8	12686691	12687010	gene_id|ZFLNCT07807|gene_type|ZFLNC	.	-	 	 24CellRep1 	 Pre-capture
chr8	12686329	12835321	Pilot_dr:LOC_000000052221	0	-	chr8	12696326	12696409	gene_id|ZFLNCT07807|gene_type|ZFLNC	.	-	 	 24CellRep1 	 Pre-capture
chr8	12686329	12835321	Pilot_dr:LOC_000000052221	0	-	chr8	12710088	12710224	gene_id|ZFLNCT07807|gene_type|ZFLNC	.	-	 	 24CellRep1 	 Pre-capture
chr8	23462819	23473661	Pilot_dr:LOC_000000006979	0	+	chr8	23462818	23463033	gene_id|ZFLNCT08013|gene_type|ZFLNC	.	+	 	 24CellRep1 	 Pre-capture
chr8	23462819	23473661	Pilot_dr:LOC_000000006979	0	+	chr8	23463153	23463238	gene_id|ZFLNCT08013|gene_type|ZFLNC	.	+	 	 24CellRep1 	 Pre-capture
chr8	23462819	23473661	Pilot_dr:LOC_000000006979	0	+	chr8	23472156	23472866	gene_id|ZFLNCT08013|gene_type|ZFLNC	.	+	 	 24CellRep1 	 Pre-capture
chr8	33832168	33854187	Pilot_dr:LOC_000000029127	0	+	chr8	33832195	33832293	gene_id|ZFLNCT08178|gene_type|ZFLNC	.	+	 	 24CellRep1 	 Pre-capture
chr8	33832168	33854187	Pilot_dr:LOC_000000029127	0	+	chr8	33852706	33853078	gene_id|ZFLNCT08178|gene_type|ZFLNC	.	+	 	 24CellRep1 	 Pre-capture
chr8	34168796	34169538	Pilot_dr:LOC_000000050434	0	-	chr8	34166546	34169671	gene_id|chr9.125541134.125542334+.GIGA.-,chr8.34998330.34998549+.UCNE.-|gene_type|multiple	.	-	 	 24CellRep1 	 Pre-capture
chr8	34169286	34185944	Pilot_dr:LOC_000000053722	0	+	chr8	34168869	34169588	gene_id|chr8.34998330.34998549+.UCNE.+|gene_type|UCNE	.	+	 	 24CellRep1 	 Pre-capture
chr8	34302509	34332500	Pilot_dr:LOC_000000052899	0	-	chr8	34332414	34332576	gene_id|ZFLNCT08190,ZFLNCT08192|gene_type|ZFLNC	.	-	 	 24CellRep1 	 Pre-capture
chr8	34302509	34332500	Pilot_dr:LOC_000000052899	0	-	chr8	34302507	34331284	gene_id|ZFLNCT08192,ZFLNCT08193,ZFLNCT08190,ZFLNCT08191,ZFLNCT08192,ZFLNCT08190,ZFLNCT08192,ZFLNCT08191|gene_type|ZFLNC	.	-	 	 24CellRep1 	 Pre-capture
chr8	52880077	52880404	Pilot_dr:LOC_000000056040	0	-	chr8	52879972	52882776	gene_id|ZFLNCT08430,ZFLNCT08433,ZFLNCT08431,ZFLNCT08432,ZFLNCT08432,ZFLNCT08431,ZFLNCT08433|gene_type|ZFLNC	.	-	 	 24CellRep1 	 Pre-capture
chr9	717	1963	Pilot_dr:LOC_000000077211	0	-	chr9	966	1529	gene_id|chr21.43791349.43791412+.GIGA.-|gene_type|GIGA	.	-	 	 24CellRep1 	 Pre-capture
chr9	4928205	5025599	Pilot_dr:LOC_000000079191	0	-	chr9	4928599	4929932	gene_id|chr9.4934867.4935048+.UCNE.-,chr9.4935347.4935700+.UCNE.-|gene_type|UCNE	.	-	 	 24CellRep1 	 Pre-capture
chr9	4928205	5025599	Pilot_dr:LOC_000000079191	0	-	chr9	4933339	4934727	gene_id|chr2.155733052.155734087-.GIGA.-|gene_type|GIGA	.	-	 	 24CellRep1 	 Pre-capture
chr9	4928205	5025599	Pilot_dr:LOC_000000079191	0	-	chr9	4941381	4942346	gene_id|chr9.4947649.4948114+.UCNE.-|gene_type|UCNE	.	-	 	 24CellRep1 	 Pre-capture
chr9	4928205	5025599	Pilot_dr:LOC_000000079191	0	-	chr9	4951484	4952219	gene_id|chr9.4957752.4957987+.UCNE.-|gene_type|UCNE	.	-	 	 24CellRep1 	 Pre-capture
chr9	4928205	5025599	Pilot_dr:LOC_000000079191	0	-	chr9	4987560	4988339	gene_id|chr9.4993828.4994107+.UCNE.-|gene_type|UCNE	.	-	 	 24CellRep1 	 Pre-capture
chr9	4928205	5025599	Pilot_dr:LOC_000000079191	0	-	chr9	5001657	5002583	gene_id|chr9.5007925.5008351+.UCNE.-|gene_type|UCNE	.	-	 	 24CellRep1 	 Pre-capture
chr9	4928205	5025599	Pilot_dr:LOC_000000079191	0	-	chr9	5024304	5024993	gene_id|chr9.5030572.5030761+.UCNE.-|gene_type|UCNE	.	-	 	 24CellRep1 	 Pre-capture
chr9	4928205	5025599	Pilot_dr:LOC_000000079191	0	-	chr9	4931147	4931839	gene_id|chr9.4937415.4937607+.UCNE.-|gene_type|UCNE	.	-	 	 24CellRep1 	 Pre-capture
chr9	23321819	23333985	Pilot_dr:LOC_000000064552	0	+	chr9	23321834	23322021	gene_id|ZFLNCT08816|gene_type|ZFLNC	.	+	 	 24CellRep1 	 Pre-capture
chr9	23321819	23333985	Pilot_dr:LOC_000000064552	0	+	chr9	23332986	23333979	gene_id|ZFLNCT08816|gene_type|ZFLNC	.	+	 	 24CellRep1 	 Pre-capture
chr9	24561051	24561771	Pilot_dr:LOC_000000088252	0	-	chr9	24561034	24561771	gene_id|ZFLNCT08857,ZFLNCT08858|gene_type|ZFLNC	.	-	 	 24CellRep1 	 Pre-capture
chr9	35160615	35163758	Pilot_dr:LOC_000000041079	0	+	chr9	35160644	35160829	gene_id|ZFLNCT09097|gene_type|ZFLNC	.	+	 	 24CellRep1 	 Pre-capture
chr9	35160615	35163758	Pilot_dr:LOC_000000041079	0	+	chr9	35163245	35163664	gene_id|ZFLNCT09097|gene_type|ZFLNC	.	+	 	 24CellRep1 	 Pre-capture
chr9	39832677	39939636	Pilot_dr:LOC_000000008998	0	-	chr9	39910696	39915313	gene_id|ZFLNCT09138|gene_type|ZFLNC	.	-	 	 24CellRep1 	 Pre-capture
chr9	46854026	47081160	Pilot_dr:LOC_000000033419	0	+	chr9	46854545	46854674	gene_id|ZFLNCT09220|gene_type|ZFLNC	.	+	 	 24CellRep1 	 Pre-capture
chr9	46854026	47081160	Pilot_dr:LOC_000000033419	0	+	chr9	46984716	46984844	gene_id|ZFLNCT09220|gene_type|ZFLNC	.	+	 	 24CellRep1 	 Pre-capture
chr9	46854026	47081160	Pilot_dr:LOC_000000033419	0	+	chr9	47077451	47077577	gene_id|ZFLNCT09220,ZFLNCT09222|gene_type|ZFLNC	.	+	 	 24CellRep1 	 Pre-capture
chr9	47148480	47263622	Pilot_dr:LOC_000000001800	0	+	chr9	47148499	47148705	gene_id|ZFLNCT09223,ZFLNCT09225,ZFLNCT09226|gene_type|ZFLNC	.	+	 	 24CellRep1 	 Pre-capture
chr9	47148480	47263622	Pilot_dr:LOC_000000001800	0	+	chr9	47156474	47156719	gene_id|ZFLNCT09220,ZFLNCT09222,ZFLNCT09223,ZFLNCT09225,ZFLNCT09226|gene_type|ZFLNC	.	+	 	 24CellRep1 	 Pre-capture
chr9	47148480	47263622	Pilot_dr:LOC_000000001800	0	+	chr9	47194213	47194696	gene_id|ZFLNCT09226|gene_type|ZFLNC	.	+	 	 24CellRep1 	 Pre-capture
chr9	47148480	47263622	Pilot_dr:LOC_000000001800	0	+	chr9	47262965	47263189	gene_id|ZFLNCT09220,ZFLNCT09225|gene_type|ZFLNC	.	+	 	 24CellRep1 	 Pre-capture
chr9	50830158	50831777	Pilot_dr:LOC_000000046478	0	+	chr9	50830818	50831681	gene_id|chr9.52168205.52168568+.UCNE.+|gene_type|UCNE	.	+	 	 24CellRep1 	 Pre-capture
chr9	51943179	51948129	Pilot_dr:LOC_000000004777	0	+	chr9	51944906	51945444	gene_id|chr2.159324810.159324848-.GIGA.+|gene_type|GIGA	.	+	 	 24CellRep1 	 Pre-capture
